#
# There is insufficient memory for the Java Runtime Environment to continue.
# Native memory allocation (malloc) failed to allocate 1308016 bytes for Chunk::new
# Possible reasons:
#   The system is out of physical RAM or swap space
#   The process is running with CompressedOops enabled, and the Java Heap may be blocking the growth of the native heap
# Possible solutions:
#   Reduce memory load on the system
#   Increase physical memory or swap space
#   Check if swap backing store is full
#   Decrease Java heap size (-Xmx/-Xms)
#   Decrease number of Java threads
#   Decrease Java thread stack sizes (-Xss)
#   Set larger code cache with -XX:ReservedCodeCacheSize=
#   JVM is running with Unscaled Compressed Oops mode in which the Java heap is
#     placed in the first 4GB address space. The Java Heap base address is the
#     maximum limit for the native heap growth. Please use -XX:HeapBaseMinAddress
#     to set the Java Heap base and to place the Java Heap above 4GB virtual address.
# This output file may be truncated or incomplete.
#
#  Out of Memory Error (./src/hotspot/share/memory/arena.cpp:197), pid=17080, tid=18204
#
# JRE version: OpenJDK Runtime Environment (11.0.12+7) (build 11.0.12+7-b1504.28-7817840)
# Java VM: OpenJDK 64-Bit Server VM (11.0.12+7-b1504.28-7817840, mixed mode, tiered, compressed oops, g1 gc, windows-amd64)
# No core dump will be written. Minidumps are not enabled by default on client versions of Windows
#

---------------  S U M M A R Y ------------

Command Line: --add-opens=java.base/java.util=ALL-UNNAMED --add-opens=java.base/java.lang=ALL-UNNAMED --add-opens=java.base/java.lang.invoke=ALL-UNNAMED --add-opens=java.base/java.util=ALL-UNNAMED --add-opens=java.prefs/java.util.prefs=ALL-UNNAMED --add-opens=java.prefs/java.util.prefs=ALL-UNNAMED --add-opens=java.base/java.nio.charset=ALL-UNNAMED --add-opens=java.base/java.net=ALL-UNNAMED --add-opens=java.base/java.util.concurrent.atomic=ALL-UNNAMED -Xmx2048m -Dfile.encoding=UTF-8 -Duser.country=RU -Duser.language=ru -Duser.variant org.gradle.launcher.daemon.bootstrap.GradleDaemon 7.2

Host: AMD Ryzen 5 4600H with Radeon Graphics         , 12 cores, 15G,  Windows 10 , 64 bit Build 22621 (10.0.22621.1)
Time: Fri May 27 05:29:12 2022 RTZ 4 (зима) elapsed time: 19.733588 seconds (0d 0h 0m 19s)

---------------  T H R E A D  ---------------

Current thread (0x0000017d521d3000):  JavaThread "C2 CompilerThread0" daemon [_thread_in_native, id=18204, stack(0x0000001603200000,0x0000001603300000)]


Current CompileTask:
C2:  19733 6199       4       org.objectweb.asm.SymbolTable::addConstantMemberReference (147 bytes)

Stack: [0x0000001603200000,0x0000001603300000]
Native frames: (J=compiled Java code, j=interpreted, Vv=VM code, C=native code)
V  [jvm.dll+0x5fbcea]
V  [jvm.dll+0x731905]
V  [jvm.dll+0x732f1d]
V  [jvm.dll+0x7335d3]
V  [jvm.dll+0x247bf8]
V  [jvm.dll+0xc018c]
V  [jvm.dll+0xc06cc]
V  [jvm.dll+0x35b2db]
V  [jvm.dll+0x328803]
V  [jvm.dll+0x327cfa]
V  [jvm.dll+0x200602]
V  [jvm.dll+0x1ff794]
V  [jvm.dll+0x18868c]
V  [jvm.dll+0x20e0d7]
V  [jvm.dll+0x20c901]
V  [jvm.dll+0x6f9b7f]
V  [jvm.dll+0x6f26a5]
V  [jvm.dll+0x5fabf6]
C  [ucrtbase.dll+0x29363]
C  [KERNEL32.DLL+0x1244d]
C  [ntdll.dll+0x5df88]


---------------  P R O C E S S  ---------------

Threads class SMR info:
_java_thread_list=0x0000017d55893390, length=166, elements={
0x0000017d3705a000, 0x0000017d521aa800, 0x0000017d521ab800, 0x0000017d521cd800,
0x0000017d521ce800, 0x0000017d521d1800, 0x0000017d521d3000, 0x0000017d52216800,
0x0000017d5221c800, 0x0000017d523a4000, 0x0000017d5239e000, 0x0000017d523a4800,
0x0000017d523a3000, 0x0000017d5239f000, 0x0000017d5239f800, 0x0000017d523a0800,
0x0000017d523a2000, 0x0000017d523a1800, 0x0000017d54d53800, 0x0000017d54d50000,
0x0000017d54d54000, 0x0000017d54d55000, 0x0000017d54d56000, 0x0000017d54d52800,
0x0000017d54d51000, 0x0000017d54d52000, 0x0000017d54d5b800, 0x0000017d54d5c800,
0x0000017d54d5a000, 0x0000017d54d5b000, 0x0000017d54d56800, 0x0000017d54d5d000,
0x0000017d54d57800, 0x0000017d54d5e000, 0x0000017d54d58800, 0x0000017d54d5f000,
0x0000017d54d59000, 0x0000017d54aab000, 0x0000017d54aad800, 0x0000017d54aae000,
0x0000017d54ab0000, 0x0000017d54aaf000, 0x0000017d54ab1800, 0x0000017d54ab0800,
0x0000017d54ab4800, 0x0000017d54ab3000, 0x0000017d54ab2000, 0x0000017d54ab9800,
0x0000017d54ab8800, 0x0000017d54ab6800, 0x0000017d54ab4000, 0x0000017d54ab7000,
0x0000017d5388d800, 0x0000017d53890000, 0x0000017d53891000, 0x0000017d5388f000,
0x0000017d53891800, 0x0000017d53892800, 0x0000017d5388d000, 0x0000017d53893800,
0x0000017d53894000, 0x0000017d5388e800, 0x0000017d5389a800, 0x0000017d53899000,
0x0000017d53896800, 0x0000017d53895000, 0x0000017d5389a000, 0x0000017d53897800,
0x0000017d5389b800, 0x0000017d53896000, 0x0000017d53898000, 0x0000017d578fa000,
0x0000017d578fb800, 0x0000017d578f8000, 0x0000017d578fe800, 0x0000017d578fd000,
0x0000017d578fe000, 0x0000017d578f9000, 0x0000017d578fa800, 0x0000017d57900800,
0x0000017d578ff800, 0x0000017d57901000, 0x0000017d57902000, 0x0000017d578fc800,
0x0000017d57906000, 0x0000017d57904800, 0x0000017d57907000, 0x0000017d57905800,
0x0000017d57903000, 0x0000017d57903800, 0x0000017d5531f800, 0x0000017d5531c800,
0x0000017d5531b000, 0x0000017d5531a000, 0x0000017d55320800, 0x0000017d5531d000,
0x0000017d5531f000, 0x0000017d5531e000, 0x0000017d55321800, 0x0000017d5531b800,
0x0000017d55323800, 0x0000017d55325800, 0x0000017d55328000, 0x0000017d55324800,
0x0000017d55326000, 0x0000017d55327000, 0x0000017d55322000, 0x0000017d55328800,
0x0000017d55323000, 0x0000017d5864c000, 0x0000017d58650000, 0x0000017d58652000,
0x0000017d58652800, 0x0000017d5864d000, 0x0000017d5864f800, 0x0000017d58651000,
0x0000017d58653800, 0x0000017d5864e000, 0x0000017d58654800, 0x0000017d5864e800,
0x0000017d58657800, 0x0000017d58656000, 0x0000017d58659000, 0x0000017d5865a000,
0x0000017d58656800, 0x0000017d5865b000, 0x0000017d58658800, 0x0000017d58655000,
0x0000017d54933800, 0x0000017d54934800, 0x0000017d54935800, 0x0000017d54936000,
0x0000017d54933000, 0x0000017d54930800, 0x0000017d54932000, 0x0000017d54937000,
0x0000017d54931000, 0x0000017d5493b000, 0x0000017d5493c800, 0x0000017d5493c000,
0x0000017d5493d800, 0x0000017d54938000, 0x0000017d5493e800, 0x0000017d54938800,
0x0000017d5493f000, 0x0000017d54939800, 0x0000017d5493a000, 0x0000017d52a3f000,
0x0000017d52a3f800, 0x0000017d52a40800, 0x0000017d52a41800, 0x0000017d52a3c800,
0x0000017d52a3b800, 0x0000017d52a42000, 0x0000017d52a43000, 0x0000017d52a3d000,
0x0000017d52a46000, 0x0000017d52a48000, 0x0000017d52a47000, 0x0000017d52a43800,
0x0000017d52a48800, 0x0000017d52a49800, 0x0000017d52a4a000, 0x0000017d52a44800,
0x0000017d52a45800, 0x0000017d58540000
}

Java Threads: ( => current thread )
  0x0000017d3705a000 JavaThread "main" [_thread_blocked, id=17508, stack(0x0000001602600000,0x0000001602700000)]
  0x0000017d521aa800 JavaThread "Reference Handler" daemon [_thread_blocked, id=3332, stack(0x0000001602d00000,0x0000001602e00000)]
  0x0000017d521ab800 JavaThread "Finalizer" daemon [_thread_blocked, id=21140, stack(0x0000001602e00000,0x0000001602f00000)]
  0x0000017d521cd800 JavaThread "Signal Dispatcher" daemon [_thread_blocked, id=9648, stack(0x0000001602f00000,0x0000001603000000)]
  0x0000017d521ce800 JavaThread "Attach Listener" daemon [_thread_blocked, id=12332, stack(0x0000001603000000,0x0000001603100000)]
  0x0000017d521d1800 JavaThread "Service Thread" daemon [_thread_blocked, id=13600, stack(0x0000001603100000,0x0000001603200000)]
=>0x0000017d521d3000 JavaThread "C2 CompilerThread0" daemon [_thread_in_native, id=18204, stack(0x0000001603200000,0x0000001603300000)]
  0x0000017d52216800 JavaThread "C1 CompilerThread0" daemon [_thread_blocked, id=12496, stack(0x0000001603300000,0x0000001603400000)]
  0x0000017d5221c800 JavaThread "Sweeper thread" daemon [_thread_blocked, id=20412, stack(0x0000001603400000,0x0000001603500000)]
  0x0000017d523a4000 JavaThread "Common-Cleaner" daemon [_thread_blocked, id=2824, stack(0x0000001603500000,0x0000001603600000)]
  0x0000017d5239e000 JavaThread "Daemon health stats" [_thread_blocked, id=12032, stack(0x0000001603d00000,0x0000001603e00000)]
  0x0000017d523a4800 JavaThread "Incoming local TCP Connector on port 49581" [_thread_in_native, id=17452, stack(0x0000001603700000,0x0000001603800000)]
  0x0000017d523a3000 JavaThread "Daemon periodic checks" [_thread_blocked, id=8892, stack(0x0000001603800000,0x0000001603900000)]
  0x0000017d5239f000 JavaThread "Daemon" [_thread_blocked, id=9848, stack(0x0000001603e00000,0x0000001603f00000)]
  0x0000017d5239f800 JavaThread "Handler for socket connection from /127.0.0.1:49581 to /127.0.0.1:49582" [_thread_in_native, id=19032, stack(0x0000001603f00000,0x0000001604000000)]
  0x0000017d523a0800 JavaThread "Cancel handler" [_thread_blocked, id=7464, stack(0x0000001604000000,0x0000001604100000)]
  0x0000017d523a2000 JavaThread "Daemon worker" [_thread_in_Java, id=14992, stack(0x0000001604100000,0x0000001604200000)]
  0x0000017d523a1800 JavaThread "Asynchronous log dispatcher for DefaultDaemonConnection: socket connection from /127.0.0.1:49581 to /127.0.0.1:49582" [_thread_blocked, id=1728, stack(0x0000001604300000,0x0000001604400000)]
  0x0000017d54d53800 JavaThread "Stdin handler" [_thread_blocked, id=3368, stack(0x0000001604400000,0x0000001604500000)]
  0x0000017d54d50000 JavaThread "Daemon client event forwarder" [_thread_blocked, id=15340, stack(0x0000001604500000,0x0000001604600000)]
  0x0000017d54d54000 JavaThread "Cache worker for journal cache (C:\Users\slava\.gradle\caches\journal-1)" [_thread_blocked, id=2764, stack(0x0000001604200000,0x0000001604300000)]
  0x0000017d54d55000 JavaThread "File lock request listener" [_thread_in_native, id=19212, stack(0x0000001604600000,0x0000001604700000)]
  0x0000017d54d56000 JavaThread "Cache worker for file hash cache (C:\Users\slava\.gradle\caches\7.2\fileHashes)" [_thread_blocked, id=19064, stack(0x0000001604e00000,0x0000001604f00000)]
  0x0000017d54d52800 JavaThread "File lock release action executor" [_thread_blocked, id=15112, stack(0x0000001605000000,0x0000001605100000)]
  0x0000017d54d51000 JavaThread "Cache worker for file hash cache (D:\AAndroid\ContactsBook\.gradle\7.2\fileHashes)" [_thread_blocked, id=13056, stack(0x0000001605100000,0x0000001605200000)]
  0x0000017d54d52000 JavaThread "File watcher server" daemon [_thread_in_native, id=15740, stack(0x0000001605200000,0x0000001605300000)]
  0x0000017d54d5b800 JavaThread "File watcher consumer" daemon [_thread_blocked, id=15392, stack(0x0000001605300000,0x0000001605400000)]
  0x0000017d54d5c800 JavaThread "jar transforms" [_thread_blocked, id=7792, stack(0x0000001605400000,0x0000001605500000)]
  0x0000017d54d5a000 JavaThread "jar transforms Thread 2" [_thread_blocked, id=18100, stack(0x0000001605500000,0x0000001605600000)]
  0x0000017d54d5b000 JavaThread "jar transforms Thread 3" [_thread_blocked, id=16904, stack(0x0000001605600000,0x0000001605700000)]
  0x0000017d54d56800 JavaThread "jar transforms Thread 4" [_thread_blocked, id=7180, stack(0x0000001605700000,0x0000001605800000)]
  0x0000017d54d5d000 JavaThread "jar transforms Thread 5" [_thread_blocked, id=8020, stack(0x0000001605800000,0x0000001605900000)]
  0x0000017d54d57800 JavaThread "jar transforms Thread 6" [_thread_blocked, id=6576, stack(0x0000001605900000,0x0000001605a00000)]
  0x0000017d54d5e000 JavaThread "jar transforms Thread 7" [_thread_blocked, id=15376, stack(0x0000001605a00000,0x0000001605b00000)]
  0x0000017d54d58800 JavaThread "jar transforms Thread 8" [_thread_blocked, id=16236, stack(0x0000001605b00000,0x0000001605c00000)]
  0x0000017d54d5f000 JavaThread "jar transforms Thread 9" [_thread_blocked, id=15980, stack(0x0000001605c00000,0x0000001605d00000)]
  0x0000017d54d59000 JavaThread "jar transforms Thread 10" [_thread_blocked, id=13664, stack(0x0000001605d00000,0x0000001605e00000)]
  0x0000017d54aab000 JavaThread "jar transforms Thread 11" [_thread_blocked, id=20364, stack(0x0000001605e00000,0x0000001605f00000)]
  0x0000017d54aad800 JavaThread "jar transforms Thread 12" [_thread_blocked, id=1676, stack(0x0000001605f00000,0x0000001606000000)]
  0x0000017d54aae000 JavaThread "Cache worker for checksums cache (D:\AAndroid\ContactsBook\.gradle\checksums)" [_thread_blocked, id=21212, stack(0x0000001606000000,0x0000001606100000)]
  0x0000017d54ab0000 JavaThread "Cache worker for cache directory md-supplier (C:\Users\slava\.gradle\caches\7.2\md-supplier)" [_thread_blocked, id=8612, stack(0x0000001606100000,0x0000001606200000)]
  0x0000017d54aaf000 JavaThread "Cache worker for cache directory md-rule (C:\Users\slava\.gradle\caches\7.2\md-rule)" [_thread_blocked, id=9028, stack(0x0000001606200000,0x0000001606300000)]
  0x0000017d54ab1800 JavaThread "Cache worker for execution history cache (C:\Users\slava\.gradle\caches\7.2\executionHistory)" [_thread_blocked, id=10168, stack(0x0000001604f00000,0x0000001605000000)]
  0x0000017d54ab0800 JavaThread "Cache worker for file content cache (C:\Users\slava\.gradle\caches\7.2\fileContent)" [_thread_blocked, id=1068, stack(0x0000001606500000,0x0000001606600000)]
  0x0000017d54ab4800 JavaThread "Cache worker for dependencies-accessors (D:\AAndroid\ContactsBook\.gradle\7.2\dependencies-accessors)" [_thread_blocked, id=10088, stack(0x0000001606300000,0x0000001606400000)]
  0x0000017d54ab3000 JavaThread "Cache worker for Build Output Cleanup Cache (D:\AAndroid\ContactsBook\.gradle\buildOutputCleanup)" [_thread_blocked, id=7960, stack(0x0000001606400000,0x0000001606500000)]
  0x0000017d54ab2000 JavaThread "Unconstrained build operations" [_thread_blocked, id=11572, stack(0x0000001606700000,0x0000001606800000)]
  0x0000017d54ab9800 JavaThread "Unconstrained build operations Thread 2" [_thread_blocked, id=10456, stack(0x0000001606800000,0x0000001606900000)]
  0x0000017d54ab8800 JavaThread "Unconstrained build operations Thread 3" [_thread_blocked, id=368, stack(0x0000001606900000,0x0000001606a00000)]
  0x0000017d54ab6800 JavaThread "Unconstrained build operations Thread 4" [_thread_blocked, id=1204, stack(0x0000001606a00000,0x0000001606b00000)]
  0x0000017d54ab4000 JavaThread "Unconstrained build operations Thread 5" [_thread_blocked, id=8884, stack(0x0000001606b00000,0x0000001606c00000)]
  0x0000017d54ab7000 JavaThread "Unconstrained build operations Thread 6" [_thread_blocked, id=16120, stack(0x0000001606c00000,0x0000001606d00000)]
  0x0000017d5388d800 JavaThread "Unconstrained build operations Thread 7" [_thread_blocked, id=14860, stack(0x0000001606d00000,0x0000001606e00000)]
  0x0000017d53890000 JavaThread "Unconstrained build operations Thread 8" [_thread_blocked, id=5580, stack(0x0000001606e00000,0x0000001606f00000)]
  0x0000017d53891000 JavaThread "Unconstrained build operations Thread 9" [_thread_blocked, id=6188, stack(0x0000001606f00000,0x0000001607000000)]
  0x0000017d5388f000 JavaThread "Unconstrained build operations Thread 10" [_thread_blocked, id=20136, stack(0x0000001607000000,0x0000001607100000)]
  0x0000017d53891800 JavaThread "Unconstrained build operations Thread 11" [_thread_blocked, id=5340, stack(0x0000001607100000,0x0000001607200000)]
  0x0000017d53892800 JavaThread "Unconstrained build operations Thread 12" [_thread_blocked, id=17612, stack(0x0000001607200000,0x0000001607300000)]
  0x0000017d5388d000 JavaThread "Unconstrained build operations Thread 13" [_thread_blocked, id=1268, stack(0x0000001607300000,0x0000001607400000)]
  0x0000017d53893800 JavaThread "Unconstrained build operations Thread 14" [_thread_blocked, id=1912, stack(0x0000001607400000,0x0000001607500000)]
  0x0000017d53894000 JavaThread "Unconstrained build operations Thread 15" [_thread_blocked, id=17496, stack(0x0000001607500000,0x0000001607600000)]
  0x0000017d5388e800 JavaThread "Unconstrained build operations Thread 16" [_thread_blocked, id=4752, stack(0x0000001607600000,0x0000001607700000)]
  0x0000017d5389a800 JavaThread "Unconstrained build operations Thread 17" [_thread_blocked, id=21100, stack(0x0000001607700000,0x0000001607800000)]
  0x0000017d53899000 JavaThread "Unconstrained build operations Thread 18" [_thread_blocked, id=14064, stack(0x0000001607800000,0x0000001607900000)]
  0x0000017d53896800 JavaThread "Unconstrained build operations Thread 19" [_thread_blocked, id=20388, stack(0x0000001607900000,0x0000001607a00000)]
  0x0000017d53895000 JavaThread "Unconstrained build operations Thread 20" [_thread_blocked, id=7800, stack(0x0000001607a00000,0x0000001607b00000)]
  0x0000017d5389a000 JavaThread "Unconstrained build operations Thread 21" [_thread_blocked, id=13504, stack(0x0000001607b00000,0x0000001607c00000)]
  0x0000017d53897800 JavaThread "Unconstrained build operations Thread 22" [_thread_blocked, id=16208, stack(0x0000001607c00000,0x0000001607d00000)]
  0x0000017d5389b800 JavaThread "Unconstrained build operations Thread 23" [_thread_blocked, id=2036, stack(0x0000001607d00000,0x0000001607e00000)]
  0x0000017d53896000 JavaThread "Unconstrained build operations Thread 24" [_thread_blocked, id=19796, stack(0x0000001607e00000,0x0000001607f00000)]
  0x0000017d53898000 JavaThread "Unconstrained build operations Thread 25" [_thread_blocked, id=19088, stack(0x0000001607f00000,0x0000001608000000)]
  0x0000017d578fa000 JavaThread "Unconstrained build operations Thread 26" [_thread_blocked, id=20316, stack(0x0000001608000000,0x0000001608100000)]
  0x0000017d578fb800 JavaThread "Unconstrained build operations Thread 27" [_thread_blocked, id=21244, stack(0x0000001608100000,0x0000001608200000)]
  0x0000017d578f8000 JavaThread "Unconstrained build operations Thread 28" [_thread_blocked, id=19572, stack(0x0000001608200000,0x0000001608300000)]
  0x0000017d578fe800 JavaThread "Unconstrained build operations Thread 29" [_thread_blocked, id=7484, stack(0x0000001608300000,0x0000001608400000)]
  0x0000017d578fd000 JavaThread "Unconstrained build operations Thread 30" [_thread_blocked, id=1980, stack(0x0000001608400000,0x0000001608500000)]
  0x0000017d578fe000 JavaThread "Unconstrained build operations Thread 31" [_thread_blocked, id=7672, stack(0x0000001608500000,0x0000001608600000)]
  0x0000017d578f9000 JavaThread "Unconstrained build operations Thread 32" [_thread_blocked, id=16708, stack(0x0000001608600000,0x0000001608700000)]
  0x0000017d578fa800 JavaThread "Unconstrained build operations Thread 33" [_thread_blocked, id=19144, stack(0x0000001608700000,0x0000001608800000)]
  0x0000017d57900800 JavaThread "Unconstrained build operations Thread 34" [_thread_blocked, id=13908, stack(0x0000001608800000,0x0000001608900000)]
  0x0000017d578ff800 JavaThread "Unconstrained build operations Thread 35" [_thread_blocked, id=12592, stack(0x0000001608900000,0x0000001608a00000)]
  0x0000017d57901000 JavaThread "Unconstrained build operations Thread 36" [_thread_blocked, id=19600, stack(0x0000001608a00000,0x0000001608b00000)]
  0x0000017d57902000 JavaThread "Unconstrained build operations Thread 37" [_thread_blocked, id=4560, stack(0x0000001608b00000,0x0000001608c00000)]
  0x0000017d578fc800 JavaThread "Unconstrained build operations Thread 38" [_thread_blocked, id=868, stack(0x0000001608c00000,0x0000001608d00000)]
  0x0000017d57906000 JavaThread "Unconstrained build operations Thread 39" [_thread_blocked, id=1964, stack(0x0000001608d00000,0x0000001608e00000)]
  0x0000017d57904800 JavaThread "Unconstrained build operations Thread 40" [_thread_blocked, id=19160, stack(0x0000001608e00000,0x0000001608f00000)]
  0x0000017d57907000 JavaThread "Unconstrained build operations Thread 41" [_thread_blocked, id=21060, stack(0x0000001608f00000,0x0000001609000000)]
  0x0000017d57905800 JavaThread "Unconstrained build operations Thread 42" [_thread_blocked, id=11196, stack(0x0000001609000000,0x0000001609100000)]
  0x0000017d57903000 JavaThread "Unconstrained build operations Thread 43" [_thread_blocked, id=13200, stack(0x0000001609100000,0x0000001609200000)]
  0x0000017d57903800 JavaThread "Unconstrained build operations Thread 44" [_thread_blocked, id=12968, stack(0x0000001609200000,0x0000001609300000)]
  0x0000017d5531f800 JavaThread "Unconstrained build operations Thread 45" [_thread_blocked, id=19316, stack(0x0000001609300000,0x0000001609400000)]
  0x0000017d5531c800 JavaThread "Unconstrained build operations Thread 46" [_thread_blocked, id=18580, stack(0x0000001609400000,0x0000001609500000)]
  0x0000017d5531b000 JavaThread "Unconstrained build operations Thread 47" [_thread_blocked, id=8, stack(0x0000001609500000,0x0000001609600000)]
  0x0000017d5531a000 JavaThread "Unconstrained build operations Thread 48" [_thread_blocked, id=13796, stack(0x0000001609600000,0x0000001609700000)]
  0x0000017d55320800 JavaThread "Unconstrained build operations Thread 49" [_thread_blocked, id=14844, stack(0x0000001609700000,0x0000001609800000)]
  0x0000017d5531d000 JavaThread "Unconstrained build operations Thread 50" [_thread_blocked, id=2796, stack(0x0000001609800000,0x0000001609900000)]
  0x0000017d5531f000 JavaThread "Unconstrained build operations Thread 51" [_thread_blocked, id=4656, stack(0x0000001609900000,0x0000001609a00000)]
  0x0000017d5531e000 JavaThread "Unconstrained build operations Thread 52" [_thread_blocked, id=14368, stack(0x0000001609a00000,0x0000001609b00000)]
  0x0000017d55321800 JavaThread "Unconstrained build operations Thread 53" [_thread_blocked, id=18524, stack(0x0000001609b00000,0x0000001609c00000)]
  0x0000017d5531b800 JavaThread "Unconstrained build operations Thread 54" [_thread_blocked, id=18700, stack(0x0000001609c00000,0x0000001609d00000)]
  0x0000017d55323800 JavaThread "Unconstrained build operations Thread 55" [_thread_blocked, id=11136, stack(0x0000001609d00000,0x0000001609e00000)]
  0x0000017d55325800 JavaThread "Unconstrained build operations Thread 56" [_thread_blocked, id=21048, stack(0x0000001609e00000,0x0000001609f00000)]
  0x0000017d55328000 JavaThread "Unconstrained build operations Thread 57" [_thread_blocked, id=19980, stack(0x0000001609f00000,0x000000160a000000)]
  0x0000017d55324800 JavaThread "Unconstrained build operations Thread 58" [_thread_blocked, id=17308, stack(0x000000160a000000,0x000000160a100000)]
  0x0000017d55326000 JavaThread "Unconstrained build operations Thread 59" [_thread_blocked, id=15560, stack(0x000000160a100000,0x000000160a200000)]
  0x0000017d55327000 JavaThread "Unconstrained build operations Thread 60" [_thread_blocked, id=10976, stack(0x000000160a200000,0x000000160a300000)]
  0x0000017d55322000 JavaThread "Unconstrained build operations Thread 61" [_thread_blocked, id=9080, stack(0x000000160a300000,0x000000160a400000)]
  0x0000017d55328800 JavaThread "Unconstrained build operations Thread 62" [_thread_blocked, id=10944, stack(0x000000160a400000,0x000000160a500000)]
  0x0000017d55323000 JavaThread "Unconstrained build operations Thread 63" [_thread_blocked, id=13100, stack(0x000000160a500000,0x000000160a600000)]
  0x0000017d5864c000 JavaThread "Unconstrained build operations Thread 64" [_thread_blocked, id=16288, stack(0x000000160a600000,0x000000160a700000)]
  0x0000017d58650000 JavaThread "Unconstrained build operations Thread 65" [_thread_blocked, id=14872, stack(0x000000160a700000,0x000000160a800000)]
  0x0000017d58652000 JavaThread "Unconstrained build operations Thread 66" [_thread_blocked, id=14764, stack(0x000000160a800000,0x000000160a900000)]
  0x0000017d58652800 JavaThread "Unconstrained build operations Thread 67" [_thread_blocked, id=10460, stack(0x000000160a900000,0x000000160aa00000)]
  0x0000017d5864d000 JavaThread "Unconstrained build operations Thread 68" [_thread_blocked, id=14760, stack(0x000000160aa00000,0x000000160ab00000)]
  0x0000017d5864f800 JavaThread "Unconstrained build operations Thread 69" [_thread_blocked, id=19448, stack(0x000000160ab00000,0x000000160ac00000)]
  0x0000017d58651000 JavaThread "Unconstrained build operations Thread 70" [_thread_blocked, id=7972, stack(0x000000160ac00000,0x000000160ad00000)]
  0x0000017d58653800 JavaThread "Unconstrained build operations Thread 71" [_thread_blocked, id=21340, stack(0x000000160ad00000,0x000000160ae00000)]
  0x0000017d5864e000 JavaThread "Unconstrained build operations Thread 72" [_thread_blocked, id=7028, stack(0x000000160ae00000,0x000000160af00000)]
  0x0000017d58654800 JavaThread "Unconstrained build operations Thread 73" [_thread_blocked, id=12372, stack(0x000000160af00000,0x000000160b000000)]
  0x0000017d5864e800 JavaThread "Unconstrained build operations Thread 74" [_thread_blocked, id=16068, stack(0x000000160b000000,0x000000160b100000)]
  0x0000017d58657800 JavaThread "Unconstrained build operations Thread 75" [_thread_blocked, id=11492, stack(0x000000160b100000,0x000000160b200000)]
  0x0000017d58656000 JavaThread "Unconstrained build operations Thread 76" [_thread_blocked, id=13776, stack(0x000000160b200000,0x000000160b300000)]
  0x0000017d58659000 JavaThread "Unconstrained build operations Thread 77" [_thread_blocked, id=15024, stack(0x000000160b300000,0x000000160b400000)]
  0x0000017d5865a000 JavaThread "Unconstrained build operations Thread 78" [_thread_blocked, id=20360, stack(0x000000160b400000,0x000000160b500000)]
  0x0000017d58656800 JavaThread "Unconstrained build operations Thread 79" [_thread_blocked, id=1992, stack(0x000000160b500000,0x000000160b600000)]
  0x0000017d5865b000 JavaThread "Unconstrained build operations Thread 80" [_thread_blocked, id=2780, stack(0x000000160b600000,0x000000160b700000)]
  0x0000017d58658800 JavaThread "Unconstrained build operations Thread 81" [_thread_blocked, id=14632, stack(0x000000160b700000,0x000000160b800000)]
  0x0000017d58655000 JavaThread "Unconstrained build operations Thread 82" [_thread_blocked, id=20352, stack(0x000000160b800000,0x000000160b900000)]
  0x0000017d54933800 JavaThread "Unconstrained build operations Thread 83" [_thread_blocked, id=5004, stack(0x000000160b900000,0x000000160ba00000)]
  0x0000017d54934800 JavaThread "Unconstrained build operations Thread 84" [_thread_blocked, id=18904, stack(0x000000160ba00000,0x000000160bb00000)]
  0x0000017d54935800 JavaThread "Unconstrained build operations Thread 85" [_thread_blocked, id=16368, stack(0x000000160bb00000,0x000000160bc00000)]
  0x0000017d54936000 JavaThread "Unconstrained build operations Thread 86" [_thread_blocked, id=13404, stack(0x000000160bc00000,0x000000160bd00000)]
  0x0000017d54933000 JavaThread "Unconstrained build operations Thread 87" [_thread_blocked, id=19696, stack(0x000000160bd00000,0x000000160be00000)]
  0x0000017d54930800 JavaThread "Unconstrained build operations Thread 88" [_thread_blocked, id=21392, stack(0x000000160be00000,0x000000160bf00000)]
  0x0000017d54932000 JavaThread "Unconstrained build operations Thread 89" [_thread_blocked, id=13096, stack(0x000000160bf00000,0x000000160c000000)]
  0x0000017d54937000 JavaThread "Unconstrained build operations Thread 90" [_thread_blocked, id=19712, stack(0x000000160c000000,0x000000160c100000)]
  0x0000017d54931000 JavaThread "Unconstrained build operations Thread 91" [_thread_blocked, id=8572, stack(0x000000160c100000,0x000000160c200000)]
  0x0000017d5493b000 JavaThread "Unconstrained build operations Thread 92" [_thread_blocked, id=18752, stack(0x000000160c200000,0x000000160c300000)]
  0x0000017d5493c800 JavaThread "Unconstrained build operations Thread 93" [_thread_blocked, id=17716, stack(0x000000160c300000,0x000000160c400000)]
  0x0000017d5493c000 JavaThread "Unconstrained build operations Thread 94" [_thread_blocked, id=3512, stack(0x000000160c400000,0x000000160c500000)]
  0x0000017d5493d800 JavaThread "Unconstrained build operations Thread 95" [_thread_blocked, id=2328, stack(0x000000160c500000,0x000000160c600000)]
  0x0000017d54938000 JavaThread "Unconstrained build operations Thread 96" [_thread_blocked, id=15776, stack(0x000000160c600000,0x000000160c700000)]
  0x0000017d5493e800 JavaThread "Unconstrained build operations Thread 97" [_thread_blocked, id=7756, stack(0x000000160c700000,0x000000160c800000)]
  0x0000017d54938800 JavaThread "Unconstrained build operations Thread 98" [_thread_blocked, id=11308, stack(0x000000160c800000,0x000000160c900000)]
  0x0000017d5493f000 JavaThread "Unconstrained build operations Thread 99" [_thread_blocked, id=20496, stack(0x000000160c900000,0x000000160ca00000)]
  0x0000017d54939800 JavaThread "Unconstrained build operations Thread 100" [_thread_blocked, id=7988, stack(0x000000160ca00000,0x000000160cb00000)]
  0x0000017d5493a000 JavaThread "Unconstrained build operations Thread 101" [_thread_blocked, id=6232, stack(0x000000160cb00000,0x000000160cc00000)]
  0x0000017d52a3f000 JavaThread "Unconstrained build operations Thread 102" [_thread_blocked, id=14888, stack(0x000000160cd00000,0x000000160ce00000)]
  0x0000017d52a3f800 JavaThread "Unconstrained build operations Thread 103" [_thread_blocked, id=9016, stack(0x000000160ce00000,0x000000160cf00000)]
  0x0000017d52a40800 JavaThread "Unconstrained build operations Thread 104" [_thread_blocked, id=15176, stack(0x000000160cf00000,0x000000160d000000)]
  0x0000017d52a41800 JavaThread "Unconstrained build operations Thread 105" [_thread_blocked, id=7956, stack(0x000000160d000000,0x000000160d100000)]
  0x0000017d52a3c800 JavaThread "Unconstrained build operations Thread 106" [_thread_blocked, id=16700, stack(0x000000160d100000,0x000000160d200000)]
  0x0000017d52a3b800 JavaThread "Unconstrained build operations Thread 107" [_thread_blocked, id=13952, stack(0x000000160d200000,0x000000160d300000)]
  0x0000017d52a42000 JavaThread "Unconstrained build operations Thread 108" [_thread_blocked, id=3704, stack(0x000000160d300000,0x000000160d400000)]
  0x0000017d52a43000 JavaThread "Unconstrained build operations Thread 109" [_thread_blocked, id=3348, stack(0x000000160d400000,0x000000160d500000)]
  0x0000017d52a3d000 JavaThread "Unconstrained build operations Thread 110" [_thread_blocked, id=17732, stack(0x000000160d500000,0x000000160d600000)]
  0x0000017d52a46000 JavaThread "Unconstrained build operations Thread 111" [_thread_blocked, id=18616, stack(0x000000160d600000,0x000000160d700000)]
  0x0000017d52a48000 JavaThread "Unconstrained build operations Thread 112" [_thread_blocked, id=4480, stack(0x000000160d700000,0x000000160d800000)]
  0x0000017d52a47000 JavaThread "Unconstrained build operations Thread 113" [_thread_blocked, id=15204, stack(0x000000160d800000,0x000000160d900000)]
  0x0000017d52a43800 JavaThread "Unconstrained build operations Thread 114" [_thread_blocked, id=4428, stack(0x000000160d900000,0x000000160da00000)]
  0x0000017d52a48800 JavaThread "Unconstrained build operations Thread 115" [_thread_blocked, id=10624, stack(0x000000160da00000,0x000000160db00000)]
  0x0000017d52a49800 JavaThread "Unconstrained build operations Thread 116" [_thread_blocked, id=11860, stack(0x000000160db00000,0x000000160dc00000)]
  0x0000017d52a4a000 JavaThread "Unconstrained build operations Thread 117" [_thread_blocked, id=15292, stack(0x000000160dc00000,0x000000160dd00000)]
  0x0000017d52a44800 JavaThread "Unconstrained build operations Thread 118" [_thread_blocked, id=12460, stack(0x000000160dd00000,0x000000160de00000)]
  0x0000017d52a45800 JavaThread "Unconstrained build operations Thread 119" [_thread_blocked, id=1264, stack(0x000000160de00000,0x000000160df00000)]
  0x0000017d58540000 JavaThread "Unconstrained build operations Thread 120" [_thread_blocked, id=8784, stack(0x000000160df00000,0x000000160e000000)]

Other Threads:
  0x0000017d521a6000 VMThread "VM Thread" [stack: 0x0000001602c00000,0x0000001602d00000] [id=11904]
  0x0000017d523aa800 WatcherThread [stack: 0x0000001603600000,0x0000001603700000] [id=21164]
  0x0000017d37071800 GCTaskThread "GC Thread#0" [stack: 0x0000001602700000,0x0000001602800000] [id=6728]
  0x0000017d532a6800 GCTaskThread "GC Thread#1" [stack: 0x0000001603900000,0x0000001603a00000] [id=14300]
  0x0000017d52781800 GCTaskThread "GC Thread#2" [stack: 0x0000001603a00000,0x0000001603b00000] [id=7584]
  0x0000017d52782000 GCTaskThread "GC Thread#3" [stack: 0x0000001603b00000,0x0000001603c00000] [id=6684]
  0x0000017d531c6800 GCTaskThread "GC Thread#4" [stack: 0x0000001603c00000,0x0000001603d00000] [id=15412]
  0x0000017d53dc3800 GCTaskThread "GC Thread#5" [stack: 0x0000001604700000,0x0000001604800000] [id=13492]
  0x0000017d529b8000 GCTaskThread "GC Thread#6" [stack: 0x0000001604800000,0x0000001604900000] [id=17952]
  0x0000017d529b8800 GCTaskThread "GC Thread#7" [stack: 0x0000001604900000,0x0000001604a00000] [id=10012]
  0x0000017d52be6800 GCTaskThread "GC Thread#8" [stack: 0x0000001604a00000,0x0000001604b00000] [id=20864]
  0x0000017d52be0800 GCTaskThread "GC Thread#9" [stack: 0x0000001604b00000,0x0000001604c00000] [id=20344]
  0x0000017d370a7800 ConcurrentGCThread "G1 Main Marker" [stack: 0x0000001602800000,0x0000001602900000] [id=19240]
  0x0000017d370a8800 ConcurrentGCThread "G1 Conc#0" [stack: 0x0000001602900000,0x0000001602a00000] [id=18812]
  0x0000017d52bda800 ConcurrentGCThread "G1 Conc#1" [stack: 0x0000001604c00000,0x0000001604d00000] [id=18784]
  0x0000017d52bdf800 ConcurrentGCThread "G1 Conc#2" [stack: 0x0000001604d00000,0x0000001604e00000] [id=3424]
  0x0000017d3712e000 ConcurrentGCThread "G1 Refine#0" [stack: 0x0000001602a00000,0x0000001602b00000] [id=18076]
  0x0000017d517ef800 ConcurrentGCThread "G1 Young RemSet Sampling" [stack: 0x0000001602b00000,0x0000001602c00000] [id=8688]

Threads with active compile tasks:
C2 CompilerThread0  19775 6199       4       org.objectweb.asm.SymbolTable::addConstantMemberReference (147 bytes)

VM state:not at safepoint (normal execution)

VM Mutex/Monitor currently owned by a thread: None

Heap address: 0x0000000080000000, size: 2048 MB, Compressed Oops mode: 32-bit
Narrow klass base: 0x0000000000000000, Narrow klass shift: 3
Compressed class space size: 1073741824 Address: 0x0000000100000000

Heap:
 garbage-first heap   total 251904K, used 152813K [0x0000000080000000, 0x0000000100000000)
  region size 1024K, 99 young (101376K), 14 survivors (14336K)
 Metaspace       used 56996K, capacity 58561K, committed 58880K, reserved 1099776K
  class space    used 7271K, capacity 7824K, committed 7936K, reserved 1048576K
Heap Regions: E=young(eden), S=young(survivor), O=old, HS=humongous(starts), HC=humongous(continues), CS=collection set, F=free, A=archive, TAMS=top-at-mark-start (previous, next)
|   0|0x0000000080000000, 0x0000000080100000, 0x0000000080100000|100%| O|  |TAMS 0x0000000080100000, 0x0000000080000000| Untracked 
|   1|0x0000000080100000, 0x0000000080200000, 0x0000000080200000|100%| O|  |TAMS 0x0000000080200000, 0x0000000080100000| Untracked 
|   2|0x0000000080200000, 0x0000000080300000, 0x0000000080300000|100%| O|  |TAMS 0x0000000080300000, 0x0000000080200000| Untracked 
|   3|0x0000000080300000, 0x0000000080400000, 0x0000000080400000|100%|HS|  |TAMS 0x0000000080400000, 0x0000000080300000| Complete 
|   4|0x0000000080400000, 0x0000000080500000, 0x0000000080500000|100%|HC|  |TAMS 0x0000000080500000, 0x0000000080400000| Complete 
|   5|0x0000000080500000, 0x0000000080600000, 0x0000000080600000|100%|HC|  |TAMS 0x0000000080600000, 0x0000000080500000| Complete 
|   6|0x0000000080600000, 0x0000000080700000, 0x0000000080700000|100%| O|  |TAMS 0x0000000080700000, 0x0000000080600000| Untracked 
|   7|0x0000000080700000, 0x0000000080800000, 0x0000000080800000|100%| O|  |TAMS 0x0000000080800000, 0x0000000080700000| Untracked 
|   8|0x0000000080800000, 0x0000000080900000, 0x0000000080900000|100%| O|  |TAMS 0x0000000080900000, 0x0000000080800000| Untracked 
|   9|0x0000000080900000, 0x0000000080a00000, 0x0000000080a00000|100%| O|  |TAMS 0x0000000080a00000, 0x0000000080900000| Untracked 
|  10|0x0000000080a00000, 0x0000000080b00000, 0x0000000080b00000|100%| O|  |TAMS 0x0000000080b00000, 0x0000000080a00000| Untracked 
|  11|0x0000000080b00000, 0x0000000080c00000, 0x0000000080c00000|100%| O|  |TAMS 0x0000000080c00000, 0x0000000080b00000| Untracked 
|  12|0x0000000080c00000, 0x0000000080d00000, 0x0000000080d00000|100%| O|  |TAMS 0x0000000080d00000, 0x0000000080c00000| Untracked 
|  13|0x0000000080d00000, 0x0000000080e00000, 0x0000000080e00000|100%| O|  |TAMS 0x0000000080e00000, 0x0000000080d00000| Untracked 
|  14|0x0000000080e00000, 0x0000000080f00000, 0x0000000080f00000|100%| O|  |TAMS 0x0000000080f00000, 0x0000000080e00000| Untracked 
|  15|0x0000000080f00000, 0x0000000081000000, 0x0000000081000000|100%| O|  |TAMS 0x0000000081000000, 0x0000000080f00000| Untracked 
|  16|0x0000000081000000, 0x0000000081100000, 0x0000000081100000|100%| O|  |TAMS 0x0000000081100000, 0x0000000081000000| Untracked 
|  17|0x0000000081100000, 0x0000000081200000, 0x0000000081200000|100%|HS|  |TAMS 0x0000000081200000, 0x0000000081100000| Complete 
|  18|0x0000000081200000, 0x0000000081300000, 0x0000000081300000|100%|HC|  |TAMS 0x0000000081300000, 0x0000000081200000| Complete 
|  19|0x0000000081300000, 0x0000000081400000, 0x0000000081400000|100%|HS|  |TAMS 0x0000000081400000, 0x0000000081300000| Complete 
|  20|0x0000000081400000, 0x0000000081500000, 0x0000000081500000|100%|HC|  |TAMS 0x0000000081500000, 0x0000000081400000| Complete 
|  21|0x0000000081500000, 0x0000000081600000, 0x0000000081600000|100%|HC|  |TAMS 0x0000000081600000, 0x0000000081500000| Complete 
|  22|0x0000000081600000, 0x0000000081700000, 0x0000000081700000|100%|HS|  |TAMS 0x0000000081700000, 0x0000000081600000| Complete 
|  23|0x0000000081700000, 0x0000000081800000, 0x0000000081800000|100%|HS|  |TAMS 0x0000000081800000, 0x0000000081700000| Complete 
|  24|0x0000000081800000, 0x0000000081900000, 0x0000000081900000|100%|HC|  |TAMS 0x0000000081900000, 0x0000000081800000| Complete 
|  25|0x0000000081900000, 0x0000000081a00000, 0x0000000081a00000|100%|HC|  |TAMS 0x0000000081a00000, 0x0000000081900000| Complete 
|  26|0x0000000081a00000, 0x0000000081b00000, 0x0000000081b00000|100%|HC|  |TAMS 0x0000000081b00000, 0x0000000081a00000| Complete 
|  27|0x0000000081b00000, 0x0000000081c00000, 0x0000000081c00000|100%| O|  |TAMS 0x0000000081b76200, 0x0000000081b00000| Untracked 
|  28|0x0000000081c00000, 0x0000000081d00000, 0x0000000081d00000|100%| O|  |TAMS 0x0000000081c00000, 0x0000000081c00000| Untracked 
|  29|0x0000000081d00000, 0x0000000081d3b400, 0x0000000081e00000| 23%| O|  |TAMS 0x0000000081d00000, 0x0000000081d00000| Untracked 
|  30|0x0000000081e00000, 0x0000000081f00000, 0x0000000081f00000|100%|HS|  |TAMS 0x0000000081e00000, 0x0000000081e00000| Complete 
|  31|0x0000000081f00000, 0x0000000082000000, 0x0000000082000000|100%|HS|  |TAMS 0x0000000081f00000, 0x0000000081f00000| Complete 
|  32|0x0000000082000000, 0x0000000082100000, 0x0000000082100000|100%|HS|  |TAMS 0x0000000082000000, 0x0000000082000000| Complete 
|  33|0x0000000082100000, 0x0000000082200000, 0x0000000082200000|100%|HC|  |TAMS 0x0000000082100000, 0x0000000082100000| Complete 
|  34|0x0000000082200000, 0x0000000082300000, 0x0000000082300000|100%|HC|  |TAMS 0x0000000082200000, 0x0000000082200000| Complete 
|  35|0x0000000082300000, 0x0000000082400000, 0x0000000082400000|100%|HS|  |TAMS 0x0000000082300000, 0x0000000082300000| Complete 
|  36|0x0000000082400000, 0x0000000082500000, 0x0000000082500000|100%| O|  |TAMS 0x0000000082400000, 0x0000000082400000| Untracked 
|  37|0x0000000082500000, 0x0000000082600000, 0x0000000082600000|100%| O|  |TAMS 0x0000000082500000, 0x0000000082500000| Untracked 
|  38|0x0000000082600000, 0x0000000082700000, 0x0000000082700000|100%| O|  |TAMS 0x0000000082600000, 0x0000000082600000| Untracked 
|  39|0x0000000082700000, 0x0000000082800000, 0x0000000082800000|100%| O|  |TAMS 0x0000000082700000, 0x0000000082700000| Untracked 
|  40|0x0000000082800000, 0x0000000082900000, 0x0000000082900000|100%| O|  |TAMS 0x0000000082800000, 0x0000000082800000| Untracked 
|  41|0x0000000082900000, 0x0000000082a00000, 0x0000000082a00000|100%|HS|  |TAMS 0x0000000082900000, 0x0000000082900000| Complete 
|  42|0x0000000082a00000, 0x0000000082b00000, 0x0000000082b00000|100%|HC|  |TAMS 0x0000000082a00000, 0x0000000082a00000| Complete 
|  43|0x0000000082b00000, 0x0000000082c00000, 0x0000000082c00000|100%|HC|  |TAMS 0x0000000082b00000, 0x0000000082b00000| Complete 
|  44|0x0000000082c00000, 0x0000000082d00000, 0x0000000082d00000|100%|HC|  |TAMS 0x0000000082c00000, 0x0000000082c00000| Complete 
|  45|0x0000000082d00000, 0x0000000082e00000, 0x0000000082e00000|100%|HS|  |TAMS 0x0000000082d00000, 0x0000000082d00000| Complete 
|  46|0x0000000082e00000, 0x0000000082f00000, 0x0000000082f00000|100%|HS|  |TAMS 0x0000000082e00000, 0x0000000082e00000| Complete 
|  47|0x0000000082f00000, 0x0000000083000000, 0x0000000083000000|100%|HS|  |TAMS 0x0000000082f00000, 0x0000000082f00000| Complete 
|  48|0x0000000083000000, 0x0000000083100000, 0x0000000083100000|100%|HC|  |TAMS 0x0000000083000000, 0x0000000083000000| Complete 
|  49|0x0000000083100000, 0x0000000083200000, 0x0000000083200000|100%|HC|  |TAMS 0x0000000083100000, 0x0000000083100000| Complete 
|  50|0x0000000083200000, 0x0000000083300000, 0x0000000083300000|100%|HS|  |TAMS 0x0000000083200000, 0x0000000083200000| Complete 
|  51|0x0000000083300000, 0x0000000083400000, 0x0000000083400000|100%|HC|  |TAMS 0x0000000083300000, 0x0000000083300000| Complete 
|  52|0x0000000083400000, 0x0000000083400000, 0x0000000083500000|  0%| F|  |TAMS 0x0000000083400000, 0x0000000083400000| Untracked 
|  53|0x0000000083500000, 0x0000000083500000, 0x0000000083600000|  0%| F|  |TAMS 0x0000000083500000, 0x0000000083500000| Untracked 
|  54|0x0000000083600000, 0x0000000083600000, 0x0000000083700000|  0%| F|  |TAMS 0x0000000083600000, 0x0000000083600000| Untracked 
|  55|0x0000000083700000, 0x0000000083700000, 0x0000000083800000|  0%| F|  |TAMS 0x0000000083700000, 0x0000000083700000| Untracked 
|  56|0x0000000083800000, 0x0000000083800000, 0x0000000083900000|  0%| F|  |TAMS 0x0000000083800000, 0x0000000083800000| Untracked 
|  57|0x0000000083900000, 0x0000000083900000, 0x0000000083a00000|  0%| F|  |TAMS 0x0000000083900000, 0x0000000083900000| Untracked 
|  58|0x0000000083a00000, 0x0000000083a00000, 0x0000000083b00000|  0%| F|  |TAMS 0x0000000083a00000, 0x0000000083a00000| Untracked 
|  59|0x0000000083b00000, 0x0000000083b00000, 0x0000000083c00000|  0%| F|  |TAMS 0x0000000083b00000, 0x0000000083b00000| Untracked 
|  60|0x0000000083c00000, 0x0000000083c00000, 0x0000000083d00000|  0%| F|  |TAMS 0x0000000083c00000, 0x0000000083c00000| Untracked 
|  61|0x0000000083d00000, 0x0000000083d00000, 0x0000000083e00000|  0%| F|  |TAMS 0x0000000083d00000, 0x0000000083d00000| Untracked 
|  62|0x0000000083e00000, 0x0000000083e00000, 0x0000000083f00000|  0%| F|  |TAMS 0x0000000083e00000, 0x0000000083e00000| Untracked 
|  63|0x0000000083f00000, 0x0000000083f00000, 0x0000000084000000|  0%| F|  |TAMS 0x0000000083f00000, 0x0000000083f00000| Untracked 
|  64|0x0000000084000000, 0x0000000084000000, 0x0000000084100000|  0%| F|  |TAMS 0x0000000084000000, 0x0000000084000000| Untracked 
|  65|0x0000000084100000, 0x0000000084100000, 0x0000000084200000|  0%| F|  |TAMS 0x0000000084100000, 0x0000000084100000| Untracked 
|  66|0x0000000084200000, 0x0000000084200000, 0x0000000084300000|  0%| F|  |TAMS 0x0000000084200000, 0x0000000084200000| Untracked 
|  67|0x0000000084300000, 0x0000000084300000, 0x0000000084400000|  0%| F|  |TAMS 0x0000000084300000, 0x0000000084300000| Untracked 
|  68|0x0000000084400000, 0x0000000084400000, 0x0000000084500000|  0%| F|  |TAMS 0x0000000084400000, 0x0000000084400000| Untracked 
|  69|0x0000000084500000, 0x0000000084500000, 0x0000000084600000|  0%| F|  |TAMS 0x0000000084500000, 0x0000000084500000| Untracked 
|  70|0x0000000084600000, 0x0000000084600000, 0x0000000084700000|  0%| F|  |TAMS 0x0000000084600000, 0x0000000084600000| Untracked 
|  71|0x0000000084700000, 0x0000000084700000, 0x0000000084800000|  0%| F|  |TAMS 0x0000000084700000, 0x0000000084700000| Untracked 
|  72|0x0000000084800000, 0x0000000084800000, 0x0000000084900000|  0%| F|  |TAMS 0x0000000084800000, 0x0000000084800000| Untracked 
|  73|0x0000000084900000, 0x0000000084900000, 0x0000000084a00000|  0%| F|  |TAMS 0x0000000084900000, 0x0000000084900000| Untracked 
|  74|0x0000000084a00000, 0x0000000084a00000, 0x0000000084b00000|  0%| F|  |TAMS 0x0000000084a00000, 0x0000000084a00000| Untracked 
|  75|0x0000000084b00000, 0x0000000084b00000, 0x0000000084c00000|  0%| F|  |TAMS 0x0000000084b00000, 0x0000000084b00000| Untracked 
|  76|0x0000000084c00000, 0x0000000084c00000, 0x0000000084d00000|  0%| F|  |TAMS 0x0000000084c00000, 0x0000000084c00000| Untracked 
|  77|0x0000000084d00000, 0x0000000084d00000, 0x0000000084e00000|  0%| F|  |TAMS 0x0000000084d00000, 0x0000000084d00000| Untracked 
|  78|0x0000000084e00000, 0x0000000084e00000, 0x0000000084f00000|  0%| F|  |TAMS 0x0000000084e00000, 0x0000000084e00000| Untracked 
|  79|0x0000000084f00000, 0x0000000084f00000, 0x0000000085000000|  0%| F|  |TAMS 0x0000000084f00000, 0x0000000084f00000| Untracked 
|  80|0x0000000085000000, 0x0000000085000000, 0x0000000085100000|  0%| F|  |TAMS 0x0000000085000000, 0x0000000085000000| Untracked 
|  81|0x0000000085100000, 0x0000000085100000, 0x0000000085200000|  0%| F|  |TAMS 0x0000000085100000, 0x0000000085100000| Untracked 
|  82|0x0000000085200000, 0x0000000085200000, 0x0000000085300000|  0%| F|  |TAMS 0x0000000085200000, 0x0000000085200000| Untracked 
|  83|0x0000000085300000, 0x0000000085300000, 0x0000000085400000|  0%| F|  |TAMS 0x0000000085300000, 0x0000000085300000| Untracked 
|  84|0x0000000085400000, 0x0000000085400000, 0x0000000085500000|  0%| F|  |TAMS 0x0000000085400000, 0x0000000085400000| Untracked 
|  85|0x0000000085500000, 0x0000000085500000, 0x0000000085600000|  0%| F|  |TAMS 0x0000000085500000, 0x0000000085500000| Untracked 
|  86|0x0000000085600000, 0x0000000085600000, 0x0000000085700000|  0%| F|  |TAMS 0x0000000085600000, 0x0000000085600000| Untracked 
|  87|0x0000000085700000, 0x0000000085700000, 0x0000000085800000|  0%| F|  |TAMS 0x0000000085700000, 0x0000000085700000| Untracked 
|  88|0x0000000085800000, 0x0000000085800000, 0x0000000085900000|  0%| F|  |TAMS 0x0000000085800000, 0x0000000085800000| Untracked 
|  89|0x0000000085900000, 0x0000000085900000, 0x0000000085a00000|  0%| F|  |TAMS 0x0000000085900000, 0x0000000085900000| Untracked 
|  90|0x0000000085a00000, 0x0000000085a00000, 0x0000000085b00000|  0%| F|  |TAMS 0x0000000085a00000, 0x0000000085a00000| Untracked 
|  91|0x0000000085b00000, 0x0000000085b00000, 0x0000000085c00000|  0%| F|  |TAMS 0x0000000085b00000, 0x0000000085b00000| Untracked 
|  92|0x0000000085c00000, 0x0000000085c00000, 0x0000000085d00000|  0%| F|  |TAMS 0x0000000085c00000, 0x0000000085c00000| Untracked 
|  93|0x0000000085d00000, 0x0000000085d00000, 0x0000000085e00000|  0%| F|  |TAMS 0x0000000085d00000, 0x0000000085d00000| Untracked 
|  94|0x0000000085e00000, 0x0000000085e00000, 0x0000000085f00000|  0%| F|  |TAMS 0x0000000085e00000, 0x0000000085e00000| Untracked 
|  95|0x0000000085f00000, 0x0000000085f00000, 0x0000000086000000|  0%| F|  |TAMS 0x0000000085f00000, 0x0000000085f00000| Untracked 
|  96|0x0000000086000000, 0x0000000086000000, 0x0000000086100000|  0%| F|  |TAMS 0x0000000086000000, 0x0000000086000000| Untracked 
|  97|0x0000000086100000, 0x0000000086100000, 0x0000000086200000|  0%| F|  |TAMS 0x0000000086100000, 0x0000000086100000| Untracked 
|  98|0x0000000086200000, 0x0000000086200000, 0x0000000086300000|  0%| F|  |TAMS 0x0000000086200000, 0x0000000086200000| Untracked 
|  99|0x0000000086300000, 0x0000000086300000, 0x0000000086400000|  0%| F|  |TAMS 0x0000000086300000, 0x0000000086300000| Untracked 
| 100|0x0000000086400000, 0x0000000086400000, 0x0000000086500000|  0%| F|  |TAMS 0x0000000086400000, 0x0000000086400000| Untracked 
| 101|0x0000000086500000, 0x0000000086500000, 0x0000000086600000|  0%| F|  |TAMS 0x0000000086500000, 0x0000000086500000| Untracked 
| 102|0x0000000086600000, 0x0000000086600000, 0x0000000086700000|  0%| F|  |TAMS 0x0000000086600000, 0x0000000086600000| Untracked 
| 103|0x0000000086700000, 0x0000000086700000, 0x0000000086800000|  0%| F|  |TAMS 0x0000000086700000, 0x0000000086700000| Untracked 
| 104|0x0000000086800000, 0x0000000086800000, 0x0000000086900000|  0%| F|  |TAMS 0x0000000086800000, 0x0000000086800000| Untracked 
| 105|0x0000000086900000, 0x0000000086900000, 0x0000000086a00000|  0%| F|  |TAMS 0x0000000086900000, 0x0000000086900000| Untracked 
| 106|0x0000000086a00000, 0x0000000086a00000, 0x0000000086b00000|  0%| F|  |TAMS 0x0000000086a00000, 0x0000000086a00000| Untracked 
| 107|0x0000000086b00000, 0x0000000086b00000, 0x0000000086c00000|  0%| F|  |TAMS 0x0000000086b00000, 0x0000000086b00000| Untracked 
| 108|0x0000000086c00000, 0x0000000086c00000, 0x0000000086d00000|  0%| F|  |TAMS 0x0000000086c00000, 0x0000000086c00000| Untracked 
| 109|0x0000000086d00000, 0x0000000086d00000, 0x0000000086e00000|  0%| F|  |TAMS 0x0000000086d00000, 0x0000000086d00000| Untracked 
| 110|0x0000000086e00000, 0x0000000086e00000, 0x0000000086f00000|  0%| F|  |TAMS 0x0000000086e00000, 0x0000000086e00000| Untracked 
| 111|0x0000000086f00000, 0x0000000086f00000, 0x0000000087000000|  0%| F|  |TAMS 0x0000000086f00000, 0x0000000086f00000| Untracked 
| 112|0x0000000087000000, 0x0000000087000000, 0x0000000087100000|  0%| F|  |TAMS 0x0000000087000000, 0x0000000087000000| Untracked 
| 113|0x0000000087100000, 0x0000000087100000, 0x0000000087200000|  0%| F|  |TAMS 0x0000000087100000, 0x0000000087100000| Untracked 
| 114|0x0000000087200000, 0x0000000087200000, 0x0000000087300000|  0%| F|  |TAMS 0x0000000087200000, 0x0000000087200000| Untracked 
| 115|0x0000000087300000, 0x0000000087300000, 0x0000000087400000|  0%| F|  |TAMS 0x0000000087300000, 0x0000000087300000| Untracked 
| 116|0x0000000087400000, 0x0000000087400000, 0x0000000087500000|  0%| F|  |TAMS 0x0000000087400000, 0x0000000087400000| Untracked 
| 117|0x0000000087500000, 0x0000000087500000, 0x0000000087600000|  0%| F|  |TAMS 0x0000000087500000, 0x0000000087500000| Untracked 
| 118|0x0000000087600000, 0x0000000087700000, 0x0000000087700000|100%| S|CS|TAMS 0x0000000087600000, 0x0000000087600000| Complete 
| 119|0x0000000087700000, 0x0000000087800000, 0x0000000087800000|100%| S|CS|TAMS 0x0000000087700000, 0x0000000087700000| Complete 
| 120|0x0000000087800000, 0x0000000087900000, 0x0000000087900000|100%| S|CS|TAMS 0x0000000087800000, 0x0000000087800000| Complete 
| 121|0x0000000087900000, 0x0000000087a00000, 0x0000000087a00000|100%| S|CS|TAMS 0x0000000087900000, 0x0000000087900000| Complete 
| 122|0x0000000087a00000, 0x0000000087b00000, 0x0000000087b00000|100%| S|CS|TAMS 0x0000000087a00000, 0x0000000087a00000| Complete 
| 123|0x0000000087b00000, 0x0000000087c00000, 0x0000000087c00000|100%| S|CS|TAMS 0x0000000087b00000, 0x0000000087b00000| Complete 
| 124|0x0000000087c00000, 0x0000000087d00000, 0x0000000087d00000|100%| S|CS|TAMS 0x0000000087c00000, 0x0000000087c00000| Complete 
| 125|0x0000000087d00000, 0x0000000087e00000, 0x0000000087e00000|100%| S|CS|TAMS 0x0000000087d00000, 0x0000000087d00000| Complete 
| 126|0x0000000087e00000, 0x0000000087e00000, 0x0000000087f00000|  0%| F|  |TAMS 0x0000000087e00000, 0x0000000087e00000| Untracked 
| 127|0x0000000087f00000, 0x0000000087f00000, 0x0000000088000000|  0%| F|  |TAMS 0x0000000087f00000, 0x0000000087f00000| Untracked 
| 128|0x0000000088000000, 0x0000000088000000, 0x0000000088100000|  0%| F|  |TAMS 0x0000000088000000, 0x0000000088000000| Untracked 
| 129|0x0000000088100000, 0x0000000088100000, 0x0000000088200000|  0%| F|  |TAMS 0x0000000088100000, 0x0000000088100000| Untracked 
| 130|0x0000000088200000, 0x0000000088200000, 0x0000000088300000|  0%| F|  |TAMS 0x0000000088200000, 0x0000000088200000| Untracked 
| 131|0x0000000088300000, 0x0000000088300000, 0x0000000088400000|  0%| F|  |TAMS 0x0000000088300000, 0x0000000088300000| Untracked 
| 132|0x0000000088400000, 0x0000000088400000, 0x0000000088500000|  0%| F|  |TAMS 0x0000000088400000, 0x0000000088400000| Untracked 
| 133|0x0000000088500000, 0x0000000088500000, 0x0000000088600000|  0%| F|  |TAMS 0x0000000088500000, 0x0000000088500000| Untracked 
| 134|0x0000000088600000, 0x0000000088600000, 0x0000000088700000|  0%| F|  |TAMS 0x0000000088600000, 0x0000000088600000| Untracked 
| 135|0x0000000088700000, 0x0000000088800000, 0x0000000088800000|100%| S|CS|TAMS 0x0000000088700000, 0x0000000088700000| Complete 
| 136|0x0000000088800000, 0x0000000088900000, 0x0000000088900000|100%| S|CS|TAMS 0x0000000088800000, 0x0000000088800000| Complete 
| 137|0x0000000088900000, 0x0000000088a00000, 0x0000000088a00000|100%| S|CS|TAMS 0x0000000088900000, 0x0000000088900000| Complete 
| 138|0x0000000088a00000, 0x0000000088b00000, 0x0000000088b00000|100%| S|CS|TAMS 0x0000000088a00000, 0x0000000088a00000| Complete 
| 139|0x0000000088b00000, 0x0000000088c00000, 0x0000000088c00000|100%| S|CS|TAMS 0x0000000088b00000, 0x0000000088b00000| Complete 
| 140|0x0000000088c00000, 0x0000000088d00000, 0x0000000088d00000|100%| S|CS|TAMS 0x0000000088c00000, 0x0000000088c00000| Complete 
| 141|0x0000000088d00000, 0x0000000088d00000, 0x0000000088e00000|  0%| F|  |TAMS 0x0000000088d00000, 0x0000000088d00000| Untracked 
| 142|0x0000000088e00000, 0x0000000088e00000, 0x0000000088f00000|  0%| F|  |TAMS 0x0000000088e00000, 0x0000000088e00000| Untracked 
| 143|0x0000000088f00000, 0x0000000088f00000, 0x0000000089000000|  0%| F|  |TAMS 0x0000000088f00000, 0x0000000088f00000| Untracked 
| 144|0x0000000089000000, 0x0000000089000000, 0x0000000089100000|  0%| F|  |TAMS 0x0000000089000000, 0x0000000089000000| Untracked 
| 145|0x0000000089100000, 0x0000000089100000, 0x0000000089200000|  0%| F|  |TAMS 0x0000000089100000, 0x0000000089100000| Untracked 
| 146|0x0000000089200000, 0x0000000089200000, 0x0000000089300000|  0%| F|  |TAMS 0x0000000089200000, 0x0000000089200000| Untracked 
| 147|0x0000000089300000, 0x0000000089300000, 0x0000000089400000|  0%| F|  |TAMS 0x0000000089300000, 0x0000000089300000| Untracked 
| 148|0x0000000089400000, 0x0000000089400000, 0x0000000089500000|  0%| F|  |TAMS 0x0000000089400000, 0x0000000089400000| Untracked 
| 149|0x0000000089500000, 0x0000000089500000, 0x0000000089600000|  0%| F|  |TAMS 0x0000000089500000, 0x0000000089500000| Untracked 
| 150|0x0000000089600000, 0x0000000089600000, 0x0000000089700000|  0%| F|  |TAMS 0x0000000089600000, 0x0000000089600000| Untracked 
| 151|0x0000000089700000, 0x0000000089700000, 0x0000000089800000|  0%| F|  |TAMS 0x0000000089700000, 0x0000000089700000| Untracked 
| 152|0x0000000089800000, 0x0000000089800000, 0x0000000089900000|  0%| F|  |TAMS 0x0000000089800000, 0x0000000089800000| Untracked 
| 153|0x0000000089900000, 0x0000000089900000, 0x0000000089a00000|  0%| F|  |TAMS 0x0000000089900000, 0x0000000089900000| Untracked 
| 154|0x0000000089a00000, 0x0000000089a00000, 0x0000000089b00000|  0%| F|  |TAMS 0x0000000089a00000, 0x0000000089a00000| Untracked 
| 155|0x0000000089b00000, 0x0000000089b00000, 0x0000000089c00000|  0%| F|  |TAMS 0x0000000089b00000, 0x0000000089b00000| Untracked 
| 156|0x0000000089c00000, 0x0000000089c00000, 0x0000000089d00000|  0%| F|  |TAMS 0x0000000089c00000, 0x0000000089c00000| Untracked 
| 157|0x0000000089d00000, 0x0000000089d00000, 0x0000000089e00000|  0%| F|  |TAMS 0x0000000089d00000, 0x0000000089d00000| Untracked 
| 158|0x0000000089e00000, 0x0000000089e00000, 0x0000000089f00000|  0%| F|  |TAMS 0x0000000089e00000, 0x0000000089e00000| Untracked 
| 159|0x0000000089f00000, 0x0000000089f00000, 0x000000008a000000|  0%| F|  |TAMS 0x0000000089f00000, 0x0000000089f00000| Untracked 
| 160|0x000000008a000000, 0x000000008a080800, 0x000000008a100000| 50%| E|  |TAMS 0x000000008a000000, 0x000000008a000000| Complete 
| 161|0x000000008a100000, 0x000000008a200000, 0x000000008a200000|100%| E|CS|TAMS 0x000000008a100000, 0x000000008a100000| Complete 
| 162|0x000000008a200000, 0x000000008a300000, 0x000000008a300000|100%| E|CS|TAMS 0x000000008a200000, 0x000000008a200000| Complete 
| 163|0x000000008a300000, 0x000000008a400000, 0x000000008a400000|100%| E|CS|TAMS 0x000000008a300000, 0x000000008a300000| Complete 
| 164|0x000000008a400000, 0x000000008a500000, 0x000000008a500000|100%| E|CS|TAMS 0x000000008a400000, 0x000000008a400000| Complete 
| 165|0x000000008a500000, 0x000000008a600000, 0x000000008a600000|100%| E|CS|TAMS 0x000000008a500000, 0x000000008a500000| Complete 
| 166|0x000000008a600000, 0x000000008a700000, 0x000000008a700000|100%| E|CS|TAMS 0x000000008a600000, 0x000000008a600000| Complete 
| 167|0x000000008a700000, 0x000000008a800000, 0x000000008a800000|100%| E|CS|TAMS 0x000000008a700000, 0x000000008a700000| Complete 
| 168|0x000000008a800000, 0x000000008a900000, 0x000000008a900000|100%| E|CS|TAMS 0x000000008a800000, 0x000000008a800000| Complete 
| 169|0x000000008a900000, 0x000000008aa00000, 0x000000008aa00000|100%| E|CS|TAMS 0x000000008a900000, 0x000000008a900000| Complete 
| 170|0x000000008aa00000, 0x000000008ab00000, 0x000000008ab00000|100%| E|CS|TAMS 0x000000008aa00000, 0x000000008aa00000| Complete 
| 171|0x000000008ab00000, 0x000000008ac00000, 0x000000008ac00000|100%| E|CS|TAMS 0x000000008ab00000, 0x000000008ab00000| Complete 
| 172|0x000000008ac00000, 0x000000008ad00000, 0x000000008ad00000|100%| E|CS|TAMS 0x000000008ac00000, 0x000000008ac00000| Complete 
| 173|0x000000008ad00000, 0x000000008ae00000, 0x000000008ae00000|100%| E|CS|TAMS 0x000000008ad00000, 0x000000008ad00000| Complete 
| 174|0x000000008ae00000, 0x000000008af00000, 0x000000008af00000|100%| E|CS|TAMS 0x000000008ae00000, 0x000000008ae00000| Complete 
| 175|0x000000008af00000, 0x000000008b000000, 0x000000008b000000|100%| E|CS|TAMS 0x000000008af00000, 0x000000008af00000| Complete 
| 176|0x000000008b000000, 0x000000008b100000, 0x000000008b100000|100%| E|CS|TAMS 0x000000008b000000, 0x000000008b000000| Complete 
| 177|0x000000008b100000, 0x000000008b200000, 0x000000008b200000|100%| E|CS|TAMS 0x000000008b100000, 0x000000008b100000| Complete 
| 178|0x000000008b200000, 0x000000008b300000, 0x000000008b300000|100%| E|CS|TAMS 0x000000008b200000, 0x000000008b200000| Complete 
| 179|0x000000008b300000, 0x000000008b400000, 0x000000008b400000|100%| E|CS|TAMS 0x000000008b300000, 0x000000008b300000| Complete 
| 180|0x000000008b400000, 0x000000008b500000, 0x000000008b500000|100%| E|CS|TAMS 0x000000008b400000, 0x000000008b400000| Complete 
| 181|0x000000008b500000, 0x000000008b600000, 0x000000008b600000|100%| E|CS|TAMS 0x000000008b500000, 0x000000008b500000| Complete 
| 182|0x000000008b600000, 0x000000008b700000, 0x000000008b700000|100%| E|CS|TAMS 0x000000008b600000, 0x000000008b600000| Complete 
| 183|0x000000008b700000, 0x000000008b800000, 0x000000008b800000|100%| E|CS|TAMS 0x000000008b700000, 0x000000008b700000| Complete 
| 184|0x000000008b800000, 0x000000008b900000, 0x000000008b900000|100%| E|CS|TAMS 0x000000008b800000, 0x000000008b800000| Complete 
| 185|0x000000008b900000, 0x000000008ba00000, 0x000000008ba00000|100%| E|CS|TAMS 0x000000008b900000, 0x000000008b900000| Complete 
| 186|0x000000008ba00000, 0x000000008bb00000, 0x000000008bb00000|100%| E|CS|TAMS 0x000000008ba00000, 0x000000008ba00000| Complete 
| 187|0x000000008bb00000, 0x000000008bc00000, 0x000000008bc00000|100%| E|CS|TAMS 0x000000008bb00000, 0x000000008bb00000| Complete 
| 188|0x000000008bc00000, 0x000000008bd00000, 0x000000008bd00000|100%| E|CS|TAMS 0x000000008bc00000, 0x000000008bc00000| Complete 
| 189|0x000000008bd00000, 0x000000008be00000, 0x000000008be00000|100%| E|CS|TAMS 0x000000008bd00000, 0x000000008bd00000| Complete 
| 190|0x000000008be00000, 0x000000008bf00000, 0x000000008bf00000|100%| E|CS|TAMS 0x000000008be00000, 0x000000008be00000| Complete 
| 191|0x000000008bf00000, 0x000000008c000000, 0x000000008c000000|100%| E|CS|TAMS 0x000000008bf00000, 0x000000008bf00000| Complete 
| 192|0x000000008c000000, 0x000000008c100000, 0x000000008c100000|100%| E|CS|TAMS 0x000000008c000000, 0x000000008c000000| Complete 
| 193|0x000000008c100000, 0x000000008c200000, 0x000000008c200000|100%| E|CS|TAMS 0x000000008c100000, 0x000000008c100000| Complete 
| 194|0x000000008c200000, 0x000000008c300000, 0x000000008c300000|100%| E|CS|TAMS 0x000000008c200000, 0x000000008c200000| Complete 
| 195|0x000000008c300000, 0x000000008c400000, 0x000000008c400000|100%| E|CS|TAMS 0x000000008c300000, 0x000000008c300000| Complete 
| 196|0x000000008c400000, 0x000000008c500000, 0x000000008c500000|100%| E|CS|TAMS 0x000000008c400000, 0x000000008c400000| Complete 
| 197|0x000000008c500000, 0x000000008c600000, 0x000000008c600000|100%| E|CS|TAMS 0x000000008c500000, 0x000000008c500000| Complete 
| 198|0x000000008c600000, 0x000000008c700000, 0x000000008c700000|100%| E|CS|TAMS 0x000000008c600000, 0x000000008c600000| Complete 
| 199|0x000000008c700000, 0x000000008c800000, 0x000000008c800000|100%| E|CS|TAMS 0x000000008c700000, 0x000000008c700000| Complete 
| 200|0x000000008c800000, 0x000000008c900000, 0x000000008c900000|100%| E|CS|TAMS 0x000000008c800000, 0x000000008c800000| Complete 
| 201|0x000000008c900000, 0x000000008ca00000, 0x000000008ca00000|100%| E|CS|TAMS 0x000000008c900000, 0x000000008c900000| Complete 
| 202|0x000000008ca00000, 0x000000008cb00000, 0x000000008cb00000|100%| E|CS|TAMS 0x000000008ca00000, 0x000000008ca00000| Complete 
| 203|0x000000008cb00000, 0x000000008cc00000, 0x000000008cc00000|100%| E|CS|TAMS 0x000000008cb00000, 0x000000008cb00000| Complete 
| 204|0x000000008cc00000, 0x000000008cd00000, 0x000000008cd00000|100%| E|CS|TAMS 0x000000008cc00000, 0x000000008cc00000| Complete 
| 205|0x000000008cd00000, 0x000000008ce00000, 0x000000008ce00000|100%| E|CS|TAMS 0x000000008cd00000, 0x000000008cd00000| Complete 
| 206|0x000000008ce00000, 0x000000008cf00000, 0x000000008cf00000|100%| E|CS|TAMS 0x000000008ce00000, 0x000000008ce00000| Complete 
| 207|0x000000008cf00000, 0x000000008d000000, 0x000000008d000000|100%| E|CS|TAMS 0x000000008cf00000, 0x000000008cf00000| Complete 
| 208|0x000000008d000000, 0x000000008d100000, 0x000000008d100000|100%| E|CS|TAMS 0x000000008d000000, 0x000000008d000000| Complete 
| 209|0x000000008d100000, 0x000000008d200000, 0x000000008d200000|100%| E|CS|TAMS 0x000000008d100000, 0x000000008d100000| Complete 
| 210|0x000000008d200000, 0x000000008d300000, 0x000000008d300000|100%| E|CS|TAMS 0x000000008d200000, 0x000000008d200000| Complete 
| 211|0x000000008d300000, 0x000000008d400000, 0x000000008d400000|100%| E|CS|TAMS 0x000000008d300000, 0x000000008d300000| Complete 
| 212|0x000000008d400000, 0x000000008d500000, 0x000000008d500000|100%| E|CS|TAMS 0x000000008d400000, 0x000000008d400000| Complete 
| 213|0x000000008d500000, 0x000000008d600000, 0x000000008d600000|100%| E|CS|TAMS 0x000000008d500000, 0x000000008d500000| Complete 
| 214|0x000000008d600000, 0x000000008d700000, 0x000000008d700000|100%| E|CS|TAMS 0x000000008d600000, 0x000000008d600000| Complete 
| 215|0x000000008d700000, 0x000000008d800000, 0x000000008d800000|100%| E|CS|TAMS 0x000000008d700000, 0x000000008d700000| Complete 
| 216|0x000000008d800000, 0x000000008d900000, 0x000000008d900000|100%| E|CS|TAMS 0x000000008d800000, 0x000000008d800000| Complete 
| 217|0x000000008d900000, 0x000000008da00000, 0x000000008da00000|100%| E|CS|TAMS 0x000000008d900000, 0x000000008d900000| Complete 
| 218|0x000000008da00000, 0x000000008db00000, 0x000000008db00000|100%| E|CS|TAMS 0x000000008da00000, 0x000000008da00000| Complete 
| 219|0x000000008db00000, 0x000000008dc00000, 0x000000008dc00000|100%| E|CS|TAMS 0x000000008db00000, 0x000000008db00000| Complete 
| 220|0x000000008dc00000, 0x000000008dd00000, 0x000000008dd00000|100%| E|CS|TAMS 0x000000008dc00000, 0x000000008dc00000| Complete 
| 221|0x000000008dd00000, 0x000000008de00000, 0x000000008de00000|100%| E|CS|TAMS 0x000000008dd00000, 0x000000008dd00000| Complete 
| 222|0x000000008de00000, 0x000000008df00000, 0x000000008df00000|100%| E|CS|TAMS 0x000000008de00000, 0x000000008de00000| Complete 
| 223|0x000000008df00000, 0x000000008e000000, 0x000000008e000000|100%| E|CS|TAMS 0x000000008df00000, 0x000000008df00000| Complete 
| 224|0x000000008e000000, 0x000000008e100000, 0x000000008e100000|100%| E|CS|TAMS 0x000000008e000000, 0x000000008e000000| Complete 
| 225|0x000000008e100000, 0x000000008e200000, 0x000000008e200000|100%| E|CS|TAMS 0x000000008e100000, 0x000000008e100000| Complete 
| 226|0x000000008e200000, 0x000000008e300000, 0x000000008e300000|100%| E|CS|TAMS 0x000000008e200000, 0x000000008e200000| Complete 
| 227|0x000000008e300000, 0x000000008e400000, 0x000000008e400000|100%| E|CS|TAMS 0x000000008e300000, 0x000000008e300000| Complete 
| 228|0x000000008e400000, 0x000000008e500000, 0x000000008e500000|100%| E|CS|TAMS 0x000000008e400000, 0x000000008e400000| Complete 
| 229|0x000000008e500000, 0x000000008e600000, 0x000000008e600000|100%| E|CS|TAMS 0x000000008e500000, 0x000000008e500000| Complete 
| 230|0x000000008e600000, 0x000000008e700000, 0x000000008e700000|100%| E|CS|TAMS 0x000000008e600000, 0x000000008e600000| Complete 
| 231|0x000000008e700000, 0x000000008e800000, 0x000000008e800000|100%| E|CS|TAMS 0x000000008e700000, 0x000000008e700000| Complete 
| 232|0x000000008e800000, 0x000000008e900000, 0x000000008e900000|100%| E|CS|TAMS 0x000000008e800000, 0x000000008e800000| Complete 
| 233|0x000000008e900000, 0x000000008ea00000, 0x000000008ea00000|100%| E|CS|TAMS 0x000000008e900000, 0x000000008e900000| Complete 
| 234|0x000000008ea00000, 0x000000008eb00000, 0x000000008eb00000|100%| E|CS|TAMS 0x000000008ea00000, 0x000000008ea00000| Complete 
| 235|0x000000008eb00000, 0x000000008ec00000, 0x000000008ec00000|100%| E|CS|TAMS 0x000000008eb00000, 0x000000008eb00000| Complete 
| 236|0x000000008ec00000, 0x000000008ed00000, 0x000000008ed00000|100%| E|CS|TAMS 0x000000008ec00000, 0x000000008ec00000| Complete 
| 237|0x000000008ed00000, 0x000000008ee00000, 0x000000008ee00000|100%| E|CS|TAMS 0x000000008ed00000, 0x000000008ed00000| Complete 
| 238|0x000000008ee00000, 0x000000008ef00000, 0x000000008ef00000|100%| E|CS|TAMS 0x000000008ee00000, 0x000000008ee00000| Complete 
| 239|0x000000008ef00000, 0x000000008f000000, 0x000000008f000000|100%| E|CS|TAMS 0x000000008ef00000, 0x000000008ef00000| Complete 
| 240|0x000000008f000000, 0x000000008f100000, 0x000000008f100000|100%| E|CS|TAMS 0x000000008f000000, 0x000000008f000000| Complete 
| 241|0x000000008f100000, 0x000000008f200000, 0x000000008f200000|100%| E|CS|TAMS 0x000000008f100000, 0x000000008f100000| Complete 
| 242|0x000000008f200000, 0x000000008f300000, 0x000000008f300000|100%| E|CS|TAMS 0x000000008f200000, 0x000000008f200000| Complete 
| 243|0x000000008f300000, 0x000000008f400000, 0x000000008f400000|100%| E|CS|TAMS 0x000000008f300000, 0x000000008f300000| Complete 
| 244|0x000000008f400000, 0x000000008f500000, 0x000000008f500000|100%| E|CS|TAMS 0x000000008f400000, 0x000000008f400000| Complete 
| 245|0x000000008f500000, 0x000000008f600000, 0x000000008f600000|100%| E|CS|TAMS 0x000000008f500000, 0x000000008f500000| Complete 

Card table byte_map: [0x0000017d4a4b0000,0x0000017d4a8b0000] _byte_map_base: 0x0000017d4a0b0000

Marking Bits (Prev, Next): (CMBitMap*) 0x0000017d3709e878, (CMBitMap*) 0x0000017d3709e8b0
 Prev Bits: [0x0000017d4acb0000, 0x0000017d4ccb0000)
 Next Bits: [0x0000017d4ccb0000, 0x0000017d4ecb0000)

Polling page: 0x0000017d35000000

Metaspace:

Usage:
  Non-class:     49.61 MB capacity,    48.61 MB ( 98%) used,   872.32 KB (  2%) free+waste,   151.63 KB ( <1%) overhead. 
      Class:      7.64 MB capacity,     7.11 MB ( 93%) used,   473.84 KB (  6%) free+waste,    72.50 KB ( <1%) overhead. 
       Both:     57.25 MB capacity,    55.72 MB ( 97%) used,     1.31 MB (  2%) free+waste,   224.13 KB ( <1%) overhead. 

Virtual space:
  Non-class space:       50.00 MB reserved,      49.75 MB (>99%) committed 
      Class space:        1.00 GB reserved,       7.75 MB ( <1%) committed 
             Both:        1.05 GB reserved,      57.50 MB (  5%) committed 

Chunk freelists:
   Non-Class:  15.00 KB
       Class:  16.00 KB
        Both:  31.00 KB

MaxMetaspaceSize: 17179869184.00 GB
CompressedClassSpaceSize: 1.00 GB
Initial GC threshold: 20.80 MB
Current GC threshold: 59.17 MB
CDS: off

CodeHeap 'non-profiled nmethods': size=120000Kb used=3576Kb max_used=3576Kb free=116423Kb
 bounds [0x0000017d42630000, 0x0000017d429b0000, 0x0000017d49b60000]
CodeHeap 'profiled nmethods': size=120000Kb used=12991Kb max_used=12991Kb free=107008Kb
 bounds [0x0000017d3b100000, 0x0000017d3bdb0000, 0x0000017d42630000]
CodeHeap 'non-nmethods': size=5760Kb used=2320Kb max_used=2350Kb free=3439Kb
 bounds [0x0000017d3ab60000, 0x0000017d3add0000, 0x0000017d3b100000]
 total_blobs=7022 nmethods=6199 adapters=735
 compilation: enabled
              stopped_count=0, restarted_count=0
 full_count=0

Compilation events (20 events):
Event: 19.534 Thread 0x0000017d52216800 nmethod 6206 0x0000017d3bda9590 code [0x0000017d3bda9760, 0x0000017d3bda9b38]
Event: 19.545 Thread 0x0000017d52216800 6207       3       org.gradle.api.internal.provider.AbstractMinimalProvider::<init> (5 bytes)
Event: 19.545 Thread 0x0000017d52216800 nmethod 6207 0x0000017d3bda9c90 code [0x0000017d3bda9e40, 0x0000017d3bda9f98]
Event: 19.548 Thread 0x0000017d58543800 nmethod 6200 0x0000017d429ab990 code [0x0000017d429abba0, 0x0000017d429ac570]
Event: 19.548 Thread 0x0000017d58543800 6201       4       org.objectweb.asm.MethodWriter::visitVarInsn (302 bytes)
Event: 19.563 Thread 0x0000017d58543800 nmethod 6201 0x0000017d429acc90 code [0x0000017d429ace80, 0x0000017d429ad428]
Event: 19.672 Thread 0x0000017d52216800 6209       3       sun.reflect.generics.tree.SimpleClassTypeSignature::accept (8 bytes)
Event: 19.672 Thread 0x0000017d52216800 nmethod 6209 0x0000017d3bdaa090 code [0x0000017d3bdaa2a0, 0x0000017d3bdaa6e8]
Event: 19.672 Thread 0x0000017d52216800 6210       3       sun.reflect.generics.visitor.Reifier::visitSimpleClassTypeSignature (18 bytes)
Event: 19.673 Thread 0x0000017d52216800 nmethod 6210 0x0000017d3bdaa910 code [0x0000017d3bdaab00, 0x0000017d3bdaae88]
Event: 19.675 Thread 0x0000017d52216800 6211       3       org.gradle.internal.instantiation.generator.AsmBackedClassGenerator$ClassBuilderImpl::addGetter (56 bytes)
Event: 19.675 Thread 0x0000017d52216800 nmethod 6211 0x0000017d3bdab090 code [0x0000017d3bdab2c0, 0x0000017d3bdab828]
Event: 19.696 Thread 0x0000017d52216800 6212       3       org.gradle.internal.instantiation.generator.AbstractClassGenerator$InjectionAnnotationValidator::validateMethod (166 bytes)
Event: 19.698 Thread 0x0000017d52216800 nmethod 6212 0x0000017d3bdaba90 code [0x0000017d3bdabe20, 0x0000017d3bdad4a8]
Event: 19.705 Thread 0x0000017d52216800 6214       3       org.apache.commons.io.FilenameUtils::doNormalize (534 bytes)
Event: 19.708 Thread 0x0000017d52216800 nmethod 6214 0x0000017d3bdadb90 code [0x0000017d3bdadf00, 0x0000017d3bdaf708]
Event: 19.715 Thread 0x0000017d52216800 6215       1       org.gradle.internal.instantiation.generator.AbstractClassGenerator$MethodMetadata::getGenericReturnType (5 bytes)
Event: 19.715 Thread 0x0000017d52216800 nmethod 6215 0x0000017d429adb90 code [0x0000017d429add40, 0x0000017d429addf8]
Event: 19.717 Thread 0x0000017d52216800 6216       1       org.gradle.api.internal.DefaultDomainObjectCollection::getStore (5 bytes)
Event: 19.717 Thread 0x0000017d52216800 nmethod 6216 0x0000017d429ade90 code [0x0000017d429ae040, 0x0000017d429ae0f8]

GC Heap History (14 events):
Event: 1.593 GC heap before
{Heap before GC invocations=0 (full 0):
 garbage-first heap   total 251904K, used 29696K [0x0000000080000000, 0x0000000100000000)
  region size 1024K, 24 young (24576K), 0 survivors (0K)
 Metaspace       used 10262K, capacity 10557K, committed 10624K, reserved 1058816K
  class space    used 1072K, capacity 1139K, committed 1152K, reserved 1048576K
}
Event: 1.601 GC heap after
{Heap after GC invocations=1 (full 0):
 garbage-first heap   total 251904K, used 9485K [0x0000000080000000, 0x0000000100000000)
  region size 1024K, 3 young (3072K), 3 survivors (3072K)
 Metaspace       used 10262K, capacity 10557K, committed 10624K, reserved 1058816K
  class space    used 1072K, capacity 1139K, committed 1152K, reserved 1048576K
}
Event: 5.856 GC heap before
{Heap before GC invocations=1 (full 0):
 garbage-first heap   total 251904K, used 106765K [0x0000000080000000, 0x0000000100000000)
  region size 1024K, 99 young (101376K), 3 survivors (3072K)
 Metaspace       used 20691K, capacity 21186K, committed 21296K, reserved 1069056K
  class space    used 2533K, capacity 2676K, committed 2688K, reserved 1048576K
}
Event: 5.875 GC heap after
{Heap after GC invocations=2 (full 0):
 garbage-first heap   total 251904K, used 16653K [0x0000000080000000, 0x0000000100000000)
  region size 1024K, 10 young (10240K), 10 survivors (10240K)
 Metaspace       used 20691K, capacity 21186K, committed 21296K, reserved 1069056K
  class space    used 2533K, capacity 2676K, committed 2688K, reserved 1048576K
}
Event: 6.628 GC heap before
{Heap before GC invocations=3 (full 0):
 garbage-first heap   total 251904K, used 54541K [0x0000000080000000, 0x0000000100000000)
  region size 1024K, 47 young (48128K), 10 survivors (10240K)
 Metaspace       used 24416K, capacity 25048K, committed 25216K, reserved 1071104K
  class space    used 3128K, capacity 3351K, committed 3456K, reserved 1048576K
}
Event: 6.637 GC heap after
{Heap after GC invocations=4 (full 0):
 garbage-first heap   total 251904K, used 18398K [0x0000000080000000, 0x0000000100000000)
  region size 1024K, 2 young (2048K), 2 survivors (2048K)
 Metaspace       used 24416K, capacity 25048K, committed 25216K, reserved 1071104K
  class space    used 3128K, capacity 3351K, committed 3456K, reserved 1048576K
}
Event: 8.989 GC heap before
{Heap before GC invocations=4 (full 0):
 garbage-first heap   total 251904K, used 108510K [0x0000000080000000, 0x0000000100000000)
  region size 1024K, 81 young (82944K), 2 survivors (2048K)
 Metaspace       used 32752K, capacity 33709K, committed 33792K, reserved 1079296K
  class space    used 4438K, capacity 4794K, committed 4864K, reserved 1048576K
}
Event: 8.995 GC heap after
{Heap after GC invocations=5 (full 0):
 garbage-first heap   total 251904K, used 35405K [0x0000000080000000, 0x0000000100000000)
  region size 1024K, 9 young (9216K), 9 survivors (9216K)
 Metaspace       used 32752K, capacity 33709K, committed 33792K, reserved 1079296K
  class space    used 4438K, capacity 4794K, committed 4864K, reserved 1048576K
}
Event: 9.413 GC heap before
{Heap before GC invocations=5 (full 0):
 garbage-first heap   total 251904K, used 41549K [0x0000000080000000, 0x0000000100000000)
  region size 1024K, 16 young (16384K), 9 survivors (9216K)
 Metaspace       used 34973K, capacity 35905K, committed 35968K, reserved 1081344K
  class space    used 4584K, capacity 4951K, committed 4992K, reserved 1048576K
}
Event: 9.432 GC heap after
{Heap after GC invocations=6 (full 0):
 garbage-first heap   total 251904K, used 36312K [0x0000000080000000, 0x0000000100000000)
  region size 1024K, 8 young (8192K), 8 survivors (8192K)
 Metaspace       used 34973K, capacity 35905K, committed 35968K, reserved 1081344K
  class space    used 4584K, capacity 4951K, committed 4992K, reserved 1048576K
}
Event: 12.533 GC heap before
{Heap before GC invocations=7 (full 0):
 garbage-first heap   total 251904K, used 148952K [0x0000000080000000, 0x0000000100000000)
  region size 1024K, 111 young (113664K), 8 survivors (8192K)
 Metaspace       used 44829K, capacity 46082K, committed 46336K, reserved 1089536K
  class space    used 5662K, capacity 6112K, committed 6144K, reserved 1048576K
}
Event: 12.545 GC heap after
{Heap after GC invocations=8 (full 0):
 garbage-first heap   total 251904K, used 46607K [0x0000000080000000, 0x0000000100000000)
  region size 1024K, 9 young (9216K), 9 survivors (9216K)
 Metaspace       used 44829K, capacity 46082K, committed 46336K, reserved 1089536K
  class space    used 5662K, capacity 6112K, committed 6144K, reserved 1048576K
}
Event: 17.390 GC heap before
{Heap before GC invocations=8 (full 0):
 garbage-first heap   total 251904K, used 157199K [0x0000000080000000, 0x0000000100000000)
  region size 1024K, 114 young (116736K), 9 survivors (9216K)
 Metaspace       used 50362K, capacity 51860K, committed 52096K, reserved 1093632K
  class space    used 6462K, capacity 6964K, committed 7040K, reserved 1048576K
}
Event: 17.404 GC heap after
{Heap after GC invocations=9 (full 0):
 garbage-first heap   total 251904K, used 57581K [0x0000000080000000, 0x0000000100000000)
  region size 1024K, 14 young (14336K), 14 survivors (14336K)
 Metaspace       used 50362K, capacity 51860K, committed 52096K, reserved 1093632K
  class space    used 6462K, capacity 6964K, committed 7040K, reserved 1048576K
}

Deoptimization events (20 events):
Event: 19.055 Thread 0x0000017d523a2000 Uncommon trap: trap_request=0xffffff4d fr.pc=0x0000017d42688dcc relative=0x000000000000048c
Event: 19.055 Thread 0x0000017d523a2000 Uncommon trap: reason=unstable_if action=reinterpret pc=0x0000017d42688dcc method=java.lang.AbstractStringBuilder.putStringAt(ILjava/lang/String;)V @ 8 c2
Event: 19.055 Thread 0x0000017d523a2000 DEOPT PACKING pc=0x0000017d42688dcc sp=0x00000016041f6eb0
Event: 19.055 Thread 0x0000017d523a2000 DEOPT UNPACKING pc=0x0000017d3abaa1af sp=0x00000016041f6e20 mode 2
Event: 19.055 Thread 0x0000017d523a2000 Uncommon trap: trap_request=0xffffff4d fr.pc=0x0000017d4277e200 relative=0x0000000000000620
Event: 19.055 Thread 0x0000017d523a2000 Uncommon trap: reason=unstable_if action=reinterpret pc=0x0000017d4277e200 method=java.lang.AbstractStringBuilder.appendChars(Ljava/lang/CharSequence;II)V @ 4 c2
Event: 19.055 Thread 0x0000017d523a2000 DEOPT PACKING pc=0x0000017d4277e200 sp=0x00000016041f6e90
Event: 19.055 Thread 0x0000017d523a2000 DEOPT UNPACKING pc=0x0000017d3abaa1af sp=0x00000016041f6de0 mode 2
Event: 19.055 Thread 0x0000017d523a2000 Uncommon trap: trap_request=0xffffff4d fr.pc=0x0000017d426670ec relative=0x00000000000000cc
Event: 19.055 Thread 0x0000017d523a2000 Uncommon trap: reason=unstable_if action=reinterpret pc=0x0000017d426670ec method=java.lang.String.getBytes([BIB)V @ 5 c2
Event: 19.055 Thread 0x0000017d523a2000 DEOPT PACKING pc=0x0000017d426670ec sp=0x00000016041f6de0
Event: 19.055 Thread 0x0000017d523a2000 DEOPT UNPACKING pc=0x0000017d3abaa1af sp=0x00000016041f6d88 mode 2
Event: 19.055 Thread 0x0000017d523a2000 Uncommon trap: trap_request=0xffffff4d fr.pc=0x0000017d4265f34c relative=0x000000000000022c
Event: 19.055 Thread 0x0000017d523a2000 Uncommon trap: reason=unstable_if action=reinterpret pc=0x0000017d4265f34c method=java.lang.AbstractStringBuilder.isLatin1()Z @ 10 c2
Event: 19.055 Thread 0x0000017d523a2000 DEOPT PACKING pc=0x0000017d4265f34c sp=0x00000016041f6e40
Event: 19.055 Thread 0x0000017d523a2000 DEOPT UNPACKING pc=0x0000017d3abaa1af sp=0x00000016041f6d80 mode 2
Event: 19.672 Thread 0x0000017d523a2000 Uncommon trap: trap_request=0xffffff4d fr.pc=0x0000017d42967d84 relative=0x0000000000000324
Event: 19.672 Thread 0x0000017d523a2000 Uncommon trap: reason=unstable_if action=reinterpret pc=0x0000017d42967d84 method=org.gradle.internal.instantiation.generator.AbstractClassGenerator$InjectionAnnotationValidator.validateMethod(Ljava/lang/reflect/Method;Lorg/gradle/internal/reflect/Propert
Event: 19.672 Thread 0x0000017d523a2000 DEOPT PACKING pc=0x0000017d42967d84 sp=0x00000016041f7c80
Event: 19.672 Thread 0x0000017d523a2000 DEOPT UNPACKING pc=0x0000017d3abaa1af sp=0x00000016041f7c48 mode 2

Classes redefined (0 events):
No events

Internal exceptions (20 events):
Event: 18.170 Thread 0x0000017d523a2000 Exception <a 'java/security/PrivilegedActionException'{0x000000008d771ba0}> (0x000000008d771ba0) thrown at [./src/hotspot/share/prims/jvm.cpp, line 1306]
Event: 18.170 Thread 0x0000017d523a2000 Exception <a 'java/security/PrivilegedActionException'{0x000000008d773108}> (0x000000008d773108) thrown at [./src/hotspot/share/prims/jvm.cpp, line 1306]
Event: 18.352 Thread 0x0000017d523a2000 Exception <a 'java/lang/ClassNotFoundException'{0x000000008d17d770}: org/gradle/api/tasks/Delete_DecoratedBeanInfo> (0x000000008d17d770) thrown at [./src/hotspot/share/classfile/systemDictionary.cpp, line 231]
Event: 18.354 Thread 0x0000017d523a2000 Exception <a 'java/lang/ClassNotFoundException'{0x000000008d1a8600}: org/gradle/api/tasks/DeleteBeanInfo> (0x000000008d1a8600) thrown at [./src/hotspot/share/classfile/systemDictionary.cpp, line 231]
Event: 18.355 Thread 0x0000017d523a2000 Exception <a 'java/lang/ClassNotFoundException'{0x000000008d1d6d00}: org/gradle/api/internal/ConventionTaskBeanInfo> (0x000000008d1d6d00) thrown at [./src/hotspot/share/classfile/systemDictionary.cpp, line 231]
Event: 18.357 Thread 0x0000017d523a2000 Exception <a 'java/lang/ClassNotFoundException'{0x000000008d0017c8}: org/gradle/api/DefaultTaskBeanInfo> (0x000000008d0017c8) thrown at [./src/hotspot/share/classfile/systemDictionary.cpp, line 231]
Event: 18.358 Thread 0x0000017d523a2000 Exception <a 'java/lang/ClassNotFoundException'{0x000000008d02fee0}: org/gradle/api/internal/AbstractTaskBeanInfo> (0x000000008d02fee0) thrown at [./src/hotspot/share/classfile/systemDictionary.cpp, line 231]
Event: 18.359 Thread 0x0000017d523a2000 Exception <a 'java/lang/ClassNotFoundException'{0x000000008d05eb08}: org/gradle/api/internal/AbstractTaskCustomizer> (0x000000008d05eb08) thrown at [./src/hotspot/share/classfile/systemDictionary.cpp, line 231]
Event: 18.365 Thread 0x0000017d523a2000 Exception <a 'java/lang/ClassNotFoundException'{0x000000008d0d2c20}: org/gradle/api/DefaultTaskCustomizer> (0x000000008d0d2c20) thrown at [./src/hotspot/share/classfile/systemDictionary.cpp, line 231]
Event: 18.370 Thread 0x0000017d523a2000 Exception <a 'java/lang/ClassNotFoundException'{0x000000008cf559c8}: org/gradle/api/internal/ConventionTaskCustomizer> (0x000000008cf559c8) thrown at [./src/hotspot/share/classfile/systemDictionary.cpp, line 231]
Event: 18.373 Thread 0x0000017d523a2000 Exception <a 'java/lang/ClassNotFoundException'{0x000000008cf8f028}: org/gradle/api/tasks/DeleteCustomizer> (0x000000008cf8f028) thrown at [./src/hotspot/share/classfile/systemDictionary.cpp, line 231]
Event: 18.376 Thread 0x0000017d523a2000 Exception <a 'java/lang/ClassNotFoundException'{0x000000008cfceda8}: org/gradle/api/tasks/Delete_DecoratedCustomizer> (0x000000008cfceda8) thrown at [./src/hotspot/share/classfile/systemDictionary.cpp, line 231]
Event: 18.429 Thread 0x0000017d523a2000 Exception <a 'java/lang/ClassNotFoundException'{0x000000008ceec590}: build_2jfcprufl38z7fta7smlfuzvBeanInfo> (0x000000008ceec590) thrown at [./src/hotspot/share/classfile/systemDictionary.cpp, line 231]
Event: 18.430 Thread 0x0000017d523a2000 Exception <a 'java/lang/ClassNotFoundException'{0x000000008cef7528}: build_2jfcprufl38z7fta7smlfuzvCustomizer> (0x000000008cef7528) thrown at [./src/hotspot/share/classfile/systemDictionary.cpp, line 231]
Event: 18.721 Thread 0x0000017d523a2000 Exception <a 'java/lang/NoSuchMethodError'{0x000000008c26c550}: 'java.lang.Object java.lang.invoke.DirectMethodHandle$Holder.invokeStatic(java.lang.Object, java.lang.Object, java.lang.Object, java.lang.Object, int)'> (0x000000008c26c550) thrown at [./src/hotspot/share/interpreter/linkResolver.cpp, line 773]
Event: 18.721 Thread 0x0000017d523a2000 Exception <a 'java/lang/NoSuchMethodError'{0x000000008c270f48}: 'java.lang.Object java.lang.invoke.DirectMethodHandle$Holder.invokeSpecial(java.lang.Object, java.lang.Object, java.lang.Object, java.lang.Object, java.lang.Object, int)'> (0x000000008c270f48) thrown at [./src/hotspot/share/interpreter/linkResolver.cpp, line 773]
Event: 18.724 Thread 0x0000017d523a2000 Exception <a 'java/lang/NoSuchMethodError'{0x000000008c275588}: 'java.lang.Object java.lang.invoke.Invokers$Holder.linkToTargetMethod(java.lang.Object, java.lang.Object, java.lang.Object, int, java.lang.Object)'> (0x000000008c275588) thrown at [./src/hotspot/share/interpreter/linkResolver.cpp, line 773]
Event: 19.136 Thread 0x0000017d523a2000 Exception <a 'java/lang/NoSuchMethodError'{0x000000008b246410}: 'java.lang.Object java.lang.invoke.DirectMethodHandle$Holder.invokeSpecial(java.lang.Object, java.lang.Object, int, int, java.lang.Object, java.lang.Object, java.lang.Object)'> (0x000000008b246410) thrown at [./src/hotspot/share/interpreter/linkResolver.cpp, line 773]
Event: 19.136 Thread 0x0000017d523a2000 Exception <a 'java/lang/NoSuchMethodError'{0x000000008b24a990}: 'java.lang.Object java.lang.invoke.DelegatingMethodHandle$Holder.reinvoke_L(java.lang.Object, int, int, java.lang.Object, java.lang.Object, java.lang.Object)'> (0x000000008b24a990) thrown at [./src/hotspot/share/interpreter/linkResolver.cpp, line 773]
Event: 19.630 Thread 0x0000017d523a2000 Exception <a 'java/lang/NoSuchMethodError'{0x000000008a543720}: 'int java.lang.invoke.DirectMethodHandle$Holder.invokeInterface(java.lang.Object, java.lang.Object, java.lang.Object, java.lang.Object)'> (0x000000008a543720) thrown at [./src/hotspot/share/interpreter/linkResolver.cpp, line 773]

Events (20 events):
Event: 19.719 loading class org/gradle/internal/snapshot/impl/NullValueSnapshot
Event: 19.719 loading class org/gradle/internal/snapshot/impl/NullValueSnapshot done
Event: 19.720 loading class com/google/wireless/android/sdk/stats/GradleBuildProject$Builder
Event: 19.720 loading class com/google/wireless/android/sdk/stats/GradleBuildProject$Builder done
Event: 19.722 loading class com/google/wireless/android/sdk/stats/GradleBuildProjectOrBuilder
Event: 19.722 loading class com/google/wireless/android/sdk/stats/GradleBuildProjectOrBuilder done
Event: 19.723 loading class com/google/protobuf/MessageOrBuilder
Event: 19.723 loading class com/google/protobuf/MessageOrBuilder done
Event: 19.724 loading class com/google/protobuf/MessageLiteOrBuilder
Event: 19.724 loading class com/google/protobuf/MessageLiteOrBuilder done
Event: 19.725 loading class com/google/protobuf/GeneratedMessageV3$Builder
Event: 19.725 loading class com/google/protobuf/GeneratedMessageV3$Builder done
Event: 19.727 loading class com/google/protobuf/AbstractMessage$Builder
Event: 19.727 loading class com/google/protobuf/AbstractMessage$Builder done
Event: 19.728 loading class com/google/protobuf/Message$Builder
Event: 19.728 loading class com/google/protobuf/Message$Builder done
Event: 19.729 loading class com/google/protobuf/MessageLite$Builder
Event: 19.729 loading class com/google/protobuf/MessageLite$Builder done
Event: 19.730 loading class com/google/protobuf/AbstractMessageLite$Builder
Event: 19.730 loading class com/google/protobuf/AbstractMessageLite$Builder done


Dynamic libraries:
0x00007ff7cae00000 - 0x00007ff7cae0a000 	C:\Program Files\Android\Android Studio\jre\bin\java.exe
0x00007fffd0870000 - 0x00007fffd0a84000 	C:\WINDOWS\SYSTEM32\ntdll.dll
0x00007fffd03d0000 - 0x00007fffd0492000 	C:\WINDOWS\System32\KERNEL32.DLL
0x00007fffce1c0000 - 0x00007fffce55c000 	C:\WINDOWS\System32\KERNELBASE.dll
0x00007fffce0a0000 - 0x00007fffce1b1000 	C:\WINDOWS\System32\ucrtbase.dll
0x00007fff9cf20000 - 0x00007fff9cf37000 	C:\Program Files\Android\Android Studio\jre\bin\VCRUNTIME140.dll
0x00007fff98990000 - 0x00007fff989a9000 	C:\Program Files\Android\Android Studio\jre\bin\jli.dll
0x00007fffcfa40000 - 0x00007fffcfbeb000 	C:\WINDOWS\System32\USER32.dll
0x00007fffa1ee0000 - 0x00007fffa216e000 	C:\WINDOWS\WinSxS\amd64_microsoft.windows.common-controls_6595b64144ccf1df_6.0.22621.1_none_60e502bd9af5bef0\COMCTL32.dll
0x00007fffcdf50000 - 0x00007fffcdf76000 	C:\WINDOWS\System32\win32u.dll
0x00007fffce870000 - 0x00007fffce917000 	C:\WINDOWS\System32\msvcrt.dll
0x00007fffcfa10000 - 0x00007fffcfa39000 	C:\WINDOWS\System32\GDI32.dll
0x00007fffcdf80000 - 0x00007fffce092000 	C:\WINDOWS\System32\gdi32full.dll
0x00007fffcdcc0000 - 0x00007fffcdd5a000 	C:\WINDOWS\System32\msvcp_win.dll
0x00007fffcf610000 - 0x00007fffcf641000 	C:\WINDOWS\System32\IMM32.DLL
0x00007fff95a10000 - 0x00007fff95aad000 	C:\Program Files\Android\Android Studio\jre\bin\msvcp140.dll
0x00007fff50d50000 - 0x00007fff51835000 	C:\Program Files\Android\Android Studio\jre\bin\server\jvm.dll
0x00007fffcee90000 - 0x00007fffcef3e000 	C:\WINDOWS\System32\ADVAPI32.dll
0x00007fffd04a0000 - 0x00007fffd0544000 	C:\WINDOWS\System32\sechost.dll
0x00007fffcf4f0000 - 0x00007fffcf605000 	C:\WINDOWS\System32\RPCRT4.dll
0x00007fffcf670000 - 0x00007fffcf678000 	C:\WINDOWS\System32\PSAPI.DLL
0x00007fffc0ae0000 - 0x00007fffc0ae9000 	C:\WINDOWS\SYSTEM32\WSOCK32.dll
0x00007fffca690000 - 0x00007fffca6c4000 	C:\WINDOWS\SYSTEM32\WINMM.dll
0x00007fffc7cc0000 - 0x00007fffc7cca000 	C:\WINDOWS\SYSTEM32\VERSION.dll
0x00007fffceff0000 - 0x00007fffcf061000 	C:\WINDOWS\System32\WS2_32.dll
0x00007fffccdf0000 - 0x00007fffcce08000 	C:\WINDOWS\SYSTEM32\kernel.appcore.dll
0x00007fffa5040000 - 0x00007fffa5051000 	C:\Program Files\Android\Android Studio\jre\bin\verify.dll
0x00007fffcb390000 - 0x00007fffcb5be000 	C:\WINDOWS\SYSTEM32\DBGHELP.DLL
0x00007fffcf680000 - 0x00007fffcfa09000 	C:\WINDOWS\System32\combase.dll
0x00007fffce790000 - 0x00007fffce867000 	C:\WINDOWS\System32\OLEAUT32.dll
0x00007fffc5170000 - 0x00007fffc51a2000 	C:\WINDOWS\SYSTEM32\dbgcore.DLL
0x00007fffcdd60000 - 0x00007fffcdddb000 	C:\WINDOWS\System32\bcryptPrimitives.dll
0x00007fff9ea40000 - 0x00007fff9ea69000 	C:\Program Files\Android\Android Studio\jre\bin\java.dll
0x00007fffc9ae0000 - 0x00007fffc9aeb000 	C:\Program Files\Android\Android Studio\jre\bin\jimage.dll
0x00007fffa0420000 - 0x00007fffa0438000 	C:\Program Files\Android\Android Studio\jre\bin\zip.dll
0x00007fffcfbf0000 - 0x00007fffd03c8000 	C:\WINDOWS\System32\SHELL32.dll
0x00007fffcbcb0000 - 0x00007fffcc568000 	C:\WINDOWS\SYSTEM32\windows.storage.dll
0x00007fffcbb70000 - 0x00007fffcbcad000 	C:\WINDOWS\SYSTEM32\wintypes.dll
0x00007fffce980000 - 0x00007fffcea71000 	C:\WINDOWS\System32\SHCORE.dll
0x00007fffce920000 - 0x00007fffce97e000 	C:\WINDOWS\System32\shlwapi.dll
0x00007fffcdbf0000 - 0x00007fffcdc11000 	C:\WINDOWS\SYSTEM32\profapi.dll
0x00007fff9f820000 - 0x00007fff9f83a000 	C:\Program Files\Android\Android Studio\jre\bin\net.dll
0x00007fffc4410000 - 0x00007fffc453f000 	C:\WINDOWS\SYSTEM32\WINHTTP.dll
0x00007fffcd280000 - 0x00007fffcd2e9000 	C:\WINDOWS\system32\mswsock.dll
0x00007fff9ed90000 - 0x00007fff9eda4000 	C:\Program Files\Android\Android Studio\jre\bin\nio.dll
0x00007fff989b0000 - 0x00007fff989d7000 	C:\Users\slava\.gradle\native\e1d6ef7f7dcc3fd88c89a11ec53ec762bb8ba0a96d01ffa2cd45eb1d1d8dd5c5\windows-amd64\native-platform.dll
0x00007fff7d2c0000 - 0x00007fff7d404000 	C:\Users\slava\.gradle\native\5664cfc778a61ccfe75a443a1ab52a65af34e5dc3c78e0209fed803814484fcb\windows-amd64\native-platform-file-events.dll
0x00007fffc51b0000 - 0x00007fffc51ba000 	C:\Program Files\Android\Android Studio\jre\bin\management.dll
0x00007fffc4fd0000 - 0x00007fffc4fdd000 	C:\Program Files\Android\Android Studio\jre\bin\management_ext.dll
0x00007fffcd4d0000 - 0x00007fffcd4eb000 	C:\WINDOWS\SYSTEM32\CRYPTSP.dll
0x00007fffccd60000 - 0x00007fffccd95000 	C:\WINDOWS\system32\rsaenh.dll
0x00007fffcd380000 - 0x00007fffcd3a8000 	C:\WINDOWS\SYSTEM32\USERENV.dll
0x00007fffcd690000 - 0x00007fffcd6b8000 	C:\WINDOWS\SYSTEM32\bcrypt.dll
0x00007fffcd4f0000 - 0x00007fffcd4fc000 	C:\WINDOWS\SYSTEM32\CRYPTBASE.dll
0x00007fffcc840000 - 0x00007fffcc86d000 	C:\WINDOWS\SYSTEM32\IPHLPAPI.DLL
0x00007fffcf660000 - 0x00007fffcf669000 	C:\WINDOWS\System32\NSI.dll
0x00007fffc1970000 - 0x00007fffc1989000 	C:\WINDOWS\SYSTEM32\dhcpcsvc6.DLL
0x00007fffc1900000 - 0x00007fffc191f000 	C:\WINDOWS\SYSTEM32\dhcpcsvc.DLL
0x00007fffcc870000 - 0x00007fffcc962000 	C:\WINDOWS\SYSTEM32\DNSAPI.dll

dbghelp: loaded successfully - version: 4.0.5 - missing functions: none
symbol engine: initialized successfully - sym options: 0x614 - pdb path: .;C:\Program Files\Android\Android Studio\jre\bin;C:\WINDOWS\SYSTEM32;C:\WINDOWS\WinSxS\amd64_microsoft.windows.common-controls_6595b64144ccf1df_6.0.22621.1_none_60e502bd9af5bef0;C:\Program Files\Android\Android Studio\jre\bin\server;C:\Users\slava\.gradle\native\e1d6ef7f7dcc3fd88c89a11ec53ec762bb8ba0a96d01ffa2cd45eb1d1d8dd5c5\windows-amd64;C:\Users\slava\.gradle\native\5664cfc778a61ccfe75a443a1ab52a65af34e5dc3c78e0209fed803814484fcb\windows-amd64

VM Arguments:
jvm_args: --add-opens=java.base/java.util=ALL-UNNAMED --add-opens=java.base/java.lang=ALL-UNNAMED --add-opens=java.base/java.lang.invoke=ALL-UNNAMED --add-opens=java.base/java.util=ALL-UNNAMED --add-opens=java.prefs/java.util.prefs=ALL-UNNAMED --add-opens=java.prefs/java.util.prefs=ALL-UNNAMED --add-opens=java.base/java.nio.charset=ALL-UNNAMED --add-opens=java.base/java.net=ALL-UNNAMED --add-opens=java.base/java.util.concurrent.atomic=ALL-UNNAMED -Xmx2048m -Dfile.encoding=UTF-8 -Duser.country=RU -Duser.language=ru -Duser.variant 
java_command: org.gradle.launcher.daemon.bootstrap.GradleDaemon 7.2
java_class_path (initial): C:\Users\slava\.gradle\wrapper\dists\gradle-7.2-bin\2dnblmf4td7x66yl1d74lt32g\gradle-7.2\lib\gradle-launcher-7.2.jar
Launcher Type: SUN_STANDARD

[Global flags]
     intx CICompilerCount                          = 4                                         {product} {ergonomic}
     uint ConcGCThreads                            = 3                                         {product} {ergonomic}
     uint G1ConcRefinementThreads                  = 10                                        {product} {ergonomic}
   size_t G1HeapRegionSize                         = 1048576                                   {product} {ergonomic}
    uintx GCDrainStackTargetSize                   = 64                                        {product} {ergonomic}
   size_t InitialHeapSize                          = 257949696                                 {product} {ergonomic}
   size_t MarkStackSize                            = 4194304                                   {product} {ergonomic}
   size_t MaxHeapSize                              = 2147483648                                {product} {command line}
   size_t MaxNewSize                               = 1287651328                                {product} {ergonomic}
   size_t MinHeapDeltaBytes                        = 1048576                                   {product} {ergonomic}
    uintx NonNMethodCodeHeapSize                   = 5836300                                {pd product} {ergonomic}
    uintx NonProfiledCodeHeapSize                  = 122910970                              {pd product} {ergonomic}
    uintx ProfiledCodeHeapSize                     = 122910970                              {pd product} {ergonomic}
    uintx ReservedCodeCacheSize                    = 251658240                              {pd product} {ergonomic}
     bool SegmentedCodeCache                       = true                                      {product} {ergonomic}
     bool UseCompressedClassPointers               = true                                 {lp64_product} {ergonomic}
     bool UseCompressedOops                        = true                                 {lp64_product} {ergonomic}
     bool UseG1GC                                  = true                                      {product} {ergonomic}
     bool UseLargePagesIndividualAllocation        = false                                  {pd product} {ergonomic}

Logging:
Log output configuration:
 #0: stdout all=warning uptime,level,tags
 #1: stderr all=off uptime,level,tags

Environment Variables:
PATH=C:\Program Files\Common Files\Oracle\Java\javapath;C:\Program Files (x86)\Common Files\Oracle\Java\javapath;C:\Windows\system32;C:\Windows;C:\Windows\System32\Wbem;C:\Windows\System32\WindowsPowerShell\v1.0\;C:\Windows\System32\OpenSSH\;C:\adb;C:\Program Files\Git\cmd;C:\Program Files\nodejs\;C:\Program Files (x86)\Microsoft SQL Server\150\DTS\Binn\;C:\Program Files\Azure Data Studio\bin;C:\Program Files\Microsoft SQL Server\Client SDK\ODBC\170\Tools\Binn\;C:\Program Files (x86)\Microsoft SQL Server\150\Tools\Binn\;C:\Program Files\Microsoft SQL Server\150\Tools\Binn\;C:\Program Files\Microsoft SQL Server\150\DTS\Binn\;C:\Program Files\dotnet\;C:\platform-tools;;%SystemRoot%\system32;%SystemRoot%;%SystemRoot%\System32\Wbem;%SYSTEMROOT%\System32\WindowsPowerShell\v1.0\;%SYSTEMROOT%\System32\OpenSSH\;C:\Users\slava\AppData\Local\Microsoft\WindowsApps;C:\Users\slava\AppData\Local\Programs\Microsoft VS Code\bin;C:\Users\slava\AppData\Roaming\npm;C:\Program Files\Azure Data Studio\bin;C:\Users\slava\.dotnet\tools;
USERNAME=slava
OS=Windows_NT
PROCESSOR_IDENTIFIER=AMD64 Family 23 Model 96 Stepping 1, AuthenticAMD



---------------  S Y S T E M  ---------------

OS: Windows 10 , 64 bit Build 22621 (10.0.22621.1)
OS uptime: 10 days 16:32 hours
Hyper-V role detected

CPU:total 12 (initial active 12) (12 cores per cpu, 2 threads per core) family 23 model 96 stepping 1 microcode 0x0, cmov, cx8, fxsr, mmx, sse, sse2, sse3, ssse3, sse4.1, sse4.2, popcnt, avx, avx2, aes, clmul, mmxext, 3dnowpref, lzcnt, sse4a, ht, tsc, tscinvbit, tscinv, bmi1, bmi2, adx, sha, fma

Memory: 4k page, system-wide physical 15741M (4084M free)
TotalPageFile size 15741M (AvailPageFile size 460M)
current process WorkingSet (physical memory assigned to process): 374M, peak: 374M
current process commit charge ("private bytes"): 487M, peak: 487M

vm_info: OpenJDK 64-Bit Server VM (11.0.12+7-b1504.28-7817840) for windows-amd64 JRE (11.0.12+7-b1504.28-7817840), built on Oct 13 2021 22:12:33 by "builder" with MS VC++ 14.0 (VS2015)

END.
