#
# There is insufficient memory for the Java Runtime Environment to continue.
# Native memory allocation (malloc) failed to allocate 981296 bytes for Chunk::new
# Possible reasons:
#   The system is out of physical RAM or swap space
#   The process is running with CompressedOops enabled, and the Java Heap may be blocking the growth of the native heap
# Possible solutions:
#   Reduce memory load on the system
#   Increase physical memory or swap space
#   Check if swap backing store is full
#   Decrease Java heap size (-Xmx/-Xms)
#   Decrease number of Java threads
#   Decrease Java thread stack sizes (-Xss)
#   Set larger code cache with -XX:ReservedCodeCacheSize=
#   JVM is running with Unscaled Compressed Oops mode in which the Java heap is
#     placed in the first 4GB address space. The Java Heap base address is the
#     maximum limit for the native heap growth. Please use -XX:HeapBaseMinAddress
#     to set the Java Heap base and to place the Java Heap above 4GB virtual address.
# This output file may be truncated or incomplete.
#
#  Out of Memory Error (./src/hotspot/share/memory/arena.cpp:197), pid=16064, tid=21412
#
# JRE version: OpenJDK Runtime Environment (11.0.12+7) (build 11.0.12+7-b1504.28-7817840)
# Java VM: OpenJDK 64-Bit Server VM (11.0.12+7-b1504.28-7817840, mixed mode, tiered, compressed oops, g1 gc, windows-amd64)
# No core dump will be written. Minidumps are not enabled by default on client versions of Windows
#

---------------  S U M M A R Y ------------

Command Line: --add-opens=java.base/java.util=ALL-UNNAMED --add-opens=java.base/java.lang=ALL-UNNAMED --add-opens=java.base/java.lang.invoke=ALL-UNNAMED --add-opens=java.base/java.util=ALL-UNNAMED --add-opens=java.prefs/java.util.prefs=ALL-UNNAMED --add-opens=java.prefs/java.util.prefs=ALL-UNNAMED --add-opens=java.base/java.nio.charset=ALL-UNNAMED --add-opens=java.base/java.net=ALL-UNNAMED --add-opens=java.base/java.util.concurrent.atomic=ALL-UNNAMED -Xmx2048m -Dfile.encoding=UTF-8 -Duser.country=RU -Duser.language=ru -Duser.variant org.gradle.launcher.daemon.bootstrap.GradleDaemon 7.2

Host: AMD Ryzen 5 4600H with Radeon Graphics         , 12 cores, 15G,  Windows 10 , 64 bit Build 22621 (10.0.22621.1)
Time: Fri May 27 05:29:12 2022 RTZ 4 (зима) elapsed time: 14.035767 seconds (0d 0h 0m 14s)

---------------  T H R E A D  ---------------

Current thread (0x0000027a15ecb800):  JavaThread "C2 CompilerThread1" daemon [_thread_in_native, id=21412, stack(0x000000c1cbb00000,0x000000c1cbc00000)]


Current CompileTask:
C2:  14035 3736       4       org.objectweb.asm.Frame::execute (2318 bytes)

Stack: [0x000000c1cbb00000,0x000000c1cbc00000]
Native frames: (J=compiled Java code, j=interpreted, Vv=VM code, C=native code)
V  [jvm.dll+0x5fbcea]
V  [jvm.dll+0x731905]
V  [jvm.dll+0x732f1d]
V  [jvm.dll+0x7335d3]
V  [jvm.dll+0x247bf8]
V  [jvm.dll+0xc018c]
V  [jvm.dll+0xc06cc]
V  [jvm.dll+0x2bcc04]
V  [jvm.dll+0x5113a8]
V  [jvm.dll+0x208303]
V  [jvm.dll+0x201fe0]
V  [jvm.dll+0x1ff71f]
V  [jvm.dll+0x18868c]
V  [jvm.dll+0x20e0d7]
V  [jvm.dll+0x20c901]
V  [jvm.dll+0x6f9b7f]
V  [jvm.dll+0x6f26a5]
V  [jvm.dll+0x5fabf6]
C  [ucrtbase.dll+0x29363]
C  [KERNEL32.DLL+0x1244d]
C  [ntdll.dll+0x5df88]


---------------  P R O C E S S  ---------------

Threads class SMR info:
_java_thread_list=0x0000027a158374c0, length=45, elements={
0x0000027a7506c000, 0x0000027a123c2800, 0x0000027a123cc000, 0x0000027a123e6000,
0x0000027a123e9000, 0x0000027a123ea800, 0x0000027a1242e800, 0x0000027a12430800,
0x0000027a1243c800, 0x0000027a125b3000, 0x0000027a13dce800, 0x0000027a14491800,
0x0000027a14c8c800, 0x0000027a13727800, 0x0000027a13fb2000, 0x0000027a13c26800,
0x0000027a14557800, 0x0000027a14536000, 0x0000027a1406e000, 0x0000027a12de2800,
0x0000027a12de6800, 0x0000027a12de6000, 0x0000027a12de2000, 0x0000027a12de5000,
0x0000027a12de7800, 0x0000027a12de8800, 0x0000027a12de3800, 0x0000027a12de4000,
0x0000027a15229800, 0x0000027a1522d000, 0x0000027a1522d800, 0x0000027a15228000,
0x0000027a1522e800, 0x0000027a15229000, 0x0000027a1522c000, 0x0000027a1522f800,
0x0000027a1522a800, 0x0000027a15230000, 0x0000027a15231000, 0x0000027a1522b800,
0x0000027a15235000, 0x0000027a15233800, 0x0000027a15234800, 0x0000027a15236800,
0x0000027a15ecb800
}

Java Threads: ( => current thread )
  0x0000027a7506c000 JavaThread "main" [_thread_blocked, id=14932, stack(0x000000c1c9000000,0x000000c1c9100000)]
  0x0000027a123c2800 JavaThread "Reference Handler" daemon [_thread_blocked, id=20440, stack(0x000000c1c9700000,0x000000c1c9800000)]
  0x0000027a123cc000 JavaThread "Finalizer" daemon [_thread_blocked, id=5960, stack(0x000000c1c9800000,0x000000c1c9900000)]
  0x0000027a123e6000 JavaThread "Signal Dispatcher" daemon [_thread_blocked, id=6504, stack(0x000000c1c9900000,0x000000c1c9a00000)]
  0x0000027a123e9000 JavaThread "Attach Listener" daemon [_thread_blocked, id=4548, stack(0x000000c1c9a00000,0x000000c1c9b00000)]
  0x0000027a123ea800 JavaThread "Service Thread" daemon [_thread_blocked, id=2560, stack(0x000000c1c9b00000,0x000000c1c9c00000)]
  0x0000027a1242e800 JavaThread "C2 CompilerThread0" daemon [_thread_blocked, id=19136, stack(0x000000c1c9c00000,0x000000c1c9d00000)]
  0x0000027a12430800 JavaThread "C1 CompilerThread0" daemon [_thread_blocked, id=3116, stack(0x000000c1c9d00000,0x000000c1c9e00000)]
  0x0000027a1243c800 JavaThread "Sweeper thread" daemon [_thread_blocked, id=13540, stack(0x000000c1c9e00000,0x000000c1c9f00000)]
  0x0000027a125b3000 JavaThread "Common-Cleaner" daemon [_thread_blocked, id=16664, stack(0x000000c1c9f00000,0x000000c1ca000000)]
  0x0000027a13dce800 JavaThread "Daemon health stats" [_thread_blocked, id=7576, stack(0x000000c1ca800000,0x000000c1ca900000)]
  0x0000027a14491800 JavaThread "Incoming local TCP Connector on port 49590" [_thread_in_native, id=16272, stack(0x000000c1ca200000,0x000000c1ca300000)]
  0x0000027a14c8c800 JavaThread "Daemon periodic checks" [_thread_blocked, id=17380, stack(0x000000c1ca700000,0x000000c1ca800000)]
  0x0000027a13727800 JavaThread "Daemon" [_thread_blocked, id=8792, stack(0x000000c1ca900000,0x000000c1caa00000)]
  0x0000027a13fb2000 JavaThread "Handler for socket connection from /127.0.0.1:49590 to /127.0.0.1:49591" [_thread_in_native, id=17220, stack(0x000000c1caa00000,0x000000c1cab00000)]
  0x0000027a13c26800 JavaThread "Cancel handler" [_thread_blocked, id=16836, stack(0x000000c1cab00000,0x000000c1cac00000)]
  0x0000027a14557800 JavaThread "Daemon worker" [_thread_in_Java, id=18208, stack(0x000000c1cac00000,0x000000c1cad00000)]
  0x0000027a14536000 JavaThread "Asynchronous log dispatcher for DefaultDaemonConnection: socket connection from /127.0.0.1:49590 to /127.0.0.1:49591" [_thread_blocked, id=19236, stack(0x000000c1cad00000,0x000000c1cae00000)]
  0x0000027a1406e000 JavaThread "Stdin handler" [_thread_blocked, id=18004, stack(0x000000c1cae00000,0x000000c1caf00000)]
  0x0000027a12de2800 JavaThread "Daemon client event forwarder" [_thread_blocked, id=17164, stack(0x000000c1caf00000,0x000000c1cb000000)]
  0x0000027a12de6800 JavaThread "Cache worker for journal cache (C:\Users\slava\.gradle\caches\journal-1)" [_thread_blocked, id=5728, stack(0x000000c1cb000000,0x000000c1cb100000)]
  0x0000027a12de6000 JavaThread "File lock request listener" [_thread_in_native, id=5056, stack(0x000000c1cb100000,0x000000c1cb200000)]
  0x0000027a12de2000 JavaThread "Cache worker for file hash cache (C:\Users\slava\.gradle\caches\7.2\fileHashes)" [_thread_blocked, id=11740, stack(0x000000c1cb900000,0x000000c1cba00000)]
  0x0000027a12de5000 JavaThread "File lock release action executor" [_thread_blocked, id=196, stack(0x000000c1cba00000,0x000000c1cbb00000)]
  0x0000027a12de7800 JavaThread "Cache worker for file hash cache (D:\AAndroid\ContactsBook\.gradle\7.2\fileHashes)" [_thread_blocked, id=5476, stack(0x000000c1cbc00000,0x000000c1cbd00000)]
  0x0000027a12de8800 JavaThread "File watcher server" daemon [_thread_in_native, id=5988, stack(0x000000c1cbd00000,0x000000c1cbe00000)]
  0x0000027a12de3800 JavaThread "File watcher consumer" daemon [_thread_blocked, id=14672, stack(0x000000c1cbe00000,0x000000c1cbf00000)]
  0x0000027a12de4000 JavaThread "jar transforms" [_thread_blocked, id=8744, stack(0x000000c1cc000000,0x000000c1cc100000)]
  0x0000027a15229800 JavaThread "jar transforms Thread 2" [_thread_blocked, id=12256, stack(0x000000c1cc100000,0x000000c1cc200000)]
  0x0000027a1522d000 JavaThread "jar transforms Thread 3" [_thread_blocked, id=20056, stack(0x000000c1cc200000,0x000000c1cc300000)]
  0x0000027a1522d800 JavaThread "jar transforms Thread 4" [_thread_blocked, id=16268, stack(0x000000c1cc300000,0x000000c1cc400000)]
  0x0000027a15228000 JavaThread "jar transforms Thread 5" [_thread_blocked, id=13032, stack(0x000000c1cc400000,0x000000c1cc500000)]
  0x0000027a1522e800 JavaThread "jar transforms Thread 6" [_thread_blocked, id=2428, stack(0x000000c1cc500000,0x000000c1cc600000)]
  0x0000027a15229000 JavaThread "jar transforms Thread 7" [_thread_blocked, id=6116, stack(0x000000c1cc600000,0x000000c1cc700000)]
  0x0000027a1522c000 JavaThread "jar transforms Thread 8" [_thread_blocked, id=16344, stack(0x000000c1cc700000,0x000000c1cc800000)]
  0x0000027a1522f800 JavaThread "jar transforms Thread 9" [_thread_blocked, id=1968, stack(0x000000c1cc800000,0x000000c1cc900000)]
  0x0000027a1522a800 JavaThread "jar transforms Thread 10" [_thread_blocked, id=1956, stack(0x000000c1cc900000,0x000000c1cca00000)]
  0x0000027a15230000 JavaThread "jar transforms Thread 11" [_thread_blocked, id=14740, stack(0x000000c1cca00000,0x000000c1ccb00000)]
  0x0000027a15231000 JavaThread "jar transforms Thread 12" [_thread_blocked, id=10484, stack(0x000000c1ccb00000,0x000000c1ccc00000)]
  0x0000027a1522b800 JavaThread "Cache worker for checksums cache (D:\AAndroid\ContactsBook\.gradle\checksums)" [_thread_blocked, id=3396, stack(0x000000c1cbf00000,0x000000c1cc000000)]
  0x0000027a15235000 JavaThread "Cache worker for cache directory md-supplier (C:\Users\slava\.gradle\caches\7.2\md-supplier)" [_thread_blocked, id=13880, stack(0x000000c1ccc00000,0x000000c1ccd00000)]
  0x0000027a15233800 JavaThread "Cache worker for cache directory md-rule (C:\Users\slava\.gradle\caches\7.2\md-rule)" [_thread_blocked, id=15484, stack(0x000000c1ccd00000,0x000000c1cce00000)]
  0x0000027a15234800 JavaThread "Cache worker for execution history cache (C:\Users\slava\.gradle\caches\7.2\executionHistory)" [_thread_blocked, id=12744, stack(0x000000c1cce00000,0x000000c1ccf00000)]
  0x0000027a15236800 JavaThread "Cache worker for file content cache (C:\Users\slava\.gradle\caches\7.2\fileContent)" [_thread_blocked, id=18000, stack(0x000000c1cd000000,0x000000c1cd100000)]
=>0x0000027a15ecb800 JavaThread "C2 CompilerThread1" daemon [_thread_in_native, id=21412, stack(0x000000c1cbb00000,0x000000c1cbc00000)]

Other Threads:
  0x0000027a11b8d000 VMThread "VM Thread" [stack: 0x000000c1c9600000,0x000000c1c9700000] [id=12876]
  0x0000027a125d9000 WatcherThread [stack: 0x000000c1ca000000,0x000000c1ca100000] [id=15996]
  0x0000027a77222800 GCTaskThread "GC Thread#0" [stack: 0x000000c1c9100000,0x000000c1c9200000] [id=8616]
  0x0000027a13914000 GCTaskThread "GC Thread#1" [stack: 0x000000c1ca300000,0x000000c1ca400000] [id=7392]
  0x0000027a12ee5000 GCTaskThread "GC Thread#2" [stack: 0x000000c1ca400000,0x000000c1ca500000] [id=6784]
  0x0000027a133b0800 GCTaskThread "GC Thread#3" [stack: 0x000000c1ca500000,0x000000c1ca600000] [id=7476]
  0x0000027a1309e000 GCTaskThread "GC Thread#4" [stack: 0x000000c1ca600000,0x000000c1ca700000] [id=15240]
  0x0000027a154bf800 GCTaskThread "GC Thread#5" [stack: 0x000000c1cb200000,0x000000c1cb300000] [id=16196]
  0x0000027a13eb3800 GCTaskThread "GC Thread#6" [stack: 0x000000c1cb300000,0x000000c1cb400000] [id=2192]
  0x0000027a13eb4800 GCTaskThread "GC Thread#7" [stack: 0x000000c1cb400000,0x000000c1cb500000] [id=18360]
  0x0000027a14c3f800 GCTaskThread "GC Thread#8" [stack: 0x000000c1cb500000,0x000000c1cb600000] [id=13844]
  0x0000027a14c40800 GCTaskThread "GC Thread#9" [stack: 0x000000c1cb600000,0x000000c1cb700000] [id=19220]
  0x0000027a77253000 ConcurrentGCThread "G1 Main Marker" [stack: 0x000000c1c9200000,0x000000c1c9300000] [id=18632]
  0x0000027a77254000 ConcurrentGCThread "G1 Conc#0" [stack: 0x000000c1c9300000,0x000000c1c9400000] [id=19888]
  0x0000027a14c7f800 ConcurrentGCThread "G1 Conc#1" [stack: 0x000000c1cb700000,0x000000c1cb800000] [id=16416]
  0x0000027a14549000 ConcurrentGCThread "G1 Conc#2" [stack: 0x000000c1cb800000,0x000000c1cb900000] [id=17692]
  0x0000027a11a0b800 ConcurrentGCThread "G1 Refine#0" [stack: 0x000000c1c9400000,0x000000c1c9500000] [id=15504]
  0x0000027a11a0c800 ConcurrentGCThread "G1 Young RemSet Sampling" [stack: 0x000000c1c9500000,0x000000c1c9600000] [id=2572]

Threads with active compile tasks:
C2 CompilerThread1  14073 3736       4       org.objectweb.asm.Frame::execute (2318 bytes)

VM state:not at safepoint (normal execution)

VM Mutex/Monitor currently owned by a thread: None

Heap address: 0x0000000080000000, size: 2048 MB, Compressed Oops mode: 32-bit
Narrow klass base: 0x0000000000000000, Narrow klass shift: 3
Compressed class space size: 1073741824 Address: 0x0000000100000000

Heap:
 garbage-first heap   total 251904K, used 99270K [0x0000000080000000, 0x0000000100000000)
  region size 1024K, 71 young (72704K), 10 survivors (10240K)
 Metaspace       used 41415K, capacity 42476K, committed 42544K, reserved 1085440K
  class space    used 5308K, capacity 5705K, committed 5760K, reserved 1048576K
Heap Regions: E=young(eden), S=young(survivor), O=old, HS=humongous(starts), HC=humongous(continues), CS=collection set, F=free, A=archive, TAMS=top-at-mark-start (previous, next)
|   0|0x0000000080000000, 0x0000000080100000, 0x0000000080100000|100%| O|  |TAMS 0x0000000080100000, 0x0000000080000000| Untracked 
|   1|0x0000000080100000, 0x0000000080200000, 0x0000000080200000|100%| O|  |TAMS 0x0000000080200000, 0x0000000080100000| Untracked 
|   2|0x0000000080200000, 0x0000000080300000, 0x0000000080300000|100%| O|  |TAMS 0x0000000080300000, 0x0000000080200000| Untracked 
|   3|0x0000000080300000, 0x0000000080400000, 0x0000000080400000|100%|HS|  |TAMS 0x0000000080400000, 0x0000000080300000| Complete 
|   4|0x0000000080400000, 0x0000000080500000, 0x0000000080500000|100%|HC|  |TAMS 0x0000000080500000, 0x0000000080400000| Complete 
|   5|0x0000000080500000, 0x0000000080600000, 0x0000000080600000|100%|HC|  |TAMS 0x0000000080600000, 0x0000000080500000| Complete 
|   6|0x0000000080600000, 0x0000000080700000, 0x0000000080700000|100%| O|  |TAMS 0x0000000080700000, 0x0000000080600000| Untracked 
|   7|0x0000000080700000, 0x0000000080800000, 0x0000000080800000|100%| O|  |TAMS 0x0000000080800000, 0x0000000080700000| Untracked 
|   8|0x0000000080800000, 0x0000000080900000, 0x0000000080900000|100%| O|  |TAMS 0x0000000080900000, 0x0000000080800000| Untracked 
|   9|0x0000000080900000, 0x0000000080a00000, 0x0000000080a00000|100%| O|  |TAMS 0x0000000080a00000, 0x0000000080900000| Untracked 
|  10|0x0000000080a00000, 0x0000000080b00000, 0x0000000080b00000|100%| O|  |TAMS 0x0000000080b00000, 0x0000000080a00000| Untracked 
|  11|0x0000000080b00000, 0x0000000080c00000, 0x0000000080c00000|100%| O|  |TAMS 0x0000000080c00000, 0x0000000080b00000| Untracked 
|  12|0x0000000080c00000, 0x0000000080d00000, 0x0000000080d00000|100%| O|  |TAMS 0x0000000080d00000, 0x0000000080c00000| Untracked 
|  13|0x0000000080d00000, 0x0000000080e00000, 0x0000000080e00000|100%| O|  |TAMS 0x0000000080e00000, 0x0000000080d00000| Untracked 
|  14|0x0000000080e00000, 0x0000000080ef1800, 0x0000000080f00000| 94%| O|  |TAMS 0x0000000080ef1800, 0x0000000080e00000| Untracked 
|  15|0x0000000080f00000, 0x0000000081000000, 0x0000000081000000|100%|HS|  |TAMS 0x0000000081000000, 0x0000000080f00000| Complete 
|  16|0x0000000081000000, 0x0000000081100000, 0x0000000081100000|100%|HC|  |TAMS 0x0000000081100000, 0x0000000081000000| Complete 
|  17|0x0000000081100000, 0x0000000081200000, 0x0000000081200000|100%|HS|  |TAMS 0x0000000081200000, 0x0000000081100000| Complete 
|  18|0x0000000081200000, 0x0000000081300000, 0x0000000081300000|100%|HC|  |TAMS 0x0000000081300000, 0x0000000081200000| Complete 
|  19|0x0000000081300000, 0x0000000081400000, 0x0000000081400000|100%|HC|  |TAMS 0x0000000081400000, 0x0000000081300000| Complete 
|  20|0x0000000081400000, 0x0000000081500000, 0x0000000081500000|100%|HS|  |TAMS 0x0000000081500000, 0x0000000081400000| Complete 
|  21|0x0000000081500000, 0x0000000081600000, 0x0000000081600000|100%|HS|  |TAMS 0x0000000081600000, 0x0000000081500000| Complete 
|  22|0x0000000081600000, 0x0000000081700000, 0x0000000081700000|100%|HC|  |TAMS 0x0000000081700000, 0x0000000081600000| Complete 
|  23|0x0000000081700000, 0x0000000081800000, 0x0000000081800000|100%|HC|  |TAMS 0x0000000081800000, 0x0000000081700000| Complete 
|  24|0x0000000081800000, 0x0000000081900000, 0x0000000081900000|100%|HC|  |TAMS 0x0000000081900000, 0x0000000081800000| Complete 
|  25|0x0000000081900000, 0x0000000081a00000, 0x0000000081a00000|100%|HS|  |TAMS 0x0000000081900000, 0x0000000081900000| Complete 
|  26|0x0000000081a00000, 0x0000000081b00000, 0x0000000081b00000|100%|HS|  |TAMS 0x0000000081a00000, 0x0000000081a00000| Complete 
|  27|0x0000000081b00000, 0x0000000081c00000, 0x0000000081c00000|100%|HC|  |TAMS 0x0000000081b00000, 0x0000000081b00000| Complete 
|  28|0x0000000081c00000, 0x0000000081c00000, 0x0000000081d00000|  0%| F|  |TAMS 0x0000000081c00000, 0x0000000081c00000| Untracked 
|  29|0x0000000081d00000, 0x0000000081d00000, 0x0000000081e00000|  0%| F|  |TAMS 0x0000000081d00000, 0x0000000081d00000| Untracked 
|  30|0x0000000081e00000, 0x0000000081e00000, 0x0000000081f00000|  0%| F|  |TAMS 0x0000000081e00000, 0x0000000081e00000| Untracked 
|  31|0x0000000081f00000, 0x0000000081f00000, 0x0000000082000000|  0%| F|  |TAMS 0x0000000081f00000, 0x0000000081f00000| Untracked 
|  32|0x0000000082000000, 0x0000000082000000, 0x0000000082100000|  0%| F|  |TAMS 0x0000000082000000, 0x0000000082000000| Untracked 
|  33|0x0000000082100000, 0x0000000082100000, 0x0000000082200000|  0%| F|  |TAMS 0x0000000082100000, 0x0000000082100000| Untracked 
|  34|0x0000000082200000, 0x0000000082200000, 0x0000000082300000|  0%| F|  |TAMS 0x0000000082200000, 0x0000000082200000| Untracked 
|  35|0x0000000082300000, 0x0000000082300000, 0x0000000082400000|  0%| F|  |TAMS 0x0000000082300000, 0x0000000082300000| Untracked 
|  36|0x0000000082400000, 0x0000000082400000, 0x0000000082500000|  0%| F|  |TAMS 0x0000000082400000, 0x0000000082400000| Untracked 
|  37|0x0000000082500000, 0x0000000082500000, 0x0000000082600000|  0%| F|  |TAMS 0x0000000082500000, 0x0000000082500000| Untracked 
|  38|0x0000000082600000, 0x0000000082600000, 0x0000000082700000|  0%| F|  |TAMS 0x0000000082600000, 0x0000000082600000| Untracked 
|  39|0x0000000082700000, 0x0000000082700000, 0x0000000082800000|  0%| F|  |TAMS 0x0000000082700000, 0x0000000082700000| Untracked 
|  40|0x0000000082800000, 0x0000000082800000, 0x0000000082900000|  0%| F|  |TAMS 0x0000000082800000, 0x0000000082800000| Untracked 
|  41|0x0000000082900000, 0x0000000082900000, 0x0000000082a00000|  0%| F|  |TAMS 0x0000000082900000, 0x0000000082900000| Untracked 
|  42|0x0000000082a00000, 0x0000000082a00000, 0x0000000082b00000|  0%| F|  |TAMS 0x0000000082a00000, 0x0000000082a00000| Untracked 
|  43|0x0000000082b00000, 0x0000000082b00000, 0x0000000082c00000|  0%| F|  |TAMS 0x0000000082b00000, 0x0000000082b00000| Untracked 
|  44|0x0000000082c00000, 0x0000000082c00000, 0x0000000082d00000|  0%| F|  |TAMS 0x0000000082c00000, 0x0000000082c00000| Untracked 
|  45|0x0000000082d00000, 0x0000000082d00000, 0x0000000082e00000|  0%| F|  |TAMS 0x0000000082d00000, 0x0000000082d00000| Untracked 
|  46|0x0000000082e00000, 0x0000000082e00000, 0x0000000082f00000|  0%| F|  |TAMS 0x0000000082e00000, 0x0000000082e00000| Untracked 
|  47|0x0000000082f00000, 0x0000000082f00000, 0x0000000083000000|  0%| F|  |TAMS 0x0000000082f00000, 0x0000000082f00000| Untracked 
|  48|0x0000000083000000, 0x0000000083000000, 0x0000000083100000|  0%| F|  |TAMS 0x0000000083000000, 0x0000000083000000| Untracked 
|  49|0x0000000083100000, 0x0000000083100000, 0x0000000083200000|  0%| F|  |TAMS 0x0000000083100000, 0x0000000083100000| Untracked 
|  50|0x0000000083200000, 0x0000000083200000, 0x0000000083300000|  0%| F|  |TAMS 0x0000000083200000, 0x0000000083200000| Untracked 
|  51|0x0000000083300000, 0x0000000083300000, 0x0000000083400000|  0%| F|  |TAMS 0x0000000083300000, 0x0000000083300000| Untracked 
|  52|0x0000000083400000, 0x0000000083400000, 0x0000000083500000|  0%| F|  |TAMS 0x0000000083400000, 0x0000000083400000| Untracked 
|  53|0x0000000083500000, 0x0000000083500000, 0x0000000083600000|  0%| F|  |TAMS 0x0000000083500000, 0x0000000083500000| Untracked 
|  54|0x0000000083600000, 0x0000000083600000, 0x0000000083700000|  0%| F|  |TAMS 0x0000000083600000, 0x0000000083600000| Untracked 
|  55|0x0000000083700000, 0x0000000083700000, 0x0000000083800000|  0%| F|  |TAMS 0x0000000083700000, 0x0000000083700000| Untracked 
|  56|0x0000000083800000, 0x0000000083800000, 0x0000000083900000|  0%| F|  |TAMS 0x0000000083800000, 0x0000000083800000| Untracked 
|  57|0x0000000083900000, 0x0000000083900000, 0x0000000083a00000|  0%| F|  |TAMS 0x0000000083900000, 0x0000000083900000| Untracked 
|  58|0x0000000083a00000, 0x0000000083a00000, 0x0000000083b00000|  0%| F|  |TAMS 0x0000000083a00000, 0x0000000083a00000| Untracked 
|  59|0x0000000083b00000, 0x0000000083b00000, 0x0000000083c00000|  0%| F|  |TAMS 0x0000000083b00000, 0x0000000083b00000| Untracked 
|  60|0x0000000083c00000, 0x0000000083c00000, 0x0000000083d00000|  0%| F|  |TAMS 0x0000000083c00000, 0x0000000083c00000| Untracked 
|  61|0x0000000083d00000, 0x0000000083d00000, 0x0000000083e00000|  0%| F|  |TAMS 0x0000000083d00000, 0x0000000083d00000| Untracked 
|  62|0x0000000083e00000, 0x0000000083e00000, 0x0000000083f00000|  0%| F|  |TAMS 0x0000000083e00000, 0x0000000083e00000| Untracked 
|  63|0x0000000083f00000, 0x0000000083f00000, 0x0000000084000000|  0%| F|  |TAMS 0x0000000083f00000, 0x0000000083f00000| Untracked 
|  64|0x0000000084000000, 0x0000000084000000, 0x0000000084100000|  0%| F|  |TAMS 0x0000000084000000, 0x0000000084000000| Untracked 
|  65|0x0000000084100000, 0x0000000084100000, 0x0000000084200000|  0%| F|  |TAMS 0x0000000084100000, 0x0000000084100000| Untracked 
|  66|0x0000000084200000, 0x0000000084200000, 0x0000000084300000|  0%| F|  |TAMS 0x0000000084200000, 0x0000000084200000| Untracked 
|  67|0x0000000084300000, 0x0000000084300000, 0x0000000084400000|  0%| F|  |TAMS 0x0000000084300000, 0x0000000084300000| Untracked 
|  68|0x0000000084400000, 0x0000000084400000, 0x0000000084500000|  0%| F|  |TAMS 0x0000000084400000, 0x0000000084400000| Untracked 
|  69|0x0000000084500000, 0x0000000084500000, 0x0000000084600000|  0%| F|  |TAMS 0x0000000084500000, 0x0000000084500000| Untracked 
|  70|0x0000000084600000, 0x0000000084600000, 0x0000000084700000|  0%| F|  |TAMS 0x0000000084600000, 0x0000000084600000| Untracked 
|  71|0x0000000084700000, 0x0000000084700000, 0x0000000084800000|  0%| F|  |TAMS 0x0000000084700000, 0x0000000084700000| Untracked 
|  72|0x0000000084800000, 0x0000000084800000, 0x0000000084900000|  0%| F|  |TAMS 0x0000000084800000, 0x0000000084800000| Untracked 
|  73|0x0000000084900000, 0x0000000084900000, 0x0000000084a00000|  0%| F|  |TAMS 0x0000000084900000, 0x0000000084900000| Untracked 
|  74|0x0000000084a00000, 0x0000000084a00000, 0x0000000084b00000|  0%| F|  |TAMS 0x0000000084a00000, 0x0000000084a00000| Untracked 
|  75|0x0000000084b00000, 0x0000000084b00000, 0x0000000084c00000|  0%| F|  |TAMS 0x0000000084b00000, 0x0000000084b00000| Untracked 
|  76|0x0000000084c00000, 0x0000000084c00000, 0x0000000084d00000|  0%| F|  |TAMS 0x0000000084c00000, 0x0000000084c00000| Untracked 
|  77|0x0000000084d00000, 0x0000000084d00000, 0x0000000084e00000|  0%| F|  |TAMS 0x0000000084d00000, 0x0000000084d00000| Untracked 
|  78|0x0000000084e00000, 0x0000000084e00000, 0x0000000084f00000|  0%| F|  |TAMS 0x0000000084e00000, 0x0000000084e00000| Untracked 
|  79|0x0000000084f00000, 0x0000000084f00000, 0x0000000085000000|  0%| F|  |TAMS 0x0000000084f00000, 0x0000000084f00000| Untracked 
|  80|0x0000000085000000, 0x0000000085000000, 0x0000000085100000|  0%| F|  |TAMS 0x0000000085000000, 0x0000000085000000| Untracked 
|  81|0x0000000085100000, 0x0000000085100000, 0x0000000085200000|  0%| F|  |TAMS 0x0000000085100000, 0x0000000085100000| Untracked 
|  82|0x0000000085200000, 0x0000000085200000, 0x0000000085300000|  0%| F|  |TAMS 0x0000000085200000, 0x0000000085200000| Untracked 
|  83|0x0000000085300000, 0x0000000085300000, 0x0000000085400000|  0%| F|  |TAMS 0x0000000085300000, 0x0000000085300000| Untracked 
|  84|0x0000000085400000, 0x0000000085400000, 0x0000000085500000|  0%| F|  |TAMS 0x0000000085400000, 0x0000000085400000| Untracked 
|  85|0x0000000085500000, 0x0000000085500000, 0x0000000085600000|  0%| F|  |TAMS 0x0000000085500000, 0x0000000085500000| Untracked 
|  86|0x0000000085600000, 0x0000000085600000, 0x0000000085700000|  0%| F|  |TAMS 0x0000000085600000, 0x0000000085600000| Untracked 
|  87|0x0000000085700000, 0x0000000085700000, 0x0000000085800000|  0%| F|  |TAMS 0x0000000085700000, 0x0000000085700000| Untracked 
|  88|0x0000000085800000, 0x0000000085800000, 0x0000000085900000|  0%| F|  |TAMS 0x0000000085800000, 0x0000000085800000| Untracked 
|  89|0x0000000085900000, 0x0000000085900000, 0x0000000085a00000|  0%| F|  |TAMS 0x0000000085900000, 0x0000000085900000| Untracked 
|  90|0x0000000085a00000, 0x0000000085a00000, 0x0000000085b00000|  0%| F|  |TAMS 0x0000000085a00000, 0x0000000085a00000| Untracked 
|  91|0x0000000085b00000, 0x0000000085b00000, 0x0000000085c00000|  0%| F|  |TAMS 0x0000000085b00000, 0x0000000085b00000| Untracked 
|  92|0x0000000085c00000, 0x0000000085c00000, 0x0000000085d00000|  0%| F|  |TAMS 0x0000000085c00000, 0x0000000085c00000| Untracked 
|  93|0x0000000085d00000, 0x0000000085d00000, 0x0000000085e00000|  0%| F|  |TAMS 0x0000000085d00000, 0x0000000085d00000| Untracked 
|  94|0x0000000085e00000, 0x0000000085e00000, 0x0000000085f00000|  0%| F|  |TAMS 0x0000000085e00000, 0x0000000085e00000| Untracked 
|  95|0x0000000085f00000, 0x0000000085f00000, 0x0000000086000000|  0%| F|  |TAMS 0x0000000085f00000, 0x0000000085f00000| Untracked 
|  96|0x0000000086000000, 0x0000000086000000, 0x0000000086100000|  0%| F|  |TAMS 0x0000000086000000, 0x0000000086000000| Untracked 
|  97|0x0000000086100000, 0x0000000086100000, 0x0000000086200000|  0%| F|  |TAMS 0x0000000086100000, 0x0000000086100000| Untracked 
|  98|0x0000000086200000, 0x0000000086200000, 0x0000000086300000|  0%| F|  |TAMS 0x0000000086200000, 0x0000000086200000| Untracked 
|  99|0x0000000086300000, 0x0000000086300000, 0x0000000086400000|  0%| F|  |TAMS 0x0000000086300000, 0x0000000086300000| Untracked 
| 100|0x0000000086400000, 0x0000000086400000, 0x0000000086500000|  0%| F|  |TAMS 0x0000000086400000, 0x0000000086400000| Untracked 
| 101|0x0000000086500000, 0x0000000086500000, 0x0000000086600000|  0%| F|  |TAMS 0x0000000086500000, 0x0000000086500000| Untracked 
| 102|0x0000000086600000, 0x0000000086600000, 0x0000000086700000|  0%| F|  |TAMS 0x0000000086600000, 0x0000000086600000| Untracked 
| 103|0x0000000086700000, 0x0000000086700000, 0x0000000086800000|  0%| F|  |TAMS 0x0000000086700000, 0x0000000086700000| Untracked 
| 104|0x0000000086800000, 0x0000000086800000, 0x0000000086900000|  0%| F|  |TAMS 0x0000000086800000, 0x0000000086800000| Untracked 
| 105|0x0000000086900000, 0x0000000086900000, 0x0000000086a00000|  0%| F|  |TAMS 0x0000000086900000, 0x0000000086900000| Untracked 
| 106|0x0000000086a00000, 0x0000000086a00000, 0x0000000086b00000|  0%| F|  |TAMS 0x0000000086a00000, 0x0000000086a00000| Untracked 
| 107|0x0000000086b00000, 0x0000000086b00000, 0x0000000086c00000|  0%| F|  |TAMS 0x0000000086b00000, 0x0000000086b00000| Untracked 
| 108|0x0000000086c00000, 0x0000000086c00000, 0x0000000086d00000|  0%| F|  |TAMS 0x0000000086c00000, 0x0000000086c00000| Untracked 
| 109|0x0000000086d00000, 0x0000000086d00000, 0x0000000086e00000|  0%| F|  |TAMS 0x0000000086d00000, 0x0000000086d00000| Untracked 
| 110|0x0000000086e00000, 0x0000000086e00000, 0x0000000086f00000|  0%| F|  |TAMS 0x0000000086e00000, 0x0000000086e00000| Untracked 
| 111|0x0000000086f00000, 0x0000000086f00000, 0x0000000087000000|  0%| F|  |TAMS 0x0000000086f00000, 0x0000000086f00000| Untracked 
| 112|0x0000000087000000, 0x0000000087000000, 0x0000000087100000|  0%| F|  |TAMS 0x0000000087000000, 0x0000000087000000| Untracked 
| 113|0x0000000087100000, 0x0000000087100000, 0x0000000087200000|  0%| F|  |TAMS 0x0000000087100000, 0x0000000087100000| Untracked 
| 114|0x0000000087200000, 0x0000000087200000, 0x0000000087300000|  0%| F|  |TAMS 0x0000000087200000, 0x0000000087200000| Untracked 
| 115|0x0000000087300000, 0x0000000087300000, 0x0000000087400000|  0%| F|  |TAMS 0x0000000087300000, 0x0000000087300000| Untracked 
| 116|0x0000000087400000, 0x0000000087400000, 0x0000000087500000|  0%| F|  |TAMS 0x0000000087400000, 0x0000000087400000| Untracked 
| 117|0x0000000087500000, 0x0000000087500000, 0x0000000087600000|  0%| F|  |TAMS 0x0000000087500000, 0x0000000087500000| Untracked 
| 118|0x0000000087600000, 0x0000000087600000, 0x0000000087700000|  0%| F|  |TAMS 0x0000000087600000, 0x0000000087600000| Untracked 
| 119|0x0000000087700000, 0x0000000087700000, 0x0000000087800000|  0%| F|  |TAMS 0x0000000087700000, 0x0000000087700000| Untracked 
| 120|0x0000000087800000, 0x0000000087800000, 0x0000000087900000|  0%| F|  |TAMS 0x0000000087800000, 0x0000000087800000| Untracked 
| 121|0x0000000087900000, 0x0000000087900000, 0x0000000087a00000|  0%| F|  |TAMS 0x0000000087900000, 0x0000000087900000| Untracked 
| 122|0x0000000087a00000, 0x0000000087a00000, 0x0000000087b00000|  0%| F|  |TAMS 0x0000000087a00000, 0x0000000087a00000| Untracked 
| 123|0x0000000087b00000, 0x0000000087b00000, 0x0000000087c00000|  0%| F|  |TAMS 0x0000000087b00000, 0x0000000087b00000| Untracked 
| 124|0x0000000087c00000, 0x0000000087c00000, 0x0000000087d00000|  0%| F|  |TAMS 0x0000000087c00000, 0x0000000087c00000| Untracked 
| 125|0x0000000087d00000, 0x0000000087d00000, 0x0000000087e00000|  0%| F|  |TAMS 0x0000000087d00000, 0x0000000087d00000| Untracked 
| 126|0x0000000087e00000, 0x0000000087e00000, 0x0000000087f00000|  0%| F|  |TAMS 0x0000000087e00000, 0x0000000087e00000| Untracked 
| 127|0x0000000087f00000, 0x0000000087f00000, 0x0000000088000000|  0%| F|  |TAMS 0x0000000087f00000, 0x0000000087f00000| Untracked 
| 128|0x0000000088000000, 0x0000000088000000, 0x0000000088100000|  0%| F|  |TAMS 0x0000000088000000, 0x0000000088000000| Untracked 
| 129|0x0000000088100000, 0x0000000088100000, 0x0000000088200000|  0%| F|  |TAMS 0x0000000088100000, 0x0000000088100000| Untracked 
| 130|0x0000000088200000, 0x0000000088200000, 0x0000000088300000|  0%| F|  |TAMS 0x0000000088200000, 0x0000000088200000| Untracked 
| 131|0x0000000088300000, 0x0000000088300000, 0x0000000088400000|  0%| F|  |TAMS 0x0000000088300000, 0x0000000088300000| Untracked 
| 132|0x0000000088400000, 0x0000000088400000, 0x0000000088500000|  0%| F|  |TAMS 0x0000000088400000, 0x0000000088400000| Untracked 
| 133|0x0000000088500000, 0x0000000088500000, 0x0000000088600000|  0%| F|  |TAMS 0x0000000088500000, 0x0000000088500000| Untracked 
| 134|0x0000000088600000, 0x0000000088600000, 0x0000000088700000|  0%| F|  |TAMS 0x0000000088600000, 0x0000000088600000| Untracked 
| 135|0x0000000088700000, 0x0000000088700000, 0x0000000088800000|  0%| F|  |TAMS 0x0000000088700000, 0x0000000088700000| Untracked 
| 136|0x0000000088800000, 0x0000000088800000, 0x0000000088900000|  0%| F|  |TAMS 0x0000000088800000, 0x0000000088800000| Untracked 
| 137|0x0000000088900000, 0x0000000088900000, 0x0000000088a00000|  0%| F|  |TAMS 0x0000000088900000, 0x0000000088900000| Untracked 
| 138|0x0000000088a00000, 0x0000000088a00000, 0x0000000088b00000|  0%| F|  |TAMS 0x0000000088a00000, 0x0000000088a00000| Untracked 
| 139|0x0000000088b00000, 0x0000000088b00000, 0x0000000088c00000|  0%| F|  |TAMS 0x0000000088b00000, 0x0000000088b00000| Untracked 
| 140|0x0000000088c00000, 0x0000000088c00000, 0x0000000088d00000|  0%| F|  |TAMS 0x0000000088c00000, 0x0000000088c00000| Untracked 
| 141|0x0000000088d00000, 0x0000000088d00000, 0x0000000088e00000|  0%| F|  |TAMS 0x0000000088d00000, 0x0000000088d00000| Untracked 
| 142|0x0000000088e00000, 0x0000000088e00000, 0x0000000088f00000|  0%| F|  |TAMS 0x0000000088e00000, 0x0000000088e00000| Untracked 
| 143|0x0000000088f00000, 0x0000000088f00000, 0x0000000089000000|  0%| F|  |TAMS 0x0000000088f00000, 0x0000000088f00000| Untracked 
| 144|0x0000000089000000, 0x0000000089000000, 0x0000000089100000|  0%| F|  |TAMS 0x0000000089000000, 0x0000000089000000| Untracked 
| 145|0x0000000089100000, 0x0000000089100000, 0x0000000089200000|  0%| F|  |TAMS 0x0000000089100000, 0x0000000089100000| Untracked 
| 146|0x0000000089200000, 0x0000000089200000, 0x0000000089300000|  0%| F|  |TAMS 0x0000000089200000, 0x0000000089200000| Untracked 
| 147|0x0000000089300000, 0x0000000089300000, 0x0000000089400000|  0%| F|  |TAMS 0x0000000089300000, 0x0000000089300000| Untracked 
| 148|0x0000000089400000, 0x0000000089400000, 0x0000000089500000|  0%| F|  |TAMS 0x0000000089400000, 0x0000000089400000| Untracked 
| 149|0x0000000089500000, 0x0000000089500000, 0x0000000089600000|  0%| F|  |TAMS 0x0000000089500000, 0x0000000089500000| Untracked 
| 150|0x0000000089600000, 0x0000000089600000, 0x0000000089700000|  0%| F|  |TAMS 0x0000000089600000, 0x0000000089600000| Untracked 
| 151|0x0000000089700000, 0x0000000089700000, 0x0000000089800000|  0%| F|  |TAMS 0x0000000089700000, 0x0000000089700000| Untracked 
| 152|0x0000000089800000, 0x0000000089800000, 0x0000000089900000|  0%| F|  |TAMS 0x0000000089800000, 0x0000000089800000| Untracked 
| 153|0x0000000089900000, 0x0000000089900000, 0x0000000089a00000|  0%| F|  |TAMS 0x0000000089900000, 0x0000000089900000| Untracked 
| 154|0x0000000089a00000, 0x0000000089a00000, 0x0000000089b00000|  0%| F|  |TAMS 0x0000000089a00000, 0x0000000089a00000| Untracked 
| 155|0x0000000089b00000, 0x0000000089b00000, 0x0000000089c00000|  0%| F|  |TAMS 0x0000000089b00000, 0x0000000089b00000| Untracked 
| 156|0x0000000089c00000, 0x0000000089c00000, 0x0000000089d00000|  0%| F|  |TAMS 0x0000000089c00000, 0x0000000089c00000| Untracked 
| 157|0x0000000089d00000, 0x0000000089d00000, 0x0000000089e00000|  0%| F|  |TAMS 0x0000000089d00000, 0x0000000089d00000| Untracked 
| 158|0x0000000089e00000, 0x0000000089e00000, 0x0000000089f00000|  0%| F|  |TAMS 0x0000000089e00000, 0x0000000089e00000| Untracked 
| 159|0x0000000089f00000, 0x0000000089f00000, 0x000000008a000000|  0%| F|  |TAMS 0x0000000089f00000, 0x0000000089f00000| Untracked 
| 160|0x000000008a000000, 0x000000008a000000, 0x000000008a100000|  0%| F|  |TAMS 0x000000008a000000, 0x000000008a000000| Untracked 
| 161|0x000000008a100000, 0x000000008a100000, 0x000000008a200000|  0%| F|  |TAMS 0x000000008a100000, 0x000000008a100000| Untracked 
| 162|0x000000008a200000, 0x000000008a200000, 0x000000008a300000|  0%| F|  |TAMS 0x000000008a200000, 0x000000008a200000| Untracked 
| 163|0x000000008a300000, 0x000000008a300000, 0x000000008a400000|  0%| F|  |TAMS 0x000000008a300000, 0x000000008a300000| Untracked 
| 164|0x000000008a400000, 0x000000008a400000, 0x000000008a500000|  0%| F|  |TAMS 0x000000008a400000, 0x000000008a400000| Untracked 
| 165|0x000000008a500000, 0x000000008a500000, 0x000000008a600000|  0%| F|  |TAMS 0x000000008a500000, 0x000000008a500000| Untracked 
| 166|0x000000008a600000, 0x000000008a600000, 0x000000008a700000|  0%| F|  |TAMS 0x000000008a600000, 0x000000008a600000| Untracked 
| 167|0x000000008a700000, 0x000000008a700000, 0x000000008a800000|  0%| F|  |TAMS 0x000000008a700000, 0x000000008a700000| Untracked 
| 168|0x000000008a800000, 0x000000008a800000, 0x000000008a900000|  0%| F|  |TAMS 0x000000008a800000, 0x000000008a800000| Untracked 
| 169|0x000000008a900000, 0x000000008a900000, 0x000000008aa00000|  0%| F|  |TAMS 0x000000008a900000, 0x000000008a900000| Untracked 
| 170|0x000000008aa00000, 0x000000008aa00000, 0x000000008ab00000|  0%| F|  |TAMS 0x000000008aa00000, 0x000000008aa00000| Untracked 
| 171|0x000000008ab00000, 0x000000008ab00000, 0x000000008ac00000|  0%| F|  |TAMS 0x000000008ab00000, 0x000000008ab00000| Untracked 
| 172|0x000000008ac00000, 0x000000008ac00000, 0x000000008ad00000|  0%| F|  |TAMS 0x000000008ac00000, 0x000000008ac00000| Untracked 
| 173|0x000000008ad00000, 0x000000008ad00000, 0x000000008ae00000|  0%| F|  |TAMS 0x000000008ad00000, 0x000000008ad00000| Untracked 
| 174|0x000000008ae00000, 0x000000008ae00000, 0x000000008af00000|  0%| F|  |TAMS 0x000000008ae00000, 0x000000008ae00000| Untracked 
| 175|0x000000008af00000, 0x000000008af80800, 0x000000008b000000| 50%| E|  |TAMS 0x000000008af00000, 0x000000008af00000| Complete 
| 176|0x000000008b000000, 0x000000008b100000, 0x000000008b100000|100%| E|CS|TAMS 0x000000008b000000, 0x000000008b000000| Complete 
| 177|0x000000008b100000, 0x000000008b200000, 0x000000008b200000|100%| E|CS|TAMS 0x000000008b100000, 0x000000008b100000| Complete 
| 178|0x000000008b200000, 0x000000008b300000, 0x000000008b300000|100%| E|CS|TAMS 0x000000008b200000, 0x000000008b200000| Complete 
| 179|0x000000008b300000, 0x000000008b400000, 0x000000008b400000|100%| E|CS|TAMS 0x000000008b300000, 0x000000008b300000| Complete 
| 180|0x000000008b400000, 0x000000008b500000, 0x000000008b500000|100%| S|CS|TAMS 0x000000008b400000, 0x000000008b400000| Complete 
| 181|0x000000008b500000, 0x000000008b600000, 0x000000008b600000|100%| S|CS|TAMS 0x000000008b500000, 0x000000008b500000| Complete 
| 182|0x000000008b600000, 0x000000008b700000, 0x000000008b700000|100%| S|CS|TAMS 0x000000008b600000, 0x000000008b600000| Complete 
| 183|0x000000008b700000, 0x000000008b800000, 0x000000008b800000|100%| S|CS|TAMS 0x000000008b700000, 0x000000008b700000| Complete 
| 184|0x000000008b800000, 0x000000008b900000, 0x000000008b900000|100%| S|CS|TAMS 0x000000008b800000, 0x000000008b800000| Complete 
| 185|0x000000008b900000, 0x000000008ba00000, 0x000000008ba00000|100%| S|CS|TAMS 0x000000008b900000, 0x000000008b900000| Complete 
| 186|0x000000008ba00000, 0x000000008bb00000, 0x000000008bb00000|100%| S|CS|TAMS 0x000000008ba00000, 0x000000008ba00000| Complete 
| 187|0x000000008bb00000, 0x000000008bc00000, 0x000000008bc00000|100%| S|CS|TAMS 0x000000008bb00000, 0x000000008bb00000| Complete 
| 188|0x000000008bc00000, 0x000000008bd00000, 0x000000008bd00000|100%| S|CS|TAMS 0x000000008bc00000, 0x000000008bc00000| Complete 
| 189|0x000000008bd00000, 0x000000008be00000, 0x000000008be00000|100%| S|CS|TAMS 0x000000008bd00000, 0x000000008bd00000| Complete 
| 190|0x000000008be00000, 0x000000008bf00000, 0x000000008bf00000|100%| E|CS|TAMS 0x000000008be00000, 0x000000008be00000| Complete 
| 191|0x000000008bf00000, 0x000000008c000000, 0x000000008c000000|100%| E|CS|TAMS 0x000000008bf00000, 0x000000008bf00000| Complete 
| 192|0x000000008c000000, 0x000000008c100000, 0x000000008c100000|100%| E|CS|TAMS 0x000000008c000000, 0x000000008c000000| Complete 
| 193|0x000000008c100000, 0x000000008c200000, 0x000000008c200000|100%| E|CS|TAMS 0x000000008c100000, 0x000000008c100000| Complete 
| 194|0x000000008c200000, 0x000000008c300000, 0x000000008c300000|100%| E|CS|TAMS 0x000000008c200000, 0x000000008c200000| Complete 
| 195|0x000000008c300000, 0x000000008c400000, 0x000000008c400000|100%| E|CS|TAMS 0x000000008c300000, 0x000000008c300000| Complete 
| 196|0x000000008c400000, 0x000000008c500000, 0x000000008c500000|100%| E|CS|TAMS 0x000000008c400000, 0x000000008c400000| Complete 
| 197|0x000000008c500000, 0x000000008c600000, 0x000000008c600000|100%| E|CS|TAMS 0x000000008c500000, 0x000000008c500000| Complete 
| 198|0x000000008c600000, 0x000000008c700000, 0x000000008c700000|100%| E|CS|TAMS 0x000000008c600000, 0x000000008c600000| Complete 
| 199|0x000000008c700000, 0x000000008c800000, 0x000000008c800000|100%| E|CS|TAMS 0x000000008c700000, 0x000000008c700000| Complete 
| 200|0x000000008c800000, 0x000000008c900000, 0x000000008c900000|100%| E|CS|TAMS 0x000000008c800000, 0x000000008c800000| Complete 
| 201|0x000000008c900000, 0x000000008ca00000, 0x000000008ca00000|100%| E|CS|TAMS 0x000000008c900000, 0x000000008c900000| Complete 
| 202|0x000000008ca00000, 0x000000008cb00000, 0x000000008cb00000|100%| E|CS|TAMS 0x000000008ca00000, 0x000000008ca00000| Complete 
| 203|0x000000008cb00000, 0x000000008cc00000, 0x000000008cc00000|100%| E|CS|TAMS 0x000000008cb00000, 0x000000008cb00000| Complete 
| 204|0x000000008cc00000, 0x000000008cd00000, 0x000000008cd00000|100%| E|CS|TAMS 0x000000008cc00000, 0x000000008cc00000| Complete 
| 205|0x000000008cd00000, 0x000000008ce00000, 0x000000008ce00000|100%| E|CS|TAMS 0x000000008cd00000, 0x000000008cd00000| Complete 
| 206|0x000000008ce00000, 0x000000008cf00000, 0x000000008cf00000|100%| E|  |TAMS 0x000000008ce00000, 0x000000008ce00000| Complete 
| 207|0x000000008cf00000, 0x000000008d000000, 0x000000008d000000|100%| E|CS|TAMS 0x000000008cf00000, 0x000000008cf00000| Complete 
| 208|0x000000008d000000, 0x000000008d100000, 0x000000008d100000|100%| E|CS|TAMS 0x000000008d000000, 0x000000008d000000| Complete 
| 209|0x000000008d100000, 0x000000008d200000, 0x000000008d200000|100%| E|CS|TAMS 0x000000008d100000, 0x000000008d100000| Complete 
| 210|0x000000008d200000, 0x000000008d300000, 0x000000008d300000|100%| E|CS|TAMS 0x000000008d200000, 0x000000008d200000| Complete 
| 211|0x000000008d300000, 0x000000008d400000, 0x000000008d400000|100%| E|CS|TAMS 0x000000008d300000, 0x000000008d300000| Complete 
| 212|0x000000008d400000, 0x000000008d500000, 0x000000008d500000|100%| E|CS|TAMS 0x000000008d400000, 0x000000008d400000| Complete 
| 213|0x000000008d500000, 0x000000008d600000, 0x000000008d600000|100%| E|CS|TAMS 0x000000008d500000, 0x000000008d500000| Complete 
| 214|0x000000008d600000, 0x000000008d700000, 0x000000008d700000|100%| E|CS|TAMS 0x000000008d600000, 0x000000008d600000| Complete 
| 215|0x000000008d700000, 0x000000008d800000, 0x000000008d800000|100%| E|CS|TAMS 0x000000008d700000, 0x000000008d700000| Complete 
| 216|0x000000008d800000, 0x000000008d900000, 0x000000008d900000|100%| E|CS|TAMS 0x000000008d800000, 0x000000008d800000| Complete 
| 217|0x000000008d900000, 0x000000008da00000, 0x000000008da00000|100%| E|CS|TAMS 0x000000008d900000, 0x000000008d900000| Complete 
| 218|0x000000008da00000, 0x000000008db00000, 0x000000008db00000|100%| E|CS|TAMS 0x000000008da00000, 0x000000008da00000| Complete 
| 219|0x000000008db00000, 0x000000008dc00000, 0x000000008dc00000|100%| E|CS|TAMS 0x000000008db00000, 0x000000008db00000| Complete 
| 220|0x000000008dc00000, 0x000000008dd00000, 0x000000008dd00000|100%| E|CS|TAMS 0x000000008dc00000, 0x000000008dc00000| Complete 
| 221|0x000000008dd00000, 0x000000008de00000, 0x000000008de00000|100%| E|CS|TAMS 0x000000008dd00000, 0x000000008dd00000| Complete 
| 222|0x000000008de00000, 0x000000008df00000, 0x000000008df00000|100%| E|CS|TAMS 0x000000008de00000, 0x000000008de00000| Complete 
| 223|0x000000008df00000, 0x000000008e000000, 0x000000008e000000|100%| E|CS|TAMS 0x000000008df00000, 0x000000008df00000| Complete 
| 224|0x000000008e000000, 0x000000008e100000, 0x000000008e100000|100%| E|CS|TAMS 0x000000008e000000, 0x000000008e000000| Complete 
| 225|0x000000008e100000, 0x000000008e200000, 0x000000008e200000|100%| E|CS|TAMS 0x000000008e100000, 0x000000008e100000| Complete 
| 226|0x000000008e200000, 0x000000008e300000, 0x000000008e300000|100%| E|CS|TAMS 0x000000008e200000, 0x000000008e200000| Complete 
| 227|0x000000008e300000, 0x000000008e400000, 0x000000008e400000|100%| E|CS|TAMS 0x000000008e300000, 0x000000008e300000| Complete 
| 228|0x000000008e400000, 0x000000008e500000, 0x000000008e500000|100%| E|CS|TAMS 0x000000008e400000, 0x000000008e400000| Complete 
| 229|0x000000008e500000, 0x000000008e600000, 0x000000008e600000|100%| E|CS|TAMS 0x000000008e500000, 0x000000008e500000| Complete 
| 230|0x000000008e600000, 0x000000008e700000, 0x000000008e700000|100%| E|CS|TAMS 0x000000008e600000, 0x000000008e600000| Complete 
| 231|0x000000008e700000, 0x000000008e800000, 0x000000008e800000|100%| E|CS|TAMS 0x000000008e700000, 0x000000008e700000| Complete 
| 232|0x000000008e800000, 0x000000008e900000, 0x000000008e900000|100%| E|CS|TAMS 0x000000008e800000, 0x000000008e800000| Complete 
| 233|0x000000008e900000, 0x000000008ea00000, 0x000000008ea00000|100%| E|CS|TAMS 0x000000008e900000, 0x000000008e900000| Complete 
| 234|0x000000008ea00000, 0x000000008eb00000, 0x000000008eb00000|100%| E|CS|TAMS 0x000000008ea00000, 0x000000008ea00000| Complete 
| 235|0x000000008eb00000, 0x000000008ec00000, 0x000000008ec00000|100%| E|CS|TAMS 0x000000008eb00000, 0x000000008eb00000| Complete 
| 236|0x000000008ec00000, 0x000000008ed00000, 0x000000008ed00000|100%| E|CS|TAMS 0x000000008ec00000, 0x000000008ec00000| Complete 
| 237|0x000000008ed00000, 0x000000008ee00000, 0x000000008ee00000|100%| E|CS|TAMS 0x000000008ed00000, 0x000000008ed00000| Complete 
| 238|0x000000008ee00000, 0x000000008ef00000, 0x000000008ef00000|100%| E|CS|TAMS 0x000000008ee00000, 0x000000008ee00000| Complete 
| 239|0x000000008ef00000, 0x000000008f000000, 0x000000008f000000|100%| E|CS|TAMS 0x000000008ef00000, 0x000000008ef00000| Complete 
| 240|0x000000008f000000, 0x000000008f100000, 0x000000008f100000|100%| E|CS|TAMS 0x000000008f000000, 0x000000008f000000| Complete 
| 241|0x000000008f100000, 0x000000008f200000, 0x000000008f200000|100%| E|CS|TAMS 0x000000008f100000, 0x000000008f100000| Complete 
| 242|0x000000008f200000, 0x000000008f300000, 0x000000008f300000|100%| E|CS|TAMS 0x000000008f200000, 0x000000008f200000| Complete 
| 243|0x000000008f300000, 0x000000008f400000, 0x000000008f400000|100%| E|CS|TAMS 0x000000008f300000, 0x000000008f300000| Complete 
| 244|0x000000008f400000, 0x000000008f500000, 0x000000008f500000|100%| E|CS|TAMS 0x000000008f400000, 0x000000008f400000| Complete 
| 245|0x000000008f500000, 0x000000008f600000, 0x000000008f600000|100%| E|CS|TAMS 0x000000008f500000, 0x000000008f500000| Complete 

Card table byte_map: [0x0000027a7b660000,0x0000027a7ba60000] _byte_map_base: 0x0000027a7b260000

Marking Bits (Prev, Next): (CMBitMap*) 0x0000027a77249fc8, (CMBitMap*) 0x0000027a7724a000
 Prev Bits: [0x0000027a7be60000, 0x0000027a7de60000)
 Next Bits: [0x0000027a7de60000, 0x0000027a7fe60000)

Polling page: 0x0000027a75160000

Metaspace:

Usage:
  Non-class:     35.91 MB capacity,    35.27 MB ( 98%) used,   555.17 KB (  2%) free+waste,   102.56 KB ( <1%) overhead. 
      Class:      5.60 MB capacity,     5.19 MB ( 93%) used,   377.30 KB (  7%) free+waste,    49.56 KB ( <1%) overhead. 
       Both:     41.51 MB capacity,    40.45 MB ( 97%) used,   932.48 KB (  2%) free+waste,   152.13 KB ( <1%) overhead. 

Virtual space:
  Non-class space:       36.00 MB reserved,      35.92 MB (>99%) committed 
      Class space:        1.00 GB reserved,       5.63 MB ( <1%) committed 
             Both:        1.04 GB reserved,      41.55 MB (  4%) committed 

Chunk freelists:
   Non-Class:  13.00 KB
       Class:  23.00 KB
        Both:  36.00 KB

MaxMetaspaceSize: 17179869184.00 GB
CompressedClassSpaceSize: 1.00 GB
Initial GC threshold: 20.80 MB
Current GC threshold: 58.41 MB
CDS: off

CodeHeap 'non-profiled nmethods': size=120000Kb used=2033Kb max_used=2033Kb free=117966Kb
 bounds [0x0000027a07ad0000, 0x0000027a07d40000, 0x0000027a0f000000]
CodeHeap 'profiled nmethods': size=120000Kb used=8013Kb max_used=8013Kb free=111986Kb
 bounds [0x0000027a005a0000, 0x0000027a00d80000, 0x0000027a07ad0000]
CodeHeap 'non-nmethods': size=5760Kb used=2281Kb max_used=2321Kb free=3478Kb
 bounds [0x0000027a00000000, 0x0000027a00270000, 0x0000027a005a0000]
 total_blobs=4520 nmethods=3751 adapters=681
 compilation: enabled
              stopped_count=0, restarted_count=0
 full_count=0

Compilation events (20 events):
Event: 13.918 Thread 0x0000027a1242e800 3756       4       java.util.LinkedHashMap$LinkedValueIterator::next (8 bytes)
Event: 13.922 Thread 0x0000027a1242e800 nmethod 3756 0x0000027a07ccbc10 code [0x0000027a07ccbda0, 0x0000027a07ccbfd8]
Event: 13.922 Thread 0x0000027a1242e800 3760       4       java.util.LinkedList$ListItr::hasNext (20 bytes)
Event: 13.923 Thread 0x0000027a1242e800 nmethod 3760 0x0000027a07ccc110 code [0x0000027a07ccc2a0, 0x0000027a07ccc318]
Event: 13.923 Thread 0x0000027a1242e800 3747       4       java.lang.reflect.Modifier::isAbstract (14 bytes)
Event: 13.923 Thread 0x0000027a1242e800 nmethod 3747 0x0000027a07ccc410 code [0x0000027a07ccc5a0, 0x0000027a07ccc5f8]
Event: 13.931 Thread 0x0000027a12430800 3763       3       org.codehaus.groovy.util.LockableObject::lock (25 bytes)
Event: 13.933 Thread 0x0000027a12430800 nmethod 3763 0x0000027a00d6ed90 code [0x0000027a00d6f000, 0x0000027a00d6f9f8]
Event: 13.959 Thread 0x0000027a12430800 3764       3       org.codehaus.groovy.util.LockableObject::unlock (7 bytes)
Event: 13.960 Thread 0x0000027a12430800 nmethod 3764 0x0000027a00d6fd90 code [0x0000027a00d6ff60, 0x0000027a00d70278]
Event: 13.971 Thread 0x0000027a12430800 3765       3       java.util.Collections$UnmodifiableMap$UnmodifiableEntrySet$1::hasNext (10 bytes)
Event: 13.971 Thread 0x0000027a12430800 nmethod 3765 0x0000027a00d70390 code [0x0000027a00d70540, 0x0000027a00d70708]
Event: 13.991 Thread 0x0000027a12430800 3766       3       org.gradle.internal.reflect.MutableClassDetails::property (41 bytes)
Event: 13.993 Thread 0x0000027a12430800 nmethod 3766 0x0000027a00d70810 code [0x0000027a00d70aa0, 0x0000027a00d71818]
Event: 13.993 Thread 0x0000027a12430800 3767       3       org.gradle.internal.instantiation.generator.AbstractClassGenerator$MethodMetadata::shouldImplement (16 bytes)
Event: 13.994 Thread 0x0000027a12430800 nmethod 3767 0x0000027a00d71c10 code [0x0000027a00d71dc0, 0x0000027a00d71ff8]
Event: 13.994 Thread 0x0000027a12430800 3768       3       org.gradle.internal.instantiation.generator.AbstractClassGenerator::access$1500 (5 bytes)
Event: 13.994 Thread 0x0000027a12430800 nmethod 3768 0x0000027a00d72110 code [0x0000027a00d722c0, 0x0000027a00d723c8]
Event: 13.994 Thread 0x0000027a12430800 3769       3       org.gradle.internal.instantiation.generator.AbstractClassGenerator::isLazyAttachProperty (46 bytes)
Event: 13.996 Thread 0x0000027a12430800 nmethod 3769 0x0000027a00d72490 code [0x0000027a00d72700, 0x0000027a00d73158]

GC Heap History (10 events):
Event: 1.747 GC heap before
{Heap before GC invocations=0 (full 0):
 garbage-first heap   total 251904K, used 29696K [0x0000000080000000, 0x0000000100000000)
  region size 1024K, 24 young (24576K), 0 survivors (0K)
 Metaspace       used 10269K, capacity 10565K, committed 10624K, reserved 1058816K
  class space    used 1073K, capacity 1139K, committed 1152K, reserved 1048576K
}
Event: 1.762 GC heap after
{Heap after GC invocations=1 (full 0):
 garbage-first heap   total 251904K, used 9332K [0x0000000080000000, 0x0000000100000000)
  region size 1024K, 3 young (3072K), 3 survivors (3072K)
 Metaspace       used 10269K, capacity 10565K, committed 10624K, reserved 1058816K
  class space    used 1073K, capacity 1139K, committed 1152K, reserved 1048576K
}
Event: 3.551 GC heap before
{Heap before GC invocations=1 (full 0):
 garbage-first heap   total 251904K, used 66676K [0x0000000080000000, 0x0000000100000000)
  region size 1024K, 59 young (60416K), 3 survivors (3072K)
 Metaspace       used 14332K, capacity 14665K, committed 14848K, reserved 1062912K
  class space    used 1625K, capacity 1718K, committed 1792K, reserved 1048576K
}
Event: 3.561 GC heap after
{Heap after GC invocations=2 (full 0):
 garbage-first heap   total 251904K, used 15045K [0x0000000080000000, 0x0000000100000000)
  region size 1024K, 8 young (8192K), 8 survivors (8192K)
 Metaspace       used 14332K, capacity 14665K, committed 14848K, reserved 1062912K
  class space    used 1625K, capacity 1718K, committed 1792K, reserved 1048576K
}
Event: 6.664 GC heap before
{Heap before GC invocations=2 (full 0):
 garbage-first heap   total 251904K, used 53957K [0x0000000080000000, 0x0000000100000000)
  region size 1024K, 47 young (48128K), 8 survivors (8192K)
 Metaspace       used 20681K, capacity 21130K, committed 21296K, reserved 1069056K
  class space    used 2533K, capacity 2676K, committed 2688K, reserved 1048576K
}
Event: 6.678 GC heap after
{Heap after GC invocations=3 (full 0):
 garbage-first heap   total 251904K, used 17432K [0x0000000080000000, 0x0000000100000000)
  region size 1024K, 3 young (3072K), 3 survivors (3072K)
 Metaspace       used 20681K, capacity 21130K, committed 21296K, reserved 1069056K
  class space    used 2533K, capacity 2676K, committed 2688K, reserved 1048576K
}
Event: 10.136 GC heap before
{Heap before GC invocations=4 (full 0):
 garbage-first heap   total 251904K, used 96280K [0x0000000080000000, 0x0000000100000000)
  region size 1024K, 71 young (72704K), 3 survivors (3072K)
 Metaspace       used 27343K, capacity 28214K, committed 28464K, reserved 1073152K
  class space    used 3605K, capacity 3891K, committed 3968K, reserved 1048576K
}
Event: 10.144 GC heap after
{Heap after GC invocations=5 (full 0):
 garbage-first heap   total 251904K, used 32788K [0x0000000080000000, 0x0000000100000000)
  region size 1024K, 8 young (8192K), 8 survivors (8192K)
 Metaspace       used 27343K, capacity 28214K, committed 28464K, reserved 1073152K
  class space    used 3605K, capacity 3891K, committed 3968K, reserved 1048576K
}
Event: 12.068 GC heap before
{Heap before GC invocations=5 (full 0):
 garbage-first heap   total 251904K, used 89108K [0x0000000080000000, 0x0000000100000000)
  region size 1024K, 64 young (65536K), 8 survivors (8192K)
 Metaspace       used 34608K, capacity 35529K, committed 35632K, reserved 1079296K
  class space    used 4562K, capacity 4930K, committed 4992K, reserved 1048576K
}
Event: 12.083 GC heap after
{Heap after GC invocations=6 (full 0):
 garbage-first heap   total 251904K, used 35782K [0x0000000080000000, 0x0000000100000000)
  region size 1024K, 10 young (10240K), 10 survivors (10240K)
 Metaspace       used 34608K, capacity 35529K, committed 35632K, reserved 1079296K
  class space    used 4562K, capacity 4930K, committed 4992K, reserved 1048576K
}

Deoptimization events (20 events):
Event: 13.594 Thread 0x0000027a15229800 Uncommon trap: trap_request=0xffffff4d fr.pc=0x0000027a07c18f48 relative=0x0000000000000488
Event: 13.594 Thread 0x0000027a15229800 Uncommon trap: reason=unstable_if action=reinterpret pc=0x0000027a07c18f48 method=java.lang.StringLatin1.regionMatchesCI([BI[BII)Z @ 66 c2
Event: 13.594 Thread 0x0000027a15229800 DEOPT PACKING pc=0x0000027a07c18f48 sp=0x000000c1cc1fe300
Event: 13.594 Thread 0x0000027a15229800 DEOPT UNPACKING pc=0x0000027a0004a1af sp=0x000000c1cc1fe178 mode 2
Event: 13.594 Thread 0x0000027a15229800 Uncommon trap: trap_request=0xffffff4d fr.pc=0x0000027a07bade7c relative=0x000000000000059c
Event: 13.594 Thread 0x0000027a15229800 Uncommon trap: reason=unstable_if action=reinterpret pc=0x0000027a07bade7c method=java.lang.StringLatin1.regionMatchesCI([BI[BII)Z @ 66 c2
Event: 13.594 Thread 0x0000027a15229800 DEOPT PACKING pc=0x0000027a07bade7c sp=0x000000c1cc1fe2f0
Event: 13.594 Thread 0x0000027a15229800 DEOPT UNPACKING pc=0x0000027a0004a1af sp=0x000000c1cc1fe1f0 mode 2
Event: 13.604 Thread 0x0000027a15229800 Uncommon trap: trap_request=0xffffff4d fr.pc=0x0000027a07bad1d4 relative=0x0000000000000414
Event: 13.604 Thread 0x0000027a15229800 Uncommon trap: reason=unstable_if action=reinterpret pc=0x0000027a07bad1d4 method=java.lang.StringLatin1.regionMatchesCI([BI[BII)Z @ 66 c2
Event: 13.604 Thread 0x0000027a15229800 DEOPT PACKING pc=0x0000027a07bad1d4 sp=0x000000c1cc1fe1e0
Event: 13.604 Thread 0x0000027a15229800 DEOPT UNPACKING pc=0x0000027a0004a1af sp=0x000000c1cc1fe170 mode 2
Event: 13.721 Thread 0x0000027a14557800 Uncommon trap: trap_request=0xffffff6e fr.pc=0x0000027a07c4514c relative=0x000000000000078c
Event: 13.722 Thread 0x0000027a14557800 Uncommon trap: reason=speculate_class_check action=maybe_recompile pc=0x0000027a07c4514c method=java.lang.reflect.Executable.declaredAnnotations()Ljava/util/Map; @ 23 c2
Event: 13.722 Thread 0x0000027a14557800 DEOPT PACKING pc=0x0000027a07c4514c sp=0x000000c1cacf8030
Event: 13.722 Thread 0x0000027a14557800 DEOPT UNPACKING pc=0x0000027a0004a1af sp=0x000000c1cacf7f70 mode 2
Event: 13.743 Thread 0x0000027a14557800 Uncommon trap: trap_request=0xffffff6e fr.pc=0x0000027a07c4514c relative=0x000000000000078c
Event: 13.744 Thread 0x0000027a14557800 Uncommon trap: reason=speculate_class_check action=maybe_recompile pc=0x0000027a07c4514c method=java.lang.reflect.Executable.declaredAnnotations()Ljava/util/Map; @ 23 c2
Event: 13.744 Thread 0x0000027a14557800 DEOPT PACKING pc=0x0000027a07c4514c sp=0x000000c1cacf7360
Event: 13.744 Thread 0x0000027a14557800 DEOPT UNPACKING pc=0x0000027a0004a1af sp=0x000000c1cacf72a0 mode 2

Classes redefined (0 events):
No events

Internal exceptions (20 events):
Event: 13.016 Thread 0x0000027a14557800 Exception <a 'java/lang/ClassNotFoundException'{0x000000008d0e0d88}: org/gradle/api/internal/project/AbstractPluginAwareCustomizer> (0x000000008d0e0d88) thrown at [./src/hotspot/share/classfile/systemDictionary.cpp, line 231]
Event: 13.018 Thread 0x0000027a14557800 Exception <a 'java/lang/ClassNotFoundException'{0x000000008cf09388}: org/gradle/invocation/DefaultGradleCustomizer> (0x000000008cf09388) thrown at [./src/hotspot/share/classfile/systemDictionary.cpp, line 231]
Event: 13.025 Thread 0x0000027a14557800 Exception <a 'java/lang/ClassNotFoundException'{0x000000008cf5e478}: org/gradle/invocation/DefaultGradle_DecoratedCustomizer> (0x000000008cf5e478) thrown at [./src/hotspot/share/classfile/systemDictionary.cpp, line 231]
Event: 13.199 Thread 0x0000027a14557800 Exception <a 'java/lang/ClassNotFoundException'{0x000000008ccf1840}: groovy/lang/Closure$1BeanInfo> (0x000000008ccf1840) thrown at [./src/hotspot/share/classfile/systemDictionary.cpp, line 231]
Event: 13.201 Thread 0x0000027a14557800 Exception <a 'java/lang/ClassNotFoundException'{0x000000008cb24208}: groovy/lang/ClosureBeanInfo> (0x000000008cb24208) thrown at [./src/hotspot/share/classfile/systemDictionary.cpp, line 231]
Event: 13.203 Thread 0x0000027a14557800 Exception <a 'java/lang/ClassNotFoundException'{0x000000008cb567d8}: groovy/lang/ClosureCustomizer> (0x000000008cb567d8) thrown at [./src/hotspot/share/classfile/systemDictionary.cpp, line 231]
Event: 13.209 Thread 0x0000027a14557800 Exception <a 'java/lang/ClassNotFoundException'{0x000000008cbab630}: groovy/lang/Closure$1Customizer> (0x000000008cbab630) thrown at [./src/hotspot/share/classfile/systemDictionary.cpp, line 231]
Event: 13.543 Thread 0x0000027a15229800 Exception <a 'sun/nio/fs/WindowsException'{0x000000008c910d70}> (0x000000008c910d70) thrown at [./src/hotspot/share/prims/jni.cpp, line 615]
Event: 13.619 Thread 0x0000027a15229800 Exception <a 'sun/nio/fs/WindowsException'{0x000000008c88bcb0}> (0x000000008c88bcb0) thrown at [./src/hotspot/share/prims/jni.cpp, line 615]
Event: 13.620 Thread 0x0000027a15229800 Exception <a 'sun/nio/fs/WindowsException'{0x000000008c88bec0}> (0x000000008c88bec0) thrown at [./src/hotspot/share/prims/jni.cpp, line 615]
Event: 13.640 Thread 0x0000027a14557800 Exception <a 'java/lang/ClassNotFoundException'{0x000000008c79f6b0}: sync_studio_tooling1189_4m7hh6qn3nnfg48huroxqatp3BeanInfo> (0x000000008c79f6b0) thrown at [./src/hotspot/share/classfile/systemDictionary.cpp, line 231]
Event: 13.642 Thread 0x0000027a14557800 Exception <a 'java/lang/ClassNotFoundException'{0x000000008c7ac130}: sync_studio_tooling1189_4m7hh6qn3nnfg48huroxqatp3Customizer> (0x000000008c7ac130) thrown at [./src/hotspot/share/classfile/systemDictionary.cpp, line 231]
Event: 13.660 Thread 0x0000027a14557800 Exception <a 'java/lang/ClassNotFoundException'{0x000000008c6a8110}: org/gradle/internal/metaobject/ConfigureDelegateBeanInfo> (0x000000008c6a8110) thrown at [./src/hotspot/share/classfile/systemDictionary.cpp, line 231]
Event: 13.660 Thread 0x0000027a14557800 Exception <a 'java/lang/ClassNotFoundException'{0x000000008c6cd4d0}: org/gradle/internal/metaobject/ConfigureDelegateCustomizer> (0x000000008c6cd4d0) thrown at [./src/hotspot/share/classfile/systemDictionary.cpp, line 231]
Event: 13.670 Thread 0x0000027a14557800 Exception <a 'java/lang/ClassNotFoundException'{0x000000008c543468}: org/gradle/api/internal/initialization/DefaultScriptHandlerBeanInfo> (0x000000008c543468) thrown at [./src/hotspot/share/classfile/systemDictionary.cpp, line 231]
Event: 13.671 Thread 0x0000027a14557800 Exception <a 'java/lang/ClassNotFoundException'{0x000000008c56b5d0}: org/gradle/api/internal/initialization/DefaultScriptHandlerCustomizer> (0x000000008c56b5d0) thrown at [./src/hotspot/share/classfile/systemDictionary.cpp, line 231]
Event: 13.882 Thread 0x0000027a14557800 Exception <a 'java/lang/ClassNotFoundException'{0x000000008b3468c8}: org/gradle/api/internal/artifacts/dsl/dependencies/DefaultDependencyHandler_DecoratedBeanInfo> (0x000000008b3468c8) thrown at [./src/hotspot/share/classfile/systemDictionary.cpp, line 231]
Event: 13.884 Thread 0x0000027a14557800 Exception <a 'java/lang/ClassNotFoundException'{0x000000008b384858}: org/gradle/api/internal/artifacts/dsl/dependencies/DefaultDependencyHandlerBeanInfo> (0x000000008b384858) thrown at [./src/hotspot/share/classfile/systemDictionary.cpp, line 231]
Event: 13.886 Thread 0x0000027a14557800 Exception <a 'java/lang/ClassNotFoundException'{0x000000008b3c1f50}: org/gradle/api/internal/artifacts/dsl/dependencies/DefaultDependencyHandlerCustomizer> (0x000000008b3c1f50) thrown at [./src/hotspot/share/classfile/systemDictionary.cpp, line 231]
Event: 13.900 Thread 0x0000027a14557800 Exception <a 'java/lang/ClassNotFoundException'{0x000000008b2287f8}: org/gradle/api/internal/artifacts/dsl/dependencies/DefaultDependencyHandler_DecoratedCustomizer> (0x000000008b2287f8) thrown at [./src/hotspot/share/classfile/systemDictionary.cpp, line 231]

Events (20 events):
Event: 14.006 loading class org/gradle/api/internal/artifacts/configurations/DefaultConfiguration$ArtifactSetResult
Event: 14.006 loading class org/gradle/api/internal/artifacts/configurations/DefaultConfiguration$ArtifactSetResult done
Event: 14.006 loading class org/gradle/api/internal/artifacts/configurations/DefaultConfiguration$ConfigurationArtifactCollection
Event: 14.006 loading class org/gradle/api/internal/artifacts/configurations/DefaultConfiguration$ConfigurationArtifactCollection done
Event: 14.007 loading class org/gradle/internal/model/CalculatedValueContainer
Event: 14.007 loading class org/gradle/internal/model/CalculatedValueContainer done
Event: 14.008 loading class org/gradle/internal/model/CalculatedValue
Event: 14.008 loading class org/gradle/internal/model/CalculatedValue done
Event: 14.008 loading class org/gradle/api/internal/tasks/WorkNodeAction
Event: 14.008 loading class org/gradle/api/internal/tasks/WorkNodeAction done
Event: 14.009 loading class org/gradle/internal/model/CalculatedValueContainerFactory$SupplierBackedCalculator
Event: 14.009 loading class org/gradle/internal/model/CalculatedValueContainerFactory$SupplierBackedCalculator done
Event: 14.010 loading class org/gradle/internal/model/CalculatedValueContainer$CalculationState
Event: 14.010 loading class org/gradle/internal/model/CalculatedValueContainer$CalculationState done
Event: 14.012 loading class org/gradle/api/internal/tasks/NodeExecutionContext
Event: 14.012 loading class org/gradle/api/internal/tasks/NodeExecutionContext done
Event: 14.012 loading class org/gradle/internal/model/CalculatedValueContainer$CalculationState
Event: 14.012 loading class org/gradle/internal/model/CalculatedValueContainer$CalculationState done
Event: 14.027 loading class org/gradle/api/internal/artifacts/ivyservice/ResolvedArtifactCollectingVisitor
Event: 14.027 loading class org/gradle/api/internal/artifacts/ivyservice/ResolvedArtifactCollectingVisitor done


Dynamic libraries:
0x00007ff7cae00000 - 0x00007ff7cae0a000 	C:\Program Files\Android\Android Studio\jre\bin\java.exe
0x00007fffd0870000 - 0x00007fffd0a84000 	C:\WINDOWS\SYSTEM32\ntdll.dll
0x00007fffd03d0000 - 0x00007fffd0492000 	C:\WINDOWS\System32\KERNEL32.DLL
0x00007fffce1c0000 - 0x00007fffce55c000 	C:\WINDOWS\System32\KERNELBASE.dll
0x00007fffce0a0000 - 0x00007fffce1b1000 	C:\WINDOWS\System32\ucrtbase.dll
0x00007fff98990000 - 0x00007fff989a9000 	C:\Program Files\Android\Android Studio\jre\bin\jli.dll
0x00007fff9cf20000 - 0x00007fff9cf37000 	C:\Program Files\Android\Android Studio\jre\bin\VCRUNTIME140.dll
0x00007fffcfa40000 - 0x00007fffcfbeb000 	C:\WINDOWS\System32\USER32.dll
0x00007fffcdf50000 - 0x00007fffcdf76000 	C:\WINDOWS\System32\win32u.dll
0x00007fffcfa10000 - 0x00007fffcfa39000 	C:\WINDOWS\System32\GDI32.dll
0x00007fffa1ee0000 - 0x00007fffa216e000 	C:\WINDOWS\WinSxS\amd64_microsoft.windows.common-controls_6595b64144ccf1df_6.0.22621.1_none_60e502bd9af5bef0\COMCTL32.dll
0x00007fffcdf80000 - 0x00007fffce092000 	C:\WINDOWS\System32\gdi32full.dll
0x00007fffce870000 - 0x00007fffce917000 	C:\WINDOWS\System32\msvcrt.dll
0x00007fffcdcc0000 - 0x00007fffcdd5a000 	C:\WINDOWS\System32\msvcp_win.dll
0x00007fffcf610000 - 0x00007fffcf641000 	C:\WINDOWS\System32\IMM32.DLL
0x00007fff95a10000 - 0x00007fff95aad000 	C:\Program Files\Android\Android Studio\jre\bin\msvcp140.dll
0x00007fff50d50000 - 0x00007fff51835000 	C:\Program Files\Android\Android Studio\jre\bin\server\jvm.dll
0x00007fffcee90000 - 0x00007fffcef3e000 	C:\WINDOWS\System32\ADVAPI32.dll
0x00007fffd04a0000 - 0x00007fffd0544000 	C:\WINDOWS\System32\sechost.dll
0x00007fffcf4f0000 - 0x00007fffcf605000 	C:\WINDOWS\System32\RPCRT4.dll
0x00007fffcf670000 - 0x00007fffcf678000 	C:\WINDOWS\System32\PSAPI.DLL
0x00007fffc0ae0000 - 0x00007fffc0ae9000 	C:\WINDOWS\SYSTEM32\WSOCK32.dll
0x00007fffceff0000 - 0x00007fffcf061000 	C:\WINDOWS\System32\WS2_32.dll
0x00007fffca690000 - 0x00007fffca6c4000 	C:\WINDOWS\SYSTEM32\WINMM.dll
0x00007fffc7cc0000 - 0x00007fffc7cca000 	C:\WINDOWS\SYSTEM32\VERSION.dll
0x00007fffccdf0000 - 0x00007fffcce08000 	C:\WINDOWS\SYSTEM32\kernel.appcore.dll
0x00007fffa5040000 - 0x00007fffa5051000 	C:\Program Files\Android\Android Studio\jre\bin\verify.dll
0x00007fffcb390000 - 0x00007fffcb5be000 	C:\WINDOWS\SYSTEM32\DBGHELP.DLL
0x00007fffcf680000 - 0x00007fffcfa09000 	C:\WINDOWS\System32\combase.dll
0x00007fffce790000 - 0x00007fffce867000 	C:\WINDOWS\System32\OLEAUT32.dll
0x00007fffc5170000 - 0x00007fffc51a2000 	C:\WINDOWS\SYSTEM32\dbgcore.DLL
0x00007fffcdd60000 - 0x00007fffcdddb000 	C:\WINDOWS\System32\bcryptPrimitives.dll
0x00007fff9ea40000 - 0x00007fff9ea69000 	C:\Program Files\Android\Android Studio\jre\bin\java.dll
0x00007fffc9ae0000 - 0x00007fffc9aeb000 	C:\Program Files\Android\Android Studio\jre\bin\jimage.dll
0x00007fffa0420000 - 0x00007fffa0438000 	C:\Program Files\Android\Android Studio\jre\bin\zip.dll
0x00007fffcfbf0000 - 0x00007fffd03c8000 	C:\WINDOWS\System32\SHELL32.dll
0x00007fffcbcb0000 - 0x00007fffcc568000 	C:\WINDOWS\SYSTEM32\windows.storage.dll
0x00007fffcbb70000 - 0x00007fffcbcad000 	C:\WINDOWS\SYSTEM32\wintypes.dll
0x00007fffce980000 - 0x00007fffcea71000 	C:\WINDOWS\System32\SHCORE.dll
0x00007fffce920000 - 0x00007fffce97e000 	C:\WINDOWS\System32\shlwapi.dll
0x00007fffcdbf0000 - 0x00007fffcdc11000 	C:\WINDOWS\SYSTEM32\profapi.dll
0x00007fff9f820000 - 0x00007fff9f83a000 	C:\Program Files\Android\Android Studio\jre\bin\net.dll
0x00007fffc4410000 - 0x00007fffc453f000 	C:\WINDOWS\SYSTEM32\WINHTTP.dll
0x00007fffcd280000 - 0x00007fffcd2e9000 	C:\WINDOWS\system32\mswsock.dll
0x00007fff9ed90000 - 0x00007fff9eda4000 	C:\Program Files\Android\Android Studio\jre\bin\nio.dll
0x00007fff989b0000 - 0x00007fff989d7000 	C:\Users\slava\.gradle\native\e1d6ef7f7dcc3fd88c89a11ec53ec762bb8ba0a96d01ffa2cd45eb1d1d8dd5c5\windows-amd64\native-platform.dll
0x00007fff7d2c0000 - 0x00007fff7d404000 	C:\Users\slava\.gradle\native\5664cfc778a61ccfe75a443a1ab52a65af34e5dc3c78e0209fed803814484fcb\windows-amd64\native-platform-file-events.dll
0x00007fffc51b0000 - 0x00007fffc51ba000 	C:\Program Files\Android\Android Studio\jre\bin\management.dll
0x00007fffc4fd0000 - 0x00007fffc4fdd000 	C:\Program Files\Android\Android Studio\jre\bin\management_ext.dll
0x00007fffcd4d0000 - 0x00007fffcd4eb000 	C:\WINDOWS\SYSTEM32\CRYPTSP.dll
0x00007fffccd60000 - 0x00007fffccd95000 	C:\WINDOWS\system32\rsaenh.dll
0x00007fffcd380000 - 0x00007fffcd3a8000 	C:\WINDOWS\SYSTEM32\USERENV.dll
0x00007fffcd690000 - 0x00007fffcd6b8000 	C:\WINDOWS\SYSTEM32\bcrypt.dll
0x00007fffcd4f0000 - 0x00007fffcd4fc000 	C:\WINDOWS\SYSTEM32\CRYPTBASE.dll
0x00007fffcc840000 - 0x00007fffcc86d000 	C:\WINDOWS\SYSTEM32\IPHLPAPI.DLL
0x00007fffcf660000 - 0x00007fffcf669000 	C:\WINDOWS\System32\NSI.dll
0x00007fffc1970000 - 0x00007fffc1989000 	C:\WINDOWS\SYSTEM32\dhcpcsvc6.DLL
0x00007fffc1900000 - 0x00007fffc191f000 	C:\WINDOWS\SYSTEM32\dhcpcsvc.DLL
0x00007fffcc870000 - 0x00007fffcc962000 	C:\WINDOWS\SYSTEM32\DNSAPI.dll

dbghelp: loaded successfully - version: 4.0.5 - missing functions: none
symbol engine: initialized successfully - sym options: 0x614 - pdb path: .;C:\Program Files\Android\Android Studio\jre\bin;C:\WINDOWS\SYSTEM32;C:\WINDOWS\WinSxS\amd64_microsoft.windows.common-controls_6595b64144ccf1df_6.0.22621.1_none_60e502bd9af5bef0;C:\Program Files\Android\Android Studio\jre\bin\server;C:\Users\slava\.gradle\native\e1d6ef7f7dcc3fd88c89a11ec53ec762bb8ba0a96d01ffa2cd45eb1d1d8dd5c5\windows-amd64;C:\Users\slava\.gradle\native\5664cfc778a61ccfe75a443a1ab52a65af34e5dc3c78e0209fed803814484fcb\windows-amd64

VM Arguments:
jvm_args: --add-opens=java.base/java.util=ALL-UNNAMED --add-opens=java.base/java.lang=ALL-UNNAMED --add-opens=java.base/java.lang.invoke=ALL-UNNAMED --add-opens=java.base/java.util=ALL-UNNAMED --add-opens=java.prefs/java.util.prefs=ALL-UNNAMED --add-opens=java.prefs/java.util.prefs=ALL-UNNAMED --add-opens=java.base/java.nio.charset=ALL-UNNAMED --add-opens=java.base/java.net=ALL-UNNAMED --add-opens=java.base/java.util.concurrent.atomic=ALL-UNNAMED -Xmx2048m -Dfile.encoding=UTF-8 -Duser.country=RU -Duser.language=ru -Duser.variant 
java_command: org.gradle.launcher.daemon.bootstrap.GradleDaemon 7.2
java_class_path (initial): C:\Users\slava\.gradle\wrapper\dists\gradle-7.2-bin\2dnblmf4td7x66yl1d74lt32g\gradle-7.2\lib\gradle-launcher-7.2.jar
Launcher Type: SUN_STANDARD

[Global flags]
     intx CICompilerCount                          = 4                                         {product} {ergonomic}
     uint ConcGCThreads                            = 3                                         {product} {ergonomic}
     uint G1ConcRefinementThreads                  = 10                                        {product} {ergonomic}
   size_t G1HeapRegionSize                         = 1048576                                   {product} {ergonomic}
    uintx GCDrainStackTargetSize                   = 64                                        {product} {ergonomic}
   size_t InitialHeapSize                          = 257949696                                 {product} {ergonomic}
   size_t MarkStackSize                            = 4194304                                   {product} {ergonomic}
   size_t MaxHeapSize                              = 2147483648                                {product} {command line}
   size_t MaxNewSize                               = 1287651328                                {product} {ergonomic}
   size_t MinHeapDeltaBytes                        = 1048576                                   {product} {ergonomic}
    uintx NonNMethodCodeHeapSize                   = 5836300                                {pd product} {ergonomic}
    uintx NonProfiledCodeHeapSize                  = 122910970                              {pd product} {ergonomic}
    uintx ProfiledCodeHeapSize                     = 122910970                              {pd product} {ergonomic}
    uintx ReservedCodeCacheSize                    = 251658240                              {pd product} {ergonomic}
     bool SegmentedCodeCache                       = true                                      {product} {ergonomic}
     bool UseCompressedClassPointers               = true                                 {lp64_product} {ergonomic}
     bool UseCompressedOops                        = true                                 {lp64_product} {ergonomic}
     bool UseG1GC                                  = true                                      {product} {ergonomic}
     bool UseLargePagesIndividualAllocation        = false                                  {pd product} {ergonomic}

Logging:
Log output configuration:
 #0: stdout all=warning uptime,level,tags
 #1: stderr all=off uptime,level,tags

Environment Variables:
PATH=C:\Program Files\Common Files\Oracle\Java\javapath;C:\Program Files (x86)\Common Files\Oracle\Java\javapath;C:\Windows\system32;C:\Windows;C:\Windows\System32\Wbem;C:\Windows\System32\WindowsPowerShell\v1.0\;C:\Windows\System32\OpenSSH\;C:\adb;C:\Program Files\Git\cmd;C:\Program Files\nodejs\;C:\Program Files (x86)\Microsoft SQL Server\150\DTS\Binn\;C:\Program Files\Azure Data Studio\bin;C:\Program Files\Microsoft SQL Server\Client SDK\ODBC\170\Tools\Binn\;C:\Program Files (x86)\Microsoft SQL Server\150\Tools\Binn\;C:\Program Files\Microsoft SQL Server\150\Tools\Binn\;C:\Program Files\Microsoft SQL Server\150\DTS\Binn\;C:\Program Files\dotnet\;C:\platform-tools;;%SystemRoot%\system32;%SystemRoot%;%SystemRoot%\System32\Wbem;%SYSTEMROOT%\System32\WindowsPowerShell\v1.0\;%SYSTEMROOT%\System32\OpenSSH\;C:\Users\slava\AppData\Local\Microsoft\WindowsApps;C:\Users\slava\AppData\Local\Programs\Microsoft VS Code\bin;C:\Users\slava\AppData\Roaming\npm;C:\Program Files\Azure Data Studio\bin;C:\Users\slava\.dotnet\tools;
USERNAME=slava
OS=Windows_NT
PROCESSOR_IDENTIFIER=AMD64 Family 23 Model 96 Stepping 1, AuthenticAMD



---------------  S Y S T E M  ---------------

OS: Windows 10 , 64 bit Build 22621 (10.0.22621.1)
OS uptime: 10 days 16:32 hours
Hyper-V role detected

CPU:total 12 (initial active 12) (12 cores per cpu, 2 threads per core) family 23 model 96 stepping 1 microcode 0x0, cmov, cx8, fxsr, mmx, sse, sse2, sse3, ssse3, sse4.1, sse4.2, popcnt, avx, avx2, aes, clmul, mmxext, 3dnowpref, lzcnt, sse4a, ht, tsc, tscinvbit, tscinv, bmi1, bmi2, adx, sha, fma

Memory: 4k page, system-wide physical 15741M (3846M free)
TotalPageFile size 15741M (AvailPageFile size 6M)
current process WorkingSet (physical memory assigned to process): 271M, peak: 271M
current process commit charge ("private bytes"): 451M, peak: 453M

vm_info: OpenJDK 64-Bit Server VM (11.0.12+7-b1504.28-7817840) for windows-amd64 JRE (11.0.12+7-b1504.28-7817840), built on Oct 13 2021 22:12:33 by "builder" with MS VC++ 14.0 (VS2015)

END.
