#
# There is insufficient memory for the Java Runtime Environment to continue.
# Native memory allocation (malloc) failed to allocate 1285776 bytes for Chunk::new
# Possible reasons:
#   The system is out of physical RAM or swap space
#   The process is running with CompressedOops enabled, and the Java Heap may be blocking the growth of the native heap
# Possible solutions:
#   Reduce memory load on the system
#   Increase physical memory or swap space
#   Check if swap backing store is full
#   Decrease Java heap size (-Xmx/-Xms)
#   Decrease number of Java threads
#   Decrease Java thread stack sizes (-Xss)
#   Set larger code cache with -XX:ReservedCodeCacheSize=
#   JVM is running with Unscaled Compressed Oops mode in which the Java heap is
#     placed in the first 4GB address space. The Java Heap base address is the
#     maximum limit for the native heap growth. Please use -XX:HeapBaseMinAddress
#     to set the Java Heap base and to place the Java Heap above 4GB virtual address.
# This output file may be truncated or incomplete.
#
#  Out of Memory Error (./src/hotspot/share/memory/arena.cpp:197), pid=13884, tid=14660
#
# JRE version: OpenJDK Runtime Environment (11.0.12+7) (build 11.0.12+7-b1504.28-7817840)
# Java VM: OpenJDK 64-Bit Server VM (11.0.12+7-b1504.28-7817840, mixed mode, tiered, compressed oops, g1 gc, windows-amd64)
# No core dump will be written. Minidumps are not enabled by default on client versions of Windows
#

---------------  S U M M A R Y ------------

Command Line: --add-opens=java.base/java.util=ALL-UNNAMED --add-opens=java.base/java.lang=ALL-UNNAMED --add-opens=java.base/java.lang.invoke=ALL-UNNAMED --add-opens=java.base/java.util=ALL-UNNAMED --add-opens=java.prefs/java.util.prefs=ALL-UNNAMED --add-opens=java.prefs/java.util.prefs=ALL-UNNAMED --add-opens=java.base/java.nio.charset=ALL-UNNAMED --add-opens=java.base/java.net=ALL-UNNAMED --add-opens=java.base/java.util.concurrent.atomic=ALL-UNNAMED -Xmx2048m -Dfile.encoding=UTF-8 -Duser.country=RU -Duser.language=ru -Duser.variant org.gradle.launcher.daemon.bootstrap.GradleDaemon 7.2

Host: AMD Ryzen 5 4600H with Radeon Graphics         , 12 cores, 15G,  Windows 10 , 64 bit Build 22621 (10.0.22621.1)
Time: Fri May 27 05:29:12 2022 RTZ 4 (зима) elapsed time: 11.043934 seconds (0d 0h 0m 11s)

---------------  T H R E A D  ---------------

Current thread (0x0000028384e9b800):  JavaThread "C2 CompilerThread0" daemon [_thread_in_native, id=14660, stack(0x00000095bfa00000,0x00000095bfb00000)]


Current CompileTask:
C2:  11044 2508       4       java.net.URLClassLoader$1::run (5 bytes)

Stack: [0x00000095bfa00000,0x00000095bfb00000]
Native frames: (J=compiled Java code, j=interpreted, Vv=VM code, C=native code)
V  [jvm.dll+0x5fbcea]
V  [jvm.dll+0x731905]
V  [jvm.dll+0x732f1d]
V  [jvm.dll+0x7335d3]
V  [jvm.dll+0x247bf8]
V  [jvm.dll+0xc018c]
V  [jvm.dll+0xc06cc]
V  [jvm.dll+0x35b2db]
V  [jvm.dll+0x19cebc]
V  [jvm.dll+0x20070e]
V  [jvm.dll+0x1ff794]
V  [jvm.dll+0x18868c]
V  [jvm.dll+0x20e0d7]
V  [jvm.dll+0x20c901]
V  [jvm.dll+0x6f9b7f]
V  [jvm.dll+0x6f26a5]
V  [jvm.dll+0x5fabf6]
C  [ucrtbase.dll+0x29363]
C  [KERNEL32.DLL+0x1244d]
C  [ntdll.dll+0x5df88]


---------------  P R O C E S S  ---------------

Threads class SMR info:
_java_thread_list=0x0000028385686600, length=42, elements={
0x00000283e9cba000, 0x000002838463e000, 0x0000028384e74800, 0x0000028384e95000,
0x0000028384e98000, 0x0000028384e99000, 0x0000028384e9b800, 0x0000028384ee0800,
0x0000028384ee1800, 0x0000028385054000, 0x00000283865f4800, 0x000002838727e000,
0x0000028387d73000, 0x0000028387536800, 0x0000028387289800, 0x0000028386862800,
0x00000283872fd000, 0x00000283872fd800, 0x000002838675a800, 0x0000028387fcd000,
0x0000028387fcd800, 0x0000028387fce800, 0x0000028387fcc000, 0x0000028387a57800,
0x0000028387a56000, 0x0000028387a59800, 0x0000028387a58800, 0x0000028387d82000,
0x0000028387a55000, 0x0000028387a53800, 0x0000028387a57000, 0x0000028387a5a000,
0x0000028387a54800, 0x0000028387a5c800, 0x0000028387a5f000, 0x0000028387a5e000,
0x0000028387a60800, 0x0000028387a60000, 0x0000028387a5b000, 0x0000028387a61800,
0x0000028387a5d800, 0x0000028387a5b800
}

Java Threads: ( => current thread )
  0x00000283e9cba000 JavaThread "main" [_thread_blocked, id=19872, stack(0x00000095bee00000,0x00000095bef00000)]
  0x000002838463e000 JavaThread "Reference Handler" daemon [_thread_blocked, id=14724, stack(0x00000095bf500000,0x00000095bf600000)]
  0x0000028384e74800 JavaThread "Finalizer" daemon [_thread_blocked, id=20232, stack(0x00000095bf600000,0x00000095bf700000)]
  0x0000028384e95000 JavaThread "Signal Dispatcher" daemon [_thread_blocked, id=7196, stack(0x00000095bf700000,0x00000095bf800000)]
  0x0000028384e98000 JavaThread "Attach Listener" daemon [_thread_blocked, id=10984, stack(0x00000095bf800000,0x00000095bf900000)]
  0x0000028384e99000 JavaThread "Service Thread" daemon [_thread_blocked, id=12172, stack(0x00000095bf900000,0x00000095bfa00000)]
=>0x0000028384e9b800 JavaThread "C2 CompilerThread0" daemon [_thread_in_native, id=14660, stack(0x00000095bfa00000,0x00000095bfb00000)]
  0x0000028384ee0800 JavaThread "C1 CompilerThread0" daemon [_thread_blocked, id=1776, stack(0x00000095bfb00000,0x00000095bfc00000)]
  0x0000028384ee1800 JavaThread "Sweeper thread" daemon [_thread_blocked, id=9944, stack(0x00000095bfc00000,0x00000095bfd00000)]
  0x0000028385054000 JavaThread "Common-Cleaner" daemon [_thread_blocked, id=2556, stack(0x00000095bfd00000,0x00000095bfe00000)]
  0x00000283865f4800 JavaThread "Daemon health stats" [_thread_blocked, id=19484, stack(0x00000095c0500000,0x00000095c0600000)]
  0x000002838727e000 JavaThread "Incoming local TCP Connector on port 49597" [_thread_in_native, id=4240, stack(0x00000095bff00000,0x00000095c0000000)]
  0x0000028387d73000 JavaThread "Daemon periodic checks" [_thread_blocked, id=6000, stack(0x00000095c0400000,0x00000095c0500000)]
  0x0000028387536800 JavaThread "Daemon" [_thread_blocked, id=2196, stack(0x00000095c0600000,0x00000095c0700000)]
  0x0000028387289800 JavaThread "Handler for socket connection from /127.0.0.1:49597 to /127.0.0.1:49598" [_thread_in_native, id=3536, stack(0x00000095c0700000,0x00000095c0800000)]
  0x0000028386862800 JavaThread "Cancel handler" [_thread_blocked, id=13580, stack(0x00000095c0800000,0x00000095c0900000)]
  0x00000283872fd000 JavaThread "Daemon worker" [_thread_in_native, id=10040, stack(0x00000095c0900000,0x00000095c0a00000)]
  0x00000283872fd800 JavaThread "Asynchronous log dispatcher for DefaultDaemonConnection: socket connection from /127.0.0.1:49597 to /127.0.0.1:49598" [_thread_blocked, id=15920, stack(0x00000095c0a00000,0x00000095c0b00000)]
  0x000002838675a800 JavaThread "Stdin handler" [_thread_blocked, id=2360, stack(0x00000095c0b00000,0x00000095c0c00000)]
  0x0000028387fcd000 JavaThread "Daemon client event forwarder" [_thread_blocked, id=9772, stack(0x00000095c0c00000,0x00000095c0d00000)]
  0x0000028387fcd800 JavaThread "Cache worker for journal cache (C:\Users\slava\.gradle\caches\journal-1)" [_thread_blocked, id=16320, stack(0x00000095c0d00000,0x00000095c0e00000)]
  0x0000028387fce800 JavaThread "File lock request listener" [_thread_in_native, id=5920, stack(0x00000095c0e00000,0x00000095c0f00000)]
  0x0000028387fcc000 JavaThread "Cache worker for file hash cache (C:\Users\slava\.gradle\caches\7.2\fileHashes)" [_thread_blocked, id=7540, stack(0x00000095c1600000,0x00000095c1700000)]
  0x0000028387a57800 JavaThread "File lock release action executor" [_thread_blocked, id=2832, stack(0x00000095c1700000,0x00000095c1800000)]
  0x0000028387a56000 JavaThread "Cache worker for file hash cache (D:\AAndroid\ContactsBook\.gradle\7.2\fileHashes)" [_thread_blocked, id=5504, stack(0x00000095c1900000,0x00000095c1a00000)]
  0x0000028387a59800 JavaThread "File watcher server" daemon [_thread_in_native, id=4580, stack(0x00000095c1a00000,0x00000095c1b00000)]
  0x0000028387a58800 JavaThread "File watcher consumer" daemon [_thread_blocked, id=20032, stack(0x00000095c1b00000,0x00000095c1c00000)]
  0x0000028387d82000 JavaThread "C2 CompilerThread1" daemon [_thread_in_native, id=3712, stack(0x00000095c1800000,0x00000095c1900000)]
  0x0000028387a55000 JavaThread "jar transforms" [_thread_blocked, id=12856, stack(0x00000095c1c00000,0x00000095c1d00000)]
  0x0000028387a53800 JavaThread "jar transforms Thread 2" [_thread_blocked, id=8312, stack(0x00000095c1d00000,0x00000095c1e00000)]
  0x0000028387a57000 JavaThread "jar transforms Thread 3" [_thread_blocked, id=13532, stack(0x00000095c1e00000,0x00000095c1f00000)]
  0x0000028387a5a000 JavaThread "jar transforms Thread 4" [_thread_blocked, id=1860, stack(0x00000095c1f00000,0x00000095c2000000)]
  0x0000028387a54800 JavaThread "jar transforms Thread 5" [_thread_blocked, id=6568, stack(0x00000095c2000000,0x00000095c2100000)]
  0x0000028387a5c800 JavaThread "jar transforms Thread 6" [_thread_blocked, id=16868, stack(0x00000095c2100000,0x00000095c2200000)]
  0x0000028387a5f000 JavaThread "jar transforms Thread 7" [_thread_blocked, id=13780, stack(0x00000095c2200000,0x00000095c2300000)]
  0x0000028387a5e000 JavaThread "jar transforms Thread 8" [_thread_blocked, id=6404, stack(0x00000095c2300000,0x00000095c2400000)]
  0x0000028387a60800 JavaThread "jar transforms Thread 9" [_thread_blocked, id=6864, stack(0x00000095c2400000,0x00000095c2500000)]
  0x0000028387a60000 JavaThread "jar transforms Thread 10" [_thread_blocked, id=18012, stack(0x00000095c2500000,0x00000095c2600000)]
  0x0000028387a5b000 JavaThread "jar transforms Thread 11" [_thread_blocked, id=19708, stack(0x00000095c2600000,0x00000095c2700000)]
  0x0000028387a61800 JavaThread "jar transforms Thread 12" [_thread_blocked, id=19804, stack(0x00000095c2700000,0x00000095c2800000)]
  0x0000028387a5d800 JavaThread "Cache worker for checksums cache (D:\AAndroid\ContactsBook\.gradle\checksums)" [_thread_blocked, id=10552, stack(0x00000095c2800000,0x00000095c2900000)]
  0x0000028387a5b800 JavaThread "Cache worker for cache directory md-supplier (C:\Users\slava\.gradle\caches\7.2\md-supplier)" [_thread_blocked, id=19260, stack(0x00000095c2900000,0x00000095c2a00000)]

Other Threads:
  0x000002838463c000 VMThread "VM Thread" [stack: 0x00000095bf400000,0x00000095bf500000] [id=15964]
  0x000002838506b800 WatcherThread [stack: 0x00000095bfe00000,0x00000095bff00000] [id=2088]
  0x00000283e9cd2800 GCTaskThread "GC Thread#0" [stack: 0x00000095bef00000,0x00000095bf000000] [id=16140]
  0x0000028385ec0000 GCTaskThread "GC Thread#1" [stack: 0x00000095c0000000,0x00000095c0100000] [id=896]
  0x0000028385fc3800 GCTaskThread "GC Thread#2" [stack: 0x00000095c0100000,0x00000095c0200000] [id=17208]
  0x0000028385fc4000 GCTaskThread "GC Thread#3" [stack: 0x00000095c0200000,0x00000095c0300000] [id=18260]
  0x0000028385d11800 GCTaskThread "GC Thread#4" [stack: 0x00000095c0300000,0x00000095c0400000] [id=16372]
  0x00000283871d4800 GCTaskThread "GC Thread#5" [stack: 0x00000095c0f00000,0x00000095c1000000] [id=16164]
  0x00000283868f5800 GCTaskThread "GC Thread#6" [stack: 0x00000095c1000000,0x00000095c1100000] [id=17024]
  0x0000028385f1e000 GCTaskThread "GC Thread#7" [stack: 0x00000095c1100000,0x00000095c1200000] [id=14772]
  0x00000283868c1800 GCTaskThread "GC Thread#8" [stack: 0x00000095c1200000,0x00000095c1300000] [id=1848]
  0x00000283868c2800 GCTaskThread "GC Thread#9" [stack: 0x00000095c1300000,0x00000095c1400000] [id=12612]
  0x00000283e9d05000 ConcurrentGCThread "G1 Main Marker" [stack: 0x00000095bf000000,0x00000095bf100000] [id=18760]
  0x00000283e9d07000 ConcurrentGCThread "G1 Conc#0" [stack: 0x00000095bf100000,0x00000095bf200000] [id=21268]
  0x0000028386a71800 ConcurrentGCThread "G1 Conc#1" [stack: 0x00000095c1400000,0x00000095c1500000] [id=20020]
  0x0000028385f1f800 ConcurrentGCThread "G1 Conc#2" [stack: 0x00000095c1500000,0x00000095c1600000] [id=15156]
  0x00000283844bd800 ConcurrentGCThread "G1 Refine#0" [stack: 0x00000095bf200000,0x00000095bf300000] [id=17144]
  0x00000283844c0800 ConcurrentGCThread "G1 Young RemSet Sampling" [stack: 0x00000095bf300000,0x00000095bf400000] [id=17264]

Threads with active compile tasks:
C2 CompilerThread0  11078 2508       4       java.net.URLClassLoader$1::run (5 bytes)
C2 CompilerThread1  11078 2509   !   4       java.net.URLClassLoader$1::run (63 bytes)

VM state:not at safepoint (normal execution)

VM Mutex/Monitor currently owned by a thread: None

Heap address: 0x0000000080000000, size: 2048 MB, Compressed Oops mode: 32-bit
Narrow klass base: 0x0000000000000000, Narrow klass shift: 3
Compressed class space size: 1073741824 Address: 0x0000000100000000

Heap:
 garbage-first heap   total 251904K, used 48925K [0x0000000080000000, 0x0000000100000000)
  region size 1024K, 23 young (23552K), 6 survivors (6144K)
 Metaspace       used 29011K, capacity 29860K, committed 30000K, reserved 1075200K
  class space    used 3864K, capacity 4182K, committed 4224K, reserved 1048576K
Heap Regions: E=young(eden), S=young(survivor), O=old, HS=humongous(starts), HC=humongous(continues), CS=collection set, F=free, A=archive, TAMS=top-at-mark-start (previous, next)
|   0|0x0000000080000000, 0x0000000080100000, 0x0000000080100000|100%| O|  |TAMS 0x0000000080000000, 0x0000000080000000| Untracked 
|   1|0x0000000080100000, 0x0000000080200000, 0x0000000080200000|100%| O|  |TAMS 0x0000000080100000, 0x0000000080100000| Untracked 
|   2|0x0000000080200000, 0x0000000080300000, 0x0000000080300000|100%| O|  |TAMS 0x0000000080200000, 0x0000000080200000| Untracked 
|   3|0x0000000080300000, 0x0000000080400000, 0x0000000080400000|100%|HS|  |TAMS 0x0000000080400000, 0x0000000080300000| Complete 
|   4|0x0000000080400000, 0x0000000080500000, 0x0000000080500000|100%|HC|  |TAMS 0x0000000080500000, 0x0000000080400000| Complete 
|   5|0x0000000080500000, 0x0000000080600000, 0x0000000080600000|100%|HC|  |TAMS 0x0000000080600000, 0x0000000080500000| Complete 
|   6|0x0000000080600000, 0x0000000080700000, 0x0000000080700000|100%| O|  |TAMS 0x0000000080700000, 0x0000000080600000| Untracked 
|   7|0x0000000080700000, 0x0000000080800000, 0x0000000080800000|100%| O|  |TAMS 0x0000000080800000, 0x0000000080700000| Untracked 
|   8|0x0000000080800000, 0x0000000080900000, 0x0000000080900000|100%| O|  |TAMS 0x0000000080900000, 0x0000000080800000| Untracked 
|   9|0x0000000080900000, 0x0000000080a00000, 0x0000000080a00000|100%| O|  |TAMS 0x0000000080917400, 0x0000000080900000| Untracked 
|  10|0x0000000080a00000, 0x0000000080b00000, 0x0000000080b00000|100%| O|  |TAMS 0x0000000080a00000, 0x0000000080a00000| Untracked 
|  11|0x0000000080b00000, 0x0000000080c00000, 0x0000000080c00000|100%| O|  |TAMS 0x0000000080b00000, 0x0000000080b00000| Untracked 
|  12|0x0000000080c00000, 0x0000000080d00000, 0x0000000080d00000|100%| O|  |TAMS 0x0000000080c00000, 0x0000000080c00000| Untracked 
|  13|0x0000000080d00000, 0x0000000080e00000, 0x0000000080e00000|100%| O|  |TAMS 0x0000000080d00000, 0x0000000080d00000| Untracked 
|  14|0x0000000080e00000, 0x0000000080f00000, 0x0000000080f00000|100%| O|  |TAMS 0x0000000080e00000, 0x0000000080e00000| Untracked 
|  15|0x0000000080f00000, 0x0000000081000000, 0x0000000081000000|100%| O|  |TAMS 0x0000000080f00000, 0x0000000080f00000| Untracked 
|  16|0x0000000081000000, 0x000000008102d400, 0x0000000081100000| 17%| O|  |TAMS 0x0000000081000000, 0x0000000081000000| Untracked 
|  17|0x0000000081100000, 0x0000000081200000, 0x0000000081200000|100%|HS|  |TAMS 0x0000000081100000, 0x0000000081100000| Complete 
|  18|0x0000000081200000, 0x0000000081300000, 0x0000000081300000|100%|HC|  |TAMS 0x0000000081200000, 0x0000000081200000| Complete 
|  19|0x0000000081300000, 0x0000000081400000, 0x0000000081400000|100%|HS|  |TAMS 0x0000000081300000, 0x0000000081300000| Complete 
|  20|0x0000000081400000, 0x0000000081500000, 0x0000000081500000|100%|HC|  |TAMS 0x0000000081400000, 0x0000000081400000| Complete 
|  21|0x0000000081500000, 0x0000000081600000, 0x0000000081600000|100%|HC|  |TAMS 0x0000000081500000, 0x0000000081500000| Complete 
|  22|0x0000000081600000, 0x0000000081700000, 0x0000000081700000|100%|HS|  |TAMS 0x0000000081600000, 0x0000000081600000| Complete 
|  23|0x0000000081700000, 0x0000000081800000, 0x0000000081800000|100%|HS|  |TAMS 0x0000000081700000, 0x0000000081700000| Complete 
|  24|0x0000000081800000, 0x0000000081900000, 0x0000000081900000|100%|HC|  |TAMS 0x0000000081800000, 0x0000000081800000| Complete 
|  25|0x0000000081900000, 0x0000000081a00000, 0x0000000081a00000|100%|HC|  |TAMS 0x0000000081900000, 0x0000000081900000| Complete 
|  26|0x0000000081a00000, 0x0000000081b00000, 0x0000000081b00000|100%|HC|  |TAMS 0x0000000081a00000, 0x0000000081a00000| Complete 
|  27|0x0000000081b00000, 0x0000000081b00000, 0x0000000081c00000|  0%| F|  |TAMS 0x0000000081b00000, 0x0000000081b00000| Untracked 
|  28|0x0000000081c00000, 0x0000000081c00000, 0x0000000081d00000|  0%| F|  |TAMS 0x0000000081c00000, 0x0000000081c00000| Untracked 
|  29|0x0000000081d00000, 0x0000000081d00000, 0x0000000081e00000|  0%| F|  |TAMS 0x0000000081d00000, 0x0000000081d00000| Untracked 
|  30|0x0000000081e00000, 0x0000000081e00000, 0x0000000081f00000|  0%| F|  |TAMS 0x0000000081e00000, 0x0000000081e00000| Untracked 
|  31|0x0000000081f00000, 0x0000000081f00000, 0x0000000082000000|  0%| F|  |TAMS 0x0000000081f00000, 0x0000000081f00000| Untracked 
|  32|0x0000000082000000, 0x0000000082000000, 0x0000000082100000|  0%| F|  |TAMS 0x0000000082000000, 0x0000000082000000| Untracked 
|  33|0x0000000082100000, 0x0000000082100000, 0x0000000082200000|  0%| F|  |TAMS 0x0000000082100000, 0x0000000082100000| Untracked 
|  34|0x0000000082200000, 0x0000000082200000, 0x0000000082300000|  0%| F|  |TAMS 0x0000000082200000, 0x0000000082200000| Untracked 
|  35|0x0000000082300000, 0x0000000082300000, 0x0000000082400000|  0%| F|  |TAMS 0x0000000082300000, 0x0000000082300000| Untracked 
|  36|0x0000000082400000, 0x0000000082400000, 0x0000000082500000|  0%| F|  |TAMS 0x0000000082400000, 0x0000000082400000| Untracked 
|  37|0x0000000082500000, 0x0000000082500000, 0x0000000082600000|  0%| F|  |TAMS 0x0000000082500000, 0x0000000082500000| Untracked 
|  38|0x0000000082600000, 0x0000000082600000, 0x0000000082700000|  0%| F|  |TAMS 0x0000000082600000, 0x0000000082600000| Untracked 
|  39|0x0000000082700000, 0x0000000082700000, 0x0000000082800000|  0%| F|  |TAMS 0x0000000082700000, 0x0000000082700000| Untracked 
|  40|0x0000000082800000, 0x0000000082800000, 0x0000000082900000|  0%| F|  |TAMS 0x0000000082800000, 0x0000000082800000| Untracked 
|  41|0x0000000082900000, 0x0000000082900000, 0x0000000082a00000|  0%| F|  |TAMS 0x0000000082900000, 0x0000000082900000| Untracked 
|  42|0x0000000082a00000, 0x0000000082a00000, 0x0000000082b00000|  0%| F|  |TAMS 0x0000000082a00000, 0x0000000082a00000| Untracked 
|  43|0x0000000082b00000, 0x0000000082b00000, 0x0000000082c00000|  0%| F|  |TAMS 0x0000000082b00000, 0x0000000082b00000| Untracked 
|  44|0x0000000082c00000, 0x0000000082c00000, 0x0000000082d00000|  0%| F|  |TAMS 0x0000000082c00000, 0x0000000082c00000| Untracked 
|  45|0x0000000082d00000, 0x0000000082d00000, 0x0000000082e00000|  0%| F|  |TAMS 0x0000000082d00000, 0x0000000082d00000| Untracked 
|  46|0x0000000082e00000, 0x0000000082e00000, 0x0000000082f00000|  0%| F|  |TAMS 0x0000000082e00000, 0x0000000082e00000| Untracked 
|  47|0x0000000082f00000, 0x0000000082f00000, 0x0000000083000000|  0%| F|  |TAMS 0x0000000082f00000, 0x0000000082f00000| Untracked 
|  48|0x0000000083000000, 0x0000000083000000, 0x0000000083100000|  0%| F|  |TAMS 0x0000000083000000, 0x0000000083000000| Untracked 
|  49|0x0000000083100000, 0x0000000083100000, 0x0000000083200000|  0%| F|  |TAMS 0x0000000083100000, 0x0000000083100000| Untracked 
|  50|0x0000000083200000, 0x0000000083200000, 0x0000000083300000|  0%| F|  |TAMS 0x0000000083200000, 0x0000000083200000| Untracked 
|  51|0x0000000083300000, 0x0000000083300000, 0x0000000083400000|  0%| F|  |TAMS 0x0000000083300000, 0x0000000083300000| Untracked 
|  52|0x0000000083400000, 0x0000000083400000, 0x0000000083500000|  0%| F|  |TAMS 0x0000000083400000, 0x0000000083400000| Untracked 
|  53|0x0000000083500000, 0x0000000083500000, 0x0000000083600000|  0%| F|  |TAMS 0x0000000083500000, 0x0000000083500000| Untracked 
|  54|0x0000000083600000, 0x0000000083600000, 0x0000000083700000|  0%| F|  |TAMS 0x0000000083600000, 0x0000000083600000| Untracked 
|  55|0x0000000083700000, 0x0000000083700000, 0x0000000083800000|  0%| F|  |TAMS 0x0000000083700000, 0x0000000083700000| Untracked 
|  56|0x0000000083800000, 0x0000000083800000, 0x0000000083900000|  0%| F|  |TAMS 0x0000000083800000, 0x0000000083800000| Untracked 
|  57|0x0000000083900000, 0x0000000083900000, 0x0000000083a00000|  0%| F|  |TAMS 0x0000000083900000, 0x0000000083900000| Untracked 
|  58|0x0000000083a00000, 0x0000000083a00000, 0x0000000083b00000|  0%| F|  |TAMS 0x0000000083a00000, 0x0000000083a00000| Untracked 
|  59|0x0000000083b00000, 0x0000000083b00000, 0x0000000083c00000|  0%| F|  |TAMS 0x0000000083b00000, 0x0000000083b00000| Untracked 
|  60|0x0000000083c00000, 0x0000000083c00000, 0x0000000083d00000|  0%| F|  |TAMS 0x0000000083c00000, 0x0000000083c00000| Untracked 
|  61|0x0000000083d00000, 0x0000000083d00000, 0x0000000083e00000|  0%| F|  |TAMS 0x0000000083d00000, 0x0000000083d00000| Untracked 
|  62|0x0000000083e00000, 0x0000000083e00000, 0x0000000083f00000|  0%| F|  |TAMS 0x0000000083e00000, 0x0000000083e00000| Untracked 
|  63|0x0000000083f00000, 0x0000000083f00000, 0x0000000084000000|  0%| F|  |TAMS 0x0000000083f00000, 0x0000000083f00000| Untracked 
|  64|0x0000000084000000, 0x0000000084000000, 0x0000000084100000|  0%| F|  |TAMS 0x0000000084000000, 0x0000000084000000| Untracked 
|  65|0x0000000084100000, 0x0000000084100000, 0x0000000084200000|  0%| F|  |TAMS 0x0000000084100000, 0x0000000084100000| Untracked 
|  66|0x0000000084200000, 0x0000000084200000, 0x0000000084300000|  0%| F|  |TAMS 0x0000000084200000, 0x0000000084200000| Untracked 
|  67|0x0000000084300000, 0x0000000084300000, 0x0000000084400000|  0%| F|  |TAMS 0x0000000084300000, 0x0000000084300000| Untracked 
|  68|0x0000000084400000, 0x0000000084400000, 0x0000000084500000|  0%| F|  |TAMS 0x0000000084400000, 0x0000000084400000| Untracked 
|  69|0x0000000084500000, 0x0000000084500000, 0x0000000084600000|  0%| F|  |TAMS 0x0000000084500000, 0x0000000084500000| Untracked 
|  70|0x0000000084600000, 0x0000000084600000, 0x0000000084700000|  0%| F|  |TAMS 0x0000000084600000, 0x0000000084600000| Untracked 
|  71|0x0000000084700000, 0x0000000084700000, 0x0000000084800000|  0%| F|  |TAMS 0x0000000084700000, 0x0000000084700000| Untracked 
|  72|0x0000000084800000, 0x0000000084800000, 0x0000000084900000|  0%| F|  |TAMS 0x0000000084800000, 0x0000000084800000| Untracked 
|  73|0x0000000084900000, 0x0000000084900000, 0x0000000084a00000|  0%| F|  |TAMS 0x0000000084900000, 0x0000000084900000| Untracked 
|  74|0x0000000084a00000, 0x0000000084a00000, 0x0000000084b00000|  0%| F|  |TAMS 0x0000000084a00000, 0x0000000084a00000| Untracked 
|  75|0x0000000084b00000, 0x0000000084b00000, 0x0000000084c00000|  0%| F|  |TAMS 0x0000000084b00000, 0x0000000084b00000| Untracked 
|  76|0x0000000084c00000, 0x0000000084c00000, 0x0000000084d00000|  0%| F|  |TAMS 0x0000000084c00000, 0x0000000084c00000| Untracked 
|  77|0x0000000084d00000, 0x0000000084d00000, 0x0000000084e00000|  0%| F|  |TAMS 0x0000000084d00000, 0x0000000084d00000| Untracked 
|  78|0x0000000084e00000, 0x0000000084e00000, 0x0000000084f00000|  0%| F|  |TAMS 0x0000000084e00000, 0x0000000084e00000| Untracked 
|  79|0x0000000084f00000, 0x0000000084f00000, 0x0000000085000000|  0%| F|  |TAMS 0x0000000084f00000, 0x0000000084f00000| Untracked 
|  80|0x0000000085000000, 0x0000000085000000, 0x0000000085100000|  0%| F|  |TAMS 0x0000000085000000, 0x0000000085000000| Untracked 
|  81|0x0000000085100000, 0x0000000085100000, 0x0000000085200000|  0%| F|  |TAMS 0x0000000085100000, 0x0000000085100000| Untracked 
|  82|0x0000000085200000, 0x0000000085200000, 0x0000000085300000|  0%| F|  |TAMS 0x0000000085200000, 0x0000000085200000| Untracked 
|  83|0x0000000085300000, 0x0000000085300000, 0x0000000085400000|  0%| F|  |TAMS 0x0000000085300000, 0x0000000085300000| Untracked 
|  84|0x0000000085400000, 0x0000000085400000, 0x0000000085500000|  0%| F|  |TAMS 0x0000000085400000, 0x0000000085400000| Untracked 
|  85|0x0000000085500000, 0x0000000085500000, 0x0000000085600000|  0%| F|  |TAMS 0x0000000085500000, 0x0000000085500000| Untracked 
|  86|0x0000000085600000, 0x0000000085600000, 0x0000000085700000|  0%| F|  |TAMS 0x0000000085600000, 0x0000000085600000| Untracked 
|  87|0x0000000085700000, 0x0000000085700000, 0x0000000085800000|  0%| F|  |TAMS 0x0000000085700000, 0x0000000085700000| Untracked 
|  88|0x0000000085800000, 0x0000000085800000, 0x0000000085900000|  0%| F|  |TAMS 0x0000000085800000, 0x0000000085800000| Untracked 
|  89|0x0000000085900000, 0x0000000085900000, 0x0000000085a00000|  0%| F|  |TAMS 0x0000000085900000, 0x0000000085900000| Untracked 
|  90|0x0000000085a00000, 0x0000000085a00000, 0x0000000085b00000|  0%| F|  |TAMS 0x0000000085a00000, 0x0000000085a00000| Untracked 
|  91|0x0000000085b00000, 0x0000000085b00000, 0x0000000085c00000|  0%| F|  |TAMS 0x0000000085b00000, 0x0000000085b00000| Untracked 
|  92|0x0000000085c00000, 0x0000000085c00000, 0x0000000085d00000|  0%| F|  |TAMS 0x0000000085c00000, 0x0000000085c00000| Untracked 
|  93|0x0000000085d00000, 0x0000000085d00000, 0x0000000085e00000|  0%| F|  |TAMS 0x0000000085d00000, 0x0000000085d00000| Untracked 
|  94|0x0000000085e00000, 0x0000000085e00000, 0x0000000085f00000|  0%| F|  |TAMS 0x0000000085e00000, 0x0000000085e00000| Untracked 
|  95|0x0000000085f00000, 0x0000000085f00000, 0x0000000086000000|  0%| F|  |TAMS 0x0000000085f00000, 0x0000000085f00000| Untracked 
|  96|0x0000000086000000, 0x0000000086000000, 0x0000000086100000|  0%| F|  |TAMS 0x0000000086000000, 0x0000000086000000| Untracked 
|  97|0x0000000086100000, 0x0000000086100000, 0x0000000086200000|  0%| F|  |TAMS 0x0000000086100000, 0x0000000086100000| Untracked 
|  98|0x0000000086200000, 0x0000000086200000, 0x0000000086300000|  0%| F|  |TAMS 0x0000000086200000, 0x0000000086200000| Untracked 
|  99|0x0000000086300000, 0x0000000086300000, 0x0000000086400000|  0%| F|  |TAMS 0x0000000086300000, 0x0000000086300000| Untracked 
| 100|0x0000000086400000, 0x0000000086400000, 0x0000000086500000|  0%| F|  |TAMS 0x0000000086400000, 0x0000000086400000| Untracked 
| 101|0x0000000086500000, 0x0000000086500000, 0x0000000086600000|  0%| F|  |TAMS 0x0000000086500000, 0x0000000086500000| Untracked 
| 102|0x0000000086600000, 0x0000000086600000, 0x0000000086700000|  0%| F|  |TAMS 0x0000000086600000, 0x0000000086600000| Untracked 
| 103|0x0000000086700000, 0x0000000086700000, 0x0000000086800000|  0%| F|  |TAMS 0x0000000086700000, 0x0000000086700000| Untracked 
| 104|0x0000000086800000, 0x0000000086800000, 0x0000000086900000|  0%| F|  |TAMS 0x0000000086800000, 0x0000000086800000| Untracked 
| 105|0x0000000086900000, 0x0000000086900000, 0x0000000086a00000|  0%| F|  |TAMS 0x0000000086900000, 0x0000000086900000| Untracked 
| 106|0x0000000086a00000, 0x0000000086a00000, 0x0000000086b00000|  0%| F|  |TAMS 0x0000000086a00000, 0x0000000086a00000| Untracked 
| 107|0x0000000086b00000, 0x0000000086b00000, 0x0000000086c00000|  0%| F|  |TAMS 0x0000000086b00000, 0x0000000086b00000| Untracked 
| 108|0x0000000086c00000, 0x0000000086c00000, 0x0000000086d00000|  0%| F|  |TAMS 0x0000000086c00000, 0x0000000086c00000| Untracked 
| 109|0x0000000086d00000, 0x0000000086d00000, 0x0000000086e00000|  0%| F|  |TAMS 0x0000000086d00000, 0x0000000086d00000| Untracked 
| 110|0x0000000086e00000, 0x0000000086e00000, 0x0000000086f00000|  0%| F|  |TAMS 0x0000000086e00000, 0x0000000086e00000| Untracked 
| 111|0x0000000086f00000, 0x0000000086f00000, 0x0000000087000000|  0%| F|  |TAMS 0x0000000086f00000, 0x0000000086f00000| Untracked 
| 112|0x0000000087000000, 0x0000000087000000, 0x0000000087100000|  0%| F|  |TAMS 0x0000000087000000, 0x0000000087000000| Untracked 
| 113|0x0000000087100000, 0x0000000087100000, 0x0000000087200000|  0%| F|  |TAMS 0x0000000087100000, 0x0000000087100000| Untracked 
| 114|0x0000000087200000, 0x0000000087200000, 0x0000000087300000|  0%| F|  |TAMS 0x0000000087200000, 0x0000000087200000| Untracked 
| 115|0x0000000087300000, 0x0000000087300000, 0x0000000087400000|  0%| F|  |TAMS 0x0000000087300000, 0x0000000087300000| Untracked 
| 116|0x0000000087400000, 0x0000000087400000, 0x0000000087500000|  0%| F|  |TAMS 0x0000000087400000, 0x0000000087400000| Untracked 
| 117|0x0000000087500000, 0x0000000087500000, 0x0000000087600000|  0%| F|  |TAMS 0x0000000087500000, 0x0000000087500000| Untracked 
| 118|0x0000000087600000, 0x0000000087600000, 0x0000000087700000|  0%| F|  |TAMS 0x0000000087600000, 0x0000000087600000| Untracked 
| 119|0x0000000087700000, 0x0000000087700000, 0x0000000087800000|  0%| F|  |TAMS 0x0000000087700000, 0x0000000087700000| Untracked 
| 120|0x0000000087800000, 0x0000000087800000, 0x0000000087900000|  0%| F|  |TAMS 0x0000000087800000, 0x0000000087800000| Untracked 
| 121|0x0000000087900000, 0x0000000087900000, 0x0000000087a00000|  0%| F|  |TAMS 0x0000000087900000, 0x0000000087900000| Untracked 
| 122|0x0000000087a00000, 0x0000000087a00000, 0x0000000087b00000|  0%| F|  |TAMS 0x0000000087a00000, 0x0000000087a00000| Untracked 
| 123|0x0000000087b00000, 0x0000000087b00000, 0x0000000087c00000|  0%| F|  |TAMS 0x0000000087b00000, 0x0000000087b00000| Untracked 
| 124|0x0000000087c00000, 0x0000000087c00000, 0x0000000087d00000|  0%| F|  |TAMS 0x0000000087c00000, 0x0000000087c00000| Untracked 
| 125|0x0000000087d00000, 0x0000000087d00000, 0x0000000087e00000|  0%| F|  |TAMS 0x0000000087d00000, 0x0000000087d00000| Untracked 
| 126|0x0000000087e00000, 0x0000000087e00000, 0x0000000087f00000|  0%| F|  |TAMS 0x0000000087e00000, 0x0000000087e00000| Untracked 
| 127|0x0000000087f00000, 0x0000000087f00000, 0x0000000088000000|  0%| F|  |TAMS 0x0000000087f00000, 0x0000000087f00000| Untracked 
| 128|0x0000000088000000, 0x0000000088000000, 0x0000000088100000|  0%| F|  |TAMS 0x0000000088000000, 0x0000000088000000| Untracked 
| 129|0x0000000088100000, 0x0000000088100000, 0x0000000088200000|  0%| F|  |TAMS 0x0000000088100000, 0x0000000088100000| Untracked 
| 130|0x0000000088200000, 0x0000000088200000, 0x0000000088300000|  0%| F|  |TAMS 0x0000000088200000, 0x0000000088200000| Untracked 
| 131|0x0000000088300000, 0x0000000088300000, 0x0000000088400000|  0%| F|  |TAMS 0x0000000088300000, 0x0000000088300000| Untracked 
| 132|0x0000000088400000, 0x0000000088400000, 0x0000000088500000|  0%| F|  |TAMS 0x0000000088400000, 0x0000000088400000| Untracked 
| 133|0x0000000088500000, 0x0000000088500000, 0x0000000088600000|  0%| F|  |TAMS 0x0000000088500000, 0x0000000088500000| Untracked 
| 134|0x0000000088600000, 0x0000000088600000, 0x0000000088700000|  0%| F|  |TAMS 0x0000000088600000, 0x0000000088600000| Untracked 
| 135|0x0000000088700000, 0x0000000088700000, 0x0000000088800000|  0%| F|  |TAMS 0x0000000088700000, 0x0000000088700000| Untracked 
| 136|0x0000000088800000, 0x0000000088800000, 0x0000000088900000|  0%| F|  |TAMS 0x0000000088800000, 0x0000000088800000| Untracked 
| 137|0x0000000088900000, 0x0000000088900000, 0x0000000088a00000|  0%| F|  |TAMS 0x0000000088900000, 0x0000000088900000| Untracked 
| 138|0x0000000088a00000, 0x0000000088a00000, 0x0000000088b00000|  0%| F|  |TAMS 0x0000000088a00000, 0x0000000088a00000| Untracked 
| 139|0x0000000088b00000, 0x0000000088b00000, 0x0000000088c00000|  0%| F|  |TAMS 0x0000000088b00000, 0x0000000088b00000| Untracked 
| 140|0x0000000088c00000, 0x0000000088c00000, 0x0000000088d00000|  0%| F|  |TAMS 0x0000000088c00000, 0x0000000088c00000| Untracked 
| 141|0x0000000088d00000, 0x0000000088d00000, 0x0000000088e00000|  0%| F|  |TAMS 0x0000000088d00000, 0x0000000088d00000| Untracked 
| 142|0x0000000088e00000, 0x0000000088e00000, 0x0000000088f00000|  0%| F|  |TAMS 0x0000000088e00000, 0x0000000088e00000| Untracked 
| 143|0x0000000088f00000, 0x0000000088f00000, 0x0000000089000000|  0%| F|  |TAMS 0x0000000088f00000, 0x0000000088f00000| Untracked 
| 144|0x0000000089000000, 0x0000000089000000, 0x0000000089100000|  0%| F|  |TAMS 0x0000000089000000, 0x0000000089000000| Untracked 
| 145|0x0000000089100000, 0x0000000089100000, 0x0000000089200000|  0%| F|  |TAMS 0x0000000089100000, 0x0000000089100000| Untracked 
| 146|0x0000000089200000, 0x0000000089200000, 0x0000000089300000|  0%| F|  |TAMS 0x0000000089200000, 0x0000000089200000| Untracked 
| 147|0x0000000089300000, 0x0000000089300000, 0x0000000089400000|  0%| F|  |TAMS 0x0000000089300000, 0x0000000089300000| Untracked 
| 148|0x0000000089400000, 0x0000000089400000, 0x0000000089500000|  0%| F|  |TAMS 0x0000000089400000, 0x0000000089400000| Untracked 
| 149|0x0000000089500000, 0x0000000089500000, 0x0000000089600000|  0%| F|  |TAMS 0x0000000089500000, 0x0000000089500000| Untracked 
| 150|0x0000000089600000, 0x0000000089600000, 0x0000000089700000|  0%| F|  |TAMS 0x0000000089600000, 0x0000000089600000| Untracked 
| 151|0x0000000089700000, 0x0000000089700000, 0x0000000089800000|  0%| F|  |TAMS 0x0000000089700000, 0x0000000089700000| Untracked 
| 152|0x0000000089800000, 0x0000000089800000, 0x0000000089900000|  0%| F|  |TAMS 0x0000000089800000, 0x0000000089800000| Untracked 
| 153|0x0000000089900000, 0x0000000089900000, 0x0000000089a00000|  0%| F|  |TAMS 0x0000000089900000, 0x0000000089900000| Untracked 
| 154|0x0000000089a00000, 0x0000000089a00000, 0x0000000089b00000|  0%| F|  |TAMS 0x0000000089a00000, 0x0000000089a00000| Untracked 
| 155|0x0000000089b00000, 0x0000000089b00000, 0x0000000089c00000|  0%| F|  |TAMS 0x0000000089b00000, 0x0000000089b00000| Untracked 
| 156|0x0000000089c00000, 0x0000000089c00000, 0x0000000089d00000|  0%| F|  |TAMS 0x0000000089c00000, 0x0000000089c00000| Untracked 
| 157|0x0000000089d00000, 0x0000000089d00000, 0x0000000089e00000|  0%| F|  |TAMS 0x0000000089d00000, 0x0000000089d00000| Untracked 
| 158|0x0000000089e00000, 0x0000000089e00000, 0x0000000089f00000|  0%| F|  |TAMS 0x0000000089e00000, 0x0000000089e00000| Untracked 
| 159|0x0000000089f00000, 0x0000000089f00000, 0x000000008a000000|  0%| F|  |TAMS 0x0000000089f00000, 0x0000000089f00000| Untracked 
| 160|0x000000008a000000, 0x000000008a000000, 0x000000008a100000|  0%| F|  |TAMS 0x000000008a000000, 0x000000008a000000| Untracked 
| 161|0x000000008a100000, 0x000000008a100000, 0x000000008a200000|  0%| F|  |TAMS 0x000000008a100000, 0x000000008a100000| Untracked 
| 162|0x000000008a200000, 0x000000008a200000, 0x000000008a300000|  0%| F|  |TAMS 0x000000008a200000, 0x000000008a200000| Untracked 
| 163|0x000000008a300000, 0x000000008a300000, 0x000000008a400000|  0%| F|  |TAMS 0x000000008a300000, 0x000000008a300000| Untracked 
| 164|0x000000008a400000, 0x000000008a400000, 0x000000008a500000|  0%| F|  |TAMS 0x000000008a400000, 0x000000008a400000| Untracked 
| 165|0x000000008a500000, 0x000000008a500000, 0x000000008a600000|  0%| F|  |TAMS 0x000000008a500000, 0x000000008a500000| Untracked 
| 166|0x000000008a600000, 0x000000008a600000, 0x000000008a700000|  0%| F|  |TAMS 0x000000008a600000, 0x000000008a600000| Untracked 
| 167|0x000000008a700000, 0x000000008a700000, 0x000000008a800000|  0%| F|  |TAMS 0x000000008a700000, 0x000000008a700000| Untracked 
| 168|0x000000008a800000, 0x000000008a800000, 0x000000008a900000|  0%| F|  |TAMS 0x000000008a800000, 0x000000008a800000| Untracked 
| 169|0x000000008a900000, 0x000000008a900000, 0x000000008aa00000|  0%| F|  |TAMS 0x000000008a900000, 0x000000008a900000| Untracked 
| 170|0x000000008aa00000, 0x000000008aa00000, 0x000000008ab00000|  0%| F|  |TAMS 0x000000008aa00000, 0x000000008aa00000| Untracked 
| 171|0x000000008ab00000, 0x000000008ab00000, 0x000000008ac00000|  0%| F|  |TAMS 0x000000008ab00000, 0x000000008ab00000| Untracked 
| 172|0x000000008ac00000, 0x000000008ac00000, 0x000000008ad00000|  0%| F|  |TAMS 0x000000008ac00000, 0x000000008ac00000| Untracked 
| 173|0x000000008ad00000, 0x000000008ad00000, 0x000000008ae00000|  0%| F|  |TAMS 0x000000008ad00000, 0x000000008ad00000| Untracked 
| 174|0x000000008ae00000, 0x000000008ae00000, 0x000000008af00000|  0%| F|  |TAMS 0x000000008ae00000, 0x000000008ae00000| Untracked 
| 175|0x000000008af00000, 0x000000008af00000, 0x000000008b000000|  0%| F|  |TAMS 0x000000008af00000, 0x000000008af00000| Untracked 
| 176|0x000000008b000000, 0x000000008b000000, 0x000000008b100000|  0%| F|  |TAMS 0x000000008b000000, 0x000000008b000000| Untracked 
| 177|0x000000008b100000, 0x000000008b100000, 0x000000008b200000|  0%| F|  |TAMS 0x000000008b100000, 0x000000008b100000| Untracked 
| 178|0x000000008b200000, 0x000000008b200000, 0x000000008b300000|  0%| F|  |TAMS 0x000000008b200000, 0x000000008b200000| Untracked 
| 179|0x000000008b300000, 0x000000008b39a0b0, 0x000000008b400000| 60%| S|CS|TAMS 0x000000008b300000, 0x000000008b300000| Complete 
| 180|0x000000008b400000, 0x000000008b500000, 0x000000008b500000|100%| S|CS|TAMS 0x000000008b400000, 0x000000008b400000| Complete 
| 181|0x000000008b500000, 0x000000008b600000, 0x000000008b600000|100%| S|CS|TAMS 0x000000008b500000, 0x000000008b500000| Complete 
| 182|0x000000008b600000, 0x000000008b700000, 0x000000008b700000|100%| S|CS|TAMS 0x000000008b600000, 0x000000008b600000| Complete 
| 183|0x000000008b700000, 0x000000008b800000, 0x000000008b800000|100%| S|CS|TAMS 0x000000008b700000, 0x000000008b700000| Complete 
| 184|0x000000008b800000, 0x000000008b900000, 0x000000008b900000|100%| S|CS|TAMS 0x000000008b800000, 0x000000008b800000| Complete 
| 185|0x000000008b900000, 0x000000008b900000, 0x000000008ba00000|  0%| F|  |TAMS 0x000000008b900000, 0x000000008b900000| Untracked 
| 186|0x000000008ba00000, 0x000000008ba00000, 0x000000008bb00000|  0%| F|  |TAMS 0x000000008ba00000, 0x000000008ba00000| Untracked 
| 187|0x000000008bb00000, 0x000000008bb00000, 0x000000008bc00000|  0%| F|  |TAMS 0x000000008bb00000, 0x000000008bb00000| Untracked 
| 188|0x000000008bc00000, 0x000000008bc00000, 0x000000008bd00000|  0%| F|  |TAMS 0x000000008bc00000, 0x000000008bc00000| Untracked 
| 189|0x000000008bd00000, 0x000000008bd00000, 0x000000008be00000|  0%| F|  |TAMS 0x000000008bd00000, 0x000000008bd00000| Untracked 
| 190|0x000000008be00000, 0x000000008be00000, 0x000000008bf00000|  0%| F|  |TAMS 0x000000008be00000, 0x000000008be00000| Untracked 
| 191|0x000000008bf00000, 0x000000008bf00000, 0x000000008c000000|  0%| F|  |TAMS 0x000000008bf00000, 0x000000008bf00000| Untracked 
| 192|0x000000008c000000, 0x000000008c000000, 0x000000008c100000|  0%| F|  |TAMS 0x000000008c000000, 0x000000008c000000| Untracked 
| 193|0x000000008c100000, 0x000000008c100000, 0x000000008c200000|  0%| F|  |TAMS 0x000000008c100000, 0x000000008c100000| Untracked 
| 194|0x000000008c200000, 0x000000008c200000, 0x000000008c300000|  0%| F|  |TAMS 0x000000008c200000, 0x000000008c200000| Untracked 
| 195|0x000000008c300000, 0x000000008c300000, 0x000000008c400000|  0%| F|  |TAMS 0x000000008c300000, 0x000000008c300000| Untracked 
| 196|0x000000008c400000, 0x000000008c400000, 0x000000008c500000|  0%| F|  |TAMS 0x000000008c400000, 0x000000008c400000| Untracked 
| 197|0x000000008c500000, 0x000000008c500000, 0x000000008c600000|  0%| F|  |TAMS 0x000000008c500000, 0x000000008c500000| Untracked 
| 198|0x000000008c600000, 0x000000008c600000, 0x000000008c700000|  0%| F|  |TAMS 0x000000008c600000, 0x000000008c600000| Untracked 
| 199|0x000000008c700000, 0x000000008c700000, 0x000000008c800000|  0%| F|  |TAMS 0x000000008c700000, 0x000000008c700000| Untracked 
| 200|0x000000008c800000, 0x000000008c800000, 0x000000008c900000|  0%| F|  |TAMS 0x000000008c800000, 0x000000008c800000| Untracked 
| 201|0x000000008c900000, 0x000000008c900000, 0x000000008ca00000|  0%| F|  |TAMS 0x000000008c900000, 0x000000008c900000| Untracked 
| 202|0x000000008ca00000, 0x000000008ca00000, 0x000000008cb00000|  0%| F|  |TAMS 0x000000008ca00000, 0x000000008ca00000| Untracked 
| 203|0x000000008cb00000, 0x000000008cb00000, 0x000000008cc00000|  0%| F|  |TAMS 0x000000008cb00000, 0x000000008cb00000| Untracked 
| 204|0x000000008cc00000, 0x000000008cc00000, 0x000000008cd00000|  0%| F|  |TAMS 0x000000008cc00000, 0x000000008cc00000| Untracked 
| 205|0x000000008cd00000, 0x000000008cd00000, 0x000000008ce00000|  0%| F|  |TAMS 0x000000008cd00000, 0x000000008cd00000| Untracked 
| 206|0x000000008ce00000, 0x000000008ce00000, 0x000000008cf00000|  0%| F|  |TAMS 0x000000008ce00000, 0x000000008ce00000| Untracked 
| 207|0x000000008cf00000, 0x000000008cf00000, 0x000000008d000000|  0%| F|  |TAMS 0x000000008cf00000, 0x000000008cf00000| Untracked 
| 208|0x000000008d000000, 0x000000008d000000, 0x000000008d100000|  0%| F|  |TAMS 0x000000008d000000, 0x000000008d000000| Untracked 
| 209|0x000000008d100000, 0x000000008d100000, 0x000000008d200000|  0%| F|  |TAMS 0x000000008d100000, 0x000000008d100000| Untracked 
| 210|0x000000008d200000, 0x000000008d200000, 0x000000008d300000|  0%| F|  |TAMS 0x000000008d200000, 0x000000008d200000| Untracked 
| 211|0x000000008d300000, 0x000000008d300000, 0x000000008d400000|  0%| F|  |TAMS 0x000000008d300000, 0x000000008d300000| Untracked 
| 212|0x000000008d400000, 0x000000008d400000, 0x000000008d500000|  0%| F|  |TAMS 0x000000008d400000, 0x000000008d400000| Untracked 
| 213|0x000000008d500000, 0x000000008d500000, 0x000000008d600000|  0%| F|  |TAMS 0x000000008d500000, 0x000000008d500000| Untracked 
| 214|0x000000008d600000, 0x000000008d600000, 0x000000008d700000|  0%| F|  |TAMS 0x000000008d600000, 0x000000008d600000| Untracked 
| 215|0x000000008d700000, 0x000000008d700000, 0x000000008d800000|  0%| F|  |TAMS 0x000000008d700000, 0x000000008d700000| Untracked 
| 216|0x000000008d800000, 0x000000008d800000, 0x000000008d900000|  0%| F|  |TAMS 0x000000008d800000, 0x000000008d800000| Untracked 
| 217|0x000000008d900000, 0x000000008d900000, 0x000000008da00000|  0%| F|  |TAMS 0x000000008d900000, 0x000000008d900000| Untracked 
| 218|0x000000008da00000, 0x000000008da00000, 0x000000008db00000|  0%| F|  |TAMS 0x000000008da00000, 0x000000008da00000| Untracked 
| 219|0x000000008db00000, 0x000000008db00000, 0x000000008dc00000|  0%| F|  |TAMS 0x000000008db00000, 0x000000008db00000| Untracked 
| 220|0x000000008dc00000, 0x000000008dc00000, 0x000000008dd00000|  0%| F|  |TAMS 0x000000008dc00000, 0x000000008dc00000| Untracked 
| 221|0x000000008dd00000, 0x000000008dd00000, 0x000000008de00000|  0%| F|  |TAMS 0x000000008dd00000, 0x000000008dd00000| Untracked 
| 222|0x000000008de00000, 0x000000008de00000, 0x000000008df00000|  0%| F|  |TAMS 0x000000008de00000, 0x000000008de00000| Untracked 
| 223|0x000000008df00000, 0x000000008df00000, 0x000000008e000000|  0%| F|  |TAMS 0x000000008df00000, 0x000000008df00000| Untracked 
| 224|0x000000008e000000, 0x000000008e000000, 0x000000008e100000|  0%| F|  |TAMS 0x000000008e000000, 0x000000008e000000| Untracked 
| 225|0x000000008e100000, 0x000000008e100000, 0x000000008e200000|  0%| F|  |TAMS 0x000000008e100000, 0x000000008e100000| Untracked 
| 226|0x000000008e200000, 0x000000008e200000, 0x000000008e300000|  0%| F|  |TAMS 0x000000008e200000, 0x000000008e200000| Untracked 
| 227|0x000000008e300000, 0x000000008e300000, 0x000000008e400000|  0%| F|  |TAMS 0x000000008e300000, 0x000000008e300000| Untracked 
| 228|0x000000008e400000, 0x000000008e400000, 0x000000008e500000|  0%| F|  |TAMS 0x000000008e400000, 0x000000008e400000| Untracked 
| 229|0x000000008e500000, 0x000000008e600000, 0x000000008e600000|100%| E|  |TAMS 0x000000008e500000, 0x000000008e500000| Complete 
| 230|0x000000008e600000, 0x000000008e700000, 0x000000008e700000|100%| E|CS|TAMS 0x000000008e600000, 0x000000008e600000| Complete 
| 231|0x000000008e700000, 0x000000008e800000, 0x000000008e800000|100%| E|CS|TAMS 0x000000008e700000, 0x000000008e700000| Complete 
| 232|0x000000008e800000, 0x000000008e900000, 0x000000008e900000|100%| E|CS|TAMS 0x000000008e800000, 0x000000008e800000| Complete 
| 233|0x000000008e900000, 0x000000008ea00000, 0x000000008ea00000|100%| E|CS|TAMS 0x000000008e900000, 0x000000008e900000| Complete 
| 234|0x000000008ea00000, 0x000000008eb00000, 0x000000008eb00000|100%| E|CS|TAMS 0x000000008ea00000, 0x000000008ea00000| Complete 
| 235|0x000000008eb00000, 0x000000008ec00000, 0x000000008ec00000|100%| E|CS|TAMS 0x000000008eb00000, 0x000000008eb00000| Complete 
| 236|0x000000008ec00000, 0x000000008ed00000, 0x000000008ed00000|100%| E|CS|TAMS 0x000000008ec00000, 0x000000008ec00000| Complete 
| 237|0x000000008ed00000, 0x000000008ee00000, 0x000000008ee00000|100%| E|CS|TAMS 0x000000008ed00000, 0x000000008ed00000| Complete 
| 238|0x000000008ee00000, 0x000000008ef00000, 0x000000008ef00000|100%| E|CS|TAMS 0x000000008ee00000, 0x000000008ee00000| Complete 
| 239|0x000000008ef00000, 0x000000008f000000, 0x000000008f000000|100%| E|CS|TAMS 0x000000008ef00000, 0x000000008ef00000| Complete 
| 240|0x000000008f000000, 0x000000008f100000, 0x000000008f100000|100%| E|CS|TAMS 0x000000008f000000, 0x000000008f000000| Complete 
| 241|0x000000008f100000, 0x000000008f200000, 0x000000008f200000|100%| E|CS|TAMS 0x000000008f100000, 0x000000008f100000| Complete 
| 242|0x000000008f200000, 0x000000008f300000, 0x000000008f300000|100%| E|CS|TAMS 0x000000008f200000, 0x000000008f200000| Complete 
| 243|0x000000008f300000, 0x000000008f400000, 0x000000008f400000|100%| E|CS|TAMS 0x000000008f300000, 0x000000008f300000| Complete 
| 244|0x000000008f400000, 0x000000008f500000, 0x000000008f500000|100%| E|CS|TAMS 0x000000008f400000, 0x000000008f400000| Complete 
| 245|0x000000008f500000, 0x000000008f600000, 0x000000008f600000|100%| E|CS|TAMS 0x000000008f500000, 0x000000008f500000| Complete 

Card table byte_map: [0x00000283fd120000,0x00000283fd520000] _byte_map_base: 0x00000283fcd20000

Marking Bits (Prev, Next): (CMBitMap*) 0x00000283e9cfc1d0, (CMBitMap*) 0x00000283e9cfc198
 Prev Bits: [0x0000028380000000, 0x0000028382000000)
 Next Bits: [0x00000283fd920000, 0x00000283ff920000)

Polling page: 0x00000283e9490000

Metaspace:

Usage:
  Non-class:     25.14 MB capacity,    24.58 MB ( 98%) used,   502.04 KB (  2%) free+waste,    68.00 KB ( <1%) overhead. 
      Class:      4.08 MB capacity,     3.78 MB ( 93%) used,   278.63 KB (  7%) free+waste,    34.31 KB ( <1%) overhead. 
       Both:     29.22 MB capacity,    28.36 MB ( 97%) used,   780.66 KB (  3%) free+waste,   102.31 KB ( <1%) overhead. 

Virtual space:
  Non-class space:       26.00 MB reserved,      25.17 MB ( 97%) committed 
      Class space:        1.00 GB reserved,       4.13 MB ( <1%) committed 
             Both:        1.03 GB reserved,      29.30 MB (  3%) committed 

Chunk freelists:
   Non-Class:  34.00 KB
       Class:  10.00 KB
        Both:  44.00 KB

MaxMetaspaceSize: 17179869184.00 GB
CompressedClassSpaceSize: 1.00 GB
Initial GC threshold: 20.80 MB
Current GC threshold: 34.87 MB
CDS: off

CodeHeap 'non-profiled nmethods': size=120000Kb used=1396Kb max_used=1396Kb free=118603Kb
 bounds [0x00000283f5290000, 0x00000283f5500000, 0x00000283fc7c0000]
CodeHeap 'profiled nmethods': size=120000Kb used=5595Kb max_used=5595Kb free=114404Kb
 bounds [0x00000283edd60000, 0x00000283ee2e0000, 0x00000283f5290000]
CodeHeap 'non-nmethods': size=5760Kb used=1233Kb max_used=1268Kb free=4526Kb
 bounds [0x00000283ed7c0000, 0x00000283eda30000, 0x00000283edd60000]
 total_blobs=3110 nmethods=2606 adapters=416
 compilation: enabled
              stopped_count=0, restarted_count=0
 full_count=0

Compilation events (20 events):
Event: 11.030 Thread 0x0000028384ee0800 nmethod 2577 0x00000283ee2bc710 code [0x00000283ee2bc900, 0x00000283ee2bcc38]
Event: 11.031 Thread 0x0000028384ee0800 2578       3       sun.reflect.generics.reflectiveObjects.TypeVariableImpl::getGenericDeclaration (71 bytes)
Event: 11.031 Thread 0x0000028384ee0800 nmethod 2578 0x00000283ee2bcd90 code [0x00000283ee2bcfc0, 0x00000283ee2bd888]
Event: 11.031 Thread 0x0000028384ee0800 2579       1       sun.reflect.generics.reflectiveObjects.ParameterizedTypeImpl::getRawType (5 bytes)
Event: 11.032 Thread 0x0000028384ee0800 nmethod 2579 0x00000283f53e2510 code [0x00000283f53e26c0, 0x00000283f53e2778]
Event: 11.032 Thread 0x0000028384ee0800 2580       3       java.lang.Class::getGenericInfo (52 bytes)
Event: 11.033 Thread 0x0000028384ee0800 nmethod 2580 0x00000283ee2bda10 code [0x00000283ee2bdcc0, 0x00000283ee2bea48]
Event: 11.033 Thread 0x0000028384ee0800 2582   !   3       com.google.common.reflect.TypeVisitor::visit (244 bytes)
Event: 11.036 Thread 0x0000028384ee0800 nmethod 2582 0x00000283ee2bef10 code [0x00000283ee2bf2e0, 0x00000283ee2c11c8]
Event: 11.036 Thread 0x0000028384ee0800 2581       3       com.google.common.base.Objects::hashCode (5 bytes)
Event: 11.036 Thread 0x0000028384ee0800 nmethod 2581 0x00000283ee2c1c10 code [0x00000283ee2c1dc0, 0x00000283ee2c1ec8]
Event: 11.036 Thread 0x0000028384ee0800 2583       3       com.google.common.reflect.TypeResolver$TypeVariableKey::hashCode (32 bytes)
Event: 11.037 Thread 0x0000028384ee0800 nmethod 2583 0x00000283ee2c1f90 code [0x00000283ee2c21a0, 0x00000283ee2c2828]
Event: 11.037 Thread 0x0000028384ee0800 2584       3       com.google.common.reflect.TypeResolver$TypeVariableKey::equalsTypeVariable (48 bytes)
Event: 11.037 Thread 0x0000028384ee0800 nmethod 2584 0x00000283ee2c2a10 code [0x00000283ee2c2c20, 0x00000283ee2c31d8]
Event: 11.037 Thread 0x0000028384ee0800 2585       3       com.google.common.collect.RegularImmutableSet::iterator (5 bytes)
Event: 11.038 Thread 0x0000028384ee0800 nmethod 2585 0x00000283ee2c3390 code [0x00000283ee2c3560, 0x00000283ee2c3768]
Event: 11.038 Thread 0x0000028384ee0800 2586       3       org.gradle.internal.instantiation.generator.AbstractClassGenerator$InjectionAnnotationValidator::validateMethod (166 bytes)
Event: 11.039 Thread 0x0000028384ee0800 nmethod 2586 0x00000283ee2c3890 code [0x00000283ee2c3c00, 0x00000283ee2c4da8]
Event: 11.039 Thread 0x0000028384ee0800 2587       3       org.gradle.internal.instantiation.generator.AbstractClassGenerator$InjectionAnnotationValidator::validateMethod (502 bytes)

GC Heap History (8 events):
Event: 2.086 GC heap before
{Heap before GC invocations=0 (full 0):
 garbage-first heap   total 251904K, used 29696K [0x0000000080000000, 0x0000000100000000)
  region size 1024K, 24 young (24576K), 0 survivors (0K)
 Metaspace       used 10272K, capacity 10565K, committed 10624K, reserved 1058816K
  class space    used 1073K, capacity 1139K, committed 1152K, reserved 1048576K
}
Event: 2.113 GC heap after
{Heap after GC invocations=1 (full 0):
 garbage-first heap   total 251904K, used 9309K [0x0000000080000000, 0x0000000100000000)
  region size 1024K, 3 young (3072K), 3 survivors (3072K)
 Metaspace       used 10272K, capacity 10565K, committed 10624K, reserved 1058816K
  class space    used 1073K, capacity 1139K, committed 1152K, reserved 1048576K
}
Event: 8.295 GC heap before
{Heap before GC invocations=1 (full 0):
 garbage-first heap   total 251904K, used 106589K [0x0000000080000000, 0x0000000100000000)
  region size 1024K, 99 young (101376K), 3 survivors (3072K)
 Metaspace       used 20695K, capacity 21194K, committed 21296K, reserved 1069056K
  class space    used 2531K, capacity 2676K, committed 2688K, reserved 1048576K
}
Event: 8.311 GC heap after
{Heap after GC invocations=2 (full 0):
 garbage-first heap   total 251904K, used 16477K [0x0000000080000000, 0x0000000100000000)
  region size 1024K, 10 young (10240K), 10 survivors (10240K)
 Metaspace       used 20695K, capacity 21194K, committed 21296K, reserved 1069056K
  class space    used 2531K, capacity 2676K, committed 2688K, reserved 1048576K
}
Event: 8.860 GC heap before
{Heap before GC invocations=3 (full 0):
 garbage-first heap   total 251904K, used 28765K [0x0000000080000000, 0x0000000100000000)
  region size 1024K, 22 young (22528K), 10 survivors (10240K)
 Metaspace       used 22095K, capacity 22677K, committed 22960K, reserved 1069056K
  class space    used 2770K, capacity 2963K, committed 3072K, reserved 1048576K
}
Event: 8.867 GC heap after
{Heap after GC invocations=4 (full 0):
 garbage-first heap   total 251904K, used 17438K [0x0000000080000000, 0x0000000100000000)
  region size 1024K, 1 young (1024K), 1 survivors (1024K)
 Metaspace       used 22095K, capacity 22677K, committed 22960K, reserved 1069056K
  class space    used 2770K, capacity 2963K, committed 3072K, reserved 1048576K
}
Event: 10.522 GC heap before
{Heap before GC invocations=4 (full 0):
 garbage-first heap   total 251904K, used 89118K [0x0000000080000000, 0x0000000100000000)
  region size 1024K, 61 young (62464K), 1 survivors (1024K)
 Metaspace       used 27567K, capacity 28402K, committed 28464K, reserved 1073152K
  class space    used 3635K, capacity 3928K, committed 3968K, reserved 1048576K
}
Event: 10.528 GC heap after
{Heap after GC invocations=5 (full 0):
 garbage-first heap   total 251904K, used 32541K [0x0000000080000000, 0x0000000100000000)
  region size 1024K, 6 young (6144K), 6 survivors (6144K)
 Metaspace       used 27567K, capacity 28402K, committed 28464K, reserved 1073152K
  class space    used 3635K, capacity 3928K, committed 3968K, reserved 1048576K
}

Deoptimization events (20 events):
Event: 10.236 Thread 0x00000283872fd000 Uncommon trap: trap_request=0xffffff4d fr.pc=0x00000283f531cec0 relative=0x0000000000001c60
Event: 10.236 Thread 0x00000283872fd000 Uncommon trap: reason=unstable_if action=reinterpret pc=0x00000283f531cec0 method=java.util.zip.ZipFile$Source.initCEN(ILjava/util/zip/ZipCoder;)V @ 621 c2
Event: 10.236 Thread 0x00000283872fd000 DEOPT PACKING pc=0x00000283f531cec0 sp=0x00000095c09f6180
Event: 10.236 Thread 0x00000283872fd000 DEOPT UNPACKING pc=0x00000283ed80a1af sp=0x00000095c09f6168 mode 2
Event: 10.246 Thread 0x00000283872fd000 DEOPT PACKING pc=0x00000283edfc8217 sp=0x00000095c09f32f0
Event: 10.246 Thread 0x00000283872fd000 DEOPT UNPACKING pc=0x00000283ed80a95e sp=0x00000095c09f2878 mode 0
Event: 10.273 Thread 0x00000283872fd000 DEOPT PACKING pc=0x00000283ee24f204 sp=0x00000095c09f5090
Event: 10.273 Thread 0x00000283872fd000 DEOPT UNPACKING pc=0x00000283ed80a95e sp=0x00000095c09f4680 mode 0
Event: 10.330 Thread 0x00000283872fd000 DEOPT PACKING pc=0x00000283ee24f204 sp=0x00000095c09f5090
Event: 10.330 Thread 0x00000283872fd000 DEOPT UNPACKING pc=0x00000283ed80a95e sp=0x00000095c09f4680 mode 0
Event: 10.380 Thread 0x00000283872fd000 DEOPT PACKING pc=0x00000283ee16aad5 sp=0x00000095c09f7810
Event: 10.380 Thread 0x00000283872fd000 DEOPT UNPACKING pc=0x00000283ed80a95e sp=0x00000095c09f6d30 mode 0
Event: 11.017 Thread 0x00000283872fd000 Uncommon trap: trap_request=0xffffff4d fr.pc=0x00000283f53828cc relative=0x000000000000020c
Event: 11.017 Thread 0x00000283872fd000 Uncommon trap: reason=unstable_if action=reinterpret pc=0x00000283f53828cc method=java.util.HashMap.hash(Ljava/lang/Object;)I @ 1 c2
Event: 11.017 Thread 0x00000283872fd000 DEOPT PACKING pc=0x00000283f53828cc sp=0x00000095c09f92a0
Event: 11.017 Thread 0x00000283872fd000 DEOPT UNPACKING pc=0x00000283ed80a1af sp=0x00000095c09f91d8 mode 2
Event: 11.017 Thread 0x00000283872fd000 Uncommon trap: trap_request=0xffffff4d fr.pc=0x00000283f534a4ac relative=0x000000000000008c
Event: 11.017 Thread 0x00000283872fd000 Uncommon trap: reason=unstable_if action=reinterpret pc=0x00000283f534a4ac method=java.util.HashMap.hash(Ljava/lang/Object;)I @ 1 c2
Event: 11.017 Thread 0x00000283872fd000 DEOPT PACKING pc=0x00000283f534a4ac sp=0x00000095c09f9010
Event: 11.017 Thread 0x00000283872fd000 DEOPT UNPACKING pc=0x00000283ed80a1af sp=0x00000095c09f8fa8 mode 2

Classes redefined (0 events):
No events

Internal exceptions (20 events):
Event: 10.393 Thread 0x00000283872fd000 Exception <a 'java/lang/NoSuchMethodError'{0x000000008bf33598}: <clinit>> (0x000000008bf33598) thrown at [./src/hotspot/share/prims/jni.cpp, line 1365]
Event: 10.394 Thread 0x00000283872fd000 Exception <a 'java/lang/NoSuchMethodError'{0x000000008bf3d368}: <clinit>> (0x000000008bf3d368) thrown at [./src/hotspot/share/prims/jni.cpp, line 1365]
Event: 10.395 Thread 0x00000283872fd000 Exception <a 'java/lang/NoSuchMethodError'{0x000000008bf477e0}: <clinit>> (0x000000008bf477e0) thrown at [./src/hotspot/share/prims/jni.cpp, line 1365]
Event: 10.396 Thread 0x00000283872fd000 Exception <a 'java/lang/NoSuchMethodError'{0x000000008bf51e20}: <clinit>> (0x000000008bf51e20) thrown at [./src/hotspot/share/prims/jni.cpp, line 1365]
Event: 10.406 Thread 0x00000283872fd000 Exception <a 'java/lang/NoSuchMethodError'{0x000000008be07ba8}: <clinit>> (0x000000008be07ba8) thrown at [./src/hotspot/share/prims/jni.cpp, line 1365]
Event: 10.407 Thread 0x00000283872fd000 Exception <a 'java/lang/NoSuchMethodError'{0x000000008be0a5e0}: <clinit>> (0x000000008be0a5e0) thrown at [./src/hotspot/share/prims/jni.cpp, line 1365]
Event: 10.407 Thread 0x00000283872fd000 Exception <a 'java/lang/NoSuchMethodError'{0x000000008be0bbe8}: <clinit>> (0x000000008be0bbe8) thrown at [./src/hotspot/share/prims/jni.cpp, line 1365]
Event: 10.407 Thread 0x00000283872fd000 Exception <a 'java/lang/NoSuchMethodError'{0x000000008be0d180}: <clinit>> (0x000000008be0d180) thrown at [./src/hotspot/share/prims/jni.cpp, line 1365]
Event: 10.407 Thread 0x00000283872fd000 Exception <a 'java/lang/NoSuchMethodError'{0x000000008be0e8e0}: <clinit>> (0x000000008be0e8e0) thrown at [./src/hotspot/share/prims/jni.cpp, line 1365]
Event: 10.407 Thread 0x00000283872fd000 Exception <a 'java/lang/NoSuchMethodError'{0x000000008be0ff78}: <clinit>> (0x000000008be0ff78) thrown at [./src/hotspot/share/prims/jni.cpp, line 1365]
Event: 10.407 Thread 0x00000283872fd000 Exception <a 'java/lang/NoSuchMethodError'{0x000000008be114b0}: <clinit>> (0x000000008be114b0) thrown at [./src/hotspot/share/prims/jni.cpp, line 1365]
Event: 10.622 Thread 0x00000283872fd000 Exception <a 'java/lang/NoSuchMethodError'{0x000000008f2f0d68}: 'java.lang.Object java.lang.invoke.DirectMethodHandle$Holder.invokeSpecialIFC(java.lang.Object, java.lang.Object, java.lang.Object, java.lang.Object)'> (0x000000008f2f0d68) thrown at [./src/hotspot/share/interpreter/linkResolver.cpp, line 773]
Event: 10.641 Thread 0x00000283872fd000 Exception <a 'java/lang/NoSuchMethodError'{0x000000008f1cbca8}: 'java.lang.Object java.lang.invoke.DirectMethodHandle$Holder.invokeSpecial(java.lang.Object, java.lang.Object, java.lang.Object, java.lang.Object, java.lang.Object, java.lang.Object, java.lang.Object, java.lang.Object, java.lang.Object, java.lang.Object, java.lang.Object, java.lang.Object, java.lang.Object)'> (0x000000008f1cbca8) thrown at [./src/hotspot/share/interpreter/linkResolver.cpp, line 773]
Event: 10.642 Thread 0x00000283872fd000 Exception <a 'java/lang/NoSuchMethodError'{0x000000008f1dcb08}: 'java.lang.Object java.lang.invoke.DirectMethodHandle$Holder.invokeSpecial(java.lang.Object, java.lang.Object, java.lang.Object, java.lang.Object, java.lang.Object, java.lang.Object, java.lang.Object, java.lang.Object, java.lang.Object, java.lang.Object, java.lang.Object, java.lang.Object)'> (0x000000008f1dcb08) thrown at [./src/hotspot/share/interpreter/linkResolver.cpp, line 773]
Event: 10.643 Thread 0x00000283872fd000 Exception <a 'java/lang/NoSuchMethodError'{0x000000008f1e1c30}: 'java.lang.Object java.lang.invoke.Invokers$Holder.linkToTargetMethod(java.lang.Object, java.lang.Object, java.lang.Object, java.lang.Object, java.lang.Object, java.lang.Object, java.lang.Object, java.lang.Object, java.lang.Object, java.lang.Object, java.lang.Object)'> (0x000000008f1e1c30) thrown at [./src/hotspot/share/interpreter/linkResolver.cpp, line 773]
Event: 10.665 Thread 0x00000283872fd000 Exception <a 'java/lang/NoSuchMethodError'{0x000000008ef225b8}: 'java.lang.Object java.lang.invoke.DirectMethodHandle$Holder.invokeSpecial(java.lang.Object, java.lang.Object, java.lang.Object, java.lang.Object, java.lang.Object, java.lang.Object, java.lang.Object, java.lang.Object, java.lang.Object, java.lang.Object, java.lang.Object, java.lang.Object, java.lang.Object, java.lang.Object)'> (0x000000008ef225b8) thrown at [./src/hotspot/share/interpreter/linkResolver.cpp, line 773]
Event: 10.667 Thread 0x00000283872fd000 Exception <a 'java/lang/NoSuchMethodError'{0x000000008ef33c30}: 'java.lang.Object java.lang.invoke.Invokers$Holder.linkToTargetMethod(java.lang.Object, java.lang.Object, java.lang.Object, java.lang.Object, java.lang.Object, java.lang.Object, java.lang.Object, java.lang.Object, java.lang.Object, java.lang.Object, java.lang.Object, java.lang.Object)'> (0x000000008ef33c30) thrown at [./src/hotspot/share/interpreter/linkResolver.cpp, line 773]
Event: 10.680 Thread 0x00000283872fd000 Exception <a 'java/lang/NoSuchMethodError'{0x000000008efc5ad8}: 'java.lang.Object java.lang.invoke.DirectMethodHandle$Holder.invokeStaticInit(java.lang.Object, java.lang.Object, java.lang.Object, java.lang.Object)'> (0x000000008efc5ad8) thrown at [./src/hotspot/share/interpreter/linkResolver.cpp, line 773]
Event: 11.017 Thread 0x00000283872fd000 Implicit null exception at 0x00000283f53826f5 to 0x00000283f53828bc
Event: 11.017 Thread 0x00000283872fd000 Implicit null exception at 0x00000283f534a42f to 0x00000283f534a49d

Events (20 events):
Event: 11.025 loading class com/google/common/reflect/Types$JavaVersion
Event: 11.025 loading class com/google/common/reflect/Types$JavaVersion done
Event: 11.026 loading class com/google/common/reflect/Types$JavaVersion$1
Event: 11.026 loading class com/google/common/reflect/Types$JavaVersion$1 done
Event: 11.026 loading class com/google/common/reflect/Types$JavaVersion$2
Event: 11.026 loading class com/google/common/reflect/Types$JavaVersion$2 done
Event: 11.027 loading class com/google/common/reflect/Types$JavaVersion$3
Event: 11.027 loading class com/google/common/reflect/Types$JavaVersion$3 done
Event: 11.027 loading class com/google/common/reflect/Types$JavaVersion$4
Event: 11.027 loading class com/google/common/reflect/Types$JavaVersion$4 done
Event: 11.028 loading class com/google/common/reflect/Types$JavaVersion$5
Event: 11.028 loading class com/google/common/reflect/Types$JavaVersion$5 done
Event: 11.029 loading class sun/reflect/generics/tree/IntSignature
Event: 11.029 loading class sun/reflect/generics/tree/IntSignature done
Event: 11.029 loading class sun/reflect/generics/tree/ArrayTypeSignature
Event: 11.029 loading class sun/reflect/generics/tree/ArrayTypeSignature done
Event: 11.034 loading class com/google/common/reflect/Types$WildcardTypeImpl
Event: 11.034 loading class com/google/common/reflect/Types$WildcardTypeImpl done
Event: 11.040 loading class java/lang/SafeVarargs
Event: 11.040 loading class java/lang/SafeVarargs done


Dynamic libraries:
0x00007ff7cae00000 - 0x00007ff7cae0a000 	C:\Program Files\Android\Android Studio\jre\bin\java.exe
0x00007fffd0870000 - 0x00007fffd0a84000 	C:\WINDOWS\SYSTEM32\ntdll.dll
0x00007fffd03d0000 - 0x00007fffd0492000 	C:\WINDOWS\System32\KERNEL32.DLL
0x00007fffce1c0000 - 0x00007fffce55c000 	C:\WINDOWS\System32\KERNELBASE.dll
0x00007fffce0a0000 - 0x00007fffce1b1000 	C:\WINDOWS\System32\ucrtbase.dll
0x00007fff98990000 - 0x00007fff989a9000 	C:\Program Files\Android\Android Studio\jre\bin\jli.dll
0x00007fff9cf20000 - 0x00007fff9cf37000 	C:\Program Files\Android\Android Studio\jre\bin\VCRUNTIME140.dll
0x00007fffcfa40000 - 0x00007fffcfbeb000 	C:\WINDOWS\System32\USER32.dll
0x00007fffcdf50000 - 0x00007fffcdf76000 	C:\WINDOWS\System32\win32u.dll
0x00007fffa1ee0000 - 0x00007fffa216e000 	C:\WINDOWS\WinSxS\amd64_microsoft.windows.common-controls_6595b64144ccf1df_6.0.22621.1_none_60e502bd9af5bef0\COMCTL32.dll
0x00007fffcfa10000 - 0x00007fffcfa39000 	C:\WINDOWS\System32\GDI32.dll
0x00007fffce870000 - 0x00007fffce917000 	C:\WINDOWS\System32\msvcrt.dll
0x00007fffcdf80000 - 0x00007fffce092000 	C:\WINDOWS\System32\gdi32full.dll
0x00007fffcdcc0000 - 0x00007fffcdd5a000 	C:\WINDOWS\System32\msvcp_win.dll
0x00007fffcf610000 - 0x00007fffcf641000 	C:\WINDOWS\System32\IMM32.DLL
0x00007fff95a10000 - 0x00007fff95aad000 	C:\Program Files\Android\Android Studio\jre\bin\msvcp140.dll
0x00007fff50d50000 - 0x00007fff51835000 	C:\Program Files\Android\Android Studio\jre\bin\server\jvm.dll
0x00007fffcee90000 - 0x00007fffcef3e000 	C:\WINDOWS\System32\ADVAPI32.dll
0x00007fffd04a0000 - 0x00007fffd0544000 	C:\WINDOWS\System32\sechost.dll
0x00007fffcf4f0000 - 0x00007fffcf605000 	C:\WINDOWS\System32\RPCRT4.dll
0x00007fffcf670000 - 0x00007fffcf678000 	C:\WINDOWS\System32\PSAPI.DLL
0x00007fffc0ae0000 - 0x00007fffc0ae9000 	C:\WINDOWS\SYSTEM32\WSOCK32.dll
0x00007fffceff0000 - 0x00007fffcf061000 	C:\WINDOWS\System32\WS2_32.dll
0x00007fffca690000 - 0x00007fffca6c4000 	C:\WINDOWS\SYSTEM32\WINMM.dll
0x00007fffc7cc0000 - 0x00007fffc7cca000 	C:\WINDOWS\SYSTEM32\VERSION.dll
0x00007fffccdf0000 - 0x00007fffcce08000 	C:\WINDOWS\SYSTEM32\kernel.appcore.dll
0x00007fffa5040000 - 0x00007fffa5051000 	C:\Program Files\Android\Android Studio\jre\bin\verify.dll
0x00007fffcb390000 - 0x00007fffcb5be000 	C:\WINDOWS\SYSTEM32\DBGHELP.DLL
0x00007fffcf680000 - 0x00007fffcfa09000 	C:\WINDOWS\System32\combase.dll
0x00007fffce790000 - 0x00007fffce867000 	C:\WINDOWS\System32\OLEAUT32.dll
0x00007fffc5170000 - 0x00007fffc51a2000 	C:\WINDOWS\SYSTEM32\dbgcore.DLL
0x00007fffcdd60000 - 0x00007fffcdddb000 	C:\WINDOWS\System32\bcryptPrimitives.dll
0x00007fff9ea40000 - 0x00007fff9ea69000 	C:\Program Files\Android\Android Studio\jre\bin\java.dll
0x00007fffc9ae0000 - 0x00007fffc9aeb000 	C:\Program Files\Android\Android Studio\jre\bin\jimage.dll
0x00007fffa0420000 - 0x00007fffa0438000 	C:\Program Files\Android\Android Studio\jre\bin\zip.dll
0x00007fffcfbf0000 - 0x00007fffd03c8000 	C:\WINDOWS\System32\SHELL32.dll
0x00007fffcbcb0000 - 0x00007fffcc568000 	C:\WINDOWS\SYSTEM32\windows.storage.dll
0x00007fffcbb70000 - 0x00007fffcbcad000 	C:\WINDOWS\SYSTEM32\wintypes.dll
0x00007fffce980000 - 0x00007fffcea71000 	C:\WINDOWS\System32\SHCORE.dll
0x00007fffce920000 - 0x00007fffce97e000 	C:\WINDOWS\System32\shlwapi.dll
0x00007fffcdbf0000 - 0x00007fffcdc11000 	C:\WINDOWS\SYSTEM32\profapi.dll
0x00007fff9f820000 - 0x00007fff9f83a000 	C:\Program Files\Android\Android Studio\jre\bin\net.dll
0x00007fffc4410000 - 0x00007fffc453f000 	C:\WINDOWS\SYSTEM32\WINHTTP.dll
0x00007fffcd280000 - 0x00007fffcd2e9000 	C:\WINDOWS\system32\mswsock.dll
0x00007fff9ed90000 - 0x00007fff9eda4000 	C:\Program Files\Android\Android Studio\jre\bin\nio.dll
0x00007fff989b0000 - 0x00007fff989d7000 	C:\Users\slava\.gradle\native\e1d6ef7f7dcc3fd88c89a11ec53ec762bb8ba0a96d01ffa2cd45eb1d1d8dd5c5\windows-amd64\native-platform.dll
0x00007fff7d2c0000 - 0x00007fff7d404000 	C:\Users\slava\.gradle\native\5664cfc778a61ccfe75a443a1ab52a65af34e5dc3c78e0209fed803814484fcb\windows-amd64\native-platform-file-events.dll
0x00007fffc51b0000 - 0x00007fffc51ba000 	C:\Program Files\Android\Android Studio\jre\bin\management.dll
0x00007fffc4fd0000 - 0x00007fffc4fdd000 	C:\Program Files\Android\Android Studio\jre\bin\management_ext.dll
0x00007fffcd4d0000 - 0x00007fffcd4eb000 	C:\WINDOWS\SYSTEM32\CRYPTSP.dll
0x00007fffccd60000 - 0x00007fffccd95000 	C:\WINDOWS\system32\rsaenh.dll
0x00007fffcd380000 - 0x00007fffcd3a8000 	C:\WINDOWS\SYSTEM32\USERENV.dll
0x00007fffcd690000 - 0x00007fffcd6b8000 	C:\WINDOWS\SYSTEM32\bcrypt.dll
0x00007fffcd4f0000 - 0x00007fffcd4fc000 	C:\WINDOWS\SYSTEM32\CRYPTBASE.dll
0x00007fffcc840000 - 0x00007fffcc86d000 	C:\WINDOWS\SYSTEM32\IPHLPAPI.DLL
0x00007fffcf660000 - 0x00007fffcf669000 	C:\WINDOWS\System32\NSI.dll
0x00007fffc1970000 - 0x00007fffc1989000 	C:\WINDOWS\SYSTEM32\dhcpcsvc6.DLL
0x00007fffc1900000 - 0x00007fffc191f000 	C:\WINDOWS\SYSTEM32\dhcpcsvc.DLL
0x00007fffcc870000 - 0x00007fffcc962000 	C:\WINDOWS\SYSTEM32\DNSAPI.dll

dbghelp: loaded successfully - version: 4.0.5 - missing functions: none
symbol engine: initialized successfully - sym options: 0x614 - pdb path: .;C:\Program Files\Android\Android Studio\jre\bin;C:\WINDOWS\SYSTEM32;C:\WINDOWS\WinSxS\amd64_microsoft.windows.common-controls_6595b64144ccf1df_6.0.22621.1_none_60e502bd9af5bef0;C:\Program Files\Android\Android Studio\jre\bin\server;C:\Users\slava\.gradle\native\e1d6ef7f7dcc3fd88c89a11ec53ec762bb8ba0a96d01ffa2cd45eb1d1d8dd5c5\windows-amd64;C:\Users\slava\.gradle\native\5664cfc778a61ccfe75a443a1ab52a65af34e5dc3c78e0209fed803814484fcb\windows-amd64

VM Arguments:
jvm_args: --add-opens=java.base/java.util=ALL-UNNAMED --add-opens=java.base/java.lang=ALL-UNNAMED --add-opens=java.base/java.lang.invoke=ALL-UNNAMED --add-opens=java.base/java.util=ALL-UNNAMED --add-opens=java.prefs/java.util.prefs=ALL-UNNAMED --add-opens=java.prefs/java.util.prefs=ALL-UNNAMED --add-opens=java.base/java.nio.charset=ALL-UNNAMED --add-opens=java.base/java.net=ALL-UNNAMED --add-opens=java.base/java.util.concurrent.atomic=ALL-UNNAMED -Xmx2048m -Dfile.encoding=UTF-8 -Duser.country=RU -Duser.language=ru -Duser.variant 
java_command: org.gradle.launcher.daemon.bootstrap.GradleDaemon 7.2
java_class_path (initial): C:\Users\slava\.gradle\wrapper\dists\gradle-7.2-bin\2dnblmf4td7x66yl1d74lt32g\gradle-7.2\lib\gradle-launcher-7.2.jar
Launcher Type: SUN_STANDARD

[Global flags]
     intx CICompilerCount                          = 4                                         {product} {ergonomic}
     uint ConcGCThreads                            = 3                                         {product} {ergonomic}
     uint G1ConcRefinementThreads                  = 10                                        {product} {ergonomic}
   size_t G1HeapRegionSize                         = 1048576                                   {product} {ergonomic}
    uintx GCDrainStackTargetSize                   = 64                                        {product} {ergonomic}
   size_t InitialHeapSize                          = 257949696                                 {product} {ergonomic}
   size_t MarkStackSize                            = 4194304                                   {product} {ergonomic}
   size_t MaxHeapSize                              = 2147483648                                {product} {command line}
   size_t MaxNewSize                               = 1287651328                                {product} {ergonomic}
   size_t MinHeapDeltaBytes                        = 1048576                                   {product} {ergonomic}
    uintx NonNMethodCodeHeapSize                   = 5836300                                {pd product} {ergonomic}
    uintx NonProfiledCodeHeapSize                  = 122910970                              {pd product} {ergonomic}
    uintx ProfiledCodeHeapSize                     = 122910970                              {pd product} {ergonomic}
    uintx ReservedCodeCacheSize                    = 251658240                              {pd product} {ergonomic}
     bool SegmentedCodeCache                       = true                                      {product} {ergonomic}
     bool UseCompressedClassPointers               = true                                 {lp64_product} {ergonomic}
     bool UseCompressedOops                        = true                                 {lp64_product} {ergonomic}
     bool UseG1GC                                  = true                                      {product} {ergonomic}
     bool UseLargePagesIndividualAllocation        = false                                  {pd product} {ergonomic}

Logging:
Log output configuration:
 #0: stdout all=warning uptime,level,tags
 #1: stderr all=off uptime,level,tags

Environment Variables:
PATH=C:\Program Files\Common Files\Oracle\Java\javapath;C:\Program Files (x86)\Common Files\Oracle\Java\javapath;C:\Windows\system32;C:\Windows;C:\Windows\System32\Wbem;C:\Windows\System32\WindowsPowerShell\v1.0\;C:\Windows\System32\OpenSSH\;C:\adb;C:\Program Files\Git\cmd;C:\Program Files\nodejs\;C:\Program Files (x86)\Microsoft SQL Server\150\DTS\Binn\;C:\Program Files\Azure Data Studio\bin;C:\Program Files\Microsoft SQL Server\Client SDK\ODBC\170\Tools\Binn\;C:\Program Files (x86)\Microsoft SQL Server\150\Tools\Binn\;C:\Program Files\Microsoft SQL Server\150\Tools\Binn\;C:\Program Files\Microsoft SQL Server\150\DTS\Binn\;C:\Program Files\dotnet\;C:\platform-tools;;%SystemRoot%\system32;%SystemRoot%;%SystemRoot%\System32\Wbem;%SYSTEMROOT%\System32\WindowsPowerShell\v1.0\;%SYSTEMROOT%\System32\OpenSSH\;C:\Users\slava\AppData\Local\Microsoft\WindowsApps;C:\Users\slava\AppData\Local\Programs\Microsoft VS Code\bin;C:\Users\slava\AppData\Roaming\npm;C:\Program Files\Azure Data Studio\bin;C:\Users\slava\.dotnet\tools;
USERNAME=slava
OS=Windows_NT
PROCESSOR_IDENTIFIER=AMD64 Family 23 Model 96 Stepping 1, AuthenticAMD



---------------  S Y S T E M  ---------------

OS: Windows 10 , 64 bit Build 22621 (10.0.22621.1)
OS uptime: 10 days 16:32 hours
Hyper-V role detected

CPU:total 12 (initial active 12) (12 cores per cpu, 2 threads per core) family 23 model 96 stepping 1 microcode 0x0, cmov, cx8, fxsr, mmx, sse, sse2, sse3, ssse3, sse4.1, sse4.2, popcnt, avx, avx2, aes, clmul, mmxext, 3dnowpref, lzcnt, sse4a, ht, tsc, tscinvbit, tscinv, bmi1, bmi2, adx, sha, fma

Memory: 4k page, system-wide physical 15741M (4083M free)
TotalPageFile size 15741M (AvailPageFile size 460M)
current process WorkingSet (physical memory assigned to process): 265M, peak: 270M
current process commit charge ("private bytes"): 422M, peak: 428M

vm_info: OpenJDK 64-Bit Server VM (11.0.12+7-b1504.28-7817840) for windows-amd64 JRE (11.0.12+7-b1504.28-7817840), built on Oct 13 2021 22:12:33 by "builder" with MS VC++ 14.0 (VS2015)

END.
