#
# There is insufficient memory for the Java Runtime Environment to continue.
# Native memory allocation (malloc) failed to allocate 1151136 bytes for Chunk::new
# Possible reasons:
#   The system is out of physical RAM or swap space
#   The process is running with CompressedOops enabled, and the Java Heap may be blocking the growth of the native heap
# Possible solutions:
#   Reduce memory load on the system
#   Increase physical memory or swap space
#   Check if swap backing store is full
#   Decrease Java heap size (-Xmx/-Xms)
#   Decrease number of Java threads
#   Decrease Java thread stack sizes (-Xss)
#   Set larger code cache with -XX:ReservedCodeCacheSize=
#   JVM is running with Zero Based Compressed Oops mode in which the Java heap is
#     placed in the first 32GB address space. The Java Heap base address is the
#     maximum limit for the native heap growth. Please use -XX:HeapBaseMinAddress
#     to set the Java Heap base and to place the Java Heap above 32GB virtual address.
# This output file may be truncated or incomplete.
#
#  Out of Memory Error (./src/hotspot/share/memory/arena.cpp:197), pid=1796, tid=16684
#
# JRE version: OpenJDK Runtime Environment (11.0.12+7) (build 11.0.12+7-b1504.28-7817840)
# Java VM: OpenJDK 64-Bit Server VM (11.0.12+7-b1504.28-7817840, mixed mode, tiered, compressed oops, g1 gc, windows-amd64)
# No core dump will be written. Minidumps are not enabled by default on client versions of Windows
#

---------------  S U M M A R Y ------------

Command Line: org.jetbrains.kotlin.cli.jvm.K2JVMCompiler @D:\AAndroid\ContactsBook\app\build\20220527_7087016650261499369.compiler.options

Host: AMD Ryzen 5 4600H with Radeon Graphics         , 12 cores, 15G,  Windows 10 , 64 bit Build 22621 (10.0.22621.1)
Time: Fri May 27 05:52:38 2022 RTZ 4 (зима) elapsed time: 10.312850 seconds (0d 0h 0m 10s)

---------------  T H R E A D  ---------------

Current thread (0x00000270fe607800):  JavaThread "C2 CompilerThread0" daemon [_thread_in_native, id=16684, stack(0x0000008339000000,0x0000008339100000)]


Current CompileTask:
C2:  10312 6883       4       org.jetbrains.kotlin.metadata.ProtoBuf$Function::writeTo (341 bytes)

Stack: [0x0000008339000000,0x0000008339100000]
Native frames: (J=compiled Java code, j=interpreted, Vv=VM code, C=native code)
V  [jvm.dll+0x5fbcea]
V  [jvm.dll+0x731905]
V  [jvm.dll+0x732f1d]
V  [jvm.dll+0x7335d3]
V  [jvm.dll+0x247bf8]
V  [jvm.dll+0xc018c]
V  [jvm.dll+0xc06cc]
V  [jvm.dll+0x2bcc04]
V  [jvm.dll+0x5113a8]
V  [jvm.dll+0x208303]
V  [jvm.dll+0x201fe0]
V  [jvm.dll+0x1ff71f]
V  [jvm.dll+0x18868c]
V  [jvm.dll+0x20e0d7]
V  [jvm.dll+0x20c901]
V  [jvm.dll+0x6f9b7f]
V  [jvm.dll+0x6f26a5]
V  [jvm.dll+0x5fabf6]
C  [ucrtbase.dll+0x29363]
C  [KERNEL32.DLL+0x1244d]
C  [ntdll.dll+0x5df88]


---------------  P R O C E S S  ---------------

Threads class SMR info:
_java_thread_list=0x0000027081e72de0, length=11, elements={
0x00000270dcdb9000, 0x00000270fe59f000, 0x00000270fe5a9000, 0x00000270fe601000,
0x00000270fe604000, 0x00000270fe605000, 0x00000270fe607800, 0x00000270fe608800,
0x00000270fe60f000, 0x00000270fe782000, 0x000002708084f000
}

Java Threads: ( => current thread )
  0x00000270dcdb9000 JavaThread "main" [_thread_blocked, id=9180, stack(0x0000008338400000,0x0000008338500000)]
  0x00000270fe59f000 JavaThread "Reference Handler" daemon [_thread_blocked, id=18656, stack(0x0000008338b00000,0x0000008338c00000)]
  0x00000270fe5a9000 JavaThread "Finalizer" daemon [_thread_blocked, id=11904, stack(0x0000008338c00000,0x0000008338d00000)]
  0x00000270fe601000 JavaThread "Signal Dispatcher" daemon [_thread_blocked, id=10628, stack(0x0000008338d00000,0x0000008338e00000)]
  0x00000270fe604000 JavaThread "Attach Listener" daemon [_thread_blocked, id=5688, stack(0x0000008338e00000,0x0000008338f00000)]
  0x00000270fe605000 JavaThread "Service Thread" daemon [_thread_blocked, id=1572, stack(0x0000008338f00000,0x0000008339000000)]
=>0x00000270fe607800 JavaThread "C2 CompilerThread0" daemon [_thread_in_native, id=16684, stack(0x0000008339000000,0x0000008339100000)]
  0x00000270fe608800 JavaThread "C1 CompilerThread0" daemon [_thread_blocked, id=2456, stack(0x0000008339100000,0x0000008339200000)]
  0x00000270fe60f000 JavaThread "Sweeper thread" daemon [_thread_blocked, id=5552, stack(0x0000008339200000,0x0000008339300000)]
  0x00000270fe782000 JavaThread "Common-Cleaner" daemon [_thread_blocked, id=15024, stack(0x0000008339400000,0x0000008339500000)]
  0x000002708084f000 JavaThread "C2 CompilerThread1" daemon [_thread_blocked, id=10644, stack(0x0000008339b00000,0x0000008339c00000)]

Other Threads:
  0x00000270fdacc000 VMThread "VM Thread" [stack: 0x0000008338a00000,0x0000008338b00000] [id=17416]
  0x00000270fe77e000 WatcherThread [stack: 0x0000008339300000,0x0000008339400000] [id=4740]
  0x00000270dcdd0800 GCTaskThread "GC Thread#0" [stack: 0x0000008338500000,0x0000008338600000] [id=12340]
  0x00000270feffc000 GCTaskThread "GC Thread#1" [stack: 0x0000008339600000,0x0000008339700000] [id=16160]
  0x00000270feffd000 GCTaskThread "GC Thread#2" [stack: 0x0000008339700000,0x0000008339800000] [id=16048]
  0x00000270feffd800 GCTaskThread "GC Thread#3" [stack: 0x0000008339800000,0x0000008339900000] [id=2736]
  0x00000270feffe800 GCTaskThread "GC Thread#4" [stack: 0x0000008339900000,0x0000008339a00000] [id=5820]
  0x0000027083a60800 GCTaskThread "GC Thread#5" [stack: 0x0000008339f00000,0x000000833a000000] [id=17160]
  0x0000027082095800 GCTaskThread "GC Thread#6" [stack: 0x000000833a000000,0x000000833a100000] [id=12868]
  0x00000270dce29000 ConcurrentGCThread "G1 Main Marker" [stack: 0x0000008338600000,0x0000008338700000] [id=3792]
  0x00000270dce2b800 ConcurrentGCThread "G1 Conc#0" [stack: 0x0000008338700000,0x0000008338800000] [id=20780]
  0x00000270ff0ad800 ConcurrentGCThread "G1 Conc#1" [stack: 0x0000008339500000,0x0000008339600000] [id=10152]
  0x00000270ff18c000 ConcurrentGCThread "G1 Conc#2" [stack: 0x0000008339a00000,0x0000008339b00000] [id=15688]
  0x00000270fd9bc800 ConcurrentGCThread "G1 Refine#0" [stack: 0x0000008338800000,0x0000008338900000] [id=1912]
  0x00000270800a9800 ConcurrentGCThread "G1 Refine#1" [stack: 0x0000008339d00000,0x0000008339e00000] [id=9448]
  0x00000270ff1d9000 ConcurrentGCThread "G1 Refine#2" [stack: 0x0000008339e00000,0x0000008339f00000] [id=13088]
  0x00000270fd9bd800 ConcurrentGCThread "G1 Young RemSet Sampling" [stack: 0x0000008338900000,0x0000008338a00000] [id=10112]

Threads with active compile tasks:
C2 CompilerThread0  10336 6883       4       org.jetbrains.kotlin.metadata.ProtoBuf$Function::writeTo (341 bytes)
C1 CompilerThread0  10336 6975       3       org.jetbrains.kotlin.psi.KtVisitorVoid::visitDotQualifiedExpression (10 bytes)
C2 CompilerThread1  10336 6903       4       org.jetbrains.kotlin.cli.jvm.index.JvmDependenciesIndexImpl::search (385 bytes)

VM state:at safepoint (normal execution)

VM Mutex/Monitor currently owned by a thread:  ([mutex/lock_event])
[0x00000270dcdb5ee0] Threads_lock - owner thread: 0x00000270fdacc000
[0x00000270dcdb58b0] Heap_lock - owner thread: 0x00000270dce29000

Heap address: 0x000000070a000000, size: 3936 MB, Compressed Oops mode: Zero based, Oop shift amount: 3
Narrow klass base: 0x0000000800000000, Narrow klass shift: 0
Compressed class space size: 1073741824 Address: 0x0000000800000000

Heap:
 garbage-first heap   total 303104K, used 47848K [0x000000070a000000, 0x0000000800000000)
  region size 1024K, 10 young (10240K), 8 survivors (8192K)
 Metaspace       used 59328K, capacity 60040K, committed 60248K, reserved 1101824K
  class space    used 6716K, capacity 7004K, committed 7040K, reserved 1048576K
Heap Regions: E=young(eden), S=young(survivor), O=old, HS=humongous(starts), HC=humongous(continues), CS=collection set, F=free, A=archive, TAMS=top-at-mark-start (previous, next)
|   0|0x000000070a000000, 0x000000070a100000, 0x000000070a100000|100%|HS|  |TAMS 0x000000070a100000, 0x000000070a100000| Complete 
|   1|0x000000070a100000, 0x000000070a200000, 0x000000070a200000|100%|HC|  |TAMS 0x000000070a200000, 0x000000070a200000| Complete 
|   2|0x000000070a200000, 0x000000070a300000, 0x000000070a300000|100%|HC|  |TAMS 0x000000070a300000, 0x000000070a300000| Complete 
|   3|0x000000070a300000, 0x000000070a400000, 0x000000070a400000|100%|HS|  |TAMS 0x000000070a400000, 0x000000070a400000| Complete 
|   4|0x000000070a400000, 0x000000070a500000, 0x000000070a500000|100%|HC|  |TAMS 0x000000070a500000, 0x000000070a500000| Complete 
|   5|0x000000070a500000, 0x000000070a600000, 0x000000070a600000|100%|HC|  |TAMS 0x000000070a600000, 0x000000070a600000| Complete 
|   6|0x000000070a600000, 0x000000070a700000, 0x000000070a700000|100%|HS|  |TAMS 0x000000070a600000, 0x000000070a700000| Complete 
|   7|0x000000070a700000, 0x000000070a800000, 0x000000070a800000|100%|HC|  |TAMS 0x000000070a700000, 0x000000070a800000| Complete 
|   8|0x000000070a800000, 0x000000070a900000, 0x000000070a900000|100%| O|  |TAMS 0x000000070a900000, 0x000000070a900000| Untracked 
|   9|0x000000070a900000, 0x000000070aa00000, 0x000000070aa00000|100%| O|  |TAMS 0x000000070aa00000, 0x000000070aa00000| Untracked 
|  10|0x000000070aa00000, 0x000000070ab00000, 0x000000070ab00000|100%| O|  |TAMS 0x000000070ab00000, 0x000000070ab00000| Untracked 
|  11|0x000000070ab00000, 0x000000070ac00000, 0x000000070ac00000|100%| O|  |TAMS 0x000000070ac00000, 0x000000070ac00000| Untracked 
|  12|0x000000070ac00000, 0x000000070ad00000, 0x000000070ad00000|100%| O|  |TAMS 0x000000070ad00000, 0x000000070ad00000| Untracked 
|  13|0x000000070ad00000, 0x000000070ae00000, 0x000000070ae00000|100%| O|  |TAMS 0x000000070ae00000, 0x000000070ae00000| Untracked 
|  14|0x000000070ae00000, 0x000000070af00000, 0x000000070af00000|100%| O|  |TAMS 0x000000070af00000, 0x000000070af00000| Untracked 
|  15|0x000000070af00000, 0x000000070b000000, 0x000000070b000000|100%| O|  |TAMS 0x000000070b000000, 0x000000070af00000| Updating 
|  16|0x000000070b000000, 0x000000070b100000, 0x000000070b100000|100%| O|  |TAMS 0x000000070b100000, 0x000000070b000000| Updating 
|  17|0x000000070b100000, 0x000000070b200000, 0x000000070b200000|100%| O|  |TAMS 0x000000070b200000, 0x000000070b100000| Updating 
|  18|0x000000070b200000, 0x000000070b300000, 0x000000070b300000|100%| O|  |TAMS 0x000000070b300000, 0x000000070b200000| Updating 
|  19|0x000000070b300000, 0x000000070b400000, 0x000000070b400000|100%| O|  |TAMS 0x000000070b400000, 0x000000070b300000| Updating 
|  20|0x000000070b400000, 0x000000070b500000, 0x000000070b500000|100%| O|  |TAMS 0x000000070b500000, 0x000000070b400000| Updating 
|  21|0x000000070b500000, 0x000000070b600000, 0x000000070b600000|100%| O|  |TAMS 0x000000070b600000, 0x000000070b500000| Updating 
|  22|0x000000070b600000, 0x000000070b700000, 0x000000070b700000|100%| O|  |TAMS 0x000000070b700000, 0x000000070b600000| Updating 
|  23|0x000000070b700000, 0x000000070b800000, 0x000000070b800000|100%| O|  |TAMS 0x000000070b800000, 0x000000070b700000| Updating 
|  24|0x000000070b800000, 0x000000070b900000, 0x000000070b900000|100%| O|  |TAMS 0x000000070b900000, 0x000000070b800000| Updating 
|  25|0x000000070b900000, 0x000000070ba00000, 0x000000070ba00000|100%| O|  |TAMS 0x000000070ba00000, 0x000000070b900000| Updating 
|  26|0x000000070ba00000, 0x000000070bb00000, 0x000000070bb00000|100%| O|  |TAMS 0x000000070bb00000, 0x000000070ba00000| Updating 
|  27|0x000000070bb00000, 0x000000070bc00000, 0x000000070bc00000|100%| O|  |TAMS 0x000000070bc00000, 0x000000070bb00000| Updating 
|  28|0x000000070bc00000, 0x000000070bd00000, 0x000000070bd00000|100%| O|  |TAMS 0x000000070bd00000, 0x000000070bc00000| Updating 
|  29|0x000000070bd00000, 0x000000070be00000, 0x000000070be00000|100%| O|  |TAMS 0x000000070be00000, 0x000000070bd00000| Updating 
|  30|0x000000070be00000, 0x000000070bf00000, 0x000000070bf00000|100%| O|  |TAMS 0x000000070bf00000, 0x000000070be00000| Updating 
|  31|0x000000070bf00000, 0x000000070c000000, 0x000000070c000000|100%| O|  |TAMS 0x000000070c000000, 0x000000070bf00000| Updating 
|  32|0x000000070c000000, 0x000000070c100000, 0x000000070c100000|100%| O|  |TAMS 0x000000070c100000, 0x000000070c000000| Updating 
|  33|0x000000070c100000, 0x000000070c200000, 0x000000070c200000|100%| O|  |TAMS 0x000000070c200000, 0x000000070c100000| Updating 
|  34|0x000000070c200000, 0x000000070c300000, 0x000000070c300000|100%| O|  |TAMS 0x000000070c300000, 0x000000070c200000| Updating 
|  35|0x000000070c300000, 0x000000070c400000, 0x000000070c400000|100%| O|  |TAMS 0x000000070c400000, 0x000000070c300000| Updating 
|  36|0x000000070c400000, 0x000000070c500000, 0x000000070c500000|100%| O|  |TAMS 0x000000070c500000, 0x000000070c400000| Updating 
|  37|0x000000070c500000, 0x000000070c5c4e00, 0x000000070c600000| 76%| O|  |TAMS 0x000000070c5c4e00, 0x000000070c500000| Updating 
|  38|0x000000070c600000, 0x000000070c600000, 0x000000070c700000|  0%| F|  |TAMS 0x000000070c600000, 0x000000070c600000| Untracked 
|  39|0x000000070c700000, 0x000000070c700000, 0x000000070c800000|  0%| F|  |TAMS 0x000000070c700000, 0x000000070c700000| Untracked 
|  40|0x000000070c800000, 0x000000070c800000, 0x000000070c900000|  0%| F|  |TAMS 0x000000070c800000, 0x000000070c800000| Untracked 
|  41|0x000000070c900000, 0x000000070c900000, 0x000000070ca00000|  0%| F|  |TAMS 0x000000070c900000, 0x000000070c900000| Untracked 
|  42|0x000000070ca00000, 0x000000070ca00000, 0x000000070cb00000|  0%| F|  |TAMS 0x000000070ca00000, 0x000000070ca00000| Untracked 
|  43|0x000000070cb00000, 0x000000070cb00000, 0x000000070cc00000|  0%| F|  |TAMS 0x000000070cb00000, 0x000000070cb00000| Untracked 
|  44|0x000000070cc00000, 0x000000070cc00000, 0x000000070cd00000|  0%| F|  |TAMS 0x000000070cc00000, 0x000000070cc00000| Untracked 
|  45|0x000000070cd00000, 0x000000070cd00000, 0x000000070ce00000|  0%| F|  |TAMS 0x000000070cd00000, 0x000000070cd00000| Untracked 
|  46|0x000000070ce00000, 0x000000070ce00000, 0x000000070cf00000|  0%| F|  |TAMS 0x000000070ce00000, 0x000000070ce00000| Untracked 
|  47|0x000000070cf00000, 0x000000070cf00000, 0x000000070d000000|  0%| F|  |TAMS 0x000000070cf00000, 0x000000070cf00000| Untracked 
|  48|0x000000070d000000, 0x000000070d000000, 0x000000070d100000|  0%| F|  |TAMS 0x000000070d000000, 0x000000070d000000| Untracked 
|  49|0x000000070d100000, 0x000000070d100000, 0x000000070d200000|  0%| F|  |TAMS 0x000000070d100000, 0x000000070d100000| Untracked 
|  50|0x000000070d200000, 0x000000070d200000, 0x000000070d300000|  0%| F|  |TAMS 0x000000070d200000, 0x000000070d200000| Untracked 
|  51|0x000000070d300000, 0x000000070d300000, 0x000000070d400000|  0%| F|  |TAMS 0x000000070d300000, 0x000000070d300000| Untracked 
|  52|0x000000070d400000, 0x000000070d400000, 0x000000070d500000|  0%| F|  |TAMS 0x000000070d400000, 0x000000070d400000| Untracked 
|  53|0x000000070d500000, 0x000000070d500000, 0x000000070d600000|  0%| F|  |TAMS 0x000000070d500000, 0x000000070d500000| Untracked 
|  54|0x000000070d600000, 0x000000070d600000, 0x000000070d700000|  0%| F|  |TAMS 0x000000070d600000, 0x000000070d600000| Untracked 
|  55|0x000000070d700000, 0x000000070d700000, 0x000000070d800000|  0%| F|  |TAMS 0x000000070d700000, 0x000000070d700000| Untracked 
|  56|0x000000070d800000, 0x000000070d800000, 0x000000070d900000|  0%| F|  |TAMS 0x000000070d800000, 0x000000070d800000| Untracked 
|  57|0x000000070d900000, 0x000000070d900000, 0x000000070da00000|  0%| F|  |TAMS 0x000000070d900000, 0x000000070d900000| Untracked 
|  58|0x000000070da00000, 0x000000070da00000, 0x000000070db00000|  0%| F|  |TAMS 0x000000070da00000, 0x000000070da00000| Untracked 
|  59|0x000000070db00000, 0x000000070db00000, 0x000000070dc00000|  0%| F|  |TAMS 0x000000070db00000, 0x000000070db00000| Untracked 
|  60|0x000000070dc00000, 0x000000070dc00000, 0x000000070dd00000|  0%| F|  |TAMS 0x000000070dc00000, 0x000000070dc00000| Untracked 
|  61|0x000000070dd00000, 0x000000070dd00000, 0x000000070de00000|  0%| F|  |TAMS 0x000000070dd00000, 0x000000070dd00000| Untracked 
|  62|0x000000070de00000, 0x000000070de00000, 0x000000070df00000|  0%| F|  |TAMS 0x000000070de00000, 0x000000070de00000| Untracked 
|  63|0x000000070df00000, 0x000000070df00000, 0x000000070e000000|  0%| F|  |TAMS 0x000000070df00000, 0x000000070df00000| Untracked 
|  64|0x000000070e000000, 0x000000070e000000, 0x000000070e100000|  0%| F|  |TAMS 0x000000070e000000, 0x000000070e000000| Untracked 
|  65|0x000000070e100000, 0x000000070e100000, 0x000000070e200000|  0%| F|  |TAMS 0x000000070e100000, 0x000000070e100000| Untracked 
|  66|0x000000070e200000, 0x000000070e200000, 0x000000070e300000|  0%| F|  |TAMS 0x000000070e200000, 0x000000070e200000| Untracked 
|  67|0x000000070e300000, 0x000000070e300000, 0x000000070e400000|  0%| F|  |TAMS 0x000000070e300000, 0x000000070e300000| Untracked 
|  68|0x000000070e400000, 0x000000070e400000, 0x000000070e500000|  0%| F|  |TAMS 0x000000070e400000, 0x000000070e400000| Untracked 
|  69|0x000000070e500000, 0x000000070e500000, 0x000000070e600000|  0%| F|  |TAMS 0x000000070e500000, 0x000000070e500000| Untracked 
|  70|0x000000070e600000, 0x000000070e600000, 0x000000070e700000|  0%| F|  |TAMS 0x000000070e600000, 0x000000070e600000| Untracked 
|  71|0x000000070e700000, 0x000000070e700000, 0x000000070e800000|  0%| F|  |TAMS 0x000000070e700000, 0x000000070e700000| Untracked 
|  72|0x000000070e800000, 0x000000070e800000, 0x000000070e900000|  0%| F|  |TAMS 0x000000070e800000, 0x000000070e800000| Untracked 
|  73|0x000000070e900000, 0x000000070e900000, 0x000000070ea00000|  0%| F|  |TAMS 0x000000070e900000, 0x000000070e900000| Untracked 
|  74|0x000000070ea00000, 0x000000070ea00000, 0x000000070eb00000|  0%| F|  |TAMS 0x000000070ea00000, 0x000000070ea00000| Untracked 
|  75|0x000000070eb00000, 0x000000070eb00000, 0x000000070ec00000|  0%| F|  |TAMS 0x000000070eb00000, 0x000000070eb00000| Untracked 
|  76|0x000000070ec00000, 0x000000070ec00000, 0x000000070ed00000|  0%| F|  |TAMS 0x000000070ec00000, 0x000000070ec00000| Untracked 
|  77|0x000000070ed00000, 0x000000070ed00000, 0x000000070ee00000|  0%| F|  |TAMS 0x000000070ed00000, 0x000000070ed00000| Untracked 
|  78|0x000000070ee00000, 0x000000070ee00000, 0x000000070ef00000|  0%| F|  |TAMS 0x000000070ee00000, 0x000000070ee00000| Untracked 
|  79|0x000000070ef00000, 0x000000070ef00000, 0x000000070f000000|  0%| F|  |TAMS 0x000000070ef00000, 0x000000070ef00000| Untracked 
|  80|0x000000070f000000, 0x000000070f000000, 0x000000070f100000|  0%| F|  |TAMS 0x000000070f000000, 0x000000070f000000| Untracked 
|  81|0x000000070f100000, 0x000000070f100000, 0x000000070f200000|  0%| F|  |TAMS 0x000000070f100000, 0x000000070f100000| Untracked 
|  82|0x000000070f200000, 0x000000070f200000, 0x000000070f300000|  0%| F|  |TAMS 0x000000070f200000, 0x000000070f200000| Untracked 
|  83|0x000000070f300000, 0x000000070f300000, 0x000000070f400000|  0%| F|  |TAMS 0x000000070f300000, 0x000000070f300000| Untracked 
|  84|0x000000070f400000, 0x000000070f400000, 0x000000070f500000|  0%| F|  |TAMS 0x000000070f400000, 0x000000070f400000| Untracked 
|  85|0x000000070f500000, 0x000000070f500000, 0x000000070f600000|  0%| F|  |TAMS 0x000000070f500000, 0x000000070f500000| Untracked 
|  86|0x000000070f600000, 0x000000070f600000, 0x000000070f700000|  0%| F|  |TAMS 0x000000070f600000, 0x000000070f600000| Untracked 
|  87|0x000000070f700000, 0x000000070f700000, 0x000000070f800000|  0%| F|  |TAMS 0x000000070f700000, 0x000000070f700000| Untracked 
|  88|0x000000070f800000, 0x000000070f800000, 0x000000070f900000|  0%| F|  |TAMS 0x000000070f800000, 0x000000070f800000| Untracked 
|  89|0x000000070f900000, 0x000000070f900000, 0x000000070fa00000|  0%| F|  |TAMS 0x000000070f900000, 0x000000070f900000| Untracked 
|  90|0x000000070fa00000, 0x000000070fa00000, 0x000000070fb00000|  0%| F|  |TAMS 0x000000070fa00000, 0x000000070fa00000| Untracked 
|  91|0x000000070fb00000, 0x000000070fb00000, 0x000000070fc00000|  0%| F|  |TAMS 0x000000070fb00000, 0x000000070fb00000| Untracked 
|  92|0x000000070fc00000, 0x000000070fc00000, 0x000000070fd00000|  0%| F|  |TAMS 0x000000070fc00000, 0x000000070fc00000| Untracked 
|  93|0x000000070fd00000, 0x000000070fd00000, 0x000000070fe00000|  0%| F|  |TAMS 0x000000070fd00000, 0x000000070fd00000| Untracked 
|  94|0x000000070fe00000, 0x000000070fe00000, 0x000000070ff00000|  0%| F|  |TAMS 0x000000070fe00000, 0x000000070fe00000| Untracked 
|  95|0x000000070ff00000, 0x000000070ff00000, 0x0000000710000000|  0%| F|  |TAMS 0x000000070ff00000, 0x000000070ff00000| Untracked 
|  96|0x0000000710000000, 0x0000000710000000, 0x0000000710100000|  0%| F|  |TAMS 0x0000000710000000, 0x0000000710000000| Untracked 
|  97|0x0000000710100000, 0x0000000710100000, 0x0000000710200000|  0%| F|  |TAMS 0x0000000710100000, 0x0000000710100000| Untracked 
|  98|0x0000000710200000, 0x0000000710200000, 0x0000000710300000|  0%| F|  |TAMS 0x0000000710200000, 0x0000000710200000| Untracked 
|  99|0x0000000710300000, 0x0000000710300000, 0x0000000710400000|  0%| F|  |TAMS 0x0000000710300000, 0x0000000710300000| Untracked 
| 100|0x0000000710400000, 0x0000000710400000, 0x0000000710500000|  0%| F|  |TAMS 0x0000000710400000, 0x0000000710400000| Untracked 
| 101|0x0000000710500000, 0x0000000710500000, 0x0000000710600000|  0%| F|  |TAMS 0x0000000710500000, 0x0000000710500000| Untracked 
| 102|0x0000000710600000, 0x0000000710600000, 0x0000000710700000|  0%| F|  |TAMS 0x0000000710600000, 0x0000000710600000| Untracked 
| 103|0x0000000710700000, 0x0000000710700000, 0x0000000710800000|  0%| F|  |TAMS 0x0000000710700000, 0x0000000710700000| Untracked 
| 104|0x0000000710800000, 0x0000000710800000, 0x0000000710900000|  0%| F|  |TAMS 0x0000000710800000, 0x0000000710800000| Untracked 
| 105|0x0000000710900000, 0x0000000710900000, 0x0000000710a00000|  0%| F|  |TAMS 0x0000000710900000, 0x0000000710900000| Untracked 
| 106|0x0000000710a00000, 0x0000000710a00000, 0x0000000710b00000|  0%| F|  |TAMS 0x0000000710a00000, 0x0000000710a00000| Untracked 
| 107|0x0000000710b00000, 0x0000000710b00000, 0x0000000710c00000|  0%| F|  |TAMS 0x0000000710b00000, 0x0000000710b00000| Untracked 
| 108|0x0000000710c00000, 0x0000000710c00000, 0x0000000710d00000|  0%| F|  |TAMS 0x0000000710c00000, 0x0000000710c00000| Untracked 
| 109|0x0000000710d00000, 0x0000000710d00000, 0x0000000710e00000|  0%| F|  |TAMS 0x0000000710d00000, 0x0000000710d00000| Untracked 
| 110|0x0000000710e00000, 0x0000000710e00000, 0x0000000710f00000|  0%| F|  |TAMS 0x0000000710e00000, 0x0000000710e00000| Untracked 
| 111|0x0000000710f00000, 0x0000000710f00000, 0x0000000711000000|  0%| F|  |TAMS 0x0000000710f00000, 0x0000000710f00000| Untracked 
| 112|0x0000000711000000, 0x0000000711000000, 0x0000000711100000|  0%| F|  |TAMS 0x0000000711000000, 0x0000000711000000| Untracked 
| 113|0x0000000711100000, 0x0000000711100000, 0x0000000711200000|  0%| F|  |TAMS 0x0000000711100000, 0x0000000711100000| Untracked 
| 114|0x0000000711200000, 0x0000000711200000, 0x0000000711300000|  0%| F|  |TAMS 0x0000000711200000, 0x0000000711200000| Untracked 
| 115|0x0000000711300000, 0x0000000711300000, 0x0000000711400000|  0%| F|  |TAMS 0x0000000711300000, 0x0000000711300000| Untracked 
| 116|0x0000000711400000, 0x0000000711400000, 0x0000000711500000|  0%| F|  |TAMS 0x0000000711400000, 0x0000000711400000| Untracked 
| 117|0x0000000711500000, 0x0000000711500000, 0x0000000711600000|  0%| F|  |TAMS 0x0000000711500000, 0x0000000711500000| Untracked 
| 118|0x0000000711600000, 0x0000000711600000, 0x0000000711700000|  0%| F|  |TAMS 0x0000000711600000, 0x0000000711600000| Untracked 
| 119|0x0000000711700000, 0x0000000711700000, 0x0000000711800000|  0%| F|  |TAMS 0x0000000711700000, 0x0000000711700000| Untracked 
| 120|0x0000000711800000, 0x0000000711800000, 0x0000000711900000|  0%| F|  |TAMS 0x0000000711800000, 0x0000000711800000| Untracked 
| 121|0x0000000711900000, 0x0000000711900000, 0x0000000711a00000|  0%| F|  |TAMS 0x0000000711900000, 0x0000000711900000| Untracked 
| 122|0x0000000711a00000, 0x0000000711a00000, 0x0000000711b00000|  0%| F|  |TAMS 0x0000000711a00000, 0x0000000711a00000| Untracked 
| 123|0x0000000711b00000, 0x0000000711b00000, 0x0000000711c00000|  0%| F|  |TAMS 0x0000000711b00000, 0x0000000711b00000| Untracked 
| 124|0x0000000711c00000, 0x0000000711c00000, 0x0000000711d00000|  0%| F|  |TAMS 0x0000000711c00000, 0x0000000711c00000| Untracked 
| 125|0x0000000711d00000, 0x0000000711d00000, 0x0000000711e00000|  0%| F|  |TAMS 0x0000000711d00000, 0x0000000711d00000| Untracked 
| 126|0x0000000711e00000, 0x0000000711e00000, 0x0000000711f00000|  0%| F|  |TAMS 0x0000000711e00000, 0x0000000711e00000| Untracked 
| 127|0x0000000711f00000, 0x0000000711f00000, 0x0000000712000000|  0%| F|  |TAMS 0x0000000711f00000, 0x0000000711f00000| Untracked 
| 128|0x0000000712000000, 0x0000000712000000, 0x0000000712100000|  0%| F|  |TAMS 0x0000000712000000, 0x0000000712000000| Untracked 
| 129|0x0000000712100000, 0x0000000712100000, 0x0000000712200000|  0%| F|  |TAMS 0x0000000712100000, 0x0000000712100000| Untracked 
| 130|0x0000000712200000, 0x0000000712200000, 0x0000000712300000|  0%| F|  |TAMS 0x0000000712200000, 0x0000000712200000| Untracked 
| 131|0x0000000712300000, 0x0000000712300000, 0x0000000712400000|  0%| F|  |TAMS 0x0000000712300000, 0x0000000712300000| Untracked 
| 132|0x0000000712400000, 0x0000000712400000, 0x0000000712500000|  0%| F|  |TAMS 0x0000000712400000, 0x0000000712400000| Untracked 
| 133|0x0000000712500000, 0x0000000712500000, 0x0000000712600000|  0%| F|  |TAMS 0x0000000712500000, 0x0000000712500000| Untracked 
| 134|0x0000000712600000, 0x0000000712600000, 0x0000000712700000|  0%| F|  |TAMS 0x0000000712600000, 0x0000000712600000| Untracked 
| 135|0x0000000712700000, 0x0000000712700000, 0x0000000712800000|  0%| F|  |TAMS 0x0000000712700000, 0x0000000712700000| Untracked 
| 136|0x0000000712800000, 0x0000000712800000, 0x0000000712900000|  0%| F|  |TAMS 0x0000000712800000, 0x0000000712800000| Untracked 
| 137|0x0000000712900000, 0x0000000712900000, 0x0000000712a00000|  0%| F|  |TAMS 0x0000000712900000, 0x0000000712900000| Untracked 
| 138|0x0000000712a00000, 0x0000000712a00000, 0x0000000712b00000|  0%| F|  |TAMS 0x0000000712a00000, 0x0000000712a00000| Untracked 
| 139|0x0000000712b00000, 0x0000000712b00000, 0x0000000712c00000|  0%| F|  |TAMS 0x0000000712b00000, 0x0000000712b00000| Untracked 
| 140|0x0000000712c00000, 0x0000000712c00000, 0x0000000712d00000|  0%| F|  |TAMS 0x0000000712c00000, 0x0000000712c00000| Untracked 
| 141|0x0000000712d00000, 0x0000000712d00000, 0x0000000712e00000|  0%| F|  |TAMS 0x0000000712d00000, 0x0000000712d00000| Untracked 
| 142|0x0000000712e00000, 0x0000000712e00000, 0x0000000712f00000|  0%| F|  |TAMS 0x0000000712e00000, 0x0000000712e00000| Untracked 
| 143|0x0000000712f00000, 0x0000000712f00000, 0x0000000713000000|  0%| F|  |TAMS 0x0000000712f00000, 0x0000000712f00000| Untracked 
| 144|0x0000000713000000, 0x0000000713000000, 0x0000000713100000|  0%| F|  |TAMS 0x0000000713000000, 0x0000000713000000| Untracked 
| 145|0x0000000713100000, 0x0000000713100000, 0x0000000713200000|  0%| F|  |TAMS 0x0000000713100000, 0x0000000713100000| Untracked 
| 146|0x0000000713200000, 0x0000000713200000, 0x0000000713300000|  0%| F|  |TAMS 0x0000000713200000, 0x0000000713200000| Untracked 
| 147|0x0000000713300000, 0x0000000713300000, 0x0000000713400000|  0%| F|  |TAMS 0x0000000713300000, 0x0000000713300000| Untracked 
| 148|0x0000000713400000, 0x0000000713400000, 0x0000000713500000|  0%| F|  |TAMS 0x0000000713400000, 0x0000000713400000| Untracked 
| 149|0x0000000713500000, 0x0000000713500000, 0x0000000713600000|  0%| F|  |TAMS 0x0000000713500000, 0x0000000713500000| Untracked 
| 150|0x0000000713600000, 0x0000000713600000, 0x0000000713700000|  0%| F|  |TAMS 0x0000000713600000, 0x0000000713600000| Untracked 
| 151|0x0000000713700000, 0x0000000713700000, 0x0000000713800000|  0%| F|  |TAMS 0x0000000713700000, 0x0000000713700000| Untracked 
| 152|0x0000000713800000, 0x0000000713800000, 0x0000000713900000|  0%| F|  |TAMS 0x0000000713800000, 0x0000000713800000| Untracked 
| 153|0x0000000713900000, 0x0000000713900000, 0x0000000713a00000|  0%| F|  |TAMS 0x0000000713900000, 0x0000000713900000| Untracked 
| 154|0x0000000713a00000, 0x0000000713a00000, 0x0000000713b00000|  0%| F|  |TAMS 0x0000000713a00000, 0x0000000713a00000| Untracked 
| 155|0x0000000713b00000, 0x0000000713b00000, 0x0000000713c00000|  0%| F|  |TAMS 0x0000000713b00000, 0x0000000713b00000| Untracked 
| 156|0x0000000713c00000, 0x0000000713c00000, 0x0000000713d00000|  0%| F|  |TAMS 0x0000000713c00000, 0x0000000713c00000| Untracked 
| 157|0x0000000713d00000, 0x0000000713d00000, 0x0000000713e00000|  0%| F|  |TAMS 0x0000000713d00000, 0x0000000713d00000| Untracked 
| 158|0x0000000713e00000, 0x0000000713e00000, 0x0000000713f00000|  0%| F|  |TAMS 0x0000000713e00000, 0x0000000713e00000| Untracked 
| 159|0x0000000713f00000, 0x0000000713f00000, 0x0000000714000000|  0%| F|  |TAMS 0x0000000713f00000, 0x0000000713f00000| Untracked 
| 160|0x0000000714000000, 0x0000000714000000, 0x0000000714100000|  0%| F|  |TAMS 0x0000000714000000, 0x0000000714000000| Untracked 
| 161|0x0000000714100000, 0x0000000714100000, 0x0000000714200000|  0%| F|  |TAMS 0x0000000714100000, 0x0000000714100000| Untracked 
| 162|0x0000000714200000, 0x0000000714200000, 0x0000000714300000|  0%| F|  |TAMS 0x0000000714200000, 0x0000000714200000| Untracked 
| 163|0x0000000714300000, 0x0000000714300000, 0x0000000714400000|  0%| F|  |TAMS 0x0000000714300000, 0x0000000714300000| Untracked 
| 164|0x0000000714400000, 0x0000000714400000, 0x0000000714500000|  0%| F|  |TAMS 0x0000000714400000, 0x0000000714400000| Untracked 
| 165|0x0000000714500000, 0x0000000714500000, 0x0000000714600000|  0%| F|  |TAMS 0x0000000714500000, 0x0000000714500000| Untracked 
| 166|0x0000000714600000, 0x0000000714600000, 0x0000000714700000|  0%| F|  |TAMS 0x0000000714600000, 0x0000000714600000| Untracked 
| 167|0x0000000714700000, 0x0000000714700000, 0x0000000714800000|  0%| F|  |TAMS 0x0000000714700000, 0x0000000714700000| Untracked 
| 168|0x0000000714800000, 0x0000000714800000, 0x0000000714900000|  0%| F|  |TAMS 0x0000000714800000, 0x0000000714800000| Untracked 
| 169|0x0000000714900000, 0x0000000714900000, 0x0000000714a00000|  0%| F|  |TAMS 0x0000000714900000, 0x0000000714900000| Untracked 
| 170|0x0000000714a00000, 0x0000000714a00000, 0x0000000714b00000|  0%| F|  |TAMS 0x0000000714a00000, 0x0000000714a00000| Untracked 
| 171|0x0000000714b00000, 0x0000000714b00000, 0x0000000714c00000|  0%| F|  |TAMS 0x0000000714b00000, 0x0000000714b00000| Untracked 
| 172|0x0000000714c00000, 0x0000000714c00000, 0x0000000714d00000|  0%| F|  |TAMS 0x0000000714c00000, 0x0000000714c00000| Untracked 
| 173|0x0000000714d00000, 0x0000000714d00000, 0x0000000714e00000|  0%| F|  |TAMS 0x0000000714d00000, 0x0000000714d00000| Untracked 
| 174|0x0000000714e00000, 0x0000000714e00000, 0x0000000714f00000|  0%| F|  |TAMS 0x0000000714e00000, 0x0000000714e00000| Untracked 
| 175|0x0000000714f00000, 0x0000000714f00000, 0x0000000715000000|  0%| F|  |TAMS 0x0000000714f00000, 0x0000000714f00000| Untracked 
| 176|0x0000000715000000, 0x0000000715000000, 0x0000000715100000|  0%| F|  |TAMS 0x0000000715000000, 0x0000000715000000| Untracked 
| 177|0x0000000715100000, 0x0000000715100000, 0x0000000715200000|  0%| F|  |TAMS 0x0000000715100000, 0x0000000715100000| Untracked 
| 178|0x0000000715200000, 0x0000000715200000, 0x0000000715300000|  0%| F|  |TAMS 0x0000000715200000, 0x0000000715200000| Untracked 
| 179|0x0000000715300000, 0x0000000715300000, 0x0000000715400000|  0%| F|  |TAMS 0x0000000715300000, 0x0000000715300000| Untracked 
| 180|0x0000000715400000, 0x0000000715400000, 0x0000000715500000|  0%| F|  |TAMS 0x0000000715400000, 0x0000000715400000| Untracked 
| 181|0x0000000715500000, 0x0000000715500000, 0x0000000715600000|  0%| F|  |TAMS 0x0000000715500000, 0x0000000715500000| Untracked 
| 182|0x0000000715600000, 0x0000000715600000, 0x0000000715700000|  0%| F|  |TAMS 0x0000000715600000, 0x0000000715600000| Untracked 
| 183|0x0000000715700000, 0x0000000715700000, 0x0000000715800000|  0%| F|  |TAMS 0x0000000715700000, 0x0000000715700000| Untracked 
| 184|0x0000000715800000, 0x0000000715800000, 0x0000000715900000|  0%| F|  |TAMS 0x0000000715800000, 0x0000000715800000| Untracked 
| 185|0x0000000715900000, 0x0000000715900000, 0x0000000715a00000|  0%| F|  |TAMS 0x0000000715900000, 0x0000000715900000| Untracked 
| 186|0x0000000715a00000, 0x0000000715a00000, 0x0000000715b00000|  0%| F|  |TAMS 0x0000000715a00000, 0x0000000715a00000| Untracked 
| 187|0x0000000715b00000, 0x0000000715b00000, 0x0000000715c00000|  0%| F|  |TAMS 0x0000000715b00000, 0x0000000715b00000| Untracked 
| 188|0x0000000715c00000, 0x0000000715c00000, 0x0000000715d00000|  0%| F|  |TAMS 0x0000000715c00000, 0x0000000715c00000| Untracked 
| 189|0x0000000715d00000, 0x0000000715d00000, 0x0000000715e00000|  0%| F|  |TAMS 0x0000000715d00000, 0x0000000715d00000| Untracked 
| 190|0x0000000715e00000, 0x0000000715e00000, 0x0000000715f00000|  0%| F|  |TAMS 0x0000000715e00000, 0x0000000715e00000| Untracked 
| 191|0x0000000715f00000, 0x0000000715f00000, 0x0000000716000000|  0%| F|  |TAMS 0x0000000715f00000, 0x0000000715f00000| Untracked 
| 192|0x0000000716000000, 0x0000000716000000, 0x0000000716100000|  0%| F|  |TAMS 0x0000000716000000, 0x0000000716000000| Untracked 
| 193|0x0000000716100000, 0x0000000716100000, 0x0000000716200000|  0%| F|  |TAMS 0x0000000716100000, 0x0000000716100000| Untracked 
| 194|0x0000000716200000, 0x0000000716200000, 0x0000000716300000|  0%| F|  |TAMS 0x0000000716200000, 0x0000000716200000| Untracked 
| 195|0x0000000716300000, 0x0000000716300000, 0x0000000716400000|  0%| F|  |TAMS 0x0000000716300000, 0x0000000716300000| Untracked 
| 196|0x0000000716400000, 0x0000000716400000, 0x0000000716500000|  0%| F|  |TAMS 0x0000000716400000, 0x0000000716400000| Untracked 
| 197|0x0000000716500000, 0x0000000716500000, 0x0000000716600000|  0%| F|  |TAMS 0x0000000716500000, 0x0000000716500000| Untracked 
| 198|0x0000000716600000, 0x0000000716600000, 0x0000000716700000|  0%| F|  |TAMS 0x0000000716600000, 0x0000000716600000| Untracked 
| 199|0x0000000716700000, 0x0000000716700000, 0x0000000716800000|  0%| F|  |TAMS 0x0000000716700000, 0x0000000716700000| Untracked 
| 200|0x0000000716800000, 0x0000000716800000, 0x0000000716900000|  0%| F|  |TAMS 0x0000000716800000, 0x0000000716800000| Untracked 
| 201|0x0000000716900000, 0x0000000716900000, 0x0000000716a00000|  0%| F|  |TAMS 0x0000000716900000, 0x0000000716900000| Untracked 
| 202|0x0000000716a00000, 0x0000000716a00000, 0x0000000716b00000|  0%| F|  |TAMS 0x0000000716a00000, 0x0000000716a00000| Untracked 
| 203|0x0000000716b00000, 0x0000000716b00000, 0x0000000716c00000|  0%| F|  |TAMS 0x0000000716b00000, 0x0000000716b00000| Untracked 
| 204|0x0000000716c00000, 0x0000000716c00000, 0x0000000716d00000|  0%| F|  |TAMS 0x0000000716c00000, 0x0000000716c00000| Untracked 
| 205|0x0000000716d00000, 0x0000000716d00000, 0x0000000716e00000|  0%| F|  |TAMS 0x0000000716d00000, 0x0000000716d00000| Untracked 
| 206|0x0000000716e00000, 0x0000000716e00000, 0x0000000716f00000|  0%| F|  |TAMS 0x0000000716e00000, 0x0000000716e00000| Untracked 
| 207|0x0000000716f00000, 0x0000000716f00000, 0x0000000717000000|  0%| F|  |TAMS 0x0000000716f00000, 0x0000000716f00000| Untracked 
| 208|0x0000000717000000, 0x0000000717000000, 0x0000000717100000|  0%| F|  |TAMS 0x0000000717000000, 0x0000000717000000| Untracked 
| 209|0x0000000717100000, 0x0000000717100000, 0x0000000717200000|  0%| F|  |TAMS 0x0000000717100000, 0x0000000717100000| Untracked 
| 210|0x0000000717200000, 0x0000000717200000, 0x0000000717300000|  0%| F|  |TAMS 0x0000000717200000, 0x0000000717200000| Untracked 
| 211|0x0000000717300000, 0x0000000717300000, 0x0000000717400000|  0%| F|  |TAMS 0x0000000717300000, 0x0000000717300000| Untracked 
| 212|0x0000000717400000, 0x0000000717400000, 0x0000000717500000|  0%| F|  |TAMS 0x0000000717400000, 0x0000000717400000| Untracked 
| 213|0x0000000717500000, 0x0000000717500000, 0x0000000717600000|  0%| F|  |TAMS 0x0000000717500000, 0x0000000717500000| Untracked 
| 214|0x0000000717600000, 0x0000000717600000, 0x0000000717700000|  0%| F|  |TAMS 0x0000000717600000, 0x0000000717600000| Untracked 
| 215|0x0000000717700000, 0x0000000717700000, 0x0000000717800000|  0%| F|  |TAMS 0x0000000717700000, 0x0000000717700000| Untracked 
| 216|0x0000000717800000, 0x0000000717800000, 0x0000000717900000|  0%| F|  |TAMS 0x0000000717800000, 0x0000000717800000| Untracked 
| 217|0x0000000717900000, 0x0000000717900000, 0x0000000717a00000|  0%| F|  |TAMS 0x0000000717900000, 0x0000000717900000| Untracked 
| 218|0x0000000717a00000, 0x0000000717a00000, 0x0000000717b00000|  0%| F|  |TAMS 0x0000000717a00000, 0x0000000717a00000| Untracked 
| 219|0x0000000717b00000, 0x0000000717b00000, 0x0000000717c00000|  0%| F|  |TAMS 0x0000000717b00000, 0x0000000717b00000| Untracked 
| 220|0x0000000717c00000, 0x0000000717c00000, 0x0000000717d00000|  0%| F|  |TAMS 0x0000000717c00000, 0x0000000717c00000| Untracked 
| 221|0x0000000717d00000, 0x0000000717d00000, 0x0000000717e00000|  0%| F|  |TAMS 0x0000000717d00000, 0x0000000717d00000| Untracked 
| 222|0x0000000717e00000, 0x0000000717e00000, 0x0000000717f00000|  0%| F|  |TAMS 0x0000000717e00000, 0x0000000717e00000| Untracked 
| 223|0x0000000717f00000, 0x0000000717f00000, 0x0000000718000000|  0%| F|  |TAMS 0x0000000717f00000, 0x0000000717f00000| Untracked 
| 224|0x0000000718000000, 0x0000000718000000, 0x0000000718100000|  0%| F|  |TAMS 0x0000000718000000, 0x0000000718000000| Untracked 
| 225|0x0000000718100000, 0x00000007181f5520, 0x0000000718200000| 95%| S|CS|TAMS 0x0000000718100000, 0x0000000718100000| Complete 
| 226|0x0000000718200000, 0x0000000718300000, 0x0000000718300000|100%| S|CS|TAMS 0x0000000718200000, 0x0000000718200000| Complete 
| 227|0x0000000718300000, 0x0000000718400000, 0x0000000718400000|100%| S|CS|TAMS 0x0000000718300000, 0x0000000718300000| Complete 
| 228|0x0000000718400000, 0x0000000718500000, 0x0000000718500000|100%| S|CS|TAMS 0x0000000718400000, 0x0000000718400000| Complete 
| 229|0x0000000718500000, 0x0000000718600000, 0x0000000718600000|100%| S|CS|TAMS 0x0000000718500000, 0x0000000718500000| Complete 
| 230|0x0000000718600000, 0x0000000718700000, 0x0000000718700000|100%| S|CS|TAMS 0x0000000718600000, 0x0000000718600000| Complete 
| 231|0x0000000718700000, 0x0000000718800000, 0x0000000718800000|100%| S|CS|TAMS 0x0000000718700000, 0x0000000718700000| Complete 
| 232|0x0000000718800000, 0x0000000718900000, 0x0000000718900000|100%| S|CS|TAMS 0x0000000718800000, 0x0000000718800000| Complete 
| 233|0x0000000718900000, 0x0000000718900000, 0x0000000718a00000|  0%| F|  |TAMS 0x0000000718900000, 0x0000000718900000| Untracked 
| 234|0x0000000718a00000, 0x0000000718a00000, 0x0000000718b00000|  0%| F|  |TAMS 0x0000000718a00000, 0x0000000718a00000| Untracked 
| 235|0x0000000718b00000, 0x0000000718b00000, 0x0000000718c00000|  0%| F|  |TAMS 0x0000000718b00000, 0x0000000718b00000| Untracked 
| 236|0x0000000718c00000, 0x0000000718c00000, 0x0000000718d00000|  0%| F|  |TAMS 0x0000000718c00000, 0x0000000718c00000| Untracked 
| 237|0x0000000718d00000, 0x0000000718d00000, 0x0000000718e00000|  0%| F|  |TAMS 0x0000000718d00000, 0x0000000718d00000| Untracked 
| 238|0x0000000718e00000, 0x0000000718e00000, 0x0000000718f00000|  0%| F|  |TAMS 0x0000000718e00000, 0x0000000718e00000| Untracked 
| 239|0x0000000718f00000, 0x0000000718f00000, 0x0000000719000000|  0%| F|  |TAMS 0x0000000718f00000, 0x0000000718f00000| Untracked 
| 240|0x0000000719000000, 0x0000000719000000, 0x0000000719100000|  0%| F|  |TAMS 0x0000000719000000, 0x0000000719000000| Untracked 
| 241|0x0000000719100000, 0x0000000719100000, 0x0000000719200000|  0%| F|  |TAMS 0x0000000719100000, 0x0000000719100000| Untracked 
| 242|0x0000000719200000, 0x0000000719200000, 0x0000000719300000|  0%| F|  |TAMS 0x0000000719200000, 0x0000000719200000| Untracked 
| 243|0x0000000719300000, 0x0000000719300000, 0x0000000719400000|  0%| F|  |TAMS 0x0000000719300000, 0x0000000719300000| Untracked 
| 244|0x0000000719400000, 0x0000000719400000, 0x0000000719500000|  0%| F|  |TAMS 0x0000000719400000, 0x0000000719400000| Untracked 
| 245|0x0000000719500000, 0x0000000719500000, 0x0000000719600000|  0%| F|  |TAMS 0x0000000719500000, 0x0000000719500000| Untracked 
| 246|0x0000000719600000, 0x0000000719600000, 0x0000000719700000|  0%| F|  |TAMS 0x0000000719600000, 0x0000000719600000| Untracked 
| 247|0x0000000719700000, 0x0000000719700000, 0x0000000719800000|  0%| F|  |TAMS 0x0000000719700000, 0x0000000719700000| Untracked 
| 248|0x0000000719800000, 0x0000000719800000, 0x0000000719900000|  0%| F|  |TAMS 0x0000000719800000, 0x0000000719800000| Untracked 
| 249|0x0000000719900000, 0x0000000719900000, 0x0000000719a00000|  0%| F|  |TAMS 0x0000000719900000, 0x0000000719900000| Untracked 
| 250|0x0000000719a00000, 0x0000000719a00000, 0x0000000719b00000|  0%| F|  |TAMS 0x0000000719a00000, 0x0000000719a00000| Untracked 
| 251|0x0000000719b00000, 0x0000000719b00000, 0x0000000719c00000|  0%| F|  |TAMS 0x0000000719b00000, 0x0000000719b00000| Untracked 
| 252|0x0000000719c00000, 0x0000000719c00000, 0x0000000719d00000|  0%| F|  |TAMS 0x0000000719c00000, 0x0000000719c00000| Untracked 
| 253|0x0000000719d00000, 0x0000000719d00000, 0x0000000719e00000|  0%| F|  |TAMS 0x0000000719d00000, 0x0000000719d00000| Untracked 
| 254|0x0000000719e00000, 0x0000000719e00000, 0x0000000719f00000|  0%| F|  |TAMS 0x0000000719e00000, 0x0000000719e00000| Untracked 
| 255|0x0000000719f00000, 0x0000000719f00000, 0x000000071a000000|  0%| F|  |TAMS 0x0000000719f00000, 0x0000000719f00000| Untracked 
| 256|0x000000071a000000, 0x000000071a000000, 0x000000071a100000|  0%| F|  |TAMS 0x000000071a000000, 0x000000071a000000| Untracked 
| 257|0x000000071a100000, 0x000000071a100000, 0x000000071a200000|  0%| F|  |TAMS 0x000000071a100000, 0x000000071a100000| Untracked 
| 258|0x000000071a200000, 0x000000071a200000, 0x000000071a300000|  0%| F|  |TAMS 0x000000071a200000, 0x000000071a200000| Untracked 
| 259|0x000000071a300000, 0x000000071a300000, 0x000000071a400000|  0%| F|  |TAMS 0x000000071a300000, 0x000000071a300000| Untracked 
| 260|0x000000071a400000, 0x000000071a400000, 0x000000071a500000|  0%| F|  |TAMS 0x000000071a400000, 0x000000071a400000| Untracked 
| 261|0x000000071a500000, 0x000000071a500000, 0x000000071a600000|  0%| F|  |TAMS 0x000000071a500000, 0x000000071a500000| Untracked 
| 262|0x000000071a600000, 0x000000071a600000, 0x000000071a700000|  0%| F|  |TAMS 0x000000071a600000, 0x000000071a600000| Untracked 
| 263|0x000000071a700000, 0x000000071a700000, 0x000000071a800000|  0%| F|  |TAMS 0x000000071a700000, 0x000000071a700000| Untracked 
| 264|0x000000071a800000, 0x000000071a800000, 0x000000071a900000|  0%| F|  |TAMS 0x000000071a800000, 0x000000071a800000| Untracked 
| 265|0x000000071a900000, 0x000000071a900000, 0x000000071aa00000|  0%| F|  |TAMS 0x000000071a900000, 0x000000071a900000| Untracked 
| 266|0x000000071aa00000, 0x000000071aa00000, 0x000000071ab00000|  0%| F|  |TAMS 0x000000071aa00000, 0x000000071aa00000| Untracked 
| 267|0x000000071ab00000, 0x000000071ab00000, 0x000000071ac00000|  0%| F|  |TAMS 0x000000071ab00000, 0x000000071ab00000| Untracked 
| 268|0x000000071ac00000, 0x000000071ac00000, 0x000000071ad00000|  0%| F|  |TAMS 0x000000071ac00000, 0x000000071ac00000| Untracked 
| 269|0x000000071ad00000, 0x000000071ad00000, 0x000000071ae00000|  0%| F|  |TAMS 0x000000071ad00000, 0x000000071ad00000| Untracked 
| 270|0x000000071ae00000, 0x000000071ae00000, 0x000000071af00000|  0%| F|  |TAMS 0x000000071ae00000, 0x000000071ae00000| Untracked 
| 271|0x000000071af00000, 0x000000071af00000, 0x000000071b000000|  0%| F|  |TAMS 0x000000071af00000, 0x000000071af00000| Untracked 
| 272|0x000000071b000000, 0x000000071b000000, 0x000000071b100000|  0%| F|  |TAMS 0x000000071b000000, 0x000000071b000000| Untracked 
| 273|0x000000071b100000, 0x000000071b100000, 0x000000071b200000|  0%| F|  |TAMS 0x000000071b100000, 0x000000071b100000| Untracked 
| 274|0x000000071b200000, 0x000000071b200000, 0x000000071b300000|  0%| F|  |TAMS 0x000000071b200000, 0x000000071b200000| Untracked 
| 275|0x000000071b300000, 0x000000071b300000, 0x000000071b400000|  0%| F|  |TAMS 0x000000071b300000, 0x000000071b300000| Untracked 
| 276|0x000000071b400000, 0x000000071b400000, 0x000000071b500000|  0%| F|  |TAMS 0x000000071b400000, 0x000000071b400000| Untracked 
| 277|0x000000071b500000, 0x000000071b500000, 0x000000071b600000|  0%| F|  |TAMS 0x000000071b500000, 0x000000071b500000| Untracked 
| 278|0x000000071b600000, 0x000000071b600000, 0x000000071b700000|  0%| F|  |TAMS 0x000000071b600000, 0x000000071b600000| Untracked 
| 279|0x000000071b700000, 0x000000071b700000, 0x000000071b800000|  0%| F|  |TAMS 0x000000071b700000, 0x000000071b700000| Untracked 
| 280|0x000000071b800000, 0x000000071b800000, 0x000000071b900000|  0%| F|  |TAMS 0x000000071b800000, 0x000000071b800000| Untracked 
| 281|0x000000071b900000, 0x000000071b900000, 0x000000071ba00000|  0%| F|  |TAMS 0x000000071b900000, 0x000000071b900000| Untracked 
| 282|0x000000071ba00000, 0x000000071ba00000, 0x000000071bb00000|  0%| F|  |TAMS 0x000000071ba00000, 0x000000071ba00000| Untracked 
| 283|0x000000071bb00000, 0x000000071bb00000, 0x000000071bc00000|  0%| F|  |TAMS 0x000000071bb00000, 0x000000071bb00000| Untracked 
| 284|0x000000071bc00000, 0x000000071bc00000, 0x000000071bd00000|  0%| F|  |TAMS 0x000000071bc00000, 0x000000071bc00000| Untracked 
| 285|0x000000071bd00000, 0x000000071bd00000, 0x000000071be00000|  0%| F|  |TAMS 0x000000071bd00000, 0x000000071bd00000| Untracked 
| 286|0x000000071be00000, 0x000000071be00000, 0x000000071bf00000|  0%| F|  |TAMS 0x000000071be00000, 0x000000071be00000| Untracked 
| 287|0x000000071bf00000, 0x000000071bf00000, 0x000000071c000000|  0%| F|  |TAMS 0x000000071bf00000, 0x000000071bf00000| Untracked 
| 288|0x000000071c000000, 0x000000071c000000, 0x000000071c100000|  0%| F|  |TAMS 0x000000071c000000, 0x000000071c000000| Untracked 
| 289|0x000000071c100000, 0x000000071c100000, 0x000000071c200000|  0%| F|  |TAMS 0x000000071c100000, 0x000000071c100000| Untracked 
| 290|0x000000071c200000, 0x000000071c200000, 0x000000071c300000|  0%| F|  |TAMS 0x000000071c200000, 0x000000071c200000| Untracked 
| 291|0x000000071c300000, 0x000000071c300000, 0x000000071c400000|  0%| F|  |TAMS 0x000000071c300000, 0x000000071c300000| Untracked 
| 292|0x000000071c400000, 0x000000071c400000, 0x000000071c500000|  0%| F|  |TAMS 0x000000071c400000, 0x000000071c400000| Untracked 
| 293|0x000000071c500000, 0x000000071c500000, 0x000000071c600000|  0%| F|  |TAMS 0x000000071c500000, 0x000000071c500000| Untracked 
| 294|0x000000071c600000, 0x000000071c700000, 0x000000071c700000|100%| E|  |TAMS 0x000000071c600000, 0x000000071c600000| Complete 
| 295|0x000000071c700000, 0x000000071c800000, 0x000000071c800000|100%| E|CS|TAMS 0x000000071c700000, 0x000000071c700000| Complete 

Card table byte_map: [0x00000270f24e0000,0x00000270f2c90000] _byte_map_base: 0x00000270eec90000

Marking Bits (Prev, Next): (CMBitMap*) 0x00000270dce19050, (CMBitMap*) 0x00000270dce19018
 Prev Bits: [0x00000270f71c0000, 0x00000270faf40000)
 Next Bits: [0x00000270f3440000, 0x00000270f71c0000)

Polling page: 0x00000270dce90000

Metaspace:

Usage:
  Non-class:     51.79 MB capacity,    51.38 MB (>99%) used,   327.48 KB ( <1%) free+waste,    91.13 KB ( <1%) overhead. 
      Class:      6.84 MB capacity,     6.57 MB ( 96%) used,   238.55 KB (  3%) free+waste,    38.88 KB ( <1%) overhead. 
       Both:     58.63 MB capacity,    57.95 MB ( 99%) used,   566.03 KB ( <1%) free+waste,   130.00 KB ( <1%) overhead. 

Virtual space:
  Non-class space:       52.00 MB reserved,      51.96 MB (>99%) committed 
      Class space:        1.00 GB reserved,       6.88 MB ( <1%) committed 
             Both:        1.05 GB reserved,      58.84 MB (  5%) committed 

Chunk freelists:
   Non-Class:  20.00 KB
       Class:  4.00 KB
        Both:  24.00 KB

MaxMetaspaceSize: 17179869184.00 GB
CompressedClassSpaceSize: 1.00 GB
Initial GC threshold: 20.80 MB
Current GC threshold: 98.06 MB
CDS: off

CodeHeap 'non-profiled nmethods': size=120000Kb used=3453Kb max_used=3453Kb free=116546Kb
 bounds [0x00000270e9b70000, 0x00000270e9ed0000, 0x00000270f10a0000]
CodeHeap 'profiled nmethods': size=120000Kb used=17425Kb max_used=17425Kb free=102574Kb
 bounds [0x00000270e2640000, 0x00000270e3750000, 0x00000270e9b70000]
CodeHeap 'non-nmethods': size=5760Kb used=1325Kb max_used=1372Kb free=4434Kb
 bounds [0x00000270e20a0000, 0x00000270e2310000, 0x00000270e2640000]
 total_blobs=7529 nmethods=6921 adapters=519
 compilation: enabled
              stopped_count=0, restarted_count=0
 full_count=0

Compilation events (20 events):
Event: 10.202 Thread 0x000002708084e000 6965       4       jdk.internal.reflect.UnsafeQualifiedStaticObjectFieldAccessorImpl::get (15 bytes)
Event: 10.203 Thread 0x000002708084e000 nmethod 6965 0x00000270e9ecec90 code [0x00000270e9ecee20, 0x00000270e9eceeb8]
Event: 10.203 Thread 0x000002708084e000 6966       4       java.util.HashMap::get (23 bytes)
Event: 10.208 Thread 0x00000270fe608800 6967       3       java.lang.String::equals (65 bytes)
Event: 10.209 Thread 0x00000270fe608800 nmethod 6967 0x00000270e3739f10 code [0x00000270e373a120, 0x00000270e373a7b8]
Event: 10.210 Thread 0x000002708084e000 nmethod 6966 0x00000270e9ecef90 code [0x00000270e9ecf140, 0x00000270e9ecf3f8]
Event: 10.218 Thread 0x00000270fe608800 6968       3       org.jetbrains.kotlin.com.intellij.util.text.ImmutableText::subSequence (25 bytes)
Event: 10.219 Thread 0x00000270fe608800 nmethod 6968 0x00000270e373a910 code [0x00000270e373aae0, 0x00000270e373ae78]
Event: 10.219 Thread 0x00000270fe608800 6969       3       org.jetbrains.kotlin.com.intellij.util.text.CharSequenceSubSequence::<init> (97 bytes)
Event: 10.221 Thread 0x00000270fe608800 nmethod 6969 0x00000270e373b010 code [0x00000270e373b320, 0x00000270e373c208]
Event: 10.224 Thread 0x00000270fe608800 6970       3       org.jetbrains.kotlin.psi.KtFile::getPackageFqName (23 bytes)
Event: 10.224 Thread 0x00000270fe608800 nmethod 6970 0x00000270e373c790 code [0x00000270e373c960, 0x00000270e373cc88]
Event: 10.224 Thread 0x00000270fe608800 6971       3       org.jetbrains.kotlin.psi.KtFile::getPackageFqNameByTree (38 bytes)
Event: 10.225 Thread 0x00000270fe608800 nmethod 6971 0x00000270e373cd90 code [0x00000270e373d000, 0x00000270e373d868]
Event: 10.280 Thread 0x00000270fe608800 6972   !   3       java.lang.ref.ReferenceQueue::remove (125 bytes)
Event: 10.281 Thread 0x00000270fe608800 nmethod 6972 0x00000270e373db90 code [0x00000270e373ddc0, 0x00000270e373e638]
Event: 10.281 Thread 0x00000270fe608800 6973   !   3       jdk.internal.ref.PhantomCleanable::isListEmpty (34 bytes)
Event: 10.282 Thread 0x00000270fe608800 nmethod 6973 0x00000270e373e990 code [0x00000270e373eb40, 0x00000270e373ee78]
Event: 10.282 Thread 0x00000270fe608800 6974       3       jdk.internal.misc.InnocuousThread::eraseThreadLocals (23 bytes)
Event: 10.282 Thread 0x00000270fe608800 nmethod 6974 0x00000270e373ef90 code [0x00000270e373f140, 0x00000270e373f338]

GC Heap History (16 events):
Event: 1.246 GC heap before
{Heap before GC invocations=0 (full 0):
 garbage-first heap   total 251904K, used 27648K [0x000000070a000000, 0x0000000800000000)
  region size 1024K, 24 young (24576K), 0 survivors (0K)
 Metaspace       used 12364K, capacity 12504K, committed 12800K, reserved 1060864K
  class space    used 1167K, capacity 1207K, committed 1280K, reserved 1048576K
}
Event: 1.253 GC heap after
{Heap after GC invocations=1 (full 0):
 garbage-first heap   total 251904K, used 5751K [0x000000070a000000, 0x0000000800000000)
  region size 1024K, 3 young (3072K), 3 survivors (3072K)
 Metaspace       used 12364K, capacity 12504K, committed 12800K, reserved 1060864K
  class space    used 1167K, capacity 1207K, committed 1280K, reserved 1048576K
}
Event: 2.355 GC heap before
{Heap before GC invocations=1 (full 0):
 garbage-first heap   total 251904K, used 40567K [0x000000070a000000, 0x0000000800000000)
  region size 1024K, 38 young (38912K), 3 survivors (3072K)
 Metaspace       used 20754K, capacity 21016K, committed 21248K, reserved 1069056K
  class space    used 2209K, capacity 2286K, committed 2304K, reserved 1048576K
}
Event: 2.371 GC heap after
{Heap after GC invocations=2 (full 0):
 garbage-first heap   total 251904K, used 9136K [0x000000070a000000, 0x0000000800000000)
  region size 1024K, 6 young (6144K), 6 survivors (6144K)
 Metaspace       used 20754K, capacity 21016K, committed 21248K, reserved 1069056K
  class space    used 2209K, capacity 2286K, committed 2304K, reserved 1048576K
}
Event: 3.766 GC heap before
{Heap before GC invocations=3 (full 0):
 garbage-first heap   total 251904K, used 62384K [0x000000070a000000, 0x0000000800000000)
  region size 1024K, 53 young (54272K), 6 survivors (6144K)
 Metaspace       used 31905K, capacity 32466K, committed 32640K, reserved 1077248K
  class space    used 3999K, capacity 4223K, committed 4224K, reserved 1048576K
}
Event: 3.783 GC heap after
{Heap after GC invocations=4 (full 0):
 garbage-first heap   total 251904K, used 20369K [0x000000070a000000, 0x0000000800000000)
  region size 1024K, 7 young (7168K), 7 survivors (7168K)
 Metaspace       used 31905K, capacity 32466K, committed 32640K, reserved 1077248K
  class space    used 3999K, capacity 4223K, committed 4224K, reserved 1048576K
}
Event: 3.980 GC heap before
{Heap before GC invocations=4 (full 0):
 garbage-first heap   total 251904K, used 25489K [0x000000070a000000, 0x0000000800000000)
  region size 1024K, 12 young (12288K), 7 survivors (7168K)
 Metaspace       used 33208K, capacity 33778K, committed 33920K, reserved 1079296K
  class space    used 4161K, capacity 4383K, committed 4480K, reserved 1048576K
}
Event: 3.992 GC heap after
{Heap after GC invocations=5 (full 0):
 garbage-first heap   total 251904K, used 21616K [0x000000070a000000, 0x0000000800000000)
  region size 1024K, 1 young (1024K), 1 survivors (1024K)
 Metaspace       used 33208K, capacity 33778K, committed 33920K, reserved 1079296K
  class space    used 4161K, capacity 4383K, committed 4480K, reserved 1048576K
}
Event: 4.320 GC heap before
{Heap before GC invocations=5 (full 0):
 garbage-first heap   total 251904K, used 33904K [0x000000070a000000, 0x0000000800000000)
  region size 1024K, 14 young (14336K), 1 survivors (1024K)
 Metaspace       used 34998K, capacity 35486K, committed 35584K, reserved 1081344K
  class space    used 4334K, capacity 4547K, committed 4608K, reserved 1048576K
}
Event: 4.325 GC heap after
{Heap after GC invocations=6 (full 0):
 garbage-first heap   total 303104K, used 20248K [0x000000070a000000, 0x0000000800000000)
  region size 1024K, 2 young (2048K), 2 survivors (2048K)
 Metaspace       used 34998K, capacity 35486K, committed 35584K, reserved 1081344K
  class space    used 4334K, capacity 4547K, committed 4608K, reserved 1048576K
}
Event: 6.259 GC heap before
{Heap before GC invocations=7 (full 0):
 garbage-first heap   total 303104K, used 82712K [0x000000070a000000, 0x0000000800000000)
  region size 1024K, 61 young (62464K), 2 survivors (2048K)
 Metaspace       used 46866K, capacity 47492K, committed 47616K, reserved 1091584K
  class space    used 5551K, capacity 5790K, committed 5888K, reserved 1048576K
}
Event: 6.269 GC heap after
{Heap after GC invocations=8 (full 0):
 garbage-first heap   total 303104K, used 28731K [0x000000070a000000, 0x0000000800000000)
  region size 1024K, 8 young (8192K), 8 survivors (8192K)
 Metaspace       used 46866K, capacity 47492K, committed 47616K, reserved 1091584K
  class space    used 5551K, capacity 5790K, committed 5888K, reserved 1048576K
}
Event: 8.287 GC heap before
{Heap before GC invocations=8 (full 0):
 garbage-first heap   total 303104K, used 114747K [0x000000070a000000, 0x0000000800000000)
  region size 1024K, 91 young (93184K), 8 survivors (8192K)
 Metaspace       used 52688K, capacity 53299K, committed 53504K, reserved 1095680K
  class space    used 6021K, capacity 6293K, committed 6400K, reserved 1048576K
}
Event: 8.306 GC heap after
{Heap after GC invocations=9 (full 0):
 garbage-first heap   total 303104K, used 38806K [0x000000070a000000, 0x0000000800000000)
  region size 1024K, 10 young (10240K), 10 survivors (10240K)
 Metaspace       used 52688K, capacity 53299K, committed 53504K, reserved 1095680K
  class space    used 6021K, capacity 6293K, committed 6400K, reserved 1048576K
}
Event: 10.260 GC heap before
{Heap before GC invocations=9 (full 0):
 garbage-first heap   total 303104K, used 102294K [0x000000070a000000, 0x0000000800000000)
  region size 1024K, 73 young (74752K), 10 survivors (10240K)
 Metaspace       used 58937K, capacity 59592K, committed 59736K, reserved 1101824K
  class space    used 6674K, capacity 6940K, committed 7040K, reserved 1048576K
}
Event: 10.280 GC heap after
{Heap after GC invocations=10 (full 0):
 garbage-first heap   total 303104K, used 46824K [0x000000070a000000, 0x0000000800000000)
  region size 1024K, 8 young (8192K), 8 survivors (8192K)
 Metaspace       used 58937K, capacity 59592K, committed 59736K, reserved 1101824K
  class space    used 6674K, capacity 6940K, committed 7040K, reserved 1048576K
}

Deoptimization events (20 events):
Event: 10.068 Thread 0x00000270dcdb9000 Uncommon trap: trap_request=0xffffff4d fr.pc=0x00000270e9d937a0 relative=0x0000000000000d80
Event: 10.068 Thread 0x00000270dcdb9000 Uncommon trap: reason=unstable_if action=reinterpret pc=0x00000270e9d937a0 method=java.util.concurrent.ConcurrentHashMap.get(Ljava/lang/Object;)Ljava/lang/Object; @ 152 c2
Event: 10.068 Thread 0x00000270dcdb9000 DEOPT PACKING pc=0x00000270e9d937a0 sp=0x00000083384f5180
Event: 10.068 Thread 0x00000270dcdb9000 DEOPT UNPACKING pc=0x00000270e20ea1af sp=0x00000083384f5090 mode 2
Event: 10.068 Thread 0x00000270dcdb9000 Uncommon trap: trap_request=0xffffff4d fr.pc=0x00000270e9ca2354 relative=0x0000000000000294
Event: 10.068 Thread 0x00000270dcdb9000 Uncommon trap: reason=unstable_if action=reinterpret pc=0x00000270e9ca2354 method=java.util.concurrent.ConcurrentHashMap.get(Ljava/lang/Object;)Ljava/lang/Object; @ 152 c2
Event: 10.068 Thread 0x00000270dcdb9000 DEOPT PACKING pc=0x00000270e9ca2354 sp=0x00000083384f5110
Event: 10.068 Thread 0x00000270dcdb9000 DEOPT UNPACKING pc=0x00000270e20ea1af sp=0x00000083384f5088 mode 2
Event: 10.068 Thread 0x00000270dcdb9000 Uncommon trap: trap_request=0xffffffde fr.pc=0x00000270e9bb5908 relative=0x00000000000011c8
Event: 10.069 Thread 0x00000270dcdb9000 Uncommon trap: reason=class_check action=maybe_recompile pc=0x00000270e9bb5908 method=java.util.concurrent.ConcurrentHashMap.putVal(Ljava/lang/Object;Ljava/lang/Object;Z)Ljava/lang/Object; @ 242 c2
Event: 10.069 Thread 0x00000270dcdb9000 DEOPT PACKING pc=0x00000270e9bb5908 sp=0x00000083384f5060
Event: 10.069 Thread 0x00000270dcdb9000 DEOPT UNPACKING pc=0x00000270e20ea1af sp=0x00000083384f4fe0 mode 2
Event: 10.069 Thread 0x00000270dcdb9000 Uncommon trap: trap_request=0xffffffde fr.pc=0x00000270e9bb5908 relative=0x00000000000011c8
Event: 10.069 Thread 0x00000270dcdb9000 Uncommon trap: reason=class_check action=maybe_recompile pc=0x00000270e9bb5908 method=java.util.concurrent.ConcurrentHashMap.putVal(Ljava/lang/Object;Ljava/lang/Object;Z)Ljava/lang/Object; @ 242 c2
Event: 10.069 Thread 0x00000270dcdb9000 DEOPT PACKING pc=0x00000270e9bb5908 sp=0x00000083384f5060
Event: 10.069 Thread 0x00000270dcdb9000 DEOPT UNPACKING pc=0x00000270e20ea1af sp=0x00000083384f4fe0 mode 2
Event: 10.184 Thread 0x00000270dcdb9000 Uncommon trap: trap_request=0xffffff4d fr.pc=0x00000270e9b93f2c relative=0x000000000000018c
Event: 10.184 Thread 0x00000270dcdb9000 Uncommon trap: reason=unstable_if action=reinterpret pc=0x00000270e9b93f2c method=java.lang.String.equals(Ljava/lang/Object;)Z @ 27 c2
Event: 10.184 Thread 0x00000270dcdb9000 DEOPT PACKING pc=0x00000270e9b93f2c sp=0x00000083384fd610
Event: 10.184 Thread 0x00000270dcdb9000 DEOPT UNPACKING pc=0x00000270e20ea1af sp=0x00000083384fd5b0 mode 2

Classes redefined (0 events):
No events

Internal exceptions (20 events):
Event: 5.543 Thread 0x00000270dcdb9000 Exception <a 'java/lang/NoSuchMethodError'{0x000000071a15f378}: 'java.lang.Object java.lang.invoke.DirectMethodHandle$Holder.invokeStatic(java.lang.Object, java.lang.Object, java.lang.Object, int)'> (0x000000071a15f378) thrown at [./src/hotspot/share/interpreter/linkResolver.cpp, line 773]
Event: 5.543 Thread 0x00000270dcdb9000 Exception <a 'java/lang/NoSuchMethodError'{0x000000071a162fe8}: 'java.lang.Object java.lang.invoke.DirectMethodHandle$Holder.invokeSpecial(java.lang.Object, java.lang.Object, java.lang.Object, java.lang.Object, int)'> (0x000000071a162fe8) thrown at [./src/hotspot/share/interpreter/linkResolver.cpp, line 773]
Event: 5.544 Thread 0x00000270dcdb9000 Exception <a 'java/lang/NoSuchMethodError'{0x000000071a1662f8}: 'java.lang.Object java.lang.invoke.Invokers$Holder.linkToTargetMethod(java.lang.Object, java.lang.Object, int, java.lang.Object)'> (0x000000071a1662f8) thrown at [./src/hotspot/share/interpreter/linkResolver.cpp, line 773]
Event: 6.778 Thread 0x00000270dcdb9000 Exception <a 'java/lang/NoSuchMethodError'{0x000000071b83d270}: 'java.lang.Object java.lang.invoke.DirectMethodHandle$Holder.invokeStaticInit(java.lang.Object, java.lang.Object, java.lang.Object)'> (0x000000071b83d270) thrown at [./src/hotspot/share/interpreter/linkResolver.cpp, line 773]
Event: 8.076 Thread 0x00000270dcdb9000 Exception <a 'java/lang/NoSuchMethodError'{0x00000007179a66a8}: 'java.lang.Object java.lang.invoke.Invokers$Holder.linkToTargetMethod(java.lang.Object, java.lang.Object, java.lang.Object, java.lang.Object, java.lang.Object, java.lang.Object)'> (0x00000007179a66a8) thrown at [./src/hotspot/share/interpreter/linkResolver.cpp, line 773]
Event: 8.357 Thread 0x00000270dcdb9000 Implicit null exception at 0x00000270e9b8a674 to 0x00000270e9b8ac14
Event: 8.367 Thread 0x00000270dcdb9000 Implicit null exception at 0x00000270e9c23343 to 0x00000270e9c234c8
Event: 8.367 Thread 0x00000270dcdb9000 Implicit null exception at 0x00000270e9bce878 to 0x00000270e9bce90a
Event: 8.406 Thread 0x00000270dcdb9000 Exception <a 'java/lang/NoSuchMethodError'{0x000000071c460a18}: 'java.lang.Object java.lang.invoke.DirectMethodHandle$Holder.invokeInterface(java.lang.Object, java.lang.Object, java.lang.Object)'> (0x000000071c460a18) thrown at [./src/hotspot/share/interpreter/linkResolver.cpp, line 773]
Event: 8.406 Thread 0x00000270dcdb9000 Exception <a 'java/lang/IncompatibleClassChangeError'{0x000000071c463c48}: Found class java.lang.Object, but interface was expected> (0x000000071c463c48) thrown at [./src/hotspot/share/interpreter/linkResolver.cpp, line 839]
Event: 8.438 Thread 0x00000270dcdb9000 Implicit null exception at 0x00000270e9ba90af to 0x00000270e9ba9129
Event: 8.524 Thread 0x00000270dcdb9000 Exception <a 'java/lang/NoSuchMethodError'{0x000000071c1c3d40}: 'java.lang.Object java.lang.invoke.Invokers$Holder.linkToTargetMethod(java.lang.Object, java.lang.Object, java.lang.Object, int, int, java.lang.Object)'> (0x000000071c1c3d40) thrown at [./src/hotspot/share/interpreter/linkResolver.cpp, line 773]
Event: 8.583 Thread 0x00000270dcdb9000 Exception <a 'java/lang/NoSuchMethodError'{0x000000071c081578}: 'int java.lang.invoke.DirectMethodHandle$Holder.invokeStaticInit(java.lang.Object, int)'> (0x000000071c081578) thrown at [./src/hotspot/share/interpreter/linkResolver.cpp, line 773]
Event: 9.065 Thread 0x00000270dcdb9000 Exception <a 'java/lang/NoSuchMethodError'{0x000000071a970830}: 'java.lang.Object java.lang.invoke.DirectMethodHandle$Holder.invokeStatic(java.lang.Object, int, java.lang.Object, java.lang.Object)'> (0x000000071a970830) thrown at [./src/hotspot/share/interpreter/linkResolver.cpp, line 773]
Event: 9.068 Thread 0x00000270dcdb9000 Exception <a 'java/lang/NoSuchMethodError'{0x000000071a97aea0}: 'int java.lang.invoke.DirectMethodHandle$Holder.invokeInterface(java.lang.Object, java.lang.Object)'> (0x000000071a97aea0) thrown at [./src/hotspot/share/interpreter/linkResolver.cpp, line 773]
Event: 9.162 Thread 0x00000270dcdb9000 Implicit null exception at 0x00000270e9dabd3c to 0x00000270e9dace40
Event: 9.700 Thread 0x00000270dcdb9000 Exception <a 'java/lang/NoSuchMethodError'{0x0000000719ae3d70}: 'java.lang.Object java.lang.invoke.Invokers$Holder.linkToTargetMethod(java.lang.Object, java.lang.Object, java.lang.Object, java.lang.Object, java.lang.Object, java.lang.Object, java.lang.Object)'> (0x0000000719ae3d70) thrown at [./src/hotspot/share/interpreter/linkResolver.cpp, line 773]
Event: 9.922 Thread 0x00000270dcdb9000 Implicit null exception at 0x00000270e9bc92f5 to 0x00000270e9bc94e4
Event: 10.010 Thread 0x00000270dcdb9000 Implicit null exception at 0x00000270e9e8457b to 0x00000270e9e84868
Event: 10.172 Thread 0x00000270dcdb9000 Exception <a 'java/lang/NoSuchMethodError'{0x0000000718caba40}: 'java.lang.Object java.lang.invoke.DirectMethodHandle$Holder.invokeStaticInit(java.lang.Object, java.lang.Object, java.lang.Object, java.lang.Object)'> (0x0000000718caba40) thrown at [./src/hotspot/share/interpreter/linkResolver.cpp, line 773]

Events (20 events):
Event: 10.305 loading class org/jetbrains/kotlin/ir/types/impl/IrTypeBase
Event: 10.305 loading class org/jetbrains/kotlin/ir/types/impl/IrTypeBase done
Event: 10.305 loading class org/jetbrains/kotlin/ir/types/IrTypeProjection
Event: 10.305 loading class org/jetbrains/kotlin/ir/types/IrTypeProjection done
Event: 10.306 loading class org/jetbrains/kotlin/ir/types/IrTypeArgument
Event: 10.306 loading class org/jetbrains/kotlin/ir/types/IrTypeArgument done
Event: 10.306 loading class org/jetbrains/kotlin/ir/symbols/impl/IrValueParameterSymbolImpl
Event: 10.306 loading class org/jetbrains/kotlin/ir/symbols/impl/IrValueParameterSymbolImpl done
Event: 10.306 loading class org/jetbrains/kotlin/ir/symbols/IrValueParameterSymbol
Event: 10.306 loading class org/jetbrains/kotlin/ir/symbols/IrValueParameterSymbol done
Event: 10.307 loading class org/jetbrains/kotlin/ir/symbols/IrValueSymbol
Event: 10.307 loading class org/jetbrains/kotlin/ir/symbols/IrValueSymbol done
Event: 10.307 loading class org/jetbrains/kotlin/ir/declarations/impl/IrValueParameterImpl
Event: 10.307 loading class org/jetbrains/kotlin/ir/declarations/impl/IrValueParameterImpl done
Event: 10.307 loading class org/jetbrains/kotlin/ir/declarations/IrValueParameter
Event: 10.307 loading class org/jetbrains/kotlin/ir/declarations/IrValueParameter done
Event: 10.308 loading class org/jetbrains/kotlin/ir/declarations/IrValueDeclaration
Event: 10.308 loading class org/jetbrains/kotlin/ir/declarations/IrValueDeclaration done
Event: 10.309 loading class org/jetbrains/kotlin/ir/builders/declarations/IrFunctionBuilder
Event: 10.309 loading class org/jetbrains/kotlin/ir/builders/declarations/IrFunctionBuilder done


Dynamic libraries:
0x00007ff7cae00000 - 0x00007ff7cae0a000 	C:\Program Files\Android\Android Studio\jre\bin\java.exe
0x00007fffd0870000 - 0x00007fffd0a84000 	C:\WINDOWS\SYSTEM32\ntdll.dll
0x00007fffd03d0000 - 0x00007fffd0492000 	C:\WINDOWS\System32\KERNEL32.DLL
0x00007fffce1c0000 - 0x00007fffce55c000 	C:\WINDOWS\System32\KERNELBASE.dll
0x00007fffce0a0000 - 0x00007fffce1b1000 	C:\WINDOWS\System32\ucrtbase.dll
0x00007fff9cf20000 - 0x00007fff9cf37000 	C:\Program Files\Android\Android Studio\jre\bin\VCRUNTIME140.dll
0x00007fff98990000 - 0x00007fff989a9000 	C:\Program Files\Android\Android Studio\jre\bin\jli.dll
0x00007fffcfa40000 - 0x00007fffcfbeb000 	C:\WINDOWS\System32\USER32.dll
0x00007fffcdf50000 - 0x00007fffcdf76000 	C:\WINDOWS\System32\win32u.dll
0x00007fffa1ee0000 - 0x00007fffa216e000 	C:\WINDOWS\WinSxS\amd64_microsoft.windows.common-controls_6595b64144ccf1df_6.0.22621.1_none_60e502bd9af5bef0\COMCTL32.dll
0x00007fffcfa10000 - 0x00007fffcfa39000 	C:\WINDOWS\System32\GDI32.dll
0x00007fffce870000 - 0x00007fffce917000 	C:\WINDOWS\System32\msvcrt.dll
0x00007fffcdf80000 - 0x00007fffce092000 	C:\WINDOWS\System32\gdi32full.dll
0x00007fffcdcc0000 - 0x00007fffcdd5a000 	C:\WINDOWS\System32\msvcp_win.dll
0x00007fffcf610000 - 0x00007fffcf641000 	C:\WINDOWS\System32\IMM32.DLL
0x00007fff95a10000 - 0x00007fff95aad000 	C:\Program Files\Android\Android Studio\jre\bin\msvcp140.dll
0x00007fff50d50000 - 0x00007fff51835000 	C:\Program Files\Android\Android Studio\jre\bin\server\jvm.dll
0x00007fffcee90000 - 0x00007fffcef3e000 	C:\WINDOWS\System32\ADVAPI32.dll
0x00007fffd04a0000 - 0x00007fffd0544000 	C:\WINDOWS\System32\sechost.dll
0x00007fffcf4f0000 - 0x00007fffcf605000 	C:\WINDOWS\System32\RPCRT4.dll
0x00007fffcf670000 - 0x00007fffcf678000 	C:\WINDOWS\System32\PSAPI.DLL
0x00007fffca690000 - 0x00007fffca6c4000 	C:\WINDOWS\SYSTEM32\WINMM.dll
0x00007fffc0ae0000 - 0x00007fffc0ae9000 	C:\WINDOWS\SYSTEM32\WSOCK32.dll
0x00007fffc7cc0000 - 0x00007fffc7cca000 	C:\WINDOWS\SYSTEM32\VERSION.dll
0x00007fffceff0000 - 0x00007fffcf061000 	C:\WINDOWS\System32\WS2_32.dll
0x00007fffccdf0000 - 0x00007fffcce08000 	C:\WINDOWS\SYSTEM32\kernel.appcore.dll
0x00007fffa5040000 - 0x00007fffa5051000 	C:\Program Files\Android\Android Studio\jre\bin\verify.dll
0x00007fffcb390000 - 0x00007fffcb5be000 	C:\WINDOWS\SYSTEM32\DBGHELP.DLL
0x00007fffcf680000 - 0x00007fffcfa09000 	C:\WINDOWS\System32\combase.dll
0x00007fffce790000 - 0x00007fffce867000 	C:\WINDOWS\System32\OLEAUT32.dll
0x00007fffc5170000 - 0x00007fffc51a2000 	C:\WINDOWS\SYSTEM32\dbgcore.DLL
0x00007fffcdd60000 - 0x00007fffcdddb000 	C:\WINDOWS\System32\bcryptPrimitives.dll
0x00007fff9ea40000 - 0x00007fff9ea69000 	C:\Program Files\Android\Android Studio\jre\bin\java.dll
0x00007fffc9ae0000 - 0x00007fffc9aeb000 	C:\Program Files\Android\Android Studio\jre\bin\jimage.dll
0x00007fffa0420000 - 0x00007fffa0438000 	C:\Program Files\Android\Android Studio\jre\bin\zip.dll
0x00007fffcfbf0000 - 0x00007fffd03c8000 	C:\WINDOWS\System32\SHELL32.dll
0x00007fffcbcb0000 - 0x00007fffcc568000 	C:\WINDOWS\SYSTEM32\windows.storage.dll
0x00007fffcbb70000 - 0x00007fffcbcad000 	C:\WINDOWS\SYSTEM32\wintypes.dll
0x00007fffce980000 - 0x00007fffcea71000 	C:\WINDOWS\System32\SHCORE.dll
0x00007fffce920000 - 0x00007fffce97e000 	C:\WINDOWS\System32\shlwapi.dll
0x00007fffcdbf0000 - 0x00007fffcdc11000 	C:\WINDOWS\SYSTEM32\profapi.dll
0x00007fff9f820000 - 0x00007fff9f83a000 	C:\Program Files\Android\Android Studio\jre\bin\net.dll
0x00007fffc4410000 - 0x00007fffc453f000 	C:\WINDOWS\SYSTEM32\WINHTTP.dll
0x00007fffcd280000 - 0x00007fffcd2e9000 	C:\WINDOWS\system32\mswsock.dll
0x00007fff9ed90000 - 0x00007fff9eda4000 	C:\Program Files\Android\Android Studio\jre\bin\nio.dll

dbghelp: loaded successfully - version: 4.0.5 - missing functions: none
symbol engine: initialized successfully - sym options: 0x614 - pdb path: .;C:\Program Files\Android\Android Studio\jre\bin;C:\WINDOWS\SYSTEM32;C:\WINDOWS\WinSxS\amd64_microsoft.windows.common-controls_6595b64144ccf1df_6.0.22621.1_none_60e502bd9af5bef0;C:\Program Files\Android\Android Studio\jre\bin\server

VM Arguments:
java_command: org.jetbrains.kotlin.cli.jvm.K2JVMCompiler @D:\AAndroid\ContactsBook\app\build\20220527_7087016650261499369.compiler.options
java_class_path (initial): C:\Users\slava\.gradle\caches\modules-2\files-2.1\org.jetbrains.kotlin\kotlin-compiler-embeddable\1.6.10\88f2073f4020cdb83132cfe940ceb9a60aba54ea\kotlin-compiler-embeddable-1.6.10.jar;C:\Users\slava\.gradle\caches\modules-2\files-2.1\org.jetbrains.kotlin\kotlin-reflect\1.6.10\1cbe9c92c12a94eea200d23c2bbaedaf3daf5132\kotlin-reflect-1.6.10.jar;C:\Users\slava\.gradle\caches\modules-2\files-2.1\org.jetbrains.kotlin\kotlin-stdlib\1.6.10\b8af3fe6f1ca88526914929add63cf5e7c5049af\kotlin-stdlib-1.6.10.jar;C:\Users\slava\.gradle\caches\modules-2\files-2.1\org.jetbrains.kotlin\kotlin-script-runtime\1.6.10\d0a7ff2e2500ef497ed0214ae40ad3c8387a6164\kotlin-script-runtime-1.6.10.jar;C:\Users\slava\.gradle\caches\modules-2\files-2.1\org.jetbrains.kotlin\kotlin-daemon-embeddable\1.6.10\a56d79bcbea411fa6058e4ecffc2de73e742bd2a\kotlin-daemon-embeddable-1.6.10.jar;C:\Users\slava\.gradle\caches\modules-2\files-2.1\org.jetbrains.intellij.deps\trove4j\1.0.20181211\216c2e14b070f334479d800987affe4054cd563f\trove4j-1.0.20181211.jar;C:\Users\slava\.gradle\caches\modules-2\files-2.1\net.java.dev.jna\jna\5.6.0\330f2244e9030119ab3030fc3fededc86713d9cc\jna-5.6.0.jar;C:\Users\slava\.gradle\caches\modules-2\files-2.1\org.jetbrains\annotations\13.0\919f0dfe192fb4e063e7dacadee7f8bb9a2672a9\annotations-13.0.jar;C:\Users\slava\.gradle\caches\modules-2\files-2.1\org.jetbrains.kotlin\kotlin-stdlib-common\1.6.10\c118700e3a33c8a0d9adc920e9dec0831171925\kotlin-stdlib-common-1.6.10.jar
Launcher Type: SUN_STANDARD

[Global flags]
     intx CICompilerCount                          = 4                                         {product} {ergonomic}
     uint ConcGCThreads                            = 3                                         {product} {ergonomic}
     uint G1ConcRefinementThreads                  = 10                                        {product} {ergonomic}
   size_t G1HeapRegionSize                         = 1048576                                   {product} {ergonomic}
    uintx GCDrainStackTargetSize                   = 64                                        {product} {ergonomic}
   size_t InitialHeapSize                          = 257949696                                 {product} {ergonomic}
   size_t MarkStackSize                            = 4194304                                   {product} {ergonomic}
   size_t MaxHeapSize                              = 4127195136                                {product} {ergonomic}
   size_t MaxNewSize                               = 2475687936                                {product} {ergonomic}
   size_t MinHeapDeltaBytes                        = 1048576                                   {product} {ergonomic}
    uintx NonNMethodCodeHeapSize                   = 5836300                                {pd product} {ergonomic}
    uintx NonProfiledCodeHeapSize                  = 122910970                              {pd product} {ergonomic}
    uintx ProfiledCodeHeapSize                     = 122910970                              {pd product} {ergonomic}
    uintx ReservedCodeCacheSize                    = 251658240                              {pd product} {ergonomic}
     bool SegmentedCodeCache                       = true                                      {product} {ergonomic}
     bool UseCompressedClassPointers               = true                                 {lp64_product} {ergonomic}
     bool UseCompressedOops                        = true                                 {lp64_product} {ergonomic}
     bool UseG1GC                                  = true                                      {product} {ergonomic}
     bool UseLargePagesIndividualAllocation        = false                                  {pd product} {ergonomic}

Logging:
Log output configuration:
 #0: stdout all=warning uptime,level,tags
 #1: stderr all=off uptime,level,tags

Environment Variables:
PATH=C:\Program Files\Common Files\Oracle\Java\javapath;C:\Program Files (x86)\Common Files\Oracle\Java\javapath;C:\Windows\system32;C:\Windows;C:\Windows\System32\Wbem;C:\Windows\System32\WindowsPowerShell\v1.0\;C:\Windows\System32\OpenSSH\;C:\adb;C:\Program Files\Git\cmd;C:\Program Files\nodejs\;C:\Program Files (x86)\Microsoft SQL Server\150\DTS\Binn\;C:\Program Files\Azure Data Studio\bin;C:\Program Files\Microsoft SQL Server\Client SDK\ODBC\170\Tools\Binn\;C:\Program Files (x86)\Microsoft SQL Server\150\Tools\Binn\;C:\Program Files\Microsoft SQL Server\150\Tools\Binn\;C:\Program Files\Microsoft SQL Server\150\DTS\Binn\;C:\Program Files\dotnet\;C:\platform-tools;;%SystemRoot%\system32;%SystemRoot%;%SystemRoot%\System32\Wbem;%SYSTEMROOT%\System32\WindowsPowerShell\v1.0\;%SYSTEMROOT%\System32\OpenSSH\;C:\Users\slava\AppData\Local\Microsoft\WindowsApps;C:\Users\slava\AppData\Local\Programs\Microsoft VS Code\bin;C:\Users\slava\AppData\Roaming\npm;C:\Program Files\Azure Data Studio\bin;C:\Users\slava\.dotnet\tools;
USERNAME=slava
OS=Windows_NT
PROCESSOR_IDENTIFIER=AMD64 Family 23 Model 96 Stepping 1, AuthenticAMD



---------------  S Y S T E M  ---------------

OS: Windows 10 , 64 bit Build 22621 (10.0.22621.1)
OS uptime: 10 days 16:55 hours
Hyper-V role detected

CPU:total 12 (initial active 12) (12 cores per cpu, 2 threads per core) family 23 model 96 stepping 1 microcode 0x0, cmov, cx8, fxsr, mmx, sse, sse2, sse3, ssse3, sse4.1, sse4.2, popcnt, avx, avx2, aes, clmul, mmxext, 3dnowpref, lzcnt, sse4a, ht, tsc, tscinvbit, tscinv, bmi1, bmi2, adx, sha, fma

Memory: 4k page, system-wide physical 15741M (3783M free)
TotalPageFile size 15741M (AvailPageFile size 10M)
current process WorkingSet (physical memory assigned to process): 352M, peak: 353M
current process commit charge ("private bytes"): 541M, peak: 543M

vm_info: OpenJDK 64-Bit Server VM (11.0.12+7-b1504.28-7817840) for windows-amd64 JRE (11.0.12+7-b1504.28-7817840), built on Oct 13 2021 22:12:33 by "builder" with MS VC++ 14.0 (VS2015)

END.
