#
# There is insufficient memory for the Java Runtime Environment to continue.
# Native memory allocation (malloc) failed to allocate 1335696 bytes for Chunk::new
# Possible reasons:
#   The system is out of physical RAM or swap space
#   The process is running with CompressedOops enabled, and the Java Heap may be blocking the growth of the native heap
# Possible solutions:
#   Reduce memory load on the system
#   Increase physical memory or swap space
#   Check if swap backing store is full
#   Decrease Java heap size (-Xmx/-Xms)
#   Decrease number of Java threads
#   Decrease Java thread stack sizes (-Xss)
#   Set larger code cache with -XX:ReservedCodeCacheSize=
#   JVM is running with Zero Based Compressed Oops mode in which the Java heap is
#     placed in the first 32GB address space. The Java Heap base address is the
#     maximum limit for the native heap growth. Please use -XX:HeapBaseMinAddress
#     to set the Java Heap base and to place the Java Heap above 32GB virtual address.
# This output file may be truncated or incomplete.
#
#  Out of Memory Error (./src/hotspot/share/memory/arena.cpp:197), pid=8616, tid=2348
#
# JRE version: OpenJDK Runtime Environment (11.0.12+7) (build 11.0.12+7-b1504.28-7817840)
# Java VM: OpenJDK 64-Bit Server VM (11.0.12+7-b1504.28-7817840, mixed mode, tiered, compressed oops, g1 gc, windows-amd64)
# No core dump will be written. Minidumps are not enabled by default on client versions of Windows
#

---------------  S U M M A R Y ------------

Command Line: org.jetbrains.kotlin.cli.jvm.K2JVMCompiler @D:\AAndroid\ContactsBook\app\build\20220527_4830393125527697668.compiler.options

Host: AMD Ryzen 5 4600H with Radeon Graphics         , 12 cores, 15G,  Windows 10 , 64 bit Build 22621 (10.0.22621.1)
Time: Fri May 27 05:53:34 2022 RTZ 4 (зима) elapsed time: 7.318823 seconds (0d 0h 0m 7s)

---------------  T H R E A D  ---------------

Current thread (0x0000021af244a800):  JavaThread "C2 CompilerThread1" daemon [_thread_in_native, id=2348, stack(0x000000b3a7300000,0x000000b3a7400000)]


Current CompileTask:
C2:   7318 4494   !   4       org.jetbrains.kotlin.metadata.ProtoBuf$Type::<init> (875 bytes)

Stack: [0x000000b3a7300000,0x000000b3a7400000]
Native frames: (J=compiled Java code, j=interpreted, Vv=VM code, C=native code)
V  [jvm.dll+0x5fbcea]
V  [jvm.dll+0x731905]
V  [jvm.dll+0x732f1d]
V  [jvm.dll+0x7335d3]
V  [jvm.dll+0x247bf8]
V  [jvm.dll+0xc018c]
V  [jvm.dll+0xc06cc]
V  [jvm.dll+0x35b2db]
V  [jvm.dll+0x328803]
V  [jvm.dll+0x327cfa]
V  [jvm.dll+0x200602]
V  [jvm.dll+0x1ff794]
V  [jvm.dll+0x18868c]
V  [jvm.dll+0x20e0d7]
V  [jvm.dll+0x20c901]
V  [jvm.dll+0x6f9b7f]
V  [jvm.dll+0x6f26a5]
V  [jvm.dll+0x5fabf6]
C  [ucrtbase.dll+0x29363]
C  [KERNEL32.DLL+0x1244d]
C  [ntdll.dll+0x5df88]


---------------  P R O C E S S  ---------------

Threads class SMR info:
_java_thread_list=0x0000021af2a2bd20, length=12, elements={
0x0000021ad1688000, 0x0000021af0662000, 0x0000021af0686000, 0x0000021af0f6b000,
0x0000021af0f6c000, 0x0000021af0f6d000, 0x0000021af0f77800, 0x0000021af0f80000,
0x0000021af0f83000, 0x0000021af10e8800, 0x0000021af244a800, 0x0000021af30ac000
}

Java Threads: ( => current thread )
  0x0000021ad1688000 JavaThread "main" [_thread_in_Java, id=18436, stack(0x000000b3a5c00000,0x000000b3a5d00000)]
  0x0000021af0662000 JavaThread "Reference Handler" daemon [_thread_blocked, id=12836, stack(0x000000b3a6300000,0x000000b3a6400000)]
  0x0000021af0686000 JavaThread "Finalizer" daemon [_thread_blocked, id=5844, stack(0x000000b3a6400000,0x000000b3a6500000)]
  0x0000021af0f6b000 JavaThread "Signal Dispatcher" daemon [_thread_blocked, id=16904, stack(0x000000b3a6500000,0x000000b3a6600000)]
  0x0000021af0f6c000 JavaThread "Attach Listener" daemon [_thread_blocked, id=18428, stack(0x000000b3a6600000,0x000000b3a6700000)]
  0x0000021af0f6d000 JavaThread "Service Thread" daemon [_thread_blocked, id=11952, stack(0x000000b3a6700000,0x000000b3a6800000)]
  0x0000021af0f77800 JavaThread "C2 CompilerThread0" daemon [_thread_in_native, id=8996, stack(0x000000b3a6800000,0x000000b3a6900000)]
  0x0000021af0f80000 JavaThread "C1 CompilerThread0" daemon [_thread_in_native, id=20088, stack(0x000000b3a6900000,0x000000b3a6a00000)]
  0x0000021af0f83000 JavaThread "Sweeper thread" daemon [_thread_blocked, id=3708, stack(0x000000b3a6a00000,0x000000b3a6b00000)]
  0x0000021af10e8800 JavaThread "Common-Cleaner" daemon [_thread_blocked, id=896, stack(0x000000b3a6c00000,0x000000b3a6d00000)]
=>0x0000021af244a800 JavaThread "C2 CompilerThread1" daemon [_thread_in_native, id=2348, stack(0x000000b3a7300000,0x000000b3a7400000)]
  0x0000021af30ac000 JavaThread "C2 CompilerThread2" daemon [_thread_in_native, id=10484, stack(0x000000b3a7400000,0x000000b3a7500000)]

Other Threads:
  0x0000021af0660000 VMThread "VM Thread" [stack: 0x000000b3a6200000,0x000000b3a6300000] [id=21088]
  0x0000021af10e2000 WatcherThread [stack: 0x000000b3a6b00000,0x000000b3a6c00000] [id=19384]
  0x0000021ad169f800 GCTaskThread "GC Thread#0" [stack: 0x000000b3a5d00000,0x000000b3a5e00000] [id=11140]
  0x0000021af15b8800 GCTaskThread "GC Thread#1" [stack: 0x000000b3a6f00000,0x000000b3a7000000] [id=2088]
  0x0000021af15b9800 GCTaskThread "GC Thread#2" [stack: 0x000000b3a7000000,0x000000b3a7100000] [id=19256]
  0x0000021af15e5000 GCTaskThread "GC Thread#3" [stack: 0x000000b3a7100000,0x000000b3a7200000] [id=15940]
  0x0000021af15e5800 GCTaskThread "GC Thread#4" [stack: 0x000000b3a7200000,0x000000b3a7300000] [id=13480]
  0x0000021ad16f8800 ConcurrentGCThread "G1 Main Marker" [stack: 0x000000b3a5e00000,0x000000b3a5f00000] [id=16088]
  0x0000021ad16fa800 ConcurrentGCThread "G1 Conc#0" [stack: 0x000000b3a5f00000,0x000000b3a6000000] [id=2244]
  0x0000021af18ed000 ConcurrentGCThread "G1 Conc#1" [stack: 0x000000b3a6d00000,0x000000b3a6e00000] [id=3648]
  0x0000021af18b8000 ConcurrentGCThread "G1 Conc#2" [stack: 0x000000b3a6e00000,0x000000b3a6f00000] [id=12092]
  0x0000021af0549800 ConcurrentGCThread "G1 Refine#0" [stack: 0x000000b3a6000000,0x000000b3a6100000] [id=17412]
  0x0000021af28d7800 ConcurrentGCThread "G1 Refine#1" [stack: 0x000000b3a7500000,0x000000b3a7600000] [id=9748]
  0x0000021af054c000 ConcurrentGCThread "G1 Young RemSet Sampling" [stack: 0x000000b3a6100000,0x000000b3a6200000] [id=1760]

Threads with active compile tasks:
C2 CompilerThread0   7349 4503   !   4       org.jetbrains.kotlin.metadata.ProtoBuf$Function::<init> (1112 bytes)
C1 CompilerThread0   7349 4689       2       org.jetbrains.kotlin.descriptors.impl.FunctionDescriptorImpl::doSubstitute (848 bytes)
C2 CompilerThread1   7349 4494   !   4       org.jetbrains.kotlin.metadata.ProtoBuf$Type::<init> (875 bytes)
C2 CompilerThread2   7349 4184       4       org.jetbrains.org.objectweb.asm.ClassReader::readMethod (1061 bytes)

VM state:not at safepoint (normal execution)

VM Mutex/Monitor currently owned by a thread: None

Heap address: 0x000000070a000000, size: 3936 MB, Compressed Oops mode: Zero based, Oop shift amount: 3
Narrow klass base: 0x0000000800000000, Narrow klass shift: 0
Compressed class space size: 1073741824 Address: 0x0000000800000000

Heap:
 garbage-first heap   total 251904K, used 79929K [0x000000070a000000, 0x0000000800000000)
  region size 1024K, 58 young (59392K), 8 survivors (8192K)
 Metaspace       used 51136K, capacity 51790K, committed 52096K, reserved 1095680K
  class space    used 5891K, capacity 6153K, committed 6272K, reserved 1048576K
Heap Regions: E=young(eden), S=young(survivor), O=old, HS=humongous(starts), HC=humongous(continues), CS=collection set, F=free, A=archive, TAMS=top-at-mark-start (previous, next)
|   0|0x000000070a000000, 0x000000070a100000, 0x000000070a100000|100%|HS|  |TAMS 0x000000070a100000, 0x000000070a000000| Complete 
|   1|0x000000070a100000, 0x000000070a200000, 0x000000070a200000|100%|HC|  |TAMS 0x000000070a200000, 0x000000070a100000| Complete 
|   2|0x000000070a200000, 0x000000070a300000, 0x000000070a300000|100%|HC|  |TAMS 0x000000070a300000, 0x000000070a200000| Complete 
|   3|0x000000070a300000, 0x000000070a400000, 0x000000070a400000|100%|HS|  |TAMS 0x000000070a400000, 0x000000070a300000| Complete 
|   4|0x000000070a400000, 0x000000070a500000, 0x000000070a500000|100%|HC|  |TAMS 0x000000070a500000, 0x000000070a400000| Complete 
|   5|0x000000070a500000, 0x000000070a600000, 0x000000070a600000|100%|HC|  |TAMS 0x000000070a600000, 0x000000070a500000| Complete 
|   6|0x000000070a600000, 0x000000070a700000, 0x000000070a700000|100%|HS|  |TAMS 0x000000070a600000, 0x000000070a600000| Complete 
|   7|0x000000070a700000, 0x000000070a800000, 0x000000070a800000|100%|HC|  |TAMS 0x000000070a700000, 0x000000070a700000| Complete 
|   8|0x000000070a800000, 0x000000070a900000, 0x000000070a900000|100%| O|  |TAMS 0x000000070a900000, 0x000000070a800000| Untracked 
|   9|0x000000070a900000, 0x000000070aa00000, 0x000000070aa00000|100%| O|  |TAMS 0x000000070aa00000, 0x000000070a900000| Untracked 
|  10|0x000000070aa00000, 0x000000070ab00000, 0x000000070ab00000|100%| O|  |TAMS 0x000000070ab00000, 0x000000070aa00000| Untracked 
|  11|0x000000070ab00000, 0x000000070ac00000, 0x000000070ac00000|100%| O|  |TAMS 0x000000070ac00000, 0x000000070ab00000| Untracked 
|  12|0x000000070ac00000, 0x000000070ad00000, 0x000000070ad00000|100%| O|  |TAMS 0x000000070ad00000, 0x000000070ac00000| Untracked 
|  13|0x000000070ad00000, 0x000000070ae00000, 0x000000070ae00000|100%| O|  |TAMS 0x000000070ae00000, 0x000000070ad00000| Untracked 
|  14|0x000000070ae00000, 0x000000070af00000, 0x000000070af00000|100%| O|  |TAMS 0x000000070af00000, 0x000000070ae00000| Untracked 
|  15|0x000000070af00000, 0x000000070b000000, 0x000000070b000000|100%| O|  |TAMS 0x000000070b000000, 0x000000070af00000| Untracked 
|  16|0x000000070b000000, 0x000000070b100000, 0x000000070b100000|100%| O|  |TAMS 0x000000070b100000, 0x000000070b000000| Untracked 
|  17|0x000000070b100000, 0x000000070b200000, 0x000000070b200000|100%| O|  |TAMS 0x000000070b200000, 0x000000070b100000| Untracked 
|  18|0x000000070b200000, 0x000000070b300000, 0x000000070b300000|100%| O|  |TAMS 0x000000070b300000, 0x000000070b200000| Untracked 
|  19|0x000000070b300000, 0x000000070b400000, 0x000000070b400000|100%| O|  |TAMS 0x000000070b3f4a00, 0x000000070b300000| Untracked 
|  20|0x000000070b400000, 0x000000070b40e400, 0x000000070b500000|  5%| O|  |TAMS 0x000000070b400000, 0x000000070b400000| Untracked 
|  21|0x000000070b500000, 0x000000070b600000, 0x000000070b600000|100%|HS|  |TAMS 0x000000070b500000, 0x000000070b500000| Complete 
|  22|0x000000070b600000, 0x000000070b600000, 0x000000070b700000|  0%| F|  |TAMS 0x000000070b600000, 0x000000070b600000| Untracked 
|  23|0x000000070b700000, 0x000000070b700000, 0x000000070b800000|  0%| F|  |TAMS 0x000000070b700000, 0x000000070b700000| Untracked 
|  24|0x000000070b800000, 0x000000070b800000, 0x000000070b900000|  0%| F|  |TAMS 0x000000070b800000, 0x000000070b800000| Untracked 
|  25|0x000000070b900000, 0x000000070b900000, 0x000000070ba00000|  0%| F|  |TAMS 0x000000070b900000, 0x000000070b900000| Untracked 
|  26|0x000000070ba00000, 0x000000070ba00000, 0x000000070bb00000|  0%| F|  |TAMS 0x000000070ba00000, 0x000000070ba00000| Untracked 
|  27|0x000000070bb00000, 0x000000070bb00000, 0x000000070bc00000|  0%| F|  |TAMS 0x000000070bb00000, 0x000000070bb00000| Untracked 
|  28|0x000000070bc00000, 0x000000070bc00000, 0x000000070bd00000|  0%| F|  |TAMS 0x000000070bc00000, 0x000000070bc00000| Untracked 
|  29|0x000000070bd00000, 0x000000070bd00000, 0x000000070be00000|  0%| F|  |TAMS 0x000000070bd00000, 0x000000070bd00000| Untracked 
|  30|0x000000070be00000, 0x000000070be00000, 0x000000070bf00000|  0%| F|  |TAMS 0x000000070be00000, 0x000000070be00000| Untracked 
|  31|0x000000070bf00000, 0x000000070bf00000, 0x000000070c000000|  0%| F|  |TAMS 0x000000070bf00000, 0x000000070bf00000| Untracked 
|  32|0x000000070c000000, 0x000000070c000000, 0x000000070c100000|  0%| F|  |TAMS 0x000000070c000000, 0x000000070c000000| Untracked 
|  33|0x000000070c100000, 0x000000070c100000, 0x000000070c200000|  0%| F|  |TAMS 0x000000070c100000, 0x000000070c100000| Untracked 
|  34|0x000000070c200000, 0x000000070c200000, 0x000000070c300000|  0%| F|  |TAMS 0x000000070c200000, 0x000000070c200000| Untracked 
|  35|0x000000070c300000, 0x000000070c300000, 0x000000070c400000|  0%| F|  |TAMS 0x000000070c300000, 0x000000070c300000| Untracked 
|  36|0x000000070c400000, 0x000000070c400000, 0x000000070c500000|  0%| F|  |TAMS 0x000000070c400000, 0x000000070c400000| Untracked 
|  37|0x000000070c500000, 0x000000070c500000, 0x000000070c600000|  0%| F|  |TAMS 0x000000070c500000, 0x000000070c500000| Untracked 
|  38|0x000000070c600000, 0x000000070c600000, 0x000000070c700000|  0%| F|  |TAMS 0x000000070c600000, 0x000000070c600000| Untracked 
|  39|0x000000070c700000, 0x000000070c700000, 0x000000070c800000|  0%| F|  |TAMS 0x000000070c700000, 0x000000070c700000| Untracked 
|  40|0x000000070c800000, 0x000000070c800000, 0x000000070c900000|  0%| F|  |TAMS 0x000000070c800000, 0x000000070c800000| Untracked 
|  41|0x000000070c900000, 0x000000070c900000, 0x000000070ca00000|  0%| F|  |TAMS 0x000000070c900000, 0x000000070c900000| Untracked 
|  42|0x000000070ca00000, 0x000000070ca00000, 0x000000070cb00000|  0%| F|  |TAMS 0x000000070ca00000, 0x000000070ca00000| Untracked 
|  43|0x000000070cb00000, 0x000000070cb00000, 0x000000070cc00000|  0%| F|  |TAMS 0x000000070cb00000, 0x000000070cb00000| Untracked 
|  44|0x000000070cc00000, 0x000000070cc00000, 0x000000070cd00000|  0%| F|  |TAMS 0x000000070cc00000, 0x000000070cc00000| Untracked 
|  45|0x000000070cd00000, 0x000000070cd00000, 0x000000070ce00000|  0%| F|  |TAMS 0x000000070cd00000, 0x000000070cd00000| Untracked 
|  46|0x000000070ce00000, 0x000000070ce00000, 0x000000070cf00000|  0%| F|  |TAMS 0x000000070ce00000, 0x000000070ce00000| Untracked 
|  47|0x000000070cf00000, 0x000000070cf00000, 0x000000070d000000|  0%| F|  |TAMS 0x000000070cf00000, 0x000000070cf00000| Untracked 
|  48|0x000000070d000000, 0x000000070d000000, 0x000000070d100000|  0%| F|  |TAMS 0x000000070d000000, 0x000000070d000000| Untracked 
|  49|0x000000070d100000, 0x000000070d100000, 0x000000070d200000|  0%| F|  |TAMS 0x000000070d100000, 0x000000070d100000| Untracked 
|  50|0x000000070d200000, 0x000000070d200000, 0x000000070d300000|  0%| F|  |TAMS 0x000000070d200000, 0x000000070d200000| Untracked 
|  51|0x000000070d300000, 0x000000070d300000, 0x000000070d400000|  0%| F|  |TAMS 0x000000070d300000, 0x000000070d300000| Untracked 
|  52|0x000000070d400000, 0x000000070d400000, 0x000000070d500000|  0%| F|  |TAMS 0x000000070d400000, 0x000000070d400000| Untracked 
|  53|0x000000070d500000, 0x000000070d500000, 0x000000070d600000|  0%| F|  |TAMS 0x000000070d500000, 0x000000070d500000| Untracked 
|  54|0x000000070d600000, 0x000000070d600000, 0x000000070d700000|  0%| F|  |TAMS 0x000000070d600000, 0x000000070d600000| Untracked 
|  55|0x000000070d700000, 0x000000070d700000, 0x000000070d800000|  0%| F|  |TAMS 0x000000070d700000, 0x000000070d700000| Untracked 
|  56|0x000000070d800000, 0x000000070d800000, 0x000000070d900000|  0%| F|  |TAMS 0x000000070d800000, 0x000000070d800000| Untracked 
|  57|0x000000070d900000, 0x000000070d900000, 0x000000070da00000|  0%| F|  |TAMS 0x000000070d900000, 0x000000070d900000| Untracked 
|  58|0x000000070da00000, 0x000000070da00000, 0x000000070db00000|  0%| F|  |TAMS 0x000000070da00000, 0x000000070da00000| Untracked 
|  59|0x000000070db00000, 0x000000070db00000, 0x000000070dc00000|  0%| F|  |TAMS 0x000000070db00000, 0x000000070db00000| Untracked 
|  60|0x000000070dc00000, 0x000000070dc00000, 0x000000070dd00000|  0%| F|  |TAMS 0x000000070dc00000, 0x000000070dc00000| Untracked 
|  61|0x000000070dd00000, 0x000000070dd00000, 0x000000070de00000|  0%| F|  |TAMS 0x000000070dd00000, 0x000000070dd00000| Untracked 
|  62|0x000000070de00000, 0x000000070de00000, 0x000000070df00000|  0%| F|  |TAMS 0x000000070de00000, 0x000000070de00000| Untracked 
|  63|0x000000070df00000, 0x000000070df00000, 0x000000070e000000|  0%| F|  |TAMS 0x000000070df00000, 0x000000070df00000| Untracked 
|  64|0x000000070e000000, 0x000000070e000000, 0x000000070e100000|  0%| F|  |TAMS 0x000000070e000000, 0x000000070e000000| Untracked 
|  65|0x000000070e100000, 0x000000070e100000, 0x000000070e200000|  0%| F|  |TAMS 0x000000070e100000, 0x000000070e100000| Untracked 
|  66|0x000000070e200000, 0x000000070e200000, 0x000000070e300000|  0%| F|  |TAMS 0x000000070e200000, 0x000000070e200000| Untracked 
|  67|0x000000070e300000, 0x000000070e300000, 0x000000070e400000|  0%| F|  |TAMS 0x000000070e300000, 0x000000070e300000| Untracked 
|  68|0x000000070e400000, 0x000000070e400000, 0x000000070e500000|  0%| F|  |TAMS 0x000000070e400000, 0x000000070e400000| Untracked 
|  69|0x000000070e500000, 0x000000070e500000, 0x000000070e600000|  0%| F|  |TAMS 0x000000070e500000, 0x000000070e500000| Untracked 
|  70|0x000000070e600000, 0x000000070e600000, 0x000000070e700000|  0%| F|  |TAMS 0x000000070e600000, 0x000000070e600000| Untracked 
|  71|0x000000070e700000, 0x000000070e700000, 0x000000070e800000|  0%| F|  |TAMS 0x000000070e700000, 0x000000070e700000| Untracked 
|  72|0x000000070e800000, 0x000000070e800000, 0x000000070e900000|  0%| F|  |TAMS 0x000000070e800000, 0x000000070e800000| Untracked 
|  73|0x000000070e900000, 0x000000070e900000, 0x000000070ea00000|  0%| F|  |TAMS 0x000000070e900000, 0x000000070e900000| Untracked 
|  74|0x000000070ea00000, 0x000000070ea00000, 0x000000070eb00000|  0%| F|  |TAMS 0x000000070ea00000, 0x000000070ea00000| Untracked 
|  75|0x000000070eb00000, 0x000000070eb00000, 0x000000070ec00000|  0%| F|  |TAMS 0x000000070eb00000, 0x000000070eb00000| Untracked 
|  76|0x000000070ec00000, 0x000000070ec00000, 0x000000070ed00000|  0%| F|  |TAMS 0x000000070ec00000, 0x000000070ec00000| Untracked 
|  77|0x000000070ed00000, 0x000000070ed00000, 0x000000070ee00000|  0%| F|  |TAMS 0x000000070ed00000, 0x000000070ed00000| Untracked 
|  78|0x000000070ee00000, 0x000000070ee00000, 0x000000070ef00000|  0%| F|  |TAMS 0x000000070ee00000, 0x000000070ee00000| Untracked 
|  79|0x000000070ef00000, 0x000000070ef00000, 0x000000070f000000|  0%| F|  |TAMS 0x000000070ef00000, 0x000000070ef00000| Untracked 
|  80|0x000000070f000000, 0x000000070f000000, 0x000000070f100000|  0%| F|  |TAMS 0x000000070f000000, 0x000000070f000000| Untracked 
|  81|0x000000070f100000, 0x000000070f100000, 0x000000070f200000|  0%| F|  |TAMS 0x000000070f100000, 0x000000070f100000| Untracked 
|  82|0x000000070f200000, 0x000000070f200000, 0x000000070f300000|  0%| F|  |TAMS 0x000000070f200000, 0x000000070f200000| Untracked 
|  83|0x000000070f300000, 0x000000070f300000, 0x000000070f400000|  0%| F|  |TAMS 0x000000070f300000, 0x000000070f300000| Untracked 
|  84|0x000000070f400000, 0x000000070f400000, 0x000000070f500000|  0%| F|  |TAMS 0x000000070f400000, 0x000000070f400000| Untracked 
|  85|0x000000070f500000, 0x000000070f500000, 0x000000070f600000|  0%| F|  |TAMS 0x000000070f500000, 0x000000070f500000| Untracked 
|  86|0x000000070f600000, 0x000000070f600000, 0x000000070f700000|  0%| F|  |TAMS 0x000000070f600000, 0x000000070f600000| Untracked 
|  87|0x000000070f700000, 0x000000070f700000, 0x000000070f800000|  0%| F|  |TAMS 0x000000070f700000, 0x000000070f700000| Untracked 
|  88|0x000000070f800000, 0x000000070f800000, 0x000000070f900000|  0%| F|  |TAMS 0x000000070f800000, 0x000000070f800000| Untracked 
|  89|0x000000070f900000, 0x000000070f900000, 0x000000070fa00000|  0%| F|  |TAMS 0x000000070f900000, 0x000000070f900000| Untracked 
|  90|0x000000070fa00000, 0x000000070fa00000, 0x000000070fb00000|  0%| F|  |TAMS 0x000000070fa00000, 0x000000070fa00000| Untracked 
|  91|0x000000070fb00000, 0x000000070fb00000, 0x000000070fc00000|  0%| F|  |TAMS 0x000000070fb00000, 0x000000070fb00000| Untracked 
|  92|0x000000070fc00000, 0x000000070fc00000, 0x000000070fd00000|  0%| F|  |TAMS 0x000000070fc00000, 0x000000070fc00000| Untracked 
|  93|0x000000070fd00000, 0x000000070fd00000, 0x000000070fe00000|  0%| F|  |TAMS 0x000000070fd00000, 0x000000070fd00000| Untracked 
|  94|0x000000070fe00000, 0x000000070fe00000, 0x000000070ff00000|  0%| F|  |TAMS 0x000000070fe00000, 0x000000070fe00000| Untracked 
|  95|0x000000070ff00000, 0x000000070ff00000, 0x0000000710000000|  0%| F|  |TAMS 0x000000070ff00000, 0x000000070ff00000| Untracked 
|  96|0x0000000710000000, 0x0000000710000000, 0x0000000710100000|  0%| F|  |TAMS 0x0000000710000000, 0x0000000710000000| Untracked 
|  97|0x0000000710100000, 0x0000000710100000, 0x0000000710200000|  0%| F|  |TAMS 0x0000000710100000, 0x0000000710100000| Untracked 
|  98|0x0000000710200000, 0x0000000710200000, 0x0000000710300000|  0%| F|  |TAMS 0x0000000710200000, 0x0000000710200000| Untracked 
|  99|0x0000000710300000, 0x0000000710300000, 0x0000000710400000|  0%| F|  |TAMS 0x0000000710300000, 0x0000000710300000| Untracked 
| 100|0x0000000710400000, 0x0000000710400000, 0x0000000710500000|  0%| F|  |TAMS 0x0000000710400000, 0x0000000710400000| Untracked 
| 101|0x0000000710500000, 0x0000000710500000, 0x0000000710600000|  0%| F|  |TAMS 0x0000000710500000, 0x0000000710500000| Untracked 
| 102|0x0000000710600000, 0x0000000710600000, 0x0000000710700000|  0%| F|  |TAMS 0x0000000710600000, 0x0000000710600000| Untracked 
| 103|0x0000000710700000, 0x0000000710700000, 0x0000000710800000|  0%| F|  |TAMS 0x0000000710700000, 0x0000000710700000| Untracked 
| 104|0x0000000710800000, 0x0000000710800000, 0x0000000710900000|  0%| F|  |TAMS 0x0000000710800000, 0x0000000710800000| Untracked 
| 105|0x0000000710900000, 0x0000000710900000, 0x0000000710a00000|  0%| F|  |TAMS 0x0000000710900000, 0x0000000710900000| Untracked 
| 106|0x0000000710a00000, 0x0000000710a00000, 0x0000000710b00000|  0%| F|  |TAMS 0x0000000710a00000, 0x0000000710a00000| Untracked 
| 107|0x0000000710b00000, 0x0000000710b00000, 0x0000000710c00000|  0%| F|  |TAMS 0x0000000710b00000, 0x0000000710b00000| Untracked 
| 108|0x0000000710c00000, 0x0000000710c00000, 0x0000000710d00000|  0%| F|  |TAMS 0x0000000710c00000, 0x0000000710c00000| Untracked 
| 109|0x0000000710d00000, 0x0000000710d00000, 0x0000000710e00000|  0%| F|  |TAMS 0x0000000710d00000, 0x0000000710d00000| Untracked 
| 110|0x0000000710e00000, 0x0000000710e00000, 0x0000000710f00000|  0%| F|  |TAMS 0x0000000710e00000, 0x0000000710e00000| Untracked 
| 111|0x0000000710f00000, 0x0000000710f00000, 0x0000000711000000|  0%| F|  |TAMS 0x0000000710f00000, 0x0000000710f00000| Untracked 
| 112|0x0000000711000000, 0x0000000711000000, 0x0000000711100000|  0%| F|  |TAMS 0x0000000711000000, 0x0000000711000000| Untracked 
| 113|0x0000000711100000, 0x0000000711100000, 0x0000000711200000|  0%| F|  |TAMS 0x0000000711100000, 0x0000000711100000| Untracked 
| 114|0x0000000711200000, 0x0000000711200000, 0x0000000711300000|  0%| F|  |TAMS 0x0000000711200000, 0x0000000711200000| Untracked 
| 115|0x0000000711300000, 0x0000000711300000, 0x0000000711400000|  0%| F|  |TAMS 0x0000000711300000, 0x0000000711300000| Untracked 
| 116|0x0000000711400000, 0x0000000711400000, 0x0000000711500000|  0%| F|  |TAMS 0x0000000711400000, 0x0000000711400000| Untracked 
| 117|0x0000000711500000, 0x0000000711500000, 0x0000000711600000|  0%| F|  |TAMS 0x0000000711500000, 0x0000000711500000| Untracked 
| 118|0x0000000711600000, 0x0000000711600000, 0x0000000711700000|  0%| F|  |TAMS 0x0000000711600000, 0x0000000711600000| Untracked 
| 119|0x0000000711700000, 0x0000000711700000, 0x0000000711800000|  0%| F|  |TAMS 0x0000000711700000, 0x0000000711700000| Untracked 
| 120|0x0000000711800000, 0x0000000711800000, 0x0000000711900000|  0%| F|  |TAMS 0x0000000711800000, 0x0000000711800000| Untracked 
| 121|0x0000000711900000, 0x0000000711900000, 0x0000000711a00000|  0%| F|  |TAMS 0x0000000711900000, 0x0000000711900000| Untracked 
| 122|0x0000000711a00000, 0x0000000711a00000, 0x0000000711b00000|  0%| F|  |TAMS 0x0000000711a00000, 0x0000000711a00000| Untracked 
| 123|0x0000000711b00000, 0x0000000711b00000, 0x0000000711c00000|  0%| F|  |TAMS 0x0000000711b00000, 0x0000000711b00000| Untracked 
| 124|0x0000000711c00000, 0x0000000711c00000, 0x0000000711d00000|  0%| F|  |TAMS 0x0000000711c00000, 0x0000000711c00000| Untracked 
| 125|0x0000000711d00000, 0x0000000711d00000, 0x0000000711e00000|  0%| F|  |TAMS 0x0000000711d00000, 0x0000000711d00000| Untracked 
| 126|0x0000000711e00000, 0x0000000711e00000, 0x0000000711f00000|  0%| F|  |TAMS 0x0000000711e00000, 0x0000000711e00000| Untracked 
| 127|0x0000000711f00000, 0x0000000711f00000, 0x0000000712000000|  0%| F|  |TAMS 0x0000000711f00000, 0x0000000711f00000| Untracked 
| 128|0x0000000712000000, 0x0000000712000000, 0x0000000712100000|  0%| F|  |TAMS 0x0000000712000000, 0x0000000712000000| Untracked 
| 129|0x0000000712100000, 0x0000000712100000, 0x0000000712200000|  0%| F|  |TAMS 0x0000000712100000, 0x0000000712100000| Untracked 
| 130|0x0000000712200000, 0x0000000712200000, 0x0000000712300000|  0%| F|  |TAMS 0x0000000712200000, 0x0000000712200000| Untracked 
| 131|0x0000000712300000, 0x0000000712300000, 0x0000000712400000|  0%| F|  |TAMS 0x0000000712300000, 0x0000000712300000| Untracked 
| 132|0x0000000712400000, 0x0000000712400000, 0x0000000712500000|  0%| F|  |TAMS 0x0000000712400000, 0x0000000712400000| Untracked 
| 133|0x0000000712500000, 0x0000000712500000, 0x0000000712600000|  0%| F|  |TAMS 0x0000000712500000, 0x0000000712500000| Untracked 
| 134|0x0000000712600000, 0x0000000712600000, 0x0000000712700000|  0%| F|  |TAMS 0x0000000712600000, 0x0000000712600000| Untracked 
| 135|0x0000000712700000, 0x0000000712700000, 0x0000000712800000|  0%| F|  |TAMS 0x0000000712700000, 0x0000000712700000| Untracked 
| 136|0x0000000712800000, 0x0000000712800000, 0x0000000712900000|  0%| F|  |TAMS 0x0000000712800000, 0x0000000712800000| Untracked 
| 137|0x0000000712900000, 0x0000000712900000, 0x0000000712a00000|  0%| F|  |TAMS 0x0000000712900000, 0x0000000712900000| Untracked 
| 138|0x0000000712a00000, 0x0000000712a00000, 0x0000000712b00000|  0%| F|  |TAMS 0x0000000712a00000, 0x0000000712a00000| Untracked 
| 139|0x0000000712b00000, 0x0000000712b00000, 0x0000000712c00000|  0%| F|  |TAMS 0x0000000712b00000, 0x0000000712b00000| Untracked 
| 140|0x0000000712c00000, 0x0000000712c00000, 0x0000000712d00000|  0%| F|  |TAMS 0x0000000712c00000, 0x0000000712c00000| Untracked 
| 141|0x0000000712d00000, 0x0000000712d00000, 0x0000000712e00000|  0%| F|  |TAMS 0x0000000712d00000, 0x0000000712d00000| Untracked 
| 142|0x0000000712e00000, 0x0000000712e00000, 0x0000000712f00000|  0%| F|  |TAMS 0x0000000712e00000, 0x0000000712e00000| Untracked 
| 143|0x0000000712f00000, 0x0000000712f00000, 0x0000000713000000|  0%| F|  |TAMS 0x0000000712f00000, 0x0000000712f00000| Untracked 
| 144|0x0000000713000000, 0x0000000713000000, 0x0000000713100000|  0%| F|  |TAMS 0x0000000713000000, 0x0000000713000000| Untracked 
| 145|0x0000000713100000, 0x0000000713100000, 0x0000000713200000|  0%| F|  |TAMS 0x0000000713100000, 0x0000000713100000| Untracked 
| 146|0x0000000713200000, 0x0000000713200000, 0x0000000713300000|  0%| F|  |TAMS 0x0000000713200000, 0x0000000713200000| Untracked 
| 147|0x0000000713300000, 0x0000000713300000, 0x0000000713400000|  0%| F|  |TAMS 0x0000000713300000, 0x0000000713300000| Untracked 
| 148|0x0000000713400000, 0x0000000713400000, 0x0000000713500000|  0%| F|  |TAMS 0x0000000713400000, 0x0000000713400000| Untracked 
| 149|0x0000000713500000, 0x0000000713500000, 0x0000000713600000|  0%| F|  |TAMS 0x0000000713500000, 0x0000000713500000| Untracked 
| 150|0x0000000713600000, 0x0000000713600000, 0x0000000713700000|  0%| F|  |TAMS 0x0000000713600000, 0x0000000713600000| Untracked 
| 151|0x0000000713700000, 0x0000000713700000, 0x0000000713800000|  0%| F|  |TAMS 0x0000000713700000, 0x0000000713700000| Untracked 
| 152|0x0000000713800000, 0x0000000713800000, 0x0000000713900000|  0%| F|  |TAMS 0x0000000713800000, 0x0000000713800000| Untracked 
| 153|0x0000000713900000, 0x0000000713900000, 0x0000000713a00000|  0%| F|  |TAMS 0x0000000713900000, 0x0000000713900000| Untracked 
| 154|0x0000000713a00000, 0x0000000713a00000, 0x0000000713b00000|  0%| F|  |TAMS 0x0000000713a00000, 0x0000000713a00000| Untracked 
| 155|0x0000000713b00000, 0x0000000713b00000, 0x0000000713c00000|  0%| F|  |TAMS 0x0000000713b00000, 0x0000000713b00000| Untracked 
| 156|0x0000000713c00000, 0x0000000713c00000, 0x0000000713d00000|  0%| F|  |TAMS 0x0000000713c00000, 0x0000000713c00000| Untracked 
| 157|0x0000000713d00000, 0x0000000713d00000, 0x0000000713e00000|  0%| F|  |TAMS 0x0000000713d00000, 0x0000000713d00000| Untracked 
| 158|0x0000000713e00000, 0x0000000713e00000, 0x0000000713f00000|  0%| F|  |TAMS 0x0000000713e00000, 0x0000000713e00000| Untracked 
| 159|0x0000000713f00000, 0x0000000713f00000, 0x0000000714000000|  0%| F|  |TAMS 0x0000000713f00000, 0x0000000713f00000| Untracked 
| 160|0x0000000714000000, 0x0000000714000000, 0x0000000714100000|  0%| F|  |TAMS 0x0000000714000000, 0x0000000714000000| Untracked 
| 161|0x0000000714100000, 0x0000000714100000, 0x0000000714200000|  0%| F|  |TAMS 0x0000000714100000, 0x0000000714100000| Untracked 
| 162|0x0000000714200000, 0x0000000714200000, 0x0000000714300000|  0%| F|  |TAMS 0x0000000714200000, 0x0000000714200000| Untracked 
| 163|0x0000000714300000, 0x0000000714300000, 0x0000000714400000|  0%| F|  |TAMS 0x0000000714300000, 0x0000000714300000| Untracked 
| 164|0x0000000714400000, 0x0000000714400000, 0x0000000714500000|  0%| F|  |TAMS 0x0000000714400000, 0x0000000714400000| Untracked 
| 165|0x0000000714500000, 0x0000000714500000, 0x0000000714600000|  0%| F|  |TAMS 0x0000000714500000, 0x0000000714500000| Untracked 
| 166|0x0000000714600000, 0x0000000714600000, 0x0000000714700000|  0%| F|  |TAMS 0x0000000714600000, 0x0000000714600000| Untracked 
| 167|0x0000000714700000, 0x0000000714700000, 0x0000000714800000|  0%| F|  |TAMS 0x0000000714700000, 0x0000000714700000| Untracked 
| 168|0x0000000714800000, 0x0000000714800000, 0x0000000714900000|  0%| F|  |TAMS 0x0000000714800000, 0x0000000714800000| Untracked 
| 169|0x0000000714900000, 0x0000000714900000, 0x0000000714a00000|  0%| F|  |TAMS 0x0000000714900000, 0x0000000714900000| Untracked 
| 170|0x0000000714a00000, 0x0000000714a00000, 0x0000000714b00000|  0%| F|  |TAMS 0x0000000714a00000, 0x0000000714a00000| Untracked 
| 171|0x0000000714b00000, 0x0000000714b00000, 0x0000000714c00000|  0%| F|  |TAMS 0x0000000714b00000, 0x0000000714b00000| Untracked 
| 172|0x0000000714c00000, 0x0000000714c00000, 0x0000000714d00000|  0%| F|  |TAMS 0x0000000714c00000, 0x0000000714c00000| Untracked 
| 173|0x0000000714d00000, 0x0000000714d00000, 0x0000000714e00000|  0%| F|  |TAMS 0x0000000714d00000, 0x0000000714d00000| Untracked 
| 174|0x0000000714e00000, 0x0000000714e00000, 0x0000000714f00000|  0%| F|  |TAMS 0x0000000714e00000, 0x0000000714e00000| Untracked 
| 175|0x0000000714f00000, 0x0000000714f00000, 0x0000000715000000|  0%| F|  |TAMS 0x0000000714f00000, 0x0000000714f00000| Untracked 
| 176|0x0000000715000000, 0x0000000715100000, 0x0000000715100000|100%| S|CS|TAMS 0x0000000715000000, 0x0000000715000000| Complete 
| 177|0x0000000715100000, 0x0000000715200000, 0x0000000715200000|100%| S|CS|TAMS 0x0000000715100000, 0x0000000715100000| Complete 
| 178|0x0000000715200000, 0x0000000715300000, 0x0000000715300000|100%| S|CS|TAMS 0x0000000715200000, 0x0000000715200000| Complete 
| 179|0x0000000715300000, 0x0000000715400000, 0x0000000715400000|100%| S|CS|TAMS 0x0000000715300000, 0x0000000715300000| Complete 
| 180|0x0000000715400000, 0x0000000715500000, 0x0000000715500000|100%| S|CS|TAMS 0x0000000715400000, 0x0000000715400000| Complete 
| 181|0x0000000715500000, 0x0000000715600000, 0x0000000715600000|100%| S|CS|TAMS 0x0000000715500000, 0x0000000715500000| Complete 
| 182|0x0000000715600000, 0x0000000715700000, 0x0000000715700000|100%| S|CS|TAMS 0x0000000715600000, 0x0000000715600000| Complete 
| 183|0x0000000715700000, 0x0000000715800000, 0x0000000715800000|100%| S|CS|TAMS 0x0000000715700000, 0x0000000715700000| Complete 
| 184|0x0000000715800000, 0x0000000715800000, 0x0000000715900000|  0%| F|  |TAMS 0x0000000715800000, 0x0000000715800000| Untracked 
| 185|0x0000000715900000, 0x0000000715900000, 0x0000000715a00000|  0%| F|  |TAMS 0x0000000715900000, 0x0000000715900000| Untracked 
| 186|0x0000000715a00000, 0x0000000715a00000, 0x0000000715b00000|  0%| F|  |TAMS 0x0000000715a00000, 0x0000000715a00000| Untracked 
| 187|0x0000000715b00000, 0x0000000715b00000, 0x0000000715c00000|  0%| F|  |TAMS 0x0000000715b00000, 0x0000000715b00000| Untracked 
| 188|0x0000000715c00000, 0x0000000715c00000, 0x0000000715d00000|  0%| F|  |TAMS 0x0000000715c00000, 0x0000000715c00000| Untracked 
| 189|0x0000000715d00000, 0x0000000715d00000, 0x0000000715e00000|  0%| F|  |TAMS 0x0000000715d00000, 0x0000000715d00000| Untracked 
| 190|0x0000000715e00000, 0x0000000715e00000, 0x0000000715f00000|  0%| F|  |TAMS 0x0000000715e00000, 0x0000000715e00000| Untracked 
| 191|0x0000000715f00000, 0x0000000715f00000, 0x0000000716000000|  0%| F|  |TAMS 0x0000000715f00000, 0x0000000715f00000| Untracked 
| 192|0x0000000716000000, 0x0000000716000000, 0x0000000716100000|  0%| F|  |TAMS 0x0000000716000000, 0x0000000716000000| Untracked 
| 193|0x0000000716100000, 0x0000000716100000, 0x0000000716200000|  0%| F|  |TAMS 0x0000000716100000, 0x0000000716100000| Untracked 
| 194|0x0000000716200000, 0x0000000716200000, 0x0000000716300000|  0%| F|  |TAMS 0x0000000716200000, 0x0000000716200000| Untracked 
| 195|0x0000000716300000, 0x0000000716300000, 0x0000000716400000|  0%| F|  |TAMS 0x0000000716300000, 0x0000000716300000| Untracked 
| 196|0x0000000716400000, 0x0000000716480800, 0x0000000716500000| 50%| E|  |TAMS 0x0000000716400000, 0x0000000716400000| Complete 
| 197|0x0000000716500000, 0x0000000716600000, 0x0000000716600000|100%| E|CS|TAMS 0x0000000716500000, 0x0000000716500000| Complete 
| 198|0x0000000716600000, 0x0000000716700000, 0x0000000716700000|100%| E|CS|TAMS 0x0000000716600000, 0x0000000716600000| Complete 
| 199|0x0000000716700000, 0x0000000716800000, 0x0000000716800000|100%| E|CS|TAMS 0x0000000716700000, 0x0000000716700000| Complete 
| 200|0x0000000716800000, 0x0000000716900000, 0x0000000716900000|100%| E|CS|TAMS 0x0000000716800000, 0x0000000716800000| Complete 
| 201|0x0000000716900000, 0x0000000716a00000, 0x0000000716a00000|100%| E|CS|TAMS 0x0000000716900000, 0x0000000716900000| Complete 
| 202|0x0000000716a00000, 0x0000000716b00000, 0x0000000716b00000|100%| E|CS|TAMS 0x0000000716a00000, 0x0000000716a00000| Complete 
| 203|0x0000000716b00000, 0x0000000716c00000, 0x0000000716c00000|100%| E|CS|TAMS 0x0000000716b00000, 0x0000000716b00000| Complete 
| 204|0x0000000716c00000, 0x0000000716d00000, 0x0000000716d00000|100%| E|CS|TAMS 0x0000000716c00000, 0x0000000716c00000| Complete 
| 205|0x0000000716d00000, 0x0000000716e00000, 0x0000000716e00000|100%| E|CS|TAMS 0x0000000716d00000, 0x0000000716d00000| Complete 
| 206|0x0000000716e00000, 0x0000000716f00000, 0x0000000716f00000|100%| E|CS|TAMS 0x0000000716e00000, 0x0000000716e00000| Complete 
| 207|0x0000000716f00000, 0x0000000717000000, 0x0000000717000000|100%| E|CS|TAMS 0x0000000716f00000, 0x0000000716f00000| Complete 
| 208|0x0000000717000000, 0x0000000717100000, 0x0000000717100000|100%| E|CS|TAMS 0x0000000717000000, 0x0000000717000000| Complete 
| 209|0x0000000717100000, 0x0000000717200000, 0x0000000717200000|100%| E|CS|TAMS 0x0000000717100000, 0x0000000717100000| Complete 
| 210|0x0000000717200000, 0x0000000717300000, 0x0000000717300000|100%| E|CS|TAMS 0x0000000717200000, 0x0000000717200000| Complete 
| 211|0x0000000717300000, 0x0000000717400000, 0x0000000717400000|100%| E|CS|TAMS 0x0000000717300000, 0x0000000717300000| Complete 
| 212|0x0000000717400000, 0x0000000717500000, 0x0000000717500000|100%| E|CS|TAMS 0x0000000717400000, 0x0000000717400000| Complete 
| 213|0x0000000717500000, 0x0000000717600000, 0x0000000717600000|100%| E|CS|TAMS 0x0000000717500000, 0x0000000717500000| Complete 
| 214|0x0000000717600000, 0x0000000717700000, 0x0000000717700000|100%| E|CS|TAMS 0x0000000717600000, 0x0000000717600000| Complete 
| 215|0x0000000717700000, 0x0000000717800000, 0x0000000717800000|100%| E|CS|TAMS 0x0000000717700000, 0x0000000717700000| Complete 
| 216|0x0000000717800000, 0x0000000717900000, 0x0000000717900000|100%| E|CS|TAMS 0x0000000717800000, 0x0000000717800000| Complete 
| 217|0x0000000717900000, 0x0000000717a00000, 0x0000000717a00000|100%| E|CS|TAMS 0x0000000717900000, 0x0000000717900000| Complete 
| 218|0x0000000717a00000, 0x0000000717b00000, 0x0000000717b00000|100%| E|CS|TAMS 0x0000000717a00000, 0x0000000717a00000| Complete 
| 219|0x0000000717b00000, 0x0000000717c00000, 0x0000000717c00000|100%| E|CS|TAMS 0x0000000717b00000, 0x0000000717b00000| Complete 
| 220|0x0000000717c00000, 0x0000000717d00000, 0x0000000717d00000|100%| E|CS|TAMS 0x0000000717c00000, 0x0000000717c00000| Complete 
| 221|0x0000000717d00000, 0x0000000717e00000, 0x0000000717e00000|100%| E|CS|TAMS 0x0000000717d00000, 0x0000000717d00000| Complete 
| 222|0x0000000717e00000, 0x0000000717f00000, 0x0000000717f00000|100%| E|CS|TAMS 0x0000000717e00000, 0x0000000717e00000| Complete 
| 223|0x0000000717f00000, 0x0000000718000000, 0x0000000718000000|100%| E|CS|TAMS 0x0000000717f00000, 0x0000000717f00000| Complete 
| 224|0x0000000718000000, 0x0000000718100000, 0x0000000718100000|100%| E|CS|TAMS 0x0000000718000000, 0x0000000718000000| Complete 
| 225|0x0000000718100000, 0x0000000718200000, 0x0000000718200000|100%| E|CS|TAMS 0x0000000718100000, 0x0000000718100000| Complete 
| 226|0x0000000718200000, 0x0000000718300000, 0x0000000718300000|100%| E|CS|TAMS 0x0000000718200000, 0x0000000718200000| Complete 
| 227|0x0000000718300000, 0x0000000718400000, 0x0000000718400000|100%| E|CS|TAMS 0x0000000718300000, 0x0000000718300000| Complete 
| 228|0x0000000718400000, 0x0000000718500000, 0x0000000718500000|100%| E|CS|TAMS 0x0000000718400000, 0x0000000718400000| Complete 
| 229|0x0000000718500000, 0x0000000718600000, 0x0000000718600000|100%| E|CS|TAMS 0x0000000718500000, 0x0000000718500000| Complete 
| 230|0x0000000718600000, 0x0000000718700000, 0x0000000718700000|100%| E|CS|TAMS 0x0000000718600000, 0x0000000718600000| Complete 
| 231|0x0000000718700000, 0x0000000718800000, 0x0000000718800000|100%| E|CS|TAMS 0x0000000718700000, 0x0000000718700000| Complete 
| 232|0x0000000718800000, 0x0000000718900000, 0x0000000718900000|100%| E|CS|TAMS 0x0000000718800000, 0x0000000718800000| Complete 
| 233|0x0000000718900000, 0x0000000718a00000, 0x0000000718a00000|100%| E|CS|TAMS 0x0000000718900000, 0x0000000718900000| Complete 
| 234|0x0000000718a00000, 0x0000000718b00000, 0x0000000718b00000|100%| E|CS|TAMS 0x0000000718a00000, 0x0000000718a00000| Complete 
| 235|0x0000000718b00000, 0x0000000718c00000, 0x0000000718c00000|100%| E|CS|TAMS 0x0000000718b00000, 0x0000000718b00000| Complete 
| 236|0x0000000718c00000, 0x0000000718d00000, 0x0000000718d00000|100%| E|CS|TAMS 0x0000000718c00000, 0x0000000718c00000| Complete 
| 237|0x0000000718d00000, 0x0000000718e00000, 0x0000000718e00000|100%| E|CS|TAMS 0x0000000718d00000, 0x0000000718d00000| Complete 
| 238|0x0000000718e00000, 0x0000000718f00000, 0x0000000718f00000|100%| E|CS|TAMS 0x0000000718e00000, 0x0000000718e00000| Complete 
| 239|0x0000000718f00000, 0x0000000719000000, 0x0000000719000000|100%| E|CS|TAMS 0x0000000718f00000, 0x0000000718f00000| Complete 
| 240|0x0000000719000000, 0x0000000719100000, 0x0000000719100000|100%| E|CS|TAMS 0x0000000719000000, 0x0000000719000000| Complete 
| 241|0x0000000719100000, 0x0000000719200000, 0x0000000719200000|100%| E|CS|TAMS 0x0000000719100000, 0x0000000719100000| Complete 
| 242|0x0000000719200000, 0x0000000719300000, 0x0000000719300000|100%| E|CS|TAMS 0x0000000719200000, 0x0000000719200000| Complete 
| 243|0x0000000719300000, 0x0000000719400000, 0x0000000719400000|100%| E|CS|TAMS 0x0000000719300000, 0x0000000719300000| Complete 
| 244|0x0000000719400000, 0x0000000719500000, 0x0000000719500000|100%| E|CS|TAMS 0x0000000719400000, 0x0000000719400000| Complete 
| 245|0x0000000719500000, 0x0000000719600000, 0x0000000719600000|100%| E|CS|TAMS 0x0000000719500000, 0x0000000719500000| Complete 

Card table byte_map: [0x0000021ae4e90000,0x0000021ae5640000] _byte_map_base: 0x0000021ae1640000

Marking Bits (Prev, Next): (CMBitMap*) 0x0000021ad16e8138, (CMBitMap*) 0x0000021ad16e8170
 Prev Bits: [0x0000021ae5df0000, 0x0000021ae9b70000)
 Next Bits: [0x0000021ae9b70000, 0x0000021aed8f0000)

Polling page: 0x0000021ad0e60000

Metaspace:

Usage:
  Non-class:     44.57 MB capacity,    44.20 MB (>99%) used,   299.75 KB ( <1%) free+waste,    74.94 KB ( <1%) overhead. 
      Class:      6.01 MB capacity,     5.75 MB ( 96%) used,   229.80 KB (  4%) free+waste,    32.19 KB ( <1%) overhead. 
       Both:     50.58 MB capacity,    49.95 MB ( 99%) used,   529.55 KB (  1%) free+waste,   107.13 KB ( <1%) overhead. 

Virtual space:
  Non-class space:       46.00 MB reserved,      44.75 MB ( 97%) committed 
      Class space:        1.00 GB reserved,       6.13 MB ( <1%) committed 
             Both:        1.04 GB reserved,      50.88 MB (  5%) committed 

Chunk freelists:
   Non-Class:  59.00 KB
       Class:  23.00 KB
        Both:  82.00 KB

MaxMetaspaceSize: 17179869184.00 GB
CompressedClassSpaceSize: 1.00 GB
Initial GC threshold: 20.80 MB
Current GC threshold: 58.34 MB
CDS: off

CodeHeap 'non-profiled nmethods': size=120000Kb used=2063Kb max_used=2063Kb free=117937Kb
 bounds [0x0000021adcc60000, 0x0000021adced0000, 0x0000021ae4190000]
CodeHeap 'profiled nmethods': size=120000Kb used=10781Kb max_used=10781Kb free=109218Kb
 bounds [0x0000021ad5730000, 0x0000021ad61c0000, 0x0000021adcc60000]
CodeHeap 'non-nmethods': size=5760Kb used=1285Kb max_used=1333Kb free=4474Kb
 bounds [0x0000021ad5190000, 0x0000021ad5400000, 0x0000021ad5730000]
 total_blobs=5228 nmethods=4661 adapters=477
 compilation: enabled
              stopped_count=0, restarted_count=0
 full_count=0

Compilation events (20 events):
Event: 7.274 Thread 0x0000021af0f80000 nmethod 4605 0x0000021ad617b290 code [0x0000021ad617b440, 0x0000021ad617b5c8]
Event: 7.274 Thread 0x0000021af0f80000 4606       2       org.jetbrains.kotlin.metadata.ProtoBuf$Property::<init> (7 bytes)
Event: 7.274 Thread 0x0000021af0f80000 nmethod 4606 0x0000021ad617b690 code [0x0000021ad617b840, 0x0000021ad617b948]
Event: 7.274 Thread 0x0000021af0f80000 4618       2       org.jetbrains.kotlin.resolve.descriptorUtil.DescriptorUtilsKt::getAnnotationClass (37 bytes)
Event: 7.275 Thread 0x0000021af0f80000 nmethod 4618 0x0000021ad617ba10 code [0x0000021ad617bc40, 0x0000021ad617c008]
Event: 7.275 Thread 0x0000021af0f80000 4619       2       org.jetbrains.kotlin.descriptors.annotations.Annotations$Companion$EMPTY$1::hasAnnotation (6 bytes)
Event: 7.276 Thread 0x0000021af0f80000 nmethod 4619 0x0000021ad617c210 code [0x0000021ad617c440, 0x0000021ad617c878]
Event: 7.276 Thread 0x0000021af0f80000 4615       1       org.jetbrains.kotlin.serialization.deserialization.descriptors.DeserializedClassDescriptor::getClassProto (5 bytes)
Event: 7.276 Thread 0x0000021af0f80000 nmethod 4615 0x0000021adce62710 code [0x0000021adce628c0, 0x0000021adce62978]
Event: 7.277 Thread 0x0000021af0f80000 4620       2       org.jetbrains.kotlin.serialization.deserialization.descriptors.DeserializedClassDescriptor::isExpect (26 bytes)
Event: 7.278 Thread 0x0000021af0f80000 nmethod 4620 0x0000021ad617cb10 code [0x0000021ad617cd40, 0x0000021ad617d2e8]
Event: 7.279 Thread 0x0000021af0f80000 4621       1       org.jetbrains.kotlin.name.ClassId::isLocal (5 bytes)
Event: 7.279 Thread 0x0000021af0f80000 nmethod 4621 0x0000021adce62a10 code [0x0000021adce62bc0, 0x0000021adce62c78]
Event: 7.279 Thread 0x0000021af0f80000 4622       2       org.jetbrains.kotlin.descriptors.impl.ModuleDescriptorImpl::getCapability (24 bytes)
Event: 7.280 Thread 0x0000021af0f80000 nmethod 4622 0x0000021ad617d590 code [0x0000021ad617d780, 0x0000021ad617da68]
Event: 7.280 Thread 0x0000021af0f80000 4623       2       org.jetbrains.kotlin.serialization.deserialization.descriptors.DeserializedMemberScope$OptimizedImplementation::packToByteArray (269 bytes)
Event: 7.282 Thread 0x0000021af0f80000 nmethod 4623 0x0000021ad617dc90 code [0x0000021ad617e000, 0x0000021ad617ee28]
Event: 7.282 Thread 0x0000021af0f80000 4625       2       org.jetbrains.kotlin.types.checker.SimpleClassicTypeSystemContext::asDefinitelyNotNullType (6 bytes)
Event: 7.283 Thread 0x0000021af0f80000 nmethod 4625 0x0000021ad617f910 code [0x0000021ad617fac0, 0x0000021ad617fbc8]
Event: 7.283 Thread 0x0000021af0f80000 4626       2       org.jetbrains.kotlin.types.TypeProjectionImpl::getProjectionKind (13 bytes)

GC Heap History (12 events):
Event: 1.085 GC heap before
{Heap before GC invocations=0 (full 0):
 garbage-first heap   total 251904K, used 27648K [0x000000070a000000, 0x0000000800000000)
  region size 1024K, 24 young (24576K), 0 survivors (0K)
 Metaspace       used 12367K, capacity 12504K, committed 12800K, reserved 1060864K
  class space    used 1167K, capacity 1207K, committed 1280K, reserved 1048576K
}
Event: 1.089 GC heap after
{Heap after GC invocations=1 (full 0):
 garbage-first heap   total 251904K, used 5749K [0x000000070a000000, 0x0000000800000000)
  region size 1024K, 3 young (3072K), 3 survivors (3072K)
 Metaspace       used 12367K, capacity 12504K, committed 12800K, reserved 1060864K
  class space    used 1167K, capacity 1207K, committed 1280K, reserved 1048576K
}
Event: 2.293 GC heap before
{Heap before GC invocations=1 (full 0):
 garbage-first heap   total 251904K, used 40565K [0x000000070a000000, 0x0000000800000000)
  region size 1024K, 38 young (38912K), 3 survivors (3072K)
 Metaspace       used 20757K, capacity 21016K, committed 21248K, reserved 1069056K
  class space    used 2209K, capacity 2286K, committed 2304K, reserved 1048576K
}
Event: 2.313 GC heap after
{Heap after GC invocations=2 (full 0):
 garbage-first heap   total 251904K, used 9093K [0x000000070a000000, 0x0000000800000000)
  region size 1024K, 6 young (6144K), 6 survivors (6144K)
 Metaspace       used 20757K, capacity 21016K, committed 21248K, reserved 1069056K
  class space    used 2209K, capacity 2286K, committed 2304K, reserved 1048576K
}
Event: 3.769 GC heap before
{Heap before GC invocations=3 (full 0):
 garbage-first heap   total 251904K, used 62341K [0x000000070a000000, 0x0000000800000000)
  region size 1024K, 53 young (54272K), 6 survivors (6144K)
 Metaspace       used 31798K, capacity 32304K, committed 32384K, reserved 1077248K
  class space    used 3982K, capacity 4190K, committed 4224K, reserved 1048576K
}
Event: 3.788 GC heap after
{Heap after GC invocations=4 (full 0):
 garbage-first heap   total 251904K, used 20425K [0x000000070a000000, 0x0000000800000000)
  region size 1024K, 7 young (7168K), 7 survivors (7168K)
 Metaspace       used 31798K, capacity 32304K, committed 32384K, reserved 1077248K
  class space    used 3982K, capacity 4190K, committed 4224K, reserved 1048576K
}
Event: 4.217 GC heap before
{Heap before GC invocations=4 (full 0):
 garbage-first heap   total 251904K, used 37833K [0x000000070a000000, 0x0000000800000000)
  region size 1024K, 24 young (24576K), 7 survivors (7168K)
 Metaspace       used 34919K, capacity 35485K, committed 35584K, reserved 1081344K
  class space    used 4323K, capacity 4547K, committed 4608K, reserved 1048576K
}
Event: 4.229 GC heap after
{Heap after GC invocations=5 (full 0):
 garbage-first heap   total 251904K, used 20410K [0x000000070a000000, 0x0000000800000000)
  region size 1024K, 2 young (2048K), 2 survivors (2048K)
 Metaspace       used 34919K, capacity 35485K, committed 35584K, reserved 1081344K
  class space    used 4323K, capacity 4547K, committed 4608K, reserved 1048576K
}
Event: 4.240 GC heap before
{Heap before GC invocations=5 (full 0):
 garbage-first heap   total 251904K, used 20410K [0x000000070a000000, 0x0000000800000000)
  region size 1024K, 3 young (3072K), 2 survivors (2048K)
 Metaspace       used 34947K, capacity 35486K, committed 35584K, reserved 1081344K
  class space    used 4327K, capacity 4547K, committed 4608K, reserved 1048576K
}
Event: 4.244 GC heap after
{Heap after GC invocations=6 (full 0):
 garbage-first heap   total 251904K, used 20290K [0x000000070a000000, 0x0000000800000000)
  region size 1024K, 2 young (2048K), 2 survivors (2048K)
 Metaspace       used 34947K, capacity 35486K, committed 35584K, reserved 1081344K
  class space    used 4327K, capacity 4547K, committed 4608K, reserved 1048576K
}
Event: 6.031 GC heap before
{Heap before GC invocations=7 (full 0):
 garbage-first heap   total 251904K, used 83778K [0x000000070a000000, 0x0000000800000000)
  region size 1024K, 62 young (63488K), 2 survivors (2048K)
 Metaspace       used 46991K, capacity 47619K, committed 47872K, reserved 1091584K
  class space    used 5560K, capacity 5790K, committed 5888K, reserved 1048576K
}
Event: 6.044 GC heap after
{Heap after GC invocations=8 (full 0):
 garbage-first heap   total 251904K, used 28729K [0x000000070a000000, 0x0000000800000000)
  region size 1024K, 8 young (8192K), 8 survivors (8192K)
 Metaspace       used 46991K, capacity 47619K, committed 47872K, reserved 1091584K
  class space    used 5560K, capacity 5790K, committed 5888K, reserved 1048576K
}

Deoptimization events (20 events):
Event: 6.261 Thread 0x0000021ad1688000 Uncommon trap: trap_request=0xffffff4d fr.pc=0x0000021adcdd3784 relative=0x0000000000000244
Event: 6.261 Thread 0x0000021ad1688000 Uncommon trap: reason=unstable_if action=reinterpret pc=0x0000021adcdd3784 method=org.jetbrains.kotlin.name.Name.hashCode()I @ 16 c2
Event: 6.261 Thread 0x0000021ad1688000 DEOPT PACKING pc=0x0000021adcdd3784 sp=0x000000b3a5cfdd00
Event: 6.261 Thread 0x0000021ad1688000 DEOPT UNPACKING pc=0x0000021ad51da1af sp=0x000000b3a5cfdc98 mode 2
Event: 6.419 Thread 0x0000021ad1688000 Uncommon trap: trap_request=0xffffff4d fr.pc=0x0000021adcdefabc relative=0x000000000000157c
Event: 6.419 Thread 0x0000021ad1688000 Uncommon trap: reason=unstable_if action=reinterpret pc=0x0000021adcdefabc method=gnu.trove.TObjectHash.insertionIndex(Ljava/lang/Object;)I @ 167 c2
Event: 6.419 Thread 0x0000021ad1688000 DEOPT PACKING pc=0x0000021adcdefabc sp=0x000000b3a5cfdaa0
Event: 6.419 Thread 0x0000021ad1688000 DEOPT UNPACKING pc=0x0000021ad51da1af sp=0x000000b3a5cfda50 mode 2
Event: 6.422 Thread 0x0000021ad1688000 Uncommon trap: trap_request=0xffffff4d fr.pc=0x0000021adcdf7314 relative=0x0000000000000074
Event: 6.422 Thread 0x0000021ad1688000 Uncommon trap: reason=unstable_if action=reinterpret pc=0x0000021adcdf7314 method=org.jetbrains.kotlin.parsing.AbstractKotlinParsing.tokenMatches(Lorg/jetbrains/kotlin/com/intellij/psi/tree/IElementType;Lorg/jetbrains/kotlin/com/intellij/psi/tree/IElement
Event: 6.422 Thread 0x0000021ad1688000 DEOPT PACKING pc=0x0000021adcdf7314 sp=0x000000b3a5cfc1c0
Event: 6.422 Thread 0x0000021ad1688000 DEOPT UNPACKING pc=0x0000021ad51da1af sp=0x000000b3a5cfc140 mode 2
Event: 6.551 Thread 0x0000021ad1688000 Uncommon trap: trap_request=0xffffff4d fr.pc=0x0000021adcdab8dc relative=0x00000000000000bc
Event: 6.551 Thread 0x0000021ad1688000 Uncommon trap: reason=unstable_if action=reinterpret pc=0x0000021adcdab8dc method=java.text.StringCharacterIterator.current()C @ 19 c2
Event: 6.551 Thread 0x0000021ad1688000 DEOPT PACKING pc=0x0000021adcdab8dc sp=0x000000b3a5cfb4f0
Event: 6.551 Thread 0x0000021ad1688000 DEOPT UNPACKING pc=0x0000021ad51da1af sp=0x000000b3a5cfb488 mode 2
Event: 6.674 Thread 0x0000021ad1688000 DEOPT PACKING pc=0x0000021ad5c81fff sp=0x000000b3a5cfb770
Event: 6.674 Thread 0x0000021ad1688000 DEOPT UNPACKING pc=0x0000021ad51da95e sp=0x000000b3a5cfabc0 mode 0
Event: 7.102 Thread 0x0000021ad1688000 DEOPT PACKING pc=0x0000021ad5c81fff sp=0x000000b3a5cfa670
Event: 7.102 Thread 0x0000021ad1688000 DEOPT UNPACKING pc=0x0000021ad51da95e sp=0x000000b3a5cf9ac0 mode 0

Classes redefined (0 events):
No events

Internal exceptions (20 events):
Event: 2.746 Thread 0x0000021ad1688000 Exception <a 'java/lang/NoSuchMethodError'{0x00000007188c6260}: 'java.lang.Object java.lang.invoke.DirectMethodHandle$Holder.invokeSpecial(java.lang.Object, java.lang.Object, int, int, java.lang.Object, java.lang.Object, java.lang.Object)'> (0x00000007188c6260) thrown at [./src/hotspot/share/interpreter/linkResolver.cpp, line 773]
Event: 2.747 Thread 0x0000021ad1688000 Exception <a 'java/lang/NoSuchMethodError'{0x00000007188c9a98}: 'java.lang.Object java.lang.invoke.DelegatingMethodHandle$Holder.reinvoke_L(java.lang.Object, int, int, java.lang.Object, java.lang.Object, java.lang.Object)'> (0x00000007188c9a98) thrown at [./src/hotspot/share/interpreter/linkResolver.cpp, line 773]
Event: 2.747 Thread 0x0000021ad1688000 Exception <a 'java/lang/NoSuchMethodError'{0x00000007188cde20}: 'java.lang.Object java.lang.invoke.DirectMethodHandle$Holder.invokeStatic(java.lang.Object, java.lang.Object, java.lang.Object, java.lang.Object, int)'> (0x00000007188cde20) thrown at [./src/hotspot/share/interpreter/linkResolver.cpp, line 773]
Event: 2.849 Thread 0x0000021ad1688000 Exception <a 'sun/nio/fs/WindowsException'{0x000000071860d050}> (0x000000071860d050) thrown at [./src/hotspot/share/prims/jni.cpp, line 615]
Event: 2.849 Thread 0x0000021ad1688000 Exception <a 'sun/nio/fs/WindowsException'{0x000000071860d8c8}> (0x000000071860d8c8) thrown at [./src/hotspot/share/prims/jni.cpp, line 615]
Event: 2.849 Thread 0x0000021ad1688000 Exception <a 'sun/nio/fs/WindowsException'{0x000000071860e150}> (0x000000071860e150) thrown at [./src/hotspot/share/prims/jni.cpp, line 615]
Event: 2.850 Thread 0x0000021ad1688000 Exception <a 'sun/nio/fs/WindowsException'{0x000000071860eb48}> (0x000000071860eb48) thrown at [./src/hotspot/share/prims/jni.cpp, line 615]
Event: 2.850 Thread 0x0000021ad1688000 Exception <a 'sun/nio/fs/WindowsException'{0x000000071860f450}> (0x000000071860f450) thrown at [./src/hotspot/share/prims/jni.cpp, line 615]
Event: 2.850 Thread 0x0000021ad1688000 Exception <a 'sun/nio/fs/WindowsException'{0x000000071860fd88}> (0x000000071860fd88) thrown at [./src/hotspot/share/prims/jni.cpp, line 615]
Event: 2.854 Thread 0x0000021ad1688000 Exception <a 'java/lang/NoSuchMethodError'{0x0000000718616598}: 'void java.lang.invoke.DirectMethodHandle$Holder.invokeStatic(java.lang.Object, java.lang.Object, java.lang.Object, java.lang.Object)'> (0x0000000718616598) thrown at [./src/hotspot/share/interpreter/linkResolver.cpp, line 773]
Event: 2.965 Thread 0x0000021ad1688000 Exception <a 'java/lang/NoSuchMethodError'{0x00000007183f1bf0}: 'void java.lang.invoke.DirectMethodHandle$Holder.invokeStaticInit(java.lang.Object, java.lang.Object)'> (0x00000007183f1bf0) thrown at [./src/hotspot/share/interpreter/linkResolver.cpp, line 773]
Event: 3.126 Thread 0x0000021ad1688000 Exception <a 'java/lang/NoSuchMethodError'{0x0000000717d2b350}: 'void java.lang.invoke.DirectMethodHandle$Holder.invokeVirtual(java.lang.Object, java.lang.Object)'> (0x0000000717d2b350) thrown at [./src/hotspot/share/interpreter/linkResolver.cpp, line 773]
Event: 3.145 Thread 0x0000021ad1688000 Exception <a 'java/lang/NoSuchMethodError'{0x0000000717da9920}: 'int java.lang.invoke.DirectMethodHandle$Holder.invokeVirtual(java.lang.Object, java.lang.Object)'> (0x0000000717da9920) thrown at [./src/hotspot/share/interpreter/linkResolver.cpp, line 773]
Event: 4.114 Thread 0x0000021ad1688000 Exception <a 'java/lang/NoSuchMethodError'{0x0000000718924478}: 'java.lang.Object java.lang.invoke.DirectMethodHandle$Holder.invokeVirtual(java.lang.Object, java.lang.Object, java.lang.Object)'> (0x0000000718924478) thrown at [./src/hotspot/share/interpreter/linkResolver.cpp, line 773]
Event: 5.173 Thread 0x0000021ad1688000 Exception <a 'java/lang/NoSuchMethodError'{0x0000000717034138}: 'java.lang.Object java.lang.invoke.Invokers$Holder.linkToTargetMethod(java.lang.Object, int, java.lang.Object)'> (0x0000000717034138) thrown at [./src/hotspot/share/interpreter/linkResolver.cpp, line 773]
Event: 5.244 Thread 0x0000021ad1688000 Implicit null exception at 0x0000021adcd9d54c to 0x0000021adcd9d634
Event: 5.320 Thread 0x0000021ad1688000 Exception <a 'java/lang/NoSuchMethodError'{0x0000000716d61cf0}: 'java.lang.Object java.lang.invoke.DirectMethodHandle$Holder.invokeStatic(java.lang.Object, java.lang.Object, java.lang.Object, int)'> (0x0000000716d61cf0) thrown at [./src/hotspot/share/interpreter/linkResolver.cpp, line 773]
Event: 5.320 Thread 0x0000021ad1688000 Exception <a 'java/lang/NoSuchMethodError'{0x0000000716d65960}: 'java.lang.Object java.lang.invoke.DirectMethodHandle$Holder.invokeSpecial(java.lang.Object, java.lang.Object, java.lang.Object, java.lang.Object, int)'> (0x0000000716d65960) thrown at [./src/hotspot/share/interpreter/linkResolver.cpp, line 773]
Event: 5.321 Thread 0x0000021ad1688000 Exception <a 'java/lang/NoSuchMethodError'{0x0000000716d68c70}: 'java.lang.Object java.lang.invoke.Invokers$Holder.linkToTargetMethod(java.lang.Object, java.lang.Object, int, java.lang.Object)'> (0x0000000716d68c70) thrown at [./src/hotspot/share/interpreter/linkResolver.cpp, line 773]
Event: 6.575 Thread 0x0000021ad1688000 Exception <a 'java/lang/NoSuchMethodError'{0x00000007187babd0}: 'java.lang.Object java.lang.invoke.DirectMethodHandle$Holder.invokeStaticInit(java.lang.Object, java.lang.Object, java.lang.Object)'> (0x00000007187babd0) thrown at [./src/hotspot/share/interpreter/linkResolver.cpp, line 773]

Events (20 events):
Event: 7.039 loading class org/jetbrains/kotlin/descriptors/impl/FunctionDescriptorImpl$1
Event: 7.039 loading class org/jetbrains/kotlin/descriptors/impl/FunctionDescriptorImpl$1 done
Event: 7.048 loading class org/jetbrains/kotlin/types/StarProjectionImplKt
Event: 7.048 loading class org/jetbrains/kotlin/types/StarProjectionImplKt done
Event: 7.048 loading class org/jetbrains/kotlin/types/StarProjectionImplKt$buildStarProjectionTypeByTypeParameters$1
Event: 7.048 loading class org/jetbrains/kotlin/types/StarProjectionImplKt$buildStarProjectionTypeByTypeParameters$1 done
Event: 7.051 loading class org/jetbrains/kotlin/types/checker/NewCapturedTypeConstructor$_supertypes$2
Event: 7.051 loading class org/jetbrains/kotlin/types/checker/NewCapturedTypeConstructor$_supertypes$2 done
Event: 7.052 loading class org/jetbrains/kotlin/types/checker/NewCapturedTypeConstructor$initializeSupertypes$2
Event: 7.052 loading class org/jetbrains/kotlin/types/checker/NewCapturedTypeConstructor$initializeSupertypes$2 done
Event: 7.134 Executing VM operation: ICBufferFull
Event: 7.135 Executing VM operation: ICBufferFull done
Event: 7.270 loading class org/jetbrains/kotlin/load/java/structure/JavaTypesKt
Event: 7.270 loading class org/jetbrains/kotlin/load/java/structure/JavaTypesKt done
Event: 7.275 loading class org/jetbrains/kotlin/types/checker/ClassicTypeSystemContext$substitutionSupertypePolicy$2
Event: 7.275 loading class org/jetbrains/kotlin/types/checker/ClassicTypeSystemContext$substitutionSupertypePolicy$2 done
Event: 7.276 loading class org/jetbrains/kotlin/types/TypeCheckerState$SupertypesPolicy$DoCustomTransform
Event: 7.276 loading class org/jetbrains/kotlin/types/TypeCheckerState$SupertypesPolicy$DoCustomTransform done
Event: 7.276 loading class org/jetbrains/kotlin/types/TypeCheckerState$SupertypesPolicy$None
Event: 7.276 loading class org/jetbrains/kotlin/types/TypeCheckerState$SupertypesPolicy$None done


Dynamic libraries:
0x00007ff7cae00000 - 0x00007ff7cae0a000 	C:\Program Files\Android\Android Studio\jre\bin\java.exe
0x00007fffd0870000 - 0x00007fffd0a84000 	C:\WINDOWS\SYSTEM32\ntdll.dll
0x00007fffd03d0000 - 0x00007fffd0492000 	C:\WINDOWS\System32\KERNEL32.DLL
0x00007fffce1c0000 - 0x00007fffce55c000 	C:\WINDOWS\System32\KERNELBASE.dll
0x00007fffce0a0000 - 0x00007fffce1b1000 	C:\WINDOWS\System32\ucrtbase.dll
0x00007fff98990000 - 0x00007fff989a9000 	C:\Program Files\Android\Android Studio\jre\bin\jli.dll
0x00007fff9cf20000 - 0x00007fff9cf37000 	C:\Program Files\Android\Android Studio\jre\bin\VCRUNTIME140.dll
0x00007fffcfa40000 - 0x00007fffcfbeb000 	C:\WINDOWS\System32\USER32.dll
0x00007fffa1ee0000 - 0x00007fffa216e000 	C:\WINDOWS\WinSxS\amd64_microsoft.windows.common-controls_6595b64144ccf1df_6.0.22621.1_none_60e502bd9af5bef0\COMCTL32.dll
0x00007fffce870000 - 0x00007fffce917000 	C:\WINDOWS\System32\msvcrt.dll
0x00007fffcfa10000 - 0x00007fffcfa39000 	C:\WINDOWS\System32\GDI32.dll
0x00007fffcdf50000 - 0x00007fffcdf76000 	C:\WINDOWS\System32\win32u.dll
0x00007fffcdf80000 - 0x00007fffce092000 	C:\WINDOWS\System32\gdi32full.dll
0x00007fffcdcc0000 - 0x00007fffcdd5a000 	C:\WINDOWS\System32\msvcp_win.dll
0x00007fffcf610000 - 0x00007fffcf641000 	C:\WINDOWS\System32\IMM32.DLL
0x00007fff95a10000 - 0x00007fff95aad000 	C:\Program Files\Android\Android Studio\jre\bin\msvcp140.dll
0x00007fff50d50000 - 0x00007fff51835000 	C:\Program Files\Android\Android Studio\jre\bin\server\jvm.dll
0x00007fffcee90000 - 0x00007fffcef3e000 	C:\WINDOWS\System32\ADVAPI32.dll
0x00007fffd04a0000 - 0x00007fffd0544000 	C:\WINDOWS\System32\sechost.dll
0x00007fffcf4f0000 - 0x00007fffcf605000 	C:\WINDOWS\System32\RPCRT4.dll
0x00007fffcf670000 - 0x00007fffcf678000 	C:\WINDOWS\System32\PSAPI.DLL
0x00007fffca690000 - 0x00007fffca6c4000 	C:\WINDOWS\SYSTEM32\WINMM.dll
0x00007fffc0ae0000 - 0x00007fffc0ae9000 	C:\WINDOWS\SYSTEM32\WSOCK32.dll
0x00007fffc7cc0000 - 0x00007fffc7cca000 	C:\WINDOWS\SYSTEM32\VERSION.dll
0x00007fffceff0000 - 0x00007fffcf061000 	C:\WINDOWS\System32\WS2_32.dll
0x00007fffccdf0000 - 0x00007fffcce08000 	C:\WINDOWS\SYSTEM32\kernel.appcore.dll
0x00007fffa5040000 - 0x00007fffa5051000 	C:\Program Files\Android\Android Studio\jre\bin\verify.dll
0x00007fffcb390000 - 0x00007fffcb5be000 	C:\WINDOWS\SYSTEM32\DBGHELP.DLL
0x00007fffcf680000 - 0x00007fffcfa09000 	C:\WINDOWS\System32\combase.dll
0x00007fffce790000 - 0x00007fffce867000 	C:\WINDOWS\System32\OLEAUT32.dll
0x00007fffc5170000 - 0x00007fffc51a2000 	C:\WINDOWS\SYSTEM32\dbgcore.DLL
0x00007fffcdd60000 - 0x00007fffcdddb000 	C:\WINDOWS\System32\bcryptPrimitives.dll
0x00007fff9ea40000 - 0x00007fff9ea69000 	C:\Program Files\Android\Android Studio\jre\bin\java.dll
0x00007fffc9ae0000 - 0x00007fffc9aeb000 	C:\Program Files\Android\Android Studio\jre\bin\jimage.dll
0x00007fffa0420000 - 0x00007fffa0438000 	C:\Program Files\Android\Android Studio\jre\bin\zip.dll
0x00007fffcfbf0000 - 0x00007fffd03c8000 	C:\WINDOWS\System32\SHELL32.dll
0x00007fffcbcb0000 - 0x00007fffcc568000 	C:\WINDOWS\SYSTEM32\windows.storage.dll
0x00007fffcbb70000 - 0x00007fffcbcad000 	C:\WINDOWS\SYSTEM32\wintypes.dll
0x00007fffce980000 - 0x00007fffcea71000 	C:\WINDOWS\System32\SHCORE.dll
0x00007fffce920000 - 0x00007fffce97e000 	C:\WINDOWS\System32\shlwapi.dll
0x00007fffcdbf0000 - 0x00007fffcdc11000 	C:\WINDOWS\SYSTEM32\profapi.dll
0x00007fff9f820000 - 0x00007fff9f83a000 	C:\Program Files\Android\Android Studio\jre\bin\net.dll
0x00007fffc4410000 - 0x00007fffc453f000 	C:\WINDOWS\SYSTEM32\WINHTTP.dll
0x00007fffcd280000 - 0x00007fffcd2e9000 	C:\WINDOWS\system32\mswsock.dll
0x00007fff9ed90000 - 0x00007fff9eda4000 	C:\Program Files\Android\Android Studio\jre\bin\nio.dll

dbghelp: loaded successfully - version: 4.0.5 - missing functions: none
symbol engine: initialized successfully - sym options: 0x614 - pdb path: .;C:\Program Files\Android\Android Studio\jre\bin;C:\WINDOWS\SYSTEM32;C:\WINDOWS\WinSxS\amd64_microsoft.windows.common-controls_6595b64144ccf1df_6.0.22621.1_none_60e502bd9af5bef0;C:\Program Files\Android\Android Studio\jre\bin\server

VM Arguments:
java_command: org.jetbrains.kotlin.cli.jvm.K2JVMCompiler @D:\AAndroid\ContactsBook\app\build\20220527_4830393125527697668.compiler.options
java_class_path (initial): C:\Users\slava\.gradle\caches\modules-2\files-2.1\org.jetbrains.kotlin\kotlin-compiler-embeddable\1.6.10\88f2073f4020cdb83132cfe940ceb9a60aba54ea\kotlin-compiler-embeddable-1.6.10.jar;C:\Users\slava\.gradle\caches\modules-2\files-2.1\org.jetbrains.kotlin\kotlin-reflect\1.6.10\1cbe9c92c12a94eea200d23c2bbaedaf3daf5132\kotlin-reflect-1.6.10.jar;C:\Users\slava\.gradle\caches\modules-2\files-2.1\org.jetbrains.kotlin\kotlin-stdlib\1.6.10\b8af3fe6f1ca88526914929add63cf5e7c5049af\kotlin-stdlib-1.6.10.jar;C:\Users\slava\.gradle\caches\modules-2\files-2.1\org.jetbrains.kotlin\kotlin-script-runtime\1.6.10\d0a7ff2e2500ef497ed0214ae40ad3c8387a6164\kotlin-script-runtime-1.6.10.jar;C:\Users\slava\.gradle\caches\modules-2\files-2.1\org.jetbrains.kotlin\kotlin-daemon-embeddable\1.6.10\a56d79bcbea411fa6058e4ecffc2de73e742bd2a\kotlin-daemon-embeddable-1.6.10.jar;C:\Users\slava\.gradle\caches\modules-2\files-2.1\org.jetbrains.intellij.deps\trove4j\1.0.20181211\216c2e14b070f334479d800987affe4054cd563f\trove4j-1.0.20181211.jar;C:\Users\slava\.gradle\caches\modules-2\files-2.1\net.java.dev.jna\jna\5.6.0\330f2244e9030119ab3030fc3fededc86713d9cc\jna-5.6.0.jar;C:\Users\slava\.gradle\caches\modules-2\files-2.1\org.jetbrains\annotations\13.0\919f0dfe192fb4e063e7dacadee7f8bb9a2672a9\annotations-13.0.jar;C:\Users\slava\.gradle\caches\modules-2\files-2.1\org.jetbrains.kotlin\kotlin-stdlib-common\1.6.10\c118700e3a33c8a0d9adc920e9dec0831171925\kotlin-stdlib-common-1.6.10.jar
Launcher Type: SUN_STANDARD

[Global flags]
     intx CICompilerCount                          = 4                                         {product} {ergonomic}
     uint ConcGCThreads                            = 3                                         {product} {ergonomic}
     uint G1ConcRefinementThreads                  = 10                                        {product} {ergonomic}
   size_t G1HeapRegionSize                         = 1048576                                   {product} {ergonomic}
    uintx GCDrainStackTargetSize                   = 64                                        {product} {ergonomic}
   size_t InitialHeapSize                          = 257949696                                 {product} {ergonomic}
   size_t MarkStackSize                            = 4194304                                   {product} {ergonomic}
   size_t MaxHeapSize                              = 4127195136                                {product} {ergonomic}
   size_t MaxNewSize                               = 2475687936                                {product} {ergonomic}
   size_t MinHeapDeltaBytes                        = 1048576                                   {product} {ergonomic}
    uintx NonNMethodCodeHeapSize                   = 5836300                                {pd product} {ergonomic}
    uintx NonProfiledCodeHeapSize                  = 122910970                              {pd product} {ergonomic}
    uintx ProfiledCodeHeapSize                     = 122910970                              {pd product} {ergonomic}
    uintx ReservedCodeCacheSize                    = 251658240                              {pd product} {ergonomic}
     bool SegmentedCodeCache                       = true                                      {product} {ergonomic}
     bool UseCompressedClassPointers               = true                                 {lp64_product} {ergonomic}
     bool UseCompressedOops                        = true                                 {lp64_product} {ergonomic}
     bool UseG1GC                                  = true                                      {product} {ergonomic}
     bool UseLargePagesIndividualAllocation        = false                                  {pd product} {ergonomic}

Logging:
Log output configuration:
 #0: stdout all=warning uptime,level,tags
 #1: stderr all=off uptime,level,tags

Environment Variables:
PATH=C:\Program Files\Common Files\Oracle\Java\javapath;C:\Program Files (x86)\Common Files\Oracle\Java\javapath;C:\Windows\system32;C:\Windows;C:\Windows\System32\Wbem;C:\Windows\System32\WindowsPowerShell\v1.0\;C:\Windows\System32\OpenSSH\;C:\adb;C:\Program Files\Git\cmd;C:\Program Files\nodejs\;C:\Program Files (x86)\Microsoft SQL Server\150\DTS\Binn\;C:\Program Files\Azure Data Studio\bin;C:\Program Files\Microsoft SQL Server\Client SDK\ODBC\170\Tools\Binn\;C:\Program Files (x86)\Microsoft SQL Server\150\Tools\Binn\;C:\Program Files\Microsoft SQL Server\150\Tools\Binn\;C:\Program Files\Microsoft SQL Server\150\DTS\Binn\;C:\Program Files\dotnet\;C:\platform-tools;;%SystemRoot%\system32;%SystemRoot%;%SystemRoot%\System32\Wbem;%SYSTEMROOT%\System32\WindowsPowerShell\v1.0\;%SYSTEMROOT%\System32\OpenSSH\;C:\Users\slava\AppData\Local\Microsoft\WindowsApps;C:\Users\slava\AppData\Local\Programs\Microsoft VS Code\bin;C:\Users\slava\AppData\Roaming\npm;C:\Program Files\Azure Data Studio\bin;C:\Users\slava\.dotnet\tools;
USERNAME=slava
OS=Windows_NT
PROCESSOR_IDENTIFIER=AMD64 Family 23 Model 96 Stepping 1, AuthenticAMD



---------------  S Y S T E M  ---------------

OS: Windows 10 , 64 bit Build 22621 (10.0.22621.1)
OS uptime: 10 days 16:56 hours
Hyper-V role detected

CPU:total 12 (initial active 12) (12 cores per cpu, 2 threads per core) family 23 model 96 stepping 1 microcode 0x0, cmov, cx8, fxsr, mmx, sse, sse2, sse3, ssse3, sse4.1, sse4.2, popcnt, avx, avx2, aes, clmul, mmxext, 3dnowpref, lzcnt, sse4a, ht, tsc, tscinvbit, tscinv, bmi1, bmi2, adx, sha, fma

Memory: 4k page, system-wide physical 15741M (3848M free)
TotalPageFile size 15741M (AvailPageFile size 5M)
current process WorkingSet (physical memory assigned to process): 278M, peak: 278M
current process commit charge ("private bytes"): 474M, peak: 475M

vm_info: OpenJDK 64-Bit Server VM (11.0.12+7-b1504.28-7817840) for windows-amd64 JRE (11.0.12+7-b1504.28-7817840), built on Oct 13 2021 22:12:33 by "builder" with MS VC++ 14.0 (VS2015)

END.
